#
# A fatal error has been detected by the Java Runtime Environment:
#
#  EXCEPTION_ACCESS_VIOLATION (0xc0000005) at pc=0x00007ffbd5c4dcb0, pid=4448, tid=0x0000000000006f98
#
# JRE version: Java(TM) SE Runtime Environment (8.0_371) (build 1.8.0_371-b11)
# Java VM: Java HotSpot(TM) 64-Bit Server VM (25.371-b11 mixed mode windows-amd64 compressed oops)
# Problematic frame:
# C  [nvoglv64.dll+0xefdcb0]
#
# Failed to write core dump. Minidumps are not enabled by default on client versions of Windows
#
# If you would like to submit a bug report, please visit:
#   http://bugreport.java.com/bugreport/crash.jsp
# The crash happened outside the Java Virtual Machine in native code.
# See problematic frame for where to report the bug.
#

---------------  T H R E A D  ---------------

Current thread (0x00000124ab0dd800):  JavaThread "main" [_thread_in_native, id=28568, stack(0x0000001ab5d00000,0x0000001ab5e00000)]

siginfo: ExceptionCode=0xc0000005, reading address 0x0000000000000000

Registers:
RAX=0x00000000fffffffc, RBX=0x0000000000000000, RCX=0x00000124d3f67c60, RDX=0x0000000000000000
RSP=0x0000001ab5dfec40, RBP=0x00000000000000bc, RSI=0x0000000000000024, RDI=0x00000124d571e080
R8 =0x0000000000000004, R9 =0x00000124d3f67c40, R10=0x00000124d3f67c58, R11=0x0000000000000004
R12=0x00000124d3f67c60, R13=0x0000000000001405, R14=0x0000000000000090, R15=0x0000000000000000
RIP=0x00007ffbd5c4dcb0, EFLAGS=0x0000000000010297

Top of Stack: (sp=0x0000001ab5dfec40)
0x0000001ab5dfec40:   0000001ab5dfec70 00000124ab0d7e90
0x0000001ab5dfec50:   00000124da63e9a0 00000124ab0c7c10
0x0000001ab5dfec60:   00000124da63e9a0 00000124ab0dd800
0x0000001ab5dfec70:   00000124da63e9a0 00000124ab0dd800
0x0000001ab5dfec80:   00000124acac84bd 00000000e38ab576
0x0000001ab5dfec90:   0000000000000000 0000000000000000
0x0000001ab5dfeca0:   00000124ab0dd800 00000124da63e9a0
0x0000001ab5dfecb0:   0000000000000000 00000124acac84bd
0x0000001ab5dfecc0:   00000000e38ab576 00000124acae4d27
0x0000001ab5dfecd0:   0000001ab5dfed58 00000000e38ab501
0x0000001ab5dfece0:   0000001ab5dfed98 00000124da63e9a0
0x0000001ab5dfecf0:   0000012400001405 0000000000000000
0x0000001ab5dfed00:   00000000e38ab576 00000124ab0dd800
0x0000001ab5dfed10:   00000124acae4622 0000001ab5dfed18
0x0000001ab5dfed20:   00000124da63e9a0 0000001ab5dfed98
0x0000001ab5dfed30:   00000124da649428 0000000000000000 

Instructions: (pc=0x00007ffbd5c4dcb0)
0x00007ffbd5c4dc90:   6f 2d 0a 17 ac 01 c1 e8 03 ff c0 44 8b d8 f7 d8
0x00007ffbd5c4dca0:   45 8d 04 c0 0f 1f 40 00 0f 1f 84 00 00 00 00 00
0x00007ffbd5c4dcb0:   f3 0f 6f 12 f3 0f 6f 4a 10 66 0f 6f c2 66 0f eb
0x00007ffbd5c4dcc0:   c3 48 83 c2 20 66 0f 6f d8 66 0f eb d9 0f 18 02 


Register to memory mapping:

RAX=0x00000000fffffffc is an unknown value
RBX=0x0000000000000000 is an unknown value
RCX=0x00000124d3f67c60 is an unknown value
RDX=0x0000000000000000 is an unknown value
RSP=0x0000001ab5dfec40 is pointing into the stack for thread: 0x00000124ab0dd800
RBP=0x00000000000000bc is an unknown value
RSI=0x0000000000000024 is an unknown value
RDI=0x00000124d571e080 is an unknown value
R8 =0x0000000000000004 is an unknown value
R9 =0x00000124d3f67c40 is an unknown value
R10=0x00000124d3f67c58 is an unknown value
R11=0x0000000000000004 is an unknown value
R12=0x00000124d3f67c60 is an unknown value
R13=0x0000000000001405 is an unknown value
R14=0x0000000000000090 is an unknown value
R15=0x0000000000000000 is an unknown value


Stack: [0x0000001ab5d00000,0x0000001ab5e00000],  sp=0x0000001ab5dfec40,  free space=1019k
Native frames: (J=compiled Java code, j=interpreted, Vv=VM code, C=native code)
C  [nvoglv64.dll+0xefdcb0]
C  0x00000124acae4d27

Java frames: (J=compiled Java code, j=interpreted, Vv=VM code)
j  org.lwjgl.opengl.GL11C.nglDrawElements(IIIJ)V+0
j  org.lwjgl.opengl.GL11C.glDrawElements(IIIJ)V+4
j  org.lwjgl.opengl.GL11.glDrawElements(IIIJ)V+4
j  ru.BouH.engine.render.scene.scene_render.SkyRender.onRender(D)V+123
j  ru.BouH.engine.render.scene.Scene$SceneRenderConveyor.renderMainScene(DLjava/util/List;)V+43
j  ru.BouH.engine.render.scene.Scene$SceneRenderConveyor.onRender(DLjava/util/List;Ljava/util/List;)V+38
j  ru.BouH.engine.render.scene.Scene.renderScene(D)V+78
j  ru.BouH.engine.render.screen.Screen.updateScreen()V+232
j  ru.BouH.engine.render.screen.Screen.startScreen()V+1
j  ru.BouH.engine.game.Game.main([Ljava/lang/String;)V+53
v  ~StubRoutines::call_stub

---------------  P R O C E S S  ---------------

Java Threads: ( => current thread )
  0x00000124d3b5e000 JavaThread "bullet-phys" [_thread_blocked, id=28208, stack(0x0000001ab7d00000,0x0000001ab7e00000)]
  0x00000124d3c81000 JavaThread "phys-X" [_thread_blocked, id=16780, stack(0x0000001ab7c00000,0x0000001ab7d00000)]
  0x00000124d1885800 JavaThread "Service Thread" daemon [_thread_blocked, id=28404, stack(0x0000001ab7400000,0x0000001ab7500000)]
  0x00000124d17d4000 JavaThread "C1 CompilerThread3" daemon [_thread_blocked, id=5840, stack(0x0000001ab7300000,0x0000001ab7400000)]
  0x00000124d17d3800 JavaThread "C2 CompilerThread2" daemon [_thread_blocked, id=25304, stack(0x0000001ab7200000,0x0000001ab7300000)]
  0x00000124d1773000 JavaThread "C2 CompilerThread1" daemon [_thread_blocked, id=26576, stack(0x0000001ab7100000,0x0000001ab7200000)]
  0x00000124d1777000 JavaThread "C2 CompilerThread0" daemon [_thread_blocked, id=19044, stack(0x0000001ab7000000,0x0000001ab7100000)]
  0x00000124cf42e800 JavaThread "JDWP Command Reader" daemon [_thread_in_native, id=11408, stack(0x0000001ab6f00000,0x0000001ab7000000)]
  0x00000124cf42b800 JavaThread "JDWP Event Helper Thread" daemon [_thread_blocked, id=26424, stack(0x0000001ab6e00000,0x0000001ab6f00000)]
  0x00000124cf41f000 JavaThread "JDWP Transport Listener: dt_socket" daemon [_thread_blocked, id=22964, stack(0x0000001ab6d00000,0x0000001ab6e00000)]
  0x00000124cf412000 JavaThread "Attach Listener" daemon [_thread_blocked, id=2120, stack(0x0000001ab6c00000,0x0000001ab6d00000)]
  0x00000124cf411000 JavaThread "Signal Dispatcher" daemon [_thread_blocked, id=14072, stack(0x0000001ab6b00000,0x0000001ab6c00000)]
  0x00000124cf3ea000 JavaThread "Finalizer" daemon [_thread_blocked, id=23240, stack(0x0000001ab6a00000,0x0000001ab6b00000)]
  0x00000124cf3e8800 JavaThread "Reference Handler" daemon [_thread_blocked, id=21596, stack(0x0000001ab6900000,0x0000001ab6a00000)]
=>0x00000124ab0dd800 JavaThread "main" [_thread_in_native, id=28568, stack(0x0000001ab5d00000,0x0000001ab5e00000)]

Other Threads:
  0x00000124cf3c1800 VMThread [stack: 0x0000001ab6800000,0x0000001ab6900000] [id=5852]
  0x00000124d18b7800 WatcherThread [stack: 0x0000001ab7500000,0x0000001ab7600000] [id=29536]

VM state:not at safepoint (normal execution)

VM Mutex/Monitor currently owned by a thread: None

heap address: 0x00000005c3800000, size: 8136 MB, Compressed Oops mode: Zero based, Oop shift amount: 3
Narrow klass base: 0x0000000000000000, Narrow klass shift: 3
Compressed class space size: 1073741824 Address: 0x00000007c0000000

Heap:
 PSYoungGen      total 152576K, used 102797K [0x0000000716800000, 0x0000000721200000, 0x00000007c0000000)
  eden space 131072K, 78% used [0x0000000716800000,0x000000071cc63538,0x000000071e800000)
  from space 21504K, 0% used [0x000000071fd00000,0x000000071fd00000,0x0000000721200000)
  to   space 21504K, 0% used [0x000000071e800000,0x000000071e800000,0x000000071fd00000)
 ParOldGen       total 348160K, used 0K [0x00000005c3800000, 0x00000005d8c00000, 0x0000000716800000)
  object space 348160K, 0% used [0x00000005c3800000,0x00000005c3800000,0x00000005d8c00000)
 Metaspace       used 20109K, capacity 20508K, committed 20608K, reserved 1067008K
  class space    used 2034K, capacity 2163K, committed 2176K, reserved 1048576K

Card table byte_map: [0x00000124bbe80000,0x00000124bce70000] byte_map_base: 0x00000124b9064000

Marking Bits: (ParMarkBitMap*) 0x0000000059a7d980
 Begin Bits: [0x00000124bd910000, 0x00000124c5830000)
 End Bits:   [0x00000124c5830000, 0x00000124cd750000)

Polling page: 0x00000124ab220000

CodeCache: size=245760Kb used=5147Kb max_used=5157Kb free=240612Kb
 bounds [0x00000124acac0000, 0x00000124acfd0000, 0x00000124bbac0000]
 total_blobs=2524 nmethods=1471 adapters=973
 compilation: enabled

Compilation events (10 events):
Event: 1.400 Thread 0x00000124d17d4000 nmethod 1467 0x00000124acfc6390 code [0x00000124acfc6520, 0x00000124acfc69b8]
Event: 1.400 Thread 0x00000124d17d4000 1466       3       com.bulletphysics.linearmath.ScalarUtil::fsel (12 bytes)
Event: 1.400 Thread 0x00000124d17d4000 nmethod 1466 0x00000124acfc6a90 code [0x00000124acfc6be0, 0x00000124acfc6d98]
Event: 1.400 Thread 0x00000124d17d4000 1469       3       org.joml.Vector3d::<init> (21 bytes)
Event: 1.400 Thread 0x00000124d17d4000 nmethod 1469 0x00000124acfc6e10 code [0x00000124acfc6f60, 0x00000124acfc7118]
Event: 1.400 Thread 0x00000124d17d3800 nmethod 1468 0x00000124acfc9e90 code [0x00000124acfc9fc0, 0x00000124acfca098]
Event: 1.402 Thread 0x00000124d17d4000 1470       3       com.bulletphysics.collision.dispatch.CollisionObject::isActive (22 bytes)
Event: 1.402 Thread 0x00000124d17d4000 nmethod 1470 0x00000124acfc9590 code [0x00000124acfc9700, 0x00000124acfc9a18]
Event: 1.402 Thread 0x00000124d1773000 1471       4       javax.vecmath.Matrix3f::set (73 bytes)
Event: 1.403 Thread 0x00000124d1773000 nmethod 1471 0x00000124acfc7dd0 code [0x00000124acfc7f00, 0x00000124acfc7ff8]

GC Heap History (0 events):
No events

Deoptimization events (9 events):
Event: 0.089 Thread 0x00000124ab0dd800 Uncommon trap: reason=unstable_if action=reinterpret pc=0x00000124acbd4c84 method=java.lang.String.hashCode()I @ 14
Event: 0.130 Thread 0x00000124ab0dd800 Uncommon trap: reason=unstable_if action=reinterpret pc=0x00000124acc40940 method=java.lang.String.lastIndexOf([CII[CIII)I @ 66
Event: 0.187 Thread 0x00000124ab0dd800 Uncommon trap: reason=unstable_if action=reinterpret pc=0x00000124acc764e8 method=java.util.HashMap.getNode(ILjava/lang/Object;)Ljava/util/HashMap$Node; @ 116
Event: 0.353 Thread 0x00000124ab0dd800 Uncommon trap: reason=unstable_if action=reinterpret pc=0x00000124accde348 method=java.util.HashMap.getNode(ILjava/lang/Object;)Ljava/util/HashMap$Node; @ 62
Event: 0.371 Thread 0x00000124ab0dd800 Uncommon trap: reason=unstable_if action=reinterpret pc=0x00000124acd08f7c method=sun.misc.MetaIndex.mayContain(Ljava/lang/String;)Z @ 38
Event: 0.372 Thread 0x00000124ab0dd800 Uncommon trap: reason=unstable_if action=reinterpret pc=0x00000124acdcdeb0 method=sun.net.www.ParseUtil.encodePath(Ljava/lang/String;Z)Ljava/lang/String; @ 109
Event: 0.450 Thread 0x00000124ab0dd800 Uncommon trap: reason=unstable_if action=reinterpret pc=0x00000124ace50e9c method=java.util.HashMap.getNode(ILjava/lang/Object;)Ljava/util/HashMap$Node; @ 129
Event: 0.454 Thread 0x00000124ab0dd800 Uncommon trap: reason=unstable_if action=reinterpret pc=0x00000124acdf9424 method=sun.reflect.generics.parser.SignatureParser.current()C @ 39
Event: 0.493 Thread 0x00000124ab0dd800 Uncommon trap: reason=unstable_if action=reinterpret pc=0x00000124acca0940 method=java.lang.String.indexOf([CII[CIII)I @ 3

Classes redefined (0 events):
No events

Internal exceptions (10 events):
Event: 0.571 Thread 0x00000124ab0dd800 Exception <a 'java/lang/NoSuchMethodError': java.lang.Object.lambda$static$0(Ljava/lang/String;)Ljava/lang/Boolean;> (0x000000071ade3bf0) thrown at [C:\jenkins\workspace\8-2-build-windows-x64-cygwin\jdk8u371\3355\hotspot\src\share\vm\interpreter\linkResol
Event: 0.598 Thread 0x00000124ab0dd800 Exception <a 'sun/nio/fs/WindowsException'> (0x000000071b05b590) thrown at [C:\jenkins\workspace\8-2-build-windows-x64-cygwin\jdk8u371\3355\hotspot\src\share\vm\prims\jni.cpp, line 710]
Event: 0.598 Thread 0x00000124ab0dd800 Exception <a 'sun/nio/fs/WindowsException'> (0x000000071b05e258) thrown at [C:\jenkins\workspace\8-2-build-windows-x64-cygwin\jdk8u371\3355\hotspot\src\share\vm\prims\jni.cpp, line 710]
Event: 0.618 Thread 0x00000124ab0dd800 Exception <a 'sun/nio/fs/WindowsException'> (0x000000071b266d38) thrown at [C:\jenkins\workspace\8-2-build-windows-x64-cygwin\jdk8u371\3355\hotspot\src\share\vm\prims\jni.cpp, line 710]
Event: 0.618 Thread 0x00000124ab0dd800 Exception <a 'sun/nio/fs/WindowsException'> (0x000000071b267408) thrown at [C:\jenkins\workspace\8-2-build-windows-x64-cygwin\jdk8u371\3355\hotspot\src\share\vm\prims\jni.cpp, line 710]
Event: 0.808 Thread 0x00000124ab0dd800 Exception <a 'sun/nio/fs/WindowsException'> (0x000000071b3665b8) thrown at [C:\jenkins\workspace\8-2-build-windows-x64-cygwin\jdk8u371\3355\hotspot\src\share\vm\prims\jni.cpp, line 710]
Event: 0.808 Thread 0x00000124ab0dd800 Exception <a 'sun/nio/fs/WindowsException'> (0x000000071b366cf0) thrown at [C:\jenkins\workspace\8-2-build-windows-x64-cygwin\jdk8u371\3355\hotspot\src\share\vm\prims\jni.cpp, line 710]
Event: 0.810 Thread 0x00000124ab0dd800 Exception <a 'sun/nio/fs/WindowsException'> (0x000000071b3797a0) thrown at [C:\jenkins\workspace\8-2-build-windows-x64-cygwin\jdk8u371\3355\hotspot\src\share\vm\prims\jni.cpp, line 710]
Event: 0.810 Thread 0x00000124ab0dd800 Exception <a 'sun/nio/fs/WindowsException'> (0x000000071b379d90) thrown at [C:\jenkins\workspace\8-2-build-windows-x64-cygwin\jdk8u371\3355\hotspot\src\share\vm\prims\jni.cpp, line 710]
Event: 1.374 Thread 0x00000124ab0dd800 Exception <a 'java/lang/NoSuchMethodError': java.lang.Object.lambda$comparing$77a9974f$1(Ljava/util/function/Function;Ljava/lang/Object;Ljava/lang/Object;)I> (0x000000071c6a1b48) thrown at [C:\jenkins\workspace\8-2-build-windows-x64-cygwin\jdk8u371\3355\h

Events (10 events):
Event: 1.404 Thread 0x00000124ab0dd800 DEOPT PACKING pc=0x00000124accb05c4 sp=0x0000001ab5dfd040
Event: 1.404 Thread 0x00000124ab0dd800 DEOPT UNPACKING pc=0x00000124acb07918 sp=0x0000001ab5dfce60 mode 1
Event: 1.405 loading class org/joml/Quaternionfc
Event: 1.405 loading class org/joml/Quaternionfc done
Event: 1.405 Thread 0x00000124ab0dd800 DEOPT PACKING pc=0x00000124acd472f9 sp=0x0000001ab5dfa7c0
Event: 1.405 Thread 0x00000124ab0dd800 DEOPT UNPACKING pc=0x00000124acb07918 sp=0x0000001ab5dfa510 mode 1
Event: 1.405 Thread 0x00000124ab0dd800 DEOPT PACKING pc=0x00000124accb0834 sp=0x0000001ab5dfa840
Event: 1.405 Thread 0x00000124ab0dd800 DEOPT UNPACKING pc=0x00000124acb07918 sp=0x0000001ab5dfa660 mode 1
Event: 1.405 Thread 0x00000124ab0dd800 DEOPT PACKING pc=0x00000124accb05c4 sp=0x0000001ab5dfa9d0
Event: 1.405 Thread 0x00000124ab0dd800 DEOPT UNPACKING pc=0x00000124acb07918 sp=0x0000001ab5dfa7f0 mode 1


Dynamic libraries:
0x00007ff7dcb40000 - 0x00007ff7dcb8a000 	C:\Program Files\Java\jdk-1.8\bin\java.exe
0x00007ffc926d0000 - 0x00007ffc928e4000 	C:\Windows\SYSTEM32\ntdll.dll
0x00007ffc908e0000 - 0x00007ffc909a4000 	C:\Windows\System32\KERNEL32.DLL
0x00007ffc8fd40000 - 0x00007ffc900e4000 	C:\Windows\System32\KERNELBASE.dll
0x00007ffc925e0000 - 0x00007ffc92690000 	C:\Windows\System32\ADVAPI32.dll
0x00007ffc90ee0000 - 0x00007ffc90f87000 	C:\Windows\System32\msvcrt.dll
0x00007ffc90ab0000 - 0x00007ffc90b56000 	C:\Windows\System32\sechost.dll
0x00007ffc90fa0000 - 0x00007ffc910b7000 	C:\Windows\System32\RPCRT4.dll
0x00007ffc906d0000 - 0x00007ffc9087a000 	C:\Windows\System32\USER32.dll
0x00007ffc90290000 - 0x00007ffc902b6000 	C:\Windows\System32\win32u.dll
0x00007ffc92560000 - 0x00007ffc92589000 	C:\Windows\System32\GDI32.dll
0x00007ffc90170000 - 0x00007ffc90289000 	C:\Windows\System32\gdi32full.dll
0x00007ffc90380000 - 0x00007ffc9041a000 	C:\Windows\System32\msvcp_win.dll
0x00007ffc8fc20000 - 0x00007ffc8fd31000 	C:\Windows\System32\ucrtbase.dll
0x00007ffc83e70000 - 0x00007ffc840ff000 	C:\Windows\WinSxS\amd64_microsoft.windows.common-controls_6595b64144ccf1df_6.0.22621.2070_none_2713e6537381f706\COMCTL32.dll
0x00007ffc90ea0000 - 0x00007ffc90ed1000 	C:\Windows\System32\IMM32.DLL
0x00007ffc73520000 - 0x00007ffc7353b000 	C:\Program Files\Java\jdk-1.8\jre\bin\vcruntime140.dll
0x00007ffc8a560000 - 0x00007ffc8a56c000 	C:\Program Files\Java\jdk-1.8\jre\bin\vcruntime140_1.dll
0x00007ffc3a5d0000 - 0x00007ffc3a65e000 	C:\Program Files\Java\jdk-1.8\jre\bin\msvcp140.dll
0x0000000059250000 - 0x0000000059af7000 	C:\Program Files\Java\jdk-1.8\jre\bin\server\jvm.dll
0x00007ffc90cf0000 - 0x00007ffc90cf8000 	C:\Windows\System32\PSAPI.DLL
0x00007ffc8ce60000 - 0x00007ffc8ce69000 	C:\Windows\SYSTEM32\WSOCK32.dll
0x00007ffc7eb20000 - 0x00007ffc7eb54000 	C:\Windows\SYSTEM32\WINMM.dll
0x00007ffc89090000 - 0x00007ffc8909a000 	C:\Windows\SYSTEM32\VERSION.dll
0x00007ffc92470000 - 0x00007ffc924e1000 	C:\Windows\System32\WS2_32.dll
0x00007ffc8eb90000 - 0x00007ffc8eba8000 	C:\Windows\SYSTEM32\kernel.appcore.dll
0x00007ffc7fa30000 - 0x00007ffc7fa40000 	C:\Program Files\Java\jdk-1.8\jre\bin\verify.dll
0x00007ffc6ed20000 - 0x00007ffc6ed4b000 	C:\Program Files\Java\jdk-1.8\jre\bin\java.dll
0x00007ffc3a790000 - 0x00007ffc3a7c6000 	C:\Program Files\Java\jdk-1.8\jre\bin\jdwp.dll
0x00007ffc8a9a0000 - 0x00007ffc8a9a9000 	C:\Program Files\Java\jdk-1.8\jre\bin\npt.dll
0x00007ffc3a390000 - 0x00007ffc3a3c4000 	C:\Program Files\Java\jdk-1.8\jre\bin\instrument.dll
0x00007ffc72fb0000 - 0x00007ffc72fc8000 	C:\Program Files\Java\jdk-1.8\jre\bin\zip.dll
0x00007ffc918c0000 - 0x00007ffc920d6000 	C:\Windows\System32\SHELL32.dll
0x00007ffc8da90000 - 0x00007ffc8e37a000 	C:\Windows\SYSTEM32\windows.storage.dll
0x00007ffc920e0000 - 0x00007ffc9246a000 	C:\Windows\System32\combase.dll
0x00007ffc8d950000 - 0x00007ffc8da8e000 	C:\Windows\SYSTEM32\wintypes.dll
0x00007ffc910e0000 - 0x00007ffc911d3000 	C:\Windows\System32\SHCORE.dll
0x00007ffc90b60000 - 0x00007ffc90bbe000 	C:\Windows\System32\shlwapi.dll
0x00007ffc8f9e0000 - 0x00007ffc8fa06000 	C:\Windows\SYSTEM32\profapi.dll
0x00007ffc8a550000 - 0x00007ffc8a55a000 	C:\Program Files\Java\jdk-1.8\jre\bin\dt_socket.dll
0x00007ffc8f060000 - 0x00007ffc8f0c9000 	C:\Windows\system32\mswsock.dll
0x00007ffc641d0000 - 0x00007ffc641dd000 	C:\Program Files\Java\jdk-1.8\jre\bin\management.dll
0x00007ffc63200000 - 0x00007ffc6321c000 	C:\Program Files\Java\jdk-1.8\jre\bin\net.dll
0x00007ffc61820000 - 0x00007ffc61837000 	C:\Windows\system32\napinsp.dll
0x00007ffc51020000 - 0x00007ffc5103b000 	C:\Windows\system32\pnrpnsp.dll
0x00007ffc8e6c0000 - 0x00007ffc8e7b3000 	C:\Windows\SYSTEM32\DNSAPI.dll
0x00007ffc8e650000 - 0x00007ffc8e67d000 	C:\Windows\SYSTEM32\IPHLPAPI.DLL
0x00007ffc90f90000 - 0x00007ffc90f99000 	C:\Windows\System32\NSI.dll
0x00007ffc51000000 - 0x00007ffc51011000 	C:\Windows\System32\winrnr.dll
0x00007ffc88ad0000 - 0x00007ffc88ae5000 	C:\Windows\system32\wshbth.dll
0x00007ffc50fd0000 - 0x00007ffc50ff1000 	C:\Windows\system32\nlansp_c.dll
0x00007ffc889d0000 - 0x00007ffc889da000 	C:\Windows\System32\rasadhlp.dll
0x00007ffc883c0000 - 0x00007ffc88444000 	C:\Windows\System32\fwpuclnt.dll
0x00007ffc5d0c0000 - 0x00007ffc5d0d3000 	C:\Program Files\Java\jdk-1.8\jre\bin\nio.dll
0x00007ffc39360000 - 0x00007ffc393d5000 	C:\Users\hardm\AppData\Local\Temp\lwjglhardm\3.3.1-build-7\lwjgl.dll
0x00007ffc39250000 - 0x00007ffc392b1000 	C:\Users\hardm\AppData\Local\Temp\lwjglhardm\3.3.1-build-7\glfw.dll
0x00007ffc26490000 - 0x00007ffc264d6000 	C:\Windows\SYSTEM32\dinput8.dll
0x00007ffc4f390000 - 0x00007ffc4f3a1000 	C:\Windows\SYSTEM32\xinput1_4.dll
0x00007ffc8f7c0000 - 0x00007ffc8f80e000 	C:\Windows\SYSTEM32\cfgmgr32.dll
0x00007ffc8f790000 - 0x00007ffc8f7bc000 	C:\Windows\SYSTEM32\DEVOBJ.dll
0x00007ffc8d250000 - 0x00007ffc8d27b000 	C:\Windows\SYSTEM32\dwmapi.dll
0x00007ffc7f3f0000 - 0x00007ffc7f5f1000 	C:\Windows\SYSTEM32\inputhost.dll
0x00007ffc8cac0000 - 0x00007ffc8cbf3000 	C:\Windows\SYSTEM32\CoreMessaging.dll
0x00007ffc8cfd0000 - 0x00007ffc8d07b000 	C:\Windows\system32\uxtheme.dll
0x00007ffc900f0000 - 0x00007ffc9016a000 	C:\Windows\System32\bcryptPrimitives.dll
0x00007ffc8f2d0000 - 0x00007ffc8f2dc000 	C:\Windows\SYSTEM32\CRYPTBASE.DLL
0x00007ffc90bc0000 - 0x00007ffc90ce7000 	C:\Windows\System32\MSCTF.dll
0x00007ffc731f0000 - 0x00007ffc732f0000 	C:\Windows\SYSTEM32\opengl32.dll
0x00007ffc89f30000 - 0x00007ffc89f5d000 	C:\Windows\SYSTEM32\GLU32.dll
0x00007ffc8d2c0000 - 0x00007ffc8d2f8000 	C:\Windows\SYSTEM32\dxcore.dll
0x00007ffc90620000 - 0x00007ffc906d0000 	C:\Windows\System32\clbcatq.dll
0x00007ffbd4d50000 - 0x00007ffbd8fd9000 	C:\Windows\System32\DriverStore\FileRepository\nv_dispi.inf_amd64_3c2bd4a1ec6d228e\nvoglv64.dll
0x00007ffc911e0000 - 0x00007ffc91654000 	C:\Windows\System32\SETUPAPI.dll
0x00007ffc90d00000 - 0x00007ffc90e9c000 	C:\Windows\System32\ole32.dll
0x00007ffc909b0000 - 0x00007ffc90a87000 	C:\Windows\System32\OLEAUT32.dll
0x00007ffc8cf50000 - 0x00007ffc8cf64000 	C:\Windows\SYSTEM32\WTSAPI32.dll
0x00007ffc8f450000 - 0x00007ffc8f478000 	C:\Windows\SYSTEM32\bcrypt.dll
0x00007ffc8f750000 - 0x00007ffc8f762000 	C:\Windows\SYSTEM32\msasn1.dll
0x00007ffc88dc0000 - 0x00007ffc88df2000 	C:\Windows\SYSTEM32\cryptnet.dll
0x00007ffc8fab0000 - 0x00007ffc8fc17000 	C:\Windows\System32\CRYPT32.dll
0x00007ffc88b10000 - 0x00007ffc88c68000 	C:\Windows\SYSTEM32\drvstore.dll
0x00007ffc8f360000 - 0x00007ffc8f3ab000 	C:\Windows\SYSTEM32\wldp.dll
0x00007ffc90420000 - 0x00007ffc9048b000 	C:\Windows\System32\WINTRUST.dll
0x00007ffc8ec00000 - 0x00007ffc8ec34000 	C:\Windows\SYSTEM32\ntmarta.dll
0x00007ffc4acf0000 - 0x00007ffc4afc1000 	C:\Windows\system32\nvspcap64.dll
0x00007ffc8e9a0000 - 0x00007ffc8e9ed000 	C:\Windows\SYSTEM32\powrprof.dll
0x00007ffc8e980000 - 0x00007ffc8e993000 	C:\Windows\SYSTEM32\UMPDC.dll
0x00007ffc8e5e0000 - 0x00007ffc8e646000 	C:\Windows\SYSTEM32\WINSTA.dll
0x00007ffc83490000 - 0x00007ffc835bd000 	C:\Windows\SYSTEM32\textinputframework.dll
0x00007ffc88640000 - 0x00007ffc889ac000 	C:\Windows\SYSTEM32\CoreUIComponents.dll
0x00007ffc26430000 - 0x00007ffc2648d000 	C:\Users\hardm\AppData\Local\Temp\lwjglhardm\3.3.1-build-7\lwjgl_opengl.dll
0x00007ffc7c8f0000 - 0x00007ffc7cb1e000 	C:\Windows\SYSTEM32\dbghelp.dll

VM Arguments:
jvm_args: -agentlib:jdwp=transport=dt_socket,address=127.0.0.1:52274,suspend=y,server=n -javaagent:C:\Users\hardm\AppData\Local\JetBrains\IdeaIC2023.2\captureAgent\debugger-agent.jar=file:/C:/Users/hardm/AppData/Local/Temp/capture.props -Dfile.encoding=UTF-8 
java_command: ru.BouH.engine.game.Game
java_class_path (initial): C:\Program Files\Java\jdk-1.8\jre\lib\charsets.jar;C:\Program Files\Java\jdk-1.8\jre\lib\deploy.jar;C:\Program Files\Java\jdk-1.8\jre\lib\ext\access-bridge-64.jar;C:\Program Files\Java\jdk-1.8\jre\lib\ext\cldrdata.jar;C:\Program Files\Java\jdk-1.8\jre\lib\ext\dnsns.jar;C:\Program Files\Java\jdk-1.8\jre\lib\ext\jaccess.jar;C:\Program Files\Java\jdk-1.8\jre\lib\ext\jfxrt.jar;C:\Program Files\Java\jdk-1.8\jre\lib\ext\localedata.jar;C:\Program Files\Java\jdk-1.8\jre\lib\ext\nashorn.jar;C:\Program Files\Java\jdk-1.8\jre\lib\ext\sunec.jar;C:\Program Files\Java\jdk-1.8\jre\lib\ext\sunjce_provider.jar;C:\Program Files\Java\jdk-1.8\jre\lib\ext\sunmscapi.jar;C:\Program Files\Java\jdk-1.8\jre\lib\ext\sunpkcs11.jar;C:\Program Files\Java\jdk-1.8\jre\lib\ext\zipfs.jar;C:\Program Files\Java\jdk-1.8\jre\lib\javaws.jar;C:\Program Files\Java\jdk-1.8\jre\lib\jce.jar;C:\Program Files\Java\jdk-1.8\jre\lib\jfr.jar;C:\Program Files\Java\jdk-1.8\jre\lib\jfxswt.jar;C:\Program Files\Java\jdk-1.8\jre\lib\jsse.jar;C:\Program Files\Java\jdk-1.8\jre\lib\management-agent.jar;C:\Program Files\Java\jdk-1.8\jre\lib\plugin.jar;C:\Program Files\Java\jdk-1.8\jre\lib\resources.jar;C:\Program Files\Java\jdk-1.8\jre\lib\rt.jar;F:\game_test1\target\classes;C:\Users\hardm\.m2\repository\io\imgui\java\binding\1.76-0.9\binding-1.76-0.9.jar;C:\Users\hardm\.m2\repository\io\imgui\java\lwjgl3\1.76-0.9\lwjgl3-1.76-0.9.jar;C:\Users\hardm\.m2\repository\io\imgui\java\natives-windows\1.76-0.9\natives-windows-1.76-0.9.jar;C:\Users\hardm\.m2\repository\javax\vecmath\vecmath\1.5.2\vecmath-1.5.2.jar;C:\Users\hardm\.m2\repository\com\github\stephengold\jbullet\1.0.2\jbullet-1.0.2.jar;C:\Users\hardm\.m2\repository\com\github\stephengold\stack-alloc\1.0.2\stack-alloc-1.0.2.jar;C:\Users\hardm\.m2\repository\io\netty\netty-all\4.1.89.Final\netty-all-4.1.89.Final.jar;C:\Users\hardm\.m2\repository\io\netty\netty-buffer\4.1.89.Final\netty-buffer-4.1.89.Final.jar;C:\Users\hardm\.m2\repository\io\nett
Launcher Type: SUN_STANDARD

Environment Variables:
JAVA_HOME=C:\Program Files\Java\jdk-1.8
PATH=C:\Program Files (x86)\Common Files\Oracle\Java\javapath;C:\Windows\system32;C:\Windows;C:\Windows\System32\Wbem;C:\Windows\System32\WindowsPowerShell\v1.0\;C:\Windows\System32\OpenSSH\;C:\Program Files\NVIDIA Corporation\NVIDIA NvDLISR;C:\Program Files\Git\cmd;C:\Program Files (x86)\NVIDIA Corporation\PhysX\Common;C:\Program Files\dotnet\;C:\Program Files\Java\jdk-1.8\bin;C:\Users\hardm\AppData\Local\Microsoft\WindowsApps;C:\Users\hardm\.dotnet\tools
USERNAME=hardm
OS=Windows_NT
PROCESSOR_IDENTIFIER=Intel64 Family 6 Model 151 Stepping 5, GenuineIntel



---------------  S Y S T E M  ---------------

OS: Windows 11 , 64 bit Build 22621 (10.0.22621.2070)

CPU:total 12 (initial active 12) (6 cores per cpu, 2 threads per core) family 6 model 151 stepping 5, cmov, cx8, fxsr, mmx, sse, sse2, sse3, ssse3, sse4.1, sse4.2, popcnt, avx, avx2, aes, clmul, erms, 3dnowpref, lzcnt, ht, tsc, tscinvbit, bmi1, bmi2, adx

Memory: 4k page, physical 33317992k(17388800k free), swap 38560872k(9330596k free)

vm_info: Java HotSpot(TM) 64-Bit Server VM (25.371-b11) for windows-amd64 JRE (1.8.0_371-b11), built on Mar 17 2023 04:03:45 by "java_re" with MS VC++ 17.1 (VS2022)

time: Fri Sep  1 16:55:55 2023
timezone: RTZ 2 ( Family 6 Model 151 Stepping 5, GenuineIntel
elapsed time: 1.422433 seconds (0d 0h 0m 1s)

