#
# A fatal error has been detected by the Java Runtime Environment:
#
#  EXCEPTION_ACCESS_VIOLATION (0xc0000005) at pc=0x0000000066fc796b, pid=23152, tid=0x000000000000432c
#
# JRE version: Java(TM) SE Runtime Environment (8.0_371) (build 1.8.0_371-b11)
# Java VM: Java HotSpot(TM) 64-Bit Server VM (25.371-b11 mixed mode windows-amd64 compressed oops)
# Problematic frame:
# V  [jvm.dll+0x10796b]
#
# Failed to write core dump. Minidumps are not enabled by default on client versions of Windows
#
# If you would like to submit a bug report, please visit:
#   http://bugreport.java.com/bugreport/crash.jsp
#

---------------  T H R E A D  ---------------

Current thread (0x000001fb97e1d000):  JavaThread "phys-X" [_thread_in_vm, id=17196, stack(0x0000000766d00000,0x0000000766e00000)]

siginfo: ExceptionCode=0xc0000005, reading address 0x000001fb9ed52ba8

Registers:
RAX=0x000001fb9ecf2350, RBX=0x000001fb9ecf2350, RCX=0x0000000766dfeec0, RDX=0x000000000000c101
RSP=0x0000000766dfe7c0, RBP=0x000001fb97e1d000, RSI=0x0000000766dfeec0, RDI=0x000001fb97e1d000
R8 =0x000001fb97e1d000, R9 =0x000001fb9ecf2350, R10=0x0000000066f83010, R11=0x000001fbe4bdc0f0
R12=0x000000000000c101, R13=0x000001fb9ecf1f1b, R14=0x0000000766dfefb0, R15=0x000001fb97e1d000
RIP=0x0000000066fc796b, EFLAGS=0x0000000000010206

Top of Stack: (sp=0x0000000766dfe7c0)
0x0000000766dfe7c0:   000001fb96d06af8 00000000000000d8
0x0000000766dfe7d0:   0000000700000000 000001fbe26e5940
0x0000000766dfe7e0:   000001fb97ebd5b0 000001fb97e1d000
0x0000000766dfe7f0:   000001fbe26e02c0 0000000000000080
0x0000000766dfe800:   000001fbe26e0db0 0000000000000000
0x0000000766dfe810:   0000000766dfe990 0000000000000078
0x0000000766dfe820:   0000000000000000 0000000000000080
0x0000000766dfe830:   0000000000000000 0000000000000008
0x0000000766dfe840:   0000000000000000 0000000766dfe8f9
0x0000000766dfe850:   000001fbe27e0000 00007ffd76e2c7aa
0x0000000766dfe860:   000001fbe26e0000 0000000700000005
0x0000000766dfe870:   0000000000000078 0000000000000000
0x0000000766dfe880:   0000000766dfea50 0000000067029a00
0x0000000766dfe890:   000001fb00000002 0000000766dfea50
0x0000000766dfe8a0:   000001fb9ecf5730 0000000067029db2
0x0000000766dfe8b0:   0000000766dfea90 0000000000000000 

Instructions: (pc=0x0000000066fc796b)
0x0000000066fc794b:   00 00 48 8b 05 dc 68 6d 00 48 33 c4 48 89 84 24
0x0000000066fc795b:   90 06 00 00 48 8b 01 49 8b e8 4c 63 e2 48 8b f1
0x0000000066fc796b:   4a 8b 54 e0 50 48 89 54 24 40 48 8b 5c 24 40 0f
0x0000000066fc797b:   b6 c3 f6 d0 a8 01 74 0d e8 c8 02 f0 ff 48 8b c3 


Register to memory mapping:

RAX=0x000001fb9ecf2350 is pointing into metadata
RBX=0x000001fb9ecf2350 is pointing into metadata
RCX=0x0000000766dfeec0 is pointing into the stack for thread: 0x000001fb97e1d000
RDX=0x000000000000c101 is an unknown value
RSP=0x0000000766dfe7c0 is pointing into the stack for thread: 0x000001fb97e1d000
RBP=0x000001fb97e1d000 is a thread
RSI=0x0000000766dfeec0 is pointing into the stack for thread: 0x000001fb97e1d000
RDI=0x000001fb97e1d000 is a thread
R8 =0x000001fb97e1d000 is a thread
R9 =0x000001fb9ecf2350 is pointing into metadata
R10=0x0000000066f83010 is an unknown value
R11=0x000001fbe4bdc0f0 is at entry_point+48 in (nmethod*)0x000001fbe4bdbf10
R12=0x000000000000c101 is an unknown value
R13=0x000001fb9ecf1f1b is pointing into metadata
R14=0x0000000766dfefb0 is pointing into the stack for thread: 0x000001fb97e1d000
R15=0x000001fb97e1d000 is a thread


Stack: [0x0000000766d00000,0x0000000766e00000],  sp=0x0000000766dfe7c0,  free space=1017k
Native frames: (J=compiled Java code, j=interpreted, Vv=VM code, C=native code)
V  [jvm.dll+0x10796b]
V  [jvm.dll+0xc59a3]
V  [jvm.dll+0xc303f]
C  0x000001fbe426b4d9

Java frames: (J=compiled Java code, j=interpreted, Vv=VM code)
j  ru.BouH.engine.physx.world.object.CollidableWorldItem.getRigidBodyRot(Lcom/bulletphysics/dynamics/RigidBody;)Lorg/joml/Vector3d;+67
J 3067 C1 ru.BouH.engine.physx.world.object.CollidableWorldItem.updateRigidBody(Lru/BouH/engine/physx/world/object/CollidableWorldItem;)V (53 bytes) @ 0x000001fbe4b79ebc [0x000001fbe4b799e0+0x4dc]
J 3063 C2 ru.BouH.engine.physx.brush.Plane4dBrush.onUpdate(Lru/BouH/engine/proxy/IWorld;)V (6 bytes) @ 0x000001fbe4937a70 [0x000001fbe49376e0+0x390]
J 3062 C2 ru.BouH.engine.physx.world.World.onWorldUpdate()V (128 bytes) @ 0x000001fbe4935760 [0x000001fbe49353e0+0x380]
J 3049% C1 ru.BouH.engine.physx.PhysX.lambda$startPhysTimer$0()V (209 bytes) @ 0x000001fbe4571934 [0x000001fbe4570da0+0xb94]
j  ru.BouH.engine.physx.PhysX$$Lambda$64.run()V+4
j  java.lang.Thread.run()V+11
v  ~StubRoutines::call_stub

---------------  P R O C E S S  ---------------

Java Threads: ( => current thread )
  0x000001fb97ecd000 JavaThread "AWT-Windows" daemon [_thread_in_native, id=14540, stack(0x0000000767100000,0x0000000767200000)]
  0x000001fb97ece800 JavaThread "Java2D Disposer" daemon [_thread_blocked, id=10416, stack(0x0000000766f00000,0x0000000767000000)]
  0x000001fb97eb1800 JavaThread "bullet-phys" [_thread_blocked, id=6384, stack(0x0000000766e00000,0x0000000766f00000)]
=>0x000001fb97e1d000 JavaThread "phys-X" [_thread_in_vm, id=17196, stack(0x0000000766d00000,0x0000000766e00000)]
  0x000001fb95a8d000 JavaThread "Service Thread" daemon [_thread_blocked, id=5024, stack(0x0000000766500000,0x0000000766600000)]
  0x000001fb959f1800 JavaThread "C1 CompilerThread3" daemon [_thread_blocked, id=6892, stack(0x0000000766400000,0x0000000766500000)]
  0x000001fb959f1000 JavaThread "C2 CompilerThread2" daemon [_thread_blocked, id=21412, stack(0x0000000766300000,0x0000000766400000)]
  0x000001fb959ee000 JavaThread "C2 CompilerThread1" daemon [_thread_blocked, id=14332, stack(0x0000000766200000,0x0000000766300000)]
  0x000001fb95999000 JavaThread "C2 CompilerThread0" daemon [_thread_blocked, id=19656, stack(0x0000000766100000,0x0000000766200000)]
  0x000001fb95986000 JavaThread "JDWP Command Reader" daemon [_thread_in_native, id=13088, stack(0x0000000766000000,0x0000000766100000)]
  0x000001fb95981800 JavaThread "JDWP Event Helper Thread" daemon [_thread_blocked, id=15920, stack(0x0000000765f00000,0x0000000766000000)]
  0x000001fb9364d800 JavaThread "JDWP Transport Listener: dt_socket" daemon [_thread_blocked, id=26052, stack(0x0000000765e00000,0x0000000765f00000)]
  0x000001fb93638000 JavaThread "Attach Listener" daemon [_thread_blocked, id=17032, stack(0x0000000765d00000,0x0000000765e00000)]
  0x000001fb93637000 JavaThread "Signal Dispatcher" daemon [_thread_blocked, id=23028, stack(0x0000000765c00000,0x0000000765d00000)]
  0x000001fb9360a000 JavaThread "Finalizer" daemon [_thread_blocked, id=8092, stack(0x0000000765b00000,0x0000000765c00000)]
  0x000001fb93609000 JavaThread "Reference Handler" daemon [_thread_blocked, id=21340, stack(0x0000000765a00000,0x0000000765b00000)]
  0x000001fbe282d800 JavaThread "main" [_thread_in_native, id=332, stack(0x0000000764e00000,0x0000000764f00000)]

Other Threads:
  0x000001fb935e4000 VMThread [stack: 0x0000000765900000,0x0000000765a00000] [id=27128]
  0x000001fb95ad5800 WatcherThread [stack: 0x0000000766600000,0x0000000766700000] [id=23368]

VM state:not at safepoint (normal execution)

VM Mutex/Monitor currently owned by a thread: None

heap address: 0x000001fbf3800000, size: 8136 MB, Compressed Oops mode: Non-zero based:0x000001fbf37ff000, Oop shift amount: 3
Narrow klass base: 0x000001fdf0000000, Narrow klass shift: 0
Compressed class space size: 1073741824 Address: 0x000001fdf0000000

Heap:
 PSYoungGen      total 107008K, used 100004K [0x000001fd46800000, 0x000001fd4d680000, 0x000001fdf0000000)
  eden space 103936K, 95% used [0x000001fd46800000,0x000001fd4c9690c0,0x000001fd4cd80000)
  from space 3072K, 8% used [0x000001fd4d380000,0x000001fd4d3c0000,0x000001fd4d680000)
  to   space 4608K, 0% used [0x000001fd4cd80000,0x000001fd4cd80000,0x000001fd4d200000)
 ParOldGen       total 250368K, used 10589K [0x000001fbf3800000, 0x000001fc02c80000, 0x000001fd46800000)
  object space 250368K, 4% used [0x000001fbf3800000,0x000001fbf4257538,0x000001fc02c80000)
 Metaspace       used 24038K, capacity 24432K, committed 24832K, reserved 1071104K
  class space    used 2375K, capacity 2513K, committed 2560K, reserved 1048576K

Card table byte_map: [0x000001fb80000000,0x000001fb80ff0000] byte_map_base: 0x000001fa82064000

Marking Bits: (ParMarkBitMap*) 0x00000000676ed980
 Begin Bits: [0x000001fb81a90000, 0x000001fb899b0000)
 End Bits:   [0x000001fb899b0000, 0x000001fb918d0000)

Polling page: 0x000001fbe2a30000

CodeCache: size=245760Kb used=9198Kb max_used=10894Kb free=236561Kb
 bounds [0x000001fbe4230000, 0x000001fbe4cf0000, 0x000001fbf3230000]
 total_blobs=3646 nmethods=2487 adapters=1079
 compilation: enabled

Compilation events (10 events):
Event: 511.567 Thread 0x000001fb959f1800 3073       3       ru.BouH.engine.physx.world.object.CollidableWorldItem::setPosition (35 bytes)
Event: 511.567 Thread 0x000001fb959f1800 nmethod 3073 0x000001fbe494fc50 code [0x000001fbe494fde0, 0x000001fbe4950330]
Event: 511.567 Thread 0x000001fb959f1800 3074       3       java.lang.StringBuilder::append (8 bytes)
Event: 511.567 Thread 0x000001fb959f1800 nmethod 3074 0x000001fbe444a150 code [0x000001fbe444a2e0, 0x000001fbe444a620]
Event: 511.567 Thread 0x000001fb959f1800 3075       3       java.lang.AbstractStringBuilder::append (7 bytes)
Event: 511.567 Thread 0x000001fb959f1800 nmethod 3075 0x000001fbe479a110 code [0x000001fbe479a280, 0x000001fbe479a560]
Event: 512.380 Thread 0x000001fb959f1800 3076       3       ru.BouH.engine.physx.world.object.CollidableWorldItem::rotateRigidBody (145 bytes)
Event: 512.381 Thread 0x000001fb959f1800 nmethod 3076 0x000001fbe443ded0 code [0x000001fbe443e2a0, 0x000001fbe44406c0]
Event: 528.591 Thread 0x000001fb959f1800 3077       3       java.nio.charset.CharsetDecoder::implReset (1 bytes)
Event: 528.591 Thread 0x000001fb959f1800 nmethod 3077 0x000001fbe443db90 code [0x000001fbe443dce0, 0x000001fbe443de58]

GC Heap History (10 events):
Event: 456.975 GC heap before
{Heap before GC invocations=17 (full 1):
 PSYoungGen      total 112640K, used 112384K [0x000001fd46800000, 0x000001fd4e000000, 0x000001fdf0000000)
  eden space 111616K, 100% used [0x000001fd46800000,0x000001fd4d500000,0x000001fd4d500000)
  from space 1024K, 75% used [0x000001fd4d680000,0x000001fd4d740000,0x000001fd4d780000)
  to   space 5632K, 0% used [0x000001fd4da80000,0x000001fd4da80000,0x000001fd4e000000)
 ParOldGen       total 250368K, used 9893K [0x000001fbf3800000, 0x000001fc02c80000, 0x000001fd46800000)
  object space 250368K, 3% used [0x000001fbf3800000,0x000001fbf41a9610,0x000001fc02c80000)
 Metaspace       used 23953K, capacity 24368K, committed 24576K, reserved 1071104K
  class space    used 2369K, capacity 2513K, committed 2560K, reserved 1048576K
Event: 456.976 GC heap after
Heap after GC invocations=17 (full 1):
 PSYoungGen      total 114176K, used 768K [0x000001fd46800000, 0x000001fd4de80000, 0x000001fdf0000000)
  eden space 110080K, 0% used [0x000001fd46800000,0x000001fd46800000,0x000001fd4d380000)
  from space 4096K, 18% used [0x000001fd4da80000,0x000001fd4db40000,0x000001fd4de80000)
  to   space 5632K, 0% used [0x000001fd4d380000,0x000001fd4d380000,0x000001fd4d900000)
 ParOldGen       total 250368K, used 9893K [0x000001fbf3800000, 0x000001fc02c80000, 0x000001fd46800000)
  object space 250368K, 3% used [0x000001fbf3800000,0x000001fbf41a9610,0x000001fc02c80000)
 Metaspace       used 23953K, capacity 24368K, committed 24576K, reserved 1071104K
  class space    used 2369K, capacity 2513K, committed 2560K, reserved 1048576K
}
Event: 471.894 GC heap before
{Heap before GC invocations=18 (full 1):
 PSYoungGen      total 114176K, used 110848K [0x000001fd46800000, 0x000001fd4de80000, 0x000001fdf0000000)
  eden space 110080K, 100% used [0x000001fd46800000,0x000001fd4d380000,0x000001fd4d380000)
  from space 4096K, 18% used [0x000001fd4da80000,0x000001fd4db40000,0x000001fd4de80000)
  to   space 5632K, 0% used [0x000001fd4d380000,0x000001fd4d380000,0x000001fd4d900000)
 ParOldGen       total 250368K, used 9893K [0x000001fbf3800000, 0x000001fc02c80000, 0x000001fd46800000)
  object space 250368K, 3% used [0x000001fbf3800000,0x000001fbf41a9610,0x000001fc02c80000)
 Metaspace       used 23981K, capacity 24368K, committed 24576K, reserved 1071104K
  class space    used 2370K, capacity 2513K, committed 2560K, reserved 1048576K
Event: 471.896 GC heap after
Heap after GC invocations=18 (full 1):
 PSYoungGen      total 109056K, used 288K [0x000001fd46800000, 0x000001fd4dc00000, 0x000001fdf0000000)
  eden space 108544K, 0% used [0x000001fd46800000,0x000001fd46800000,0x000001fd4d200000)
  from space 512K, 56% used [0x000001fd4d380000,0x000001fd4d3c8000,0x000001fd4d400000)
  to   space 5120K, 0% used [0x000001fd4d700000,0x000001fd4d700000,0x000001fd4dc00000)
 ParOldGen       total 250368K, used 10509K [0x000001fbf3800000, 0x000001fc02c80000, 0x000001fd46800000)
  object space 250368K, 4% used [0x000001fbf3800000,0x000001fbf4243538,0x000001fc02c80000)
 Metaspace       used 23981K, capacity 24368K, committed 24576K, reserved 1071104K
  class space    used 2370K, capacity 2513K, committed 2560K, reserved 1048576K
}
Event: 486.465 GC heap before
{Heap before GC invocations=19 (full 1):
 PSYoungGen      total 109056K, used 108832K [0x000001fd46800000, 0x000001fd4dc00000, 0x000001fdf0000000)
  eden space 108544K, 100% used [0x000001fd46800000,0x000001fd4d200000,0x000001fd4d200000)
  from space 512K, 56% used [0x000001fd4d380000,0x000001fd4d3c8000,0x000001fd4d400000)
  to   space 5120K, 0% used [0x000001fd4d700000,0x000001fd4d700000,0x000001fd4dc00000)
 ParOldGen       total 250368K, used 10509K [0x000001fbf3800000, 0x000001fc02c80000, 0x000001fd46800000)
  object space 250368K, 4% used [0x000001fbf3800000,0x000001fbf4243538,0x000001fc02c80000)
 Metaspace       used 23988K, capacity 24368K, committed 24576K, reserved 1071104K
  class space    used 2370K, capacity 2513K, committed 2560K, reserved 1048576K
Event: 486.466 GC heap after
Heap after GC invocations=19 (full 1):
 PSYoungGen      total 110592K, used 256K [0x000001fd46800000, 0x000001fd4da80000, 0x000001fdf0000000)
  eden space 107008K, 0% used [0x000001fd46800000,0x000001fd46800000,0x000001fd4d080000)
  from space 3584K, 7% used [0x000001fd4d700000,0x000001fd4d740000,0x000001fd4da80000)
  to   space 5120K, 0% used [0x000001fd4d080000,0x000001fd4d080000,0x000001fd4d580000)
 ParOldGen       total 250368K, used 10549K [0x000001fbf3800000, 0x000001fc02c80000, 0x000001fd46800000)
  object space 250368K, 4% used [0x000001fbf3800000,0x000001fbf424d538,0x000001fc02c80000)
 Metaspace       used 23988K, capacity 24368K, committed 24576K, reserved 1071104K
  class space    used 2370K, capacity 2513K, committed 2560K, reserved 1048576K
}
Event: 500.851 GC heap before
{Heap before GC invocations=20 (full 1):
 PSYoungGen      total 110592K, used 107264K [0x000001fd46800000, 0x000001fd4da80000, 0x000001fdf0000000)
  eden space 107008K, 100% used [0x000001fd46800000,0x000001fd4d080000,0x000001fd4d080000)
  from space 3584K, 7% used [0x000001fd4d700000,0x000001fd4d740000,0x000001fd4da80000)
  to   space 5120K, 0% used [0x000001fd4d080000,0x000001fd4d080000,0x000001fd4d580000)
 ParOldGen       total 250368K, used 10549K [0x000001fbf3800000, 0x000001fc02c80000, 0x000001fd46800000)
  object space 250368K, 4% used [0x000001fbf3800000,0x000001fbf424d538,0x000001fc02c80000)
 Metaspace       used 23988K, capacity 24368K, committed 24576K, reserved 1071104K
  class space    used 2370K, capacity 2513K, committed 2560K, reserved 1048576K
Event: 500.852 GC heap after
Heap after GC invocations=20 (full 1):
 PSYoungGen      total 105984K, used 320K [0x000001fd46800000, 0x000001fd4d800000, 0x000001fdf0000000)
  eden space 105472K, 0% used [0x000001fd46800000,0x000001fd46800000,0x000001fd4cf00000)
  from space 512K, 62% used [0x000001fd4d080000,0x000001fd4d0d0000,0x000001fd4d100000)
  to   space 4608K, 0% used [0x000001fd4d380000,0x000001fd4d380000,0x000001fd4d800000)
 ParOldGen       total 250368K, used 10565K [0x000001fbf3800000, 0x000001fc02c80000, 0x000001fd46800000)
  object space 250368K, 4% used [0x000001fbf3800000,0x000001fbf4251538,0x000001fc02c80000)
 Metaspace       used 23988K, capacity 24368K, committed 24576K, reserved 1071104K
  class space    used 2370K, capacity 2513K, committed 2560K, reserved 1048576K
}
Event: 515.144 GC heap before
{Heap before GC invocations=21 (full 1):
 PSYoungGen      total 105984K, used 105792K [0x000001fd46800000, 0x000001fd4d800000, 0x000001fdf0000000)
  eden space 105472K, 100% used [0x000001fd46800000,0x000001fd4cf00000,0x000001fd4cf00000)
  from space 512K, 62% used [0x000001fd4d080000,0x000001fd4d0d0000,0x000001fd4d100000)
  to   space 4608K, 0% used [0x000001fd4d380000,0x000001fd4d380000,0x000001fd4d800000)
 ParOldGen       total 250368K, used 10565K [0x000001fbf3800000, 0x000001fc02c80000, 0x000001fd46800000)
  object space 250368K, 4% used [0x000001fbf3800000,0x000001fbf4251538,0x000001fc02c80000)
 Metaspace       used 24021K, capacity 24432K, committed 24832K, reserved 1071104K
  class space    used 2371K, capacity 2513K, committed 2560K, reserved 1048576K
Event: 515.145 GC heap after
Heap after GC invocations=21 (full 1):
 PSYoungGen      total 107008K, used 256K [0x000001fd46800000, 0x000001fd4d680000, 0x000001fdf0000000)
  eden space 103936K, 0% used [0x000001fd46800000,0x000001fd46800000,0x000001fd4cd80000)
  from space 3072K, 8% used [0x000001fd4d380000,0x000001fd4d3c0000,0x000001fd4d680000)
  to   space 4608K, 0% used [0x000001fd4cd80000,0x000001fd4cd80000,0x000001fd4d200000)
 ParOldGen       total 250368K, used 10589K [0x000001fbf3800000, 0x000001fc02c80000, 0x000001fd46800000)
  object space 250368K, 4% used [0x000001fbf3800000,0x000001fbf4257538,0x000001fc02c80000)
 Metaspace       used 24021K, capacity 24432K, committed 24832K, reserved 1071104K
  class space    used 2371K, capacity 2513K, committed 2560K, reserved 1048576K
}

Deoptimization events (10 events):
Event: 33.958 Thread 0x000001fb97e1d000 Uncommon trap: reason=unstable_if action=reinterpret pc=0x000001fbe4b6a124 method=com.bulletphysics.linearmath.MatrixUtil.getRotation(Ljavax/vecmath/Matrix3f;Ljavax/vecmath/Quat4f;)V @ 35
Event: 38.641 Thread 0x000001fb97eb1800 Uncommon trap: reason=unstable_if action=reinterpret pc=0x000001fbe4bc56e8 method=com.bulletphysics.collision.dispatch.SimulationIslandManager.buildIslands(Lcom/bulletphysics/collision/broadphase/Dispatcher;Lcom/bulletphysics/util/ObjectArrayList;)V @ 143
Event: 51.503 Thread 0x000001fb97e1d000 Uncommon trap: reason=unstable_if action=reinterpret pc=0x000001fbe4ba7f88 method=sun.misc.FloatingDecimal$BinaryToASCIIBuffer.dtoa(IJIZ)V @ 97
Event: 207.497 Thread 0x000001fb97e1d000 Uncommon trap: reason=unstable_if action=reinterpret pc=0x000001fbe4c35014 method=sun.misc.FloatingDecimal$BinaryToASCIIBuffer.dtoa(IJIZ)V @ 111
Event: 207.497 Thread 0x000001fb97e1d000 Uncommon trap: reason=unstable_if action=reinterpret pc=0x000001fbe4c32df4 method=sun.misc.FloatingDecimal$BinaryToASCIIBuffer.estimateDecExp(JI)I @ 78
Event: 399.578 Thread 0x000001fbe282d800 Uncommon trap: reason=unstable_if action=reinterpret pc=0x000001fbe4bb8be0 method=java.lang.Math.min(DD)D @ 11
Event: 404.085 Thread 0x000001fb97eb1800 Uncommon trap: reason=unstable_if action=reinterpret pc=0x000001fbe4bf96f0 method=com.bulletphysics.collision.broadphase.Dbvt.update(Lcom/bulletphysics/collision/broadphase/Dbvt$Node;I)V @ 7
Event: 449.477 Thread 0x000001fb97e1d000 Uncommon trap: reason=unstable_if action=reinterpret pc=0x000001fbe4c4b04c method=sun.misc.FloatingDecimal.getBinaryToASCIIConverter(DZ)Lsun/misc/FloatingDecimal$BinaryToASCIIConverter; @ 76
Event: 449.477 Thread 0x000001fb97e1d000 Uncommon trap: reason=unstable_if action=reinterpret pc=0x000001fbe43a3628 method=sun.misc.FloatingDecimal$BinaryToASCIIBuffer.getChars([C)I @ 47
Event: 528.646 Thread 0x000001fb97e1d000 Uncommon trap: reason=unstable_if action=reinterpret pc=0x000001fbe49278dc method=sun.misc.FloatingDecimal.getBinaryToASCIIConverter(F)Lsun/misc/FloatingDecimal$BinaryToASCIIConverter; @ 67

Classes redefined (10 events):
Event: 191.282 Thread 0x000001fb935e4000 redefined class name=ru.BouH.engine.physx.world.object.CollidableWorldItem, count=7
Event: 201.308 Thread 0x000001fb935e4000 redefined class name=ru.BouH.engine.physx.world.object.CollidableWorldItem, count=8
Event: 207.486 Thread 0x000001fb935e4000 redefined class name=ru.BouH.engine.physx.world.object.CollidableWorldItem, count=9
Event: 213.209 Thread 0x000001fb935e4000 redefined class name=ru.BouH.engine.physx.world.object.CollidableWorldItem, count=10
Event: 294.419 Thread 0x000001fb935e4000 redefined class name=ru.BouH.engine.physx.world.object.CollidableWorldItem, count=11
Event: 431.286 Thread 0x000001fb935e4000 redefined class name=ru.BouH.engine.physx.world.object.CollidableWorldItem, count=12
Event: 440.715 Thread 0x000001fb935e4000 redefined class name=ru.BouH.engine.physx.entities.player.EntityPlayerSP, count=14
Event: 449.469 Thread 0x000001fb935e4000 redefined class name=ru.BouH.engine.physx.world.object.CollidableWorldItem, count=13
Event: 464.337 Thread 0x000001fb935e4000 redefined class name=ru.BouH.engine.physx.world.object.CollidableWorldItem, count=14
Event: 506.472 Thread 0x000001fb935e4000 redefined class name=ru.BouH.engine.physx.world.object.CollidableWorldItem, count=15

Internal exceptions (10 events):
Event: 0.610 Thread 0x000001fbe282d800 Exception <a 'sun/nio/fs/WindowsException'> (0x000001fd4af37510) thrown at [C:\jenkins\workspace\8-2-build-windows-x64-cygwin\jdk8u371\3355\hotspot\src\share\vm\prims\jni.cpp, line 710]
Event: 0.629 Thread 0x000001fbe282d800 Exception <a 'sun/nio/fs/WindowsException'> (0x000001fd4b13a910) thrown at [C:\jenkins\workspace\8-2-build-windows-x64-cygwin\jdk8u371\3355\hotspot\src\share\vm\prims\jni.cpp, line 710]
Event: 0.629 Thread 0x000001fbe282d800 Exception <a 'sun/nio/fs/WindowsException'> (0x000001fd4b13afe0) thrown at [C:\jenkins\workspace\8-2-build-windows-x64-cygwin\jdk8u371\3355\hotspot\src\share\vm\prims\jni.cpp, line 710]
Event: 0.799 Thread 0x000001fbe282d800 Exception <a 'sun/nio/fs/WindowsException'> (0x000001fd4b237720) thrown at [C:\jenkins\workspace\8-2-build-windows-x64-cygwin\jdk8u371\3355\hotspot\src\share\vm\prims\jni.cpp, line 710]
Event: 0.799 Thread 0x000001fbe282d800 Exception <a 'sun/nio/fs/WindowsException'> (0x000001fd4b237e58) thrown at [C:\jenkins\workspace\8-2-build-windows-x64-cygwin\jdk8u371\3355\hotspot\src\share\vm\prims\jni.cpp, line 710]
Event: 0.800 Thread 0x000001fbe282d800 Exception <a 'sun/nio/fs/WindowsException'> (0x000001fd4b24a2c0) thrown at [C:\jenkins\workspace\8-2-build-windows-x64-cygwin\jdk8u371\3355\hotspot\src\share\vm\prims\jni.cpp, line 710]
Event: 0.800 Thread 0x000001fbe282d800 Exception <a 'sun/nio/fs/WindowsException'> (0x000001fd4b24a8b0) thrown at [C:\jenkins\workspace\8-2-build-windows-x64-cygwin\jdk8u371\3355\hotspot\src\share\vm\prims\jni.cpp, line 710]
Event: 1.031 Thread 0x000001fbe282d800 Exception <a 'java/lang/NoSuchMethodError': java.lang.Object.lambda$comparing$77a9974f$1(Ljava/util/function/Function;Ljava/lang/Object;Ljava/lang/Object;)I> (0x000001fd4bd65330) thrown at [C:\jenkins\workspace\8-2-build-windows-x64-cygwin\jdk8u371\3355\h
Event: 1.170 Thread 0x000001fbe282d800 Exception <a 'java/io/FileNotFoundException'> (0x000001fd4cbceb08) thrown at [C:\jenkins\workspace\8-2-build-windows-x64-cygwin\jdk8u371\3355\hotspot\src\share\vm\prims\jni.cpp, line 710]
Event: 1.223 Thread 0x000001fbe282d800 Exception <a 'java/io/FileNotFoundException'> (0x000001fd46b4bb28) thrown at [C:\jenkins\workspace\8-2-build-windows-x64-cygwin\jdk8u371\3355\hotspot\src\share\vm\prims\jni.cpp, line 710]

Events (10 events):
Event: 528.646 loading class sun/nio/cs/ISO_8859_1$Decoder
Event: 528.646 loading class sun/nio/cs/ISO_8859_1$Decoder done
Event: 535.080 Executing VM operation: ChangeBreakpoints
Event: 535.081 Executing VM operation: ChangeBreakpoints done
Event: 535.484 Executing VM operation: ChangeBreakpoints
Event: 535.486 Executing VM operation: ChangeBreakpoints done
Event: 536.147 Executing VM operation: ChangeBreakpoints
Event: 536.147 Executing VM operation: ChangeBreakpoints done
Event: 536.838 Executing VM operation: ChangeBreakpoints
Event: 536.840 Executing VM operation: ChangeBreakpoints done


Dynamic libraries:
0x00007ff752cf0000 - 0x00007ff752d3a000 	C:\Program Files\Java\jdk-1.8\bin\java.exe
0x00007ffd76df0000 - 0x00007ffd77004000 	C:\Windows\SYSTEM32\ntdll.dll
0x00007ffd750a0000 - 0x00007ffd75164000 	C:\Windows\System32\KERNEL32.DLL
0x00007ffd74790000 - 0x00007ffd74b34000 	C:\Windows\System32\KERNELBASE.dll
0x00007ffd75460000 - 0x00007ffd75510000 	C:\Windows\System32\ADVAPI32.dll
0x00007ffd74d80000 - 0x00007ffd74e27000 	C:\Windows\System32\msvcrt.dll
0x00007ffd74e30000 - 0x00007ffd74ed6000 	C:\Windows\System32\sechost.dll
0x00007ffd75170000 - 0x00007ffd75287000 	C:\Windows\System32\RPCRT4.dll
0x00007ffd75510000 - 0x00007ffd756ba000 	C:\Windows\System32\USER32.dll
0x00007ffd742f0000 - 0x00007ffd74316000 	C:\Windows\System32\win32u.dll
0x00007ffd74bb0000 - 0x00007ffd74bd9000 	C:\Windows\System32\GDI32.dll
0x00007ffd74490000 - 0x00007ffd745a9000 	C:\Windows\System32\gdi32full.dll
0x00007ffd74250000 - 0x00007ffd742ea000 	C:\Windows\System32\msvcp_win.dll
0x00007ffd745b0000 - 0x00007ffd746c1000 	C:\Windows\System32\ucrtbase.dll
0x00007ffd68630000 - 0x00007ffd688bf000 	C:\Windows\WinSxS\amd64_microsoft.windows.common-controls_6595b64144ccf1df_6.0.22621.2070_none_2713e6537381f706\COMCTL32.dll
0x00007ffd75ec0000 - 0x00007ffd75ef1000 	C:\Windows\System32\IMM32.DLL
0x00007ffd655f0000 - 0x00007ffd6560b000 	C:\Program Files\Java\jdk-1.8\jre\bin\vcruntime140.dll
0x00007ffd655d0000 - 0x00007ffd655dc000 	C:\Program Files\Java\jdk-1.8\jre\bin\vcruntime140_1.dll
0x00007ffd471c0000 - 0x00007ffd4724e000 	C:\Program Files\Java\jdk-1.8\jre\bin\msvcp140.dll
0x0000000066ec0000 - 0x0000000067767000 	C:\Program Files\Java\jdk-1.8\jre\bin\server\jvm.dll
0x00007ffd75eb0000 - 0x00007ffd75eb8000 	C:\Windows\System32\PSAPI.DLL
0x00007ffd6b250000 - 0x00007ffd6b284000 	C:\Windows\SYSTEM32\WINMM.dll
0x00007ffd46e70000 - 0x00007ffd46e79000 	C:\Windows\SYSTEM32\WSOCK32.dll
0x00007ffd6d430000 - 0x00007ffd6d43a000 	C:\Windows\SYSTEM32\VERSION.dll
0x00007ffd74be0000 - 0x00007ffd74c51000 	C:\Windows\System32\WS2_32.dll
0x00007ffd73270000 - 0x00007ffd73288000 	C:\Windows\SYSTEM32\kernel.appcore.dll
0x00007ffd538f0000 - 0x00007ffd53900000 	C:\Program Files\Java\jdk-1.8\jre\bin\verify.dll
0x00007ffd47380000 - 0x00007ffd473ab000 	C:\Program Files\Java\jdk-1.8\jre\bin\java.dll
0x00007ffd46f40000 - 0x00007ffd46f76000 	C:\Program Files\Java\jdk-1.8\jre\bin\jdwp.dll
0x00007ffd538e0000 - 0x00007ffd538e9000 	C:\Program Files\Java\jdk-1.8\jre\bin\npt.dll
0x00007ffd46f00000 - 0x00007ffd46f34000 	C:\Program Files\Java\jdk-1.8\jre\bin\instrument.dll
0x00007ffd4ff20000 - 0x00007ffd4ff38000 	C:\Program Files\Java\jdk-1.8\jre\bin\zip.dll
0x00007ffd76120000 - 0x00007ffd76936000 	C:\Windows\System32\SHELL32.dll
0x00007ffd721b0000 - 0x00007ffd72a9a000 	C:\Windows\SYSTEM32\windows.storage.dll
0x00007ffd769a0000 - 0x00007ffd76d2a000 	C:\Windows\System32\combase.dll
0x00007ffd72070000 - 0x00007ffd721ae000 	C:\Windows\SYSTEM32\wintypes.dll
0x00007ffd75710000 - 0x00007ffd75803000 	C:\Windows\System32\SHCORE.dll
0x00007ffd76940000 - 0x00007ffd7699e000 	C:\Windows\System32\shlwapi.dll
0x00007ffd74100000 - 0x00007ffd74126000 	C:\Windows\SYSTEM32\profapi.dll
0x00007ffd53740000 - 0x00007ffd5374a000 	C:\Program Files\Java\jdk-1.8\jre\bin\dt_socket.dll
0x00007ffd73780000 - 0x00007ffd737e9000 	C:\Windows\system32\mswsock.dll
0x00007ffd53420000 - 0x00007ffd5342d000 	C:\Program Files\Java\jdk-1.8\jre\bin\management.dll
0x00007ffd471a0000 - 0x00007ffd471bc000 	C:\Program Files\Java\jdk-1.8\jre\bin\net.dll
0x00007ffd46e80000 - 0x00007ffd46e97000 	C:\Windows\system32\napinsp.dll
0x00007ffd46500000 - 0x00007ffd4651b000 	C:\Windows\system32\pnrpnsp.dll
0x00007ffd72de0000 - 0x00007ffd72ed3000 	C:\Windows\SYSTEM32\DNSAPI.dll
0x00007ffd72d70000 - 0x00007ffd72d9d000 	C:\Windows\SYSTEM32\IPHLPAPI.DLL
0x00007ffd758f0000 - 0x00007ffd758f9000 	C:\Windows\System32\NSI.dll
0x00007ffd3d8d0000 - 0x00007ffd3d8e1000 	C:\Windows\System32\winrnr.dll
0x00007ffd6d770000 - 0x00007ffd6d785000 	C:\Windows\system32\wshbth.dll
0x00007ffd3d8a0000 - 0x00007ffd3d8c1000 	C:\Windows\system32\nlansp_c.dll
0x00007ffd6d440000 - 0x00007ffd6d44a000 	C:\Windows\System32\rasadhlp.dll
0x00007ffd6cfb0000 - 0x00007ffd6d034000 	C:\Windows\System32\fwpuclnt.dll
0x00007ffd470b0000 - 0x00007ffd470c3000 	C:\Program Files\Java\jdk-1.8\jre\bin\nio.dll
0x00007ffd3e3c0000 - 0x00007ffd3e435000 	C:\Users\hardm\AppData\Local\Temp\lwjglhardm\3.3.1-build-7\lwjgl.dll
0x00007ffd46710000 - 0x00007ffd46771000 	C:\Users\hardm\AppData\Local\Temp\lwjglhardm\3.3.1-build-7\glfw.dll
0x00007ffd46ea0000 - 0x00007ffd46ee6000 	C:\Windows\SYSTEM32\dinput8.dll
0x00007ffd53930000 - 0x00007ffd53941000 	C:\Windows\SYSTEM32\xinput1_4.dll
0x00007ffd73e90000 - 0x00007ffd73ebc000 	C:\Windows\SYSTEM32\DEVOBJ.dll
0x00007ffd73ec0000 - 0x00007ffd73f0e000 	C:\Windows\SYSTEM32\cfgmgr32.dll
0x00007ffd71970000 - 0x00007ffd7199b000 	C:\Windows\SYSTEM32\dwmapi.dll
0x00007ffd59e70000 - 0x00007ffd5a071000 	C:\Windows\SYSTEM32\inputhost.dll
0x00007ffd711e0000 - 0x00007ffd71313000 	C:\Windows\SYSTEM32\CoreMessaging.dll
0x00007ffd716f0000 - 0x00007ffd7179b000 	C:\Windows\system32\uxtheme.dll
0x00007ffd741d0000 - 0x00007ffd7424a000 	C:\Windows\System32\bcryptPrimitives.dll
0x00007ffd739f0000 - 0x00007ffd739fc000 	C:\Windows\SYSTEM32\CRYPTBASE.DLL
0x00007ffd75900000 - 0x00007ffd75a27000 	C:\Windows\System32\MSCTF.dll
0x00007ffd07d60000 - 0x00007ffd07e60000 	C:\Windows\SYSTEM32\opengl32.dll
0x00007ffd07d30000 - 0x00007ffd07d5d000 	C:\Windows\SYSTEM32\GLU32.dll
0x00007ffd719e0000 - 0x00007ffd71a18000 	C:\Windows\SYSTEM32\dxcore.dll
0x00007ffd74c60000 - 0x00007ffd74d10000 	C:\Windows\System32\clbcatq.dll
0x00007ffcba150000 - 0x00007ffcbe3d9000 	C:\Windows\System32\DriverStore\FileRepository\nv_dispi.inf_amd64_3c2bd4a1ec6d228e\nvoglv64.dll
0x00007ffd75a30000 - 0x00007ffd75ea4000 	C:\Windows\System32\SETUPAPI.dll
0x00007ffd752c0000 - 0x00007ffd7545c000 	C:\Windows\System32\ole32.dll
0x00007ffd75810000 - 0x00007ffd758e7000 	C:\Windows\System32\OLEAUT32.dll
0x00007ffd71670000 - 0x00007ffd71684000 	C:\Windows\SYSTEM32\WTSAPI32.dll
0x00007ffd73b70000 - 0x00007ffd73b98000 	C:\Windows\SYSTEM32\bcrypt.dll
0x00007ffd73e70000 - 0x00007ffd73e82000 	C:\Windows\SYSTEM32\msasn1.dll
0x00007ffd6d6b0000 - 0x00007ffd6d6e2000 	C:\Windows\SYSTEM32\cryptnet.dll
0x00007ffd74320000 - 0x00007ffd74487000 	C:\Windows\System32\CRYPT32.dll
0x00007ffd6d2d0000 - 0x00007ffd6d428000 	C:\Windows\SYSTEM32\drvstore.dll
0x00007ffd73a80000 - 0x00007ffd73acb000 	C:\Windows\SYSTEM32\wldp.dll
0x00007ffd74b40000 - 0x00007ffd74bab000 	C:\Windows\System32\WINTRUST.dll
0x00007ffd73320000 - 0x00007ffd73354000 	C:\Windows\SYSTEM32\ntmarta.dll
0x00007ffd3b770000 - 0x00007ffd3ba41000 	C:\Windows\system32\nvspcap64.dll
0x00007ffd730c0000 - 0x00007ffd7310d000 	C:\Windows\SYSTEM32\powrprof.dll
0x00007ffd730a0000 - 0x00007ffd730b3000 	C:\Windows\SYSTEM32\UMPDC.dll
0x00007ffd72cf0000 - 0x00007ffd72d56000 	C:\Windows\SYSTEM32\WINSTA.dll
0x00007ffd672c0000 - 0x00007ffd673ed000 	C:\Windows\SYSTEM32\textinputframework.dll
0x00007ffd6cad0000 - 0x00007ffd6ce3c000 	C:\Windows\SYSTEM32\CoreUIComponents.dll
0x00007ffd3e360000 - 0x00007ffd3e3bd000 	C:\Users\hardm\AppData\Local\Temp\lwjglhardm\3.3.1-build-7\lwjgl_opengl.dll
0x00007ffd1f380000 - 0x00007ffd1f4fe000 	C:\Program Files\Java\jdk-1.8\jre\bin\awt.dll
0x00007ffd715d0000 - 0x00007ffd71667000 	C:\Windows\SYSTEM32\apphelp.dll
0x00007ffd464a0000 - 0x00007ffd464ef000 	C:\Program Files\Java\jdk-1.8\jre\bin\fontmanager.dll
0x00007ffd46520000 - 0x00007ffd466c9000 	C:\Windows\system32\d3d9.dll
0x00007ffd69320000 - 0x00007ffd693dc000 	C:\Windows\System32\DriverStore\FileRepository\nv_dispi.inf_amd64_3c2bd4a1ec6d228e\nvldumdx.dll
0x00007ffd75290000 - 0x00007ffd752af000 	C:\Windows\System32\imagehlp.dll
0x00007ffd739d0000 - 0x00007ffd739eb000 	C:\Windows\SYSTEM32\CRYPTSP.dll
0x00007ffd73290000 - 0x00007ffd732c5000 	C:\Windows\system32\rsaenh.dll
0x00007ffd371f0000 - 0x00007ffd3a379000 	C:\Windows\System32\DriverStore\FileRepository\nv_dispi.inf_amd64_3c2bd4a1ec6d228e\nvd3dumx.dll
0x00007ffd6d7b0000 - 0x00007ffd6d7fa000 	C:\Windows\SYSTEM32\directxdatabasehelper.dll
0x00007ffd73810000 - 0x00007ffd73836000 	C:\Windows\SYSTEM32\gpapi.dll
0x00007ffd3d670000 - 0x00007ffd3d6b3000 	C:\Program Files\Java\jdk-1.8\jre\bin\t2k.dll
0x00007ffd73870000 - 0x00007ffd7389c000 	C:\Windows\SYSTEM32\USERENV.dll
0x00007ffd6e170000 - 0x00007ffd6e189000 	C:\Windows\SYSTEM32\dhcpcsvc6.DLL
0x00007ffd6deb0000 - 0x00007ffd6decf000 	C:\Windows\SYSTEM32\dhcpcsvc.DLL
0x00007ffd61010000 - 0x00007ffd6123e000 	C:\Windows\SYSTEM32\dbghelp.dll

VM Arguments:
jvm_args: -agentlib:jdwp=transport=dt_socket,address=127.0.0.1:57181,suspend=y,server=n -javaagent:C:\Users\hardm\AppData\Local\JetBrains\IdeaIC2023.2\captureAgent\debugger-agent.jar=file:/C:/Users/hardm/AppData/Local/Temp/capture.props -Dfile.encoding=UTF-8 
java_command: ru.BouH.engine.game.Game
java_class_path (initial): C:\Program Files\Java\jdk-1.8\jre\lib\charsets.jar;C:\Program Files\Java\jdk-1.8\jre\lib\deploy.jar;C:\Program Files\Java\jdk-1.8\jre\lib\ext\access-bridge-64.jar;C:\Program Files\Java\jdk-1.8\jre\lib\ext\cldrdata.jar;C:\Program Files\Java\jdk-1.8\jre\lib\ext\dnsns.jar;C:\Program Files\Java\jdk-1.8\jre\lib\ext\jaccess.jar;C:\Program Files\Java\jdk-1.8\jre\lib\ext\jfxrt.jar;C:\Program Files\Java\jdk-1.8\jre\lib\ext\localedata.jar;C:\Program Files\Java\jdk-1.8\jre\lib\ext\nashorn.jar;C:\Program Files\Java\jdk-1.8\jre\lib\ext\sunec.jar;C:\Program Files\Java\jdk-1.8\jre\lib\ext\sunjce_provider.jar;C:\Program Files\Java\jdk-1.8\jre\lib\ext\sunmscapi.jar;C:\Program Files\Java\jdk-1.8\jre\lib\ext\sunpkcs11.jar;C:\Program Files\Java\jdk-1.8\jre\lib\ext\zipfs.jar;C:\Program Files\Java\jdk-1.8\jre\lib\javaws.jar;C:\Program Files\Java\jdk-1.8\jre\lib\jce.jar;C:\Program Files\Java\jdk-1.8\jre\lib\jfr.jar;C:\Program Files\Java\jdk-1.8\jre\lib\jfxswt.jar;C:\Program Files\Java\jdk-1.8\jre\lib\jsse.jar;C:\Program Files\Java\jdk-1.8\jre\lib\management-agent.jar;C:\Program Files\Java\jdk-1.8\jre\lib\plugin.jar;C:\Program Files\Java\jdk-1.8\jre\lib\resources.jar;C:\Program Files\Java\jdk-1.8\jre\lib\rt.jar;F:\game_test1\target\classes;C:\Users\hardm\.m2\repository\javax\vecmath\vecmath\1.5.2\vecmath-1.5.2.jar;C:\Users\hardm\.m2\repository\com\github\stephengold\jbullet\1.0.2\jbullet-1.0.2.jar;C:\Users\hardm\.m2\repository\com\github\stephengold\stack-alloc\1.0.2\stack-alloc-1.0.2.jar;C:\Users\hardm\.m2\repository\io\netty\netty-all\4.1.89.Final\netty-all-4.1.89.Final.jar;C:\Users\hardm\.m2\repository\io\netty\netty-buffer\4.1.89.Final\netty-buffer-4.1.89.Final.jar;C:\Users\hardm\.m2\repository\io\netty\netty-codec\4.1.89.Final\netty-codec-4.1.89.Final.jar;C:\Users\hardm\.m2\repository\io\netty\netty-codec-dns\4.1.89.Final\netty-codec-dns-4.1.89.Final.jar;C:\Users\hardm\.m2\repository\io\netty\netty-codec-haproxy\4.1.89.Final\netty-codec-haproxy-4.1.89.Fina
Launcher Type: SUN_STANDARD

Environment Variables:
JAVA_HOME=C:\Program Files\Java\jdk-1.8
PATH=C:\Program Files (x86)\Common Files\Oracle\Java\javapath;C:\Windows\system32;C:\Windows;C:\Windows\System32\Wbem;C:\Windows\System32\WindowsPowerShell\v1.0\;C:\Windows\System32\OpenSSH\;C:\Program Files\NVIDIA Corporation\NVIDIA NvDLISR;C:\Program Files\Git\cmd;C:\Program Files (x86)\NVIDIA Corporation\PhysX\Common;C:\Program Files\dotnet\;C:\Program Files\Java\jdk-1.8\bin;C:\Users\hardm\AppData\Local\Microsoft\WindowsApps;C:\Users\hardm\.dotnet\tools
USERNAME=hardm
OS=Windows_NT
PROCESSOR_IDENTIFIER=Intel64 Family 6 Model 151 Stepping 5, GenuineIntel



---------------  S Y S T E M  ---------------

OS: Windows 11 , 64 bit Build 22621 (10.0.22621.2070)

CPU:total 12 (initial active 12) (6 cores per cpu, 2 threads per core) family 6 model 151 stepping 5, cmov, cx8, fxsr, mmx, sse, sse2, sse3, ssse3, sse4.1, sse4.2, popcnt, avx, avx2, aes, clmul, erms, 3dnowpref, lzcnt, ht, tsc, tscinvbit, bmi1, bmi2, adx

Memory: 4k page, physical 33317992k(16620364k free), swap 52192360k(23831328k free)

vm_info: Java HotSpot(TM) 64-Bit Server VM (25.371-b11) for windows-amd64 JRE (1.8.0_371-b11), built on Mar 17 2023 04:03:45 by "java_re" with MS VC++ 17.1 (VS2022)

time: Wed Aug 16 21:40:37 2023
timezone: RTZ 2 ( Family 6 Model 151 Stepping 5, GenuineIntel
elapsed time: 538.204591 seconds (0d 0h 8m 58s)

