#
# A fatal error has been detected by the Java Runtime Environment:
#
#  EXCEPTION_ACCESS_VIOLATION (0xc0000005) at pc=0x00007ffc60a8c4a9, pid=30164, tid=0x0000000000006b8c
#
# JRE version: Java(TM) SE Runtime Environment (8.0_371) (build 1.8.0_371-b11)
# Java VM: Java HotSpot(TM) 64-Bit Server VM (25.371-b11 mixed mode windows-amd64 compressed oops)
# Problematic frame:
# C  [lwjgl_opengl.dll+0xc4a9]
#
# Failed to write core dump. Minidumps are not enabled by default on client versions of Windows
#
# If you would like to submit a bug report, please visit:
#   http://bugreport.java.com/bugreport/crash.jsp
# The crash happened outside the Java Virtual Machine in native code.
# See problematic frame for where to report the bug.
#

---------------  T H R E A D  ---------------

Current thread (0x000001edb101c800):  JavaThread "main" [_thread_in_native, id=27532, stack(0x000000c42c700000,0x000000c42c800000)]

siginfo: ExceptionCode=0xc0000005, reading address 0x0000000000000070

Registers:
RAX=0x000001edd81f20b0, RBX=0x000001eddad25ef0, RCX=0x0000000000000000, RDX=0x000000c42c7ff4b8
RSP=0x000000c42c7ff418, RBP=0x000000c42c7ff4a8, RSI=0x0000000000000148, RDI=0x000001edb2af84bd
R8 =0x0000000000000004, R9 =0x0000000000000004, R10=0x000001edb2b14cfb, R11=0x00000000586da5b0
R12=0x0000000000000000, R13=0x000001eddad25ee8, R14=0x000000c42c7ff4e0, R15=0x000001edb101c800
RIP=0x00007ffc60a8c4a9, EFLAGS=0x0000000000010202

Top of Stack: (sp=0x000000c42c7ff418)
0x000000c42c7ff418:   000001edb2b14d27 000000c42c7ff4a8
0x000000c42c7ff428:   0000000000000148 000001edb2af84bd
0x000000c42c7ff438:   000001edb2b1467b 000001ed00000000
0x000000c42c7ff448:   000000c43f800000 0000000000000148
0x000000c42c7ff458:   000001edb101c800 000001edb2b14622
0x000000c42c7ff468:   000000c42c7ff468 000001eddad25ee8
0x000000c42c7ff478:   000000c42c7ff4e0 000001eddad310d0
0x000000c42c7ff488:   0000000000000000 000001eddad25ef0
0x000000c42c7ff498:   0000000000000000 000000c42c7ff4c8
0x000000c42c7ff4a8:   000000c42c7ff528 000001edb2af84bd
0x000000c42c7ff4b8:   000000071b8923d0 000001edb2b09778
0x000000c42c7ff4c8:   000000c43f800000 0000000000000000
0x000000c42c7ff4d8:   000001ed00000000 000001ed00000000
0x000000c42c7ff4e8:   000000c42c7ff4e8 000001eddacb7bdc
0x000000c42c7ff4f8:   000000c42c7ff550 000001eddacf0428
0x000000c42c7ff508:   0000000000000000 000001eddacb7c20 

Instructions: (pc=0x00007ffc60a8c4a9)
0x00007ffc60a8c489:   18 48 ff 62 60 cc cc 48 8b 01 0f 28 cb f3 0f 10
0x00007ffc60a8c499:   5c 24 30 0f 28 c2 f3 0f 10 54 24 28 48 8b 48 18
0x00007ffc60a8c4a9:   48 ff 61 70 cc cc cc 48 8b 01 0f 28 c2 48 8b 48
0x00007ffc60a8c4b9:   18 48 ff 61 78 cc cc 48 8b 01 41 8b c8 48 8b 50 


Register to memory mapping:

RAX=0x000001edd81f20b0 is an unknown value
RBX={method} {0x000001eddad25ef8} 'glClearColor' '(FFFF)V' in 'org/lwjgl/opengl/GL11C'
RCX=0x0000000000000000 is an unknown value
RDX=0x000000c42c7ff4b8 is pointing into the stack for thread: 0x000001edb101c800
RSP=0x000000c42c7ff418 is pointing into the stack for thread: 0x000001edb101c800
RBP=0x000000c42c7ff4a8 is pointing into the stack for thread: 0x000001edb101c800
RSI=0x0000000000000148 is an unknown value
RDI=0x000001edb2af84bd is at code_begin+2301 in an Interpreter codelet
invoke return entry points  [0x000001edb2af7bc0, 0x000001edb2af85a0]  2528 bytes
R8 =0x0000000000000004 is an unknown value
R9 =0x0000000000000004 is an unknown value
R10=0x000001edb2b14cfb is at code_begin+1915 in an Interpreter codelet
method entry point (kind = native)  [0x000001edb2b14580, 0x000001edb2b15860]  4832 bytes
R11=0x00000000586da5b0 is an unknown value
R12=0x0000000000000000 is an unknown value
R13=0x000001eddad25ee8 is pointing into metadata
R14=0x000000c42c7ff4e0 is pointing into the stack for thread: 0x000001edb101c800
R15=0x000001edb101c800 is a thread


Stack: [0x000000c42c700000,0x000000c42c800000],  sp=0x000000c42c7ff418,  free space=1021k
Native frames: (J=compiled Java code, j=interpreted, Vv=VM code, C=native code)
C  [lwjgl_opengl.dll+0xc4a9]

Java frames: (J=compiled Java code, j=interpreted, Vv=VM code)
j  org.lwjgl.opengl.GL11C.glClearColor(FFFF)V+0
j  org.lwjgl.opengl.GL11.glClearColor(FFFF)V+4
j  ru.BouH.engine.render.screen.Screen.updateScreen()V+4
j  ru.BouH.engine.render.screen.Screen.startScreen()V+1
j  ru.BouH.engine.game.Game.main([Ljava/lang/String;)V+44
v  ~StubRoutines::call_stub

---------------  P R O C E S S  ---------------

Java Threads: ( => current thread )
  0x000001edd8835800 JavaThread "physics" [_thread_blocked, id=27416, stack(0x000000c42e100000,0x000000c42e200000)]
  0x000001edd8834800 JavaThread "physics" [_thread_blocked, id=3712, stack(0x000000c42e000000,0x000000c42e100000)]
  0x000001edd788c800 JavaThread "Service Thread" daemon [_thread_blocked, id=9028, stack(0x000000c42de00000,0x000000c42df00000)]
  0x000001edd77cd800 JavaThread "C1 CompilerThread3" daemon [_thread_blocked, id=28496, stack(0x000000c42dd00000,0x000000c42de00000)]
  0x000001edd77ca800 JavaThread "C2 CompilerThread2" daemon [_thread_blocked, id=25812, stack(0x000000c42dc00000,0x000000c42dd00000)]
  0x000001edd77c8800 JavaThread "C2 CompilerThread1" daemon [_thread_blocked, id=4692, stack(0x000000c42db00000,0x000000c42dc00000)]
  0x000001edd776f800 JavaThread "C2 CompilerThread0" daemon [_thread_blocked, id=31028, stack(0x000000c42da00000,0x000000c42db00000)]
  0x000001edd7762800 JavaThread "JDWP Command Reader" daemon [_thread_in_native, id=29344, stack(0x000000c42d900000,0x000000c42da00000)]
  0x000001edd5308000 JavaThread "JDWP Event Helper Thread" daemon [_thread_blocked, id=26968, stack(0x000000c42d800000,0x000000c42d900000)]
  0x000001edd5305000 JavaThread "JDWP Transport Listener: dt_socket" daemon [_thread_blocked, id=360, stack(0x000000c42d700000,0x000000c42d800000)]
  0x000001edd52f2000 JavaThread "Attach Listener" daemon [_thread_blocked, id=22568, stack(0x000000c42d600000,0x000000c42d700000)]
  0x000001edd52f1000 JavaThread "Signal Dispatcher" daemon [_thread_blocked, id=16908, stack(0x000000c42d500000,0x000000c42d600000)]
  0x000001edd52c3000 JavaThread "Finalizer" daemon [_thread_blocked, id=7568, stack(0x000000c42d400000,0x000000c42d500000)]
  0x000001edd52b9800 JavaThread "Reference Handler" daemon [_thread_blocked, id=30388, stack(0x000000c42d300000,0x000000c42d400000)]
=>0x000001edb101c800 JavaThread "main" [_thread_in_native, id=27532, stack(0x000000c42c700000,0x000000c42c800000)]

Other Threads:
  0x000001edd5294000 VMThread [stack: 0x000000c42d200000,0x000000c42d300000] [id=22984]
  0x000001edd78bc800 WatcherThread [stack: 0x000000c42df00000,0x000000c42e000000] [id=4756]

VM state:not at safepoint (normal execution)

VM Mutex/Monitor currently owned by a thread: None

heap address: 0x00000005c3800000, size: 8136 MB, Compressed Oops mode: Zero based, Oop shift amount: 3
Narrow klass base: 0x0000000000000000, Narrow klass shift: 3
Compressed class space size: 1073741824 Address: 0x00000007c0000000

Heap:
 PSYoungGen      total 152576K, used 84086K [0x0000000716800000, 0x0000000721200000, 0x00000007c0000000)
  eden space 131072K, 64% used [0x0000000716800000,0x000000071ba1d820,0x000000071e800000)
  from space 21504K, 0% used [0x000000071fd00000,0x000000071fd00000,0x0000000721200000)
  to   space 21504K, 0% used [0x000000071e800000,0x000000071e800000,0x000000071fd00000)
 ParOldGen       total 348160K, used 0K [0x00000005c3800000, 0x00000005d8c00000, 0x0000000716800000)
  object space 348160K, 0% used [0x00000005c3800000,0x00000005c3800000,0x00000005d8c00000)
 Metaspace       used 15682K, capacity 16036K, committed 16384K, reserved 1062912K
  class space    used 1817K, capacity 1948K, committed 2048K, reserved 1048576K

Card table byte_map: [0x000001edc1eb0000,0x000001edc2ea0000] byte_map_base: 0x000001edbf094000

Marking Bits: (ParMarkBitMap*) 0x0000000058ccd980
 Begin Bits: [0x000001edc3940000, 0x000001edcb860000)
 End Bits:   [0x000001edcb860000, 0x000001edd3780000)

Polling page: 0x000001edb1290000

CodeCache: size=245760Kb used=4642Kb max_used=4642Kb free=241117Kb
 bounds [0x000001edb2af0000, 0x000001edb2f80000, 0x000001edc1af0000]
 total_blobs=2158 nmethods=1223 adapters=855
 compilation: enabled

Compilation events (10 events):
Event: 0.625 Thread 0x000001edd77cd800 1217       1       java.io.File::getPrefixLength (5 bytes)
Event: 0.625 Thread 0x000001edd77cd800 nmethod 1217 0x000001edb2f782d0 code [0x000001edb2f78420, 0x000001edb2f78538]
Event: 0.626 Thread 0x000001edd77cd800 1218       3       java.util.regex.Pattern$Curly::match (86 bytes)
Event: 0.626 Thread 0x000001edd77cd800 nmethod 1218 0x000001edb2f78590 code [0x000001edb2f78740, 0x000001edb2f78dc0]
Event: 0.626 Thread 0x000001edd77cd800 1219       3       java.util.Formatter$Flags::contains (22 bytes)
Event: 0.626 Thread 0x000001edd77cd800 nmethod 1219 0x000001edb2f78f90 code [0x000001edb2f79100, 0x000001edb2f79318]
Event: 0.630 Thread 0x000001edd77cd800 1222       3       org.lwjgl.system.MemoryUtil::memPutAddress (29 bytes)
Event: 0.630 Thread 0x000001edd77cd800 nmethod 1222 0x000001edb2f79dd0 code [0x000001edb2f79f20, 0x000001edb2f7a098]
Event: 0.630 Thread 0x000001edd77cd800 1223       1       java.lang.Integer::toUnsignedLong (7 bytes)
Event: 0.630 Thread 0x000001edd77cd800 nmethod 1223 0x000001edb2f7a110 code [0x000001edb2f7a260, 0x000001edb2f7a358]

GC Heap History (0 events):
No events

Deoptimization events (9 events):
Event: 0.086 Thread 0x000001edb101c800 Uncommon trap: reason=unstable_if action=reinterpret pc=0x000001edb2c04c84 method=java.lang.String.hashCode()I @ 14
Event: 0.134 Thread 0x000001edb101c800 Uncommon trap: reason=unstable_if action=reinterpret pc=0x000001edb2c6d980 method=java.lang.String.lastIndexOf([CII[CIII)I @ 66
Event: 0.191 Thread 0x000001edb101c800 Uncommon trap: reason=unstable_if action=reinterpret pc=0x000001edb2ca6b68 method=java.util.HashMap.getNode(ILjava/lang/Object;)Ljava/util/HashMap$Node; @ 116
Event: 0.359 Thread 0x000001edb101c800 Uncommon trap: reason=unstable_if action=reinterpret pc=0x000001edb2d0c6c8 method=java.util.HashMap.getNode(ILjava/lang/Object;)Ljava/util/HashMap$Node; @ 62
Event: 0.377 Thread 0x000001edb101c800 Uncommon trap: reason=unstable_if action=reinterpret pc=0x000001edb2d344fc method=sun.misc.MetaIndex.mayContain(Ljava/lang/String;)Z @ 38
Event: 0.377 Thread 0x000001edb101c800 Uncommon trap: reason=unstable_if action=reinterpret pc=0x000001edb2df8cf0 method=sun.net.www.ParseUtil.encodePath(Ljava/lang/String;Z)Ljava/lang/String; @ 109
Event: 0.447 Thread 0x000001edb101c800 Uncommon trap: reason=unstable_if action=reinterpret pc=0x000001edb2e7d2dc method=java.util.HashMap.getNode(ILjava/lang/Object;)Ljava/util/HashMap$Node; @ 129
Event: 0.449 Thread 0x000001edb101c800 Uncommon trap: reason=unstable_if action=reinterpret pc=0x000001edb2e27964 method=sun.reflect.generics.parser.SignatureParser.current()C @ 39
Event: 0.489 Thread 0x000001edb101c800 Uncommon trap: reason=unstable_if action=reinterpret pc=0x000001edb2ccdfcc method=java.lang.String.indexOf([CII[CIII)I @ 3

Classes redefined (0 events):
No events

Internal exceptions (10 events):
Event: 0.220 Thread 0x000001edb101c800 Exception <a 'java/security/PrivilegedActionException'> (0x0000000717a4a738) thrown at [C:\jenkins\workspace\8-2-build-windows-x64-cygwin\jdk8u371\3355\hotspot\src\share\vm\prims\jvm.cpp, line 1513]
Event: 0.558 Thread 0x000001edb101c800 Exception <a 'java/lang/NoSuchMethodError': java.lang.Object.lambda$static$0(Ljava/lang/String;)Ljava/lang/Boolean;> (0x000000071ad48238) thrown at [C:\jenkins\workspace\8-2-build-windows-x64-cygwin\jdk8u371\3355\hotspot\src\share\vm\interpreter\linkResol
Event: 0.582 Thread 0x000001edb101c800 Exception <a 'sun/nio/fs/WindowsException'> (0x000000071af24478) thrown at [C:\jenkins\workspace\8-2-build-windows-x64-cygwin\jdk8u371\3355\hotspot\src\share\vm\prims\jni.cpp, line 710]
Event: 0.582 Thread 0x000001edb101c800 Exception <a 'sun/nio/fs/WindowsException'> (0x000000071af27140) thrown at [C:\jenkins\workspace\8-2-build-windows-x64-cygwin\jdk8u371\3355\hotspot\src\share\vm\prims\jni.cpp, line 710]
Event: 0.587 Thread 0x000001edb101c800 Exception <a 'sun/nio/fs/WindowsException'> (0x000000071af3e858) thrown at [C:\jenkins\workspace\8-2-build-windows-x64-cygwin\jdk8u371\3355\hotspot\src\share\vm\prims\jni.cpp, line 710]
Event: 0.587 Thread 0x000001edb101c800 Exception <a 'sun/nio/fs/WindowsException'> (0x000000071af3ef28) thrown at [C:\jenkins\workspace\8-2-build-windows-x64-cygwin\jdk8u371\3355\hotspot\src\share\vm\prims\jni.cpp, line 710]
Event: 0.625 Thread 0x000001edb101c800 Exception <a 'sun/nio/fs/WindowsException'> (0x000000071b7d8a08) thrown at [C:\jenkins\workspace\8-2-build-windows-x64-cygwin\jdk8u371\3355\hotspot\src\share\vm\prims\jni.cpp, line 710]
Event: 0.625 Thread 0x000001edb101c800 Exception <a 'sun/nio/fs/WindowsException'> (0x000000071b7d9140) thrown at [C:\jenkins\workspace\8-2-build-windows-x64-cygwin\jdk8u371\3355\hotspot\src\share\vm\prims\jni.cpp, line 710]
Event: 0.627 Thread 0x000001edb101c800 Exception <a 'sun/nio/fs/WindowsException'> (0x000000071b7ebbf0) thrown at [C:\jenkins\workspace\8-2-build-windows-x64-cygwin\jdk8u371\3355\hotspot\src\share\vm\prims\jni.cpp, line 710]
Event: 0.627 Thread 0x000001edb101c800 Exception <a 'sun/nio/fs/WindowsException'> (0x000000071b7ec1e0) thrown at [C:\jenkins\workspace\8-2-build-windows-x64-cygwin\jdk8u371\3355\hotspot\src\share\vm\prims\jni.cpp, line 710]

Events (10 events):
Event: 0.630 Thread 0x000001edb101c800 DEOPT PACKING pc=0x000001edb2ce7ae4 sp=0x000000c42c7fab90
Event: 0.630 Thread 0x000001edb101c800 DEOPT UNPACKING pc=0x000001edb2b37918 sp=0x000000c42c7fa9b0 mode 1
Event: 0.630 loading class org/lwjgl/opengl/GL11C
Event: 0.630 loading class org/lwjgl/opengl/GL11C done
Event: 0.630 Thread 0x000001edb101c800 DEOPT PACKING pc=0x000001edb2d859f9 sp=0x000000c42c7fdf80
Event: 0.630 Thread 0x000001edb101c800 DEOPT UNPACKING pc=0x000001edb2b37918 sp=0x000000c42c7fdcd0 mode 1
Event: 0.630 Thread 0x000001edb101c800 DEOPT PACKING pc=0x000001edb2ce7d54 sp=0x000000c42c7fe000
Event: 0.630 Thread 0x000001edb101c800 DEOPT UNPACKING pc=0x000001edb2b37918 sp=0x000000c42c7fde20 mode 1
Event: 0.630 Thread 0x000001edb101c800 DEOPT PACKING pc=0x000001edb2ce7ae4 sp=0x000000c42c7fe190
Event: 0.630 Thread 0x000001edb101c800 DEOPT UNPACKING pc=0x000001edb2b37918 sp=0x000000c42c7fdfb0 mode 1


Dynamic libraries:
0x00007ff7dcb40000 - 0x00007ff7dcb8a000 	C:\Program Files\Java\jdk-1.8\bin\java.exe
0x00007ffc926d0000 - 0x00007ffc928e4000 	C:\Windows\SYSTEM32\ntdll.dll
0x00007ffc908e0000 - 0x00007ffc909a4000 	C:\Windows\System32\KERNEL32.DLL
0x00007ffc8fd40000 - 0x00007ffc900e4000 	C:\Windows\System32\KERNELBASE.dll
0x00007ffc925e0000 - 0x00007ffc92690000 	C:\Windows\System32\ADVAPI32.dll
0x00007ffc90ee0000 - 0x00007ffc90f87000 	C:\Windows\System32\msvcrt.dll
0x00007ffc90ab0000 - 0x00007ffc90b56000 	C:\Windows\System32\sechost.dll
0x00007ffc90fa0000 - 0x00007ffc910b7000 	C:\Windows\System32\RPCRT4.dll
0x00007ffc906d0000 - 0x00007ffc9087a000 	C:\Windows\System32\USER32.dll
0x00007ffc90290000 - 0x00007ffc902b6000 	C:\Windows\System32\win32u.dll
0x00007ffc92560000 - 0x00007ffc92589000 	C:\Windows\System32\GDI32.dll
0x00007ffc90170000 - 0x00007ffc90289000 	C:\Windows\System32\gdi32full.dll
0x00007ffc90380000 - 0x00007ffc9041a000 	C:\Windows\System32\msvcp_win.dll
0x00007ffc8fc20000 - 0x00007ffc8fd31000 	C:\Windows\System32\ucrtbase.dll
0x00007ffc83e70000 - 0x00007ffc840ff000 	C:\Windows\WinSxS\amd64_microsoft.windows.common-controls_6595b64144ccf1df_6.0.22621.2070_none_2713e6537381f706\COMCTL32.dll
0x00007ffc90ea0000 - 0x00007ffc90ed1000 	C:\Windows\System32\IMM32.DLL
0x00007ffc731a0000 - 0x00007ffc731bb000 	C:\Program Files\Java\jdk-1.8\jre\bin\vcruntime140.dll
0x00007ffc81b10000 - 0x00007ffc81b1c000 	C:\Program Files\Java\jdk-1.8\jre\bin\vcruntime140_1.dll
0x00007ffc609c0000 - 0x00007ffc60a4e000 	C:\Program Files\Java\jdk-1.8\jre\bin\msvcp140.dll
0x00000000584a0000 - 0x0000000058d47000 	C:\Program Files\Java\jdk-1.8\jre\bin\server\jvm.dll
0x00007ffc90cf0000 - 0x00007ffc90cf8000 	C:\Windows\System32\PSAPI.DLL
0x00007ffc8ce60000 - 0x00007ffc8ce69000 	C:\Windows\SYSTEM32\WSOCK32.dll
0x00007ffc89090000 - 0x00007ffc8909a000 	C:\Windows\SYSTEM32\VERSION.dll
0x00007ffc92470000 - 0x00007ffc924e1000 	C:\Windows\System32\WS2_32.dll
0x00007ffc7eb20000 - 0x00007ffc7eb54000 	C:\Windows\SYSTEM32\WINMM.dll
0x00007ffc8eb90000 - 0x00007ffc8eba8000 	C:\Windows\SYSTEM32\kernel.appcore.dll
0x00007ffc7f1d0000 - 0x00007ffc7f1e0000 	C:\Program Files\Java\jdk-1.8\jre\bin\verify.dll
0x00007ffc6ed20000 - 0x00007ffc6ed4b000 	C:\Program Files\Java\jdk-1.8\jre\bin\java.dll
0x00007ffc632f0000 - 0x00007ffc63326000 	C:\Program Files\Java\jdk-1.8\jre\bin\jdwp.dll
0x00007ffc73510000 - 0x00007ffc73519000 	C:\Program Files\Java\jdk-1.8\jre\bin\npt.dll
0x00007ffc60b20000 - 0x00007ffc60b54000 	C:\Program Files\Java\jdk-1.8\jre\bin\instrument.dll
0x00007ffc73140000 - 0x00007ffc73158000 	C:\Program Files\Java\jdk-1.8\jre\bin\zip.dll
0x00007ffc918c0000 - 0x00007ffc920d6000 	C:\Windows\System32\SHELL32.dll
0x00007ffc8da90000 - 0x00007ffc8e37a000 	C:\Windows\SYSTEM32\windows.storage.dll
0x00007ffc920e0000 - 0x00007ffc9246a000 	C:\Windows\System32\combase.dll
0x00007ffc8d950000 - 0x00007ffc8da8e000 	C:\Windows\SYSTEM32\wintypes.dll
0x00007ffc910e0000 - 0x00007ffc911d3000 	C:\Windows\System32\SHCORE.dll
0x00007ffc90b60000 - 0x00007ffc90bbe000 	C:\Windows\System32\shlwapi.dll
0x00007ffc8f9e0000 - 0x00007ffc8fa06000 	C:\Windows\SYSTEM32\profapi.dll
0x00007ffc730a0000 - 0x00007ffc730aa000 	C:\Program Files\Java\jdk-1.8\jre\bin\dt_socket.dll
0x00007ffc8f060000 - 0x00007ffc8f0c9000 	C:\Windows\system32\mswsock.dll
0x00007ffc73000000 - 0x00007ffc7300d000 	C:\Program Files\Java\jdk-1.8\jre\bin\management.dll
0x00007ffc6ed70000 - 0x00007ffc6ed8c000 	C:\Program Files\Java\jdk-1.8\jre\bin\net.dll
0x00007ffc61820000 - 0x00007ffc61837000 	C:\Windows\system32\napinsp.dll
0x00007ffc51020000 - 0x00007ffc5103b000 	C:\Windows\system32\pnrpnsp.dll
0x00007ffc8e6c0000 - 0x00007ffc8e7b3000 	C:\Windows\SYSTEM32\DNSAPI.dll
0x00007ffc8e650000 - 0x00007ffc8e67d000 	C:\Windows\SYSTEM32\IPHLPAPI.DLL
0x00007ffc90f90000 - 0x00007ffc90f99000 	C:\Windows\System32\NSI.dll
0x00007ffc51000000 - 0x00007ffc51011000 	C:\Windows\System32\winrnr.dll
0x00007ffc88ad0000 - 0x00007ffc88ae5000 	C:\Windows\system32\wshbth.dll
0x00007ffc50fd0000 - 0x00007ffc50ff1000 	C:\Windows\system32\nlansp_c.dll
0x00007ffc889d0000 - 0x00007ffc889da000 	C:\Windows\System32\rasadhlp.dll
0x00007ffc883c0000 - 0x00007ffc88444000 	C:\Windows\System32\fwpuclnt.dll
0x00007ffc68180000 - 0x00007ffc68193000 	C:\Program Files\Java\jdk-1.8\jre\bin\nio.dll
0x00007ffc5f0a0000 - 0x00007ffc5f115000 	C:\Users\hardm\AppData\Local\Temp\lwjglhardm\3.3.1-build-7\lwjgl.dll
0x00007ffc5fe60000 - 0x00007ffc5fec1000 	C:\Users\hardm\AppData\Local\Temp\lwjglhardm\3.3.1-build-7\glfw.dll
0x00007ffc60a80000 - 0x00007ffc60add000 	C:\Users\hardm\AppData\Local\Temp\lwjglhardm\3.3.1-build-7\lwjgl_opengl.dll
0x00007ffc731f0000 - 0x00007ffc732f0000 	C:\Windows\SYSTEM32\opengl32.dll
0x00007ffc89f30000 - 0x00007ffc89f5d000 	C:\Windows\SYSTEM32\GLU32.dll
0x00007ffc8d2c0000 - 0x00007ffc8d2f8000 	C:\Windows\SYSTEM32\dxcore.dll
0x00007ffc7c8f0000 - 0x00007ffc7cb1e000 	C:\Windows\SYSTEM32\dbghelp.dll
0x00007ffc909b0000 - 0x00007ffc90a87000 	C:\Windows\System32\OLEAUT32.dll
0x00007ffc900f0000 - 0x00007ffc9016a000 	C:\Windows\System32\bcryptPrimitives.dll

VM Arguments:
jvm_args: -agentlib:jdwp=transport=dt_socket,address=127.0.0.1:59767,suspend=y,server=n -javaagent:C:\Users\hardm\AppData\Local\JetBrains\IdeaIC2023.2\captureAgent\debugger-agent.jar=file:/C:/Users/hardm/AppData/Local/Temp/capture.props -Dfile.encoding=UTF-8 
java_command: ru.BouH.engine.game.Game
java_class_path (initial): C:\Program Files\Java\jdk-1.8\jre\lib\charsets.jar;C:\Program Files\Java\jdk-1.8\jre\lib\deploy.jar;C:\Program Files\Java\jdk-1.8\jre\lib\ext\access-bridge-64.jar;C:\Program Files\Java\jdk-1.8\jre\lib\ext\cldrdata.jar;C:\Program Files\Java\jdk-1.8\jre\lib\ext\dnsns.jar;C:\Program Files\Java\jdk-1.8\jre\lib\ext\jaccess.jar;C:\Program Files\Java\jdk-1.8\jre\lib\ext\jfxrt.jar;C:\Program Files\Java\jdk-1.8\jre\lib\ext\localedata.jar;C:\Program Files\Java\jdk-1.8\jre\lib\ext\nashorn.jar;C:\Program Files\Java\jdk-1.8\jre\lib\ext\sunec.jar;C:\Program Files\Java\jdk-1.8\jre\lib\ext\sunjce_provider.jar;C:\Program Files\Java\jdk-1.8\jre\lib\ext\sunmscapi.jar;C:\Program Files\Java\jdk-1.8\jre\lib\ext\sunpkcs11.jar;C:\Program Files\Java\jdk-1.8\jre\lib\ext\zipfs.jar;C:\Program Files\Java\jdk-1.8\jre\lib\javaws.jar;C:\Program Files\Java\jdk-1.8\jre\lib\jce.jar;C:\Program Files\Java\jdk-1.8\jre\lib\jfr.jar;C:\Program Files\Java\jdk-1.8\jre\lib\jfxswt.jar;C:\Program Files\Java\jdk-1.8\jre\lib\jsse.jar;C:\Program Files\Java\jdk-1.8\jre\lib\management-agent.jar;C:\Program Files\Java\jdk-1.8\jre\lib\plugin.jar;C:\Program Files\Java\jdk-1.8\jre\lib\resources.jar;C:\Program Files\Java\jdk-1.8\jre\lib\rt.jar;F:\game_test1\target\classes;C:\Users\hardm\.m2\repository\io\imgui\java\binding\1.76-0.9\binding-1.76-0.9.jar;C:\Users\hardm\.m2\repository\io\imgui\java\lwjgl3\1.76-0.9\lwjgl3-1.76-0.9.jar;C:\Users\hardm\.m2\repository\io\imgui\java\natives-windows\1.76-0.9\natives-windows-1.76-0.9.jar;C:\Users\hardm\.m2\repository\javax\vecmath\vecmath\1.5.2\vecmath-1.5.2.jar;C:\Users\hardm\.m2\repository\com\github\stephengold\jbullet\1.0.2\jbullet-1.0.2.jar;C:\Users\hardm\.m2\repository\com\github\stephengold\stack-alloc\1.0.2\stack-alloc-1.0.2.jar;C:\Users\hardm\.m2\repository\io\netty\netty-all\4.1.89.Final\netty-all-4.1.89.Final.jar;C:\Users\hardm\.m2\repository\io\netty\netty-buffer\4.1.89.Final\netty-buffer-4.1.89.Final.jar;C:\Users\hardm\.m2\repository\io\nett
Launcher Type: SUN_STANDARD

Environment Variables:
JAVA_HOME=C:\Program Files\Java\jdk-1.8
PATH=C:\Program Files (x86)\Common Files\Oracle\Java\javapath;C:\Windows\system32;C:\Windows;C:\Windows\System32\Wbem;C:\Windows\System32\WindowsPowerShell\v1.0\;C:\Windows\System32\OpenSSH\;C:\Program Files\NVIDIA Corporation\NVIDIA NvDLISR;C:\Program Files\Git\cmd;C:\Program Files (x86)\NVIDIA Corporation\PhysX\Common;C:\Program Files\dotnet\;C:\Program Files\Java\jdk-1.8\bin;C:\Users\hardm\AppData\Local\Microsoft\WindowsApps;C:\Users\hardm\.dotnet\tools
USERNAME=hardm
OS=Windows_NT
PROCESSOR_IDENTIFIER=Intel64 Family 6 Model 151 Stepping 5, GenuineIntel



---------------  S Y S T E M  ---------------

OS: Windows 11 , 64 bit Build 22621 (10.0.22621.2070)

CPU:total 12 (initial active 12) (6 cores per cpu, 2 threads per core) family 6 model 151 stepping 5, cmov, cx8, fxsr, mmx, sse, sse2, sse3, ssse3, sse4.1, sse4.2, popcnt, avx, avx2, aes, clmul, erms, 3dnowpref, lzcnt, ht, tsc, tscinvbit, bmi1, bmi2, adx

Memory: 4k page, physical 33317992k(15688344k free), swap 42653652k(7413128k free)

vm_info: Java HotSpot(TM) 64-Bit Server VM (25.371-b11) for windows-amd64 JRE (1.8.0_371-b11), built on Mar 17 2023 04:03:45 by "java_re" with MS VC++ 17.1 (VS2022)

time: Wed Sep  6 14:34:26 2023
timezone: RTZ 2 ( Family 6 Model 151 Stepping 5, GenuineIntel
elapsed time: 0.643076 seconds (0d 0h 0m 0s)

