#
# A fatal error has been detected by the Java Runtime Environment:
#
#  EXCEPTION_ACCESS_VIOLATION (0xc0000005) at pc=0x00007fff0153b37a, pid=1640, tid=0x00000000000025f4
#
# JRE version: Java(TM) SE Runtime Environment (8.0_371) (build 1.8.0_371-b11)
# Java VM: Java HotSpot(TM) 64-Bit Server VM (25.371-b11 mixed mode windows-amd64 compressed oops)
# Problematic frame:
# C  [jniBulletCollision.dll+0x10b37a]
#
# Failed to write core dump. Minidumps are not enabled by default on client versions of Windows
#
# If you would like to submit a bug report, please visit:
#   http://bugreport.java.com/bugreport/crash.jsp
# The crash happened outside the Java Virtual Machine in native code.
# See problematic frame for where to report the bug.
#

---------------  T H R E A D  ---------------

Current thread (0x0000013b3fc81000):  JavaThread "physics" [_thread_in_native, id=9716, stack(0x0000001742a00000,0x0000001742b00000)]

siginfo: ExceptionCode=0xc0000005, reading address 0x0000000000000000

Registers:
RAX=0x00007fff015da998, RBX=0x0000001742afe7b0, RCX=0x0000013b4ce3dd80, RDX=0x0000000000000000
RSP=0x0000001742afe370, RBP=0x0000001742afe520, RSI=0x000000000000007e, RDI=0x0000001742afe530
R8 =0x0000013b3ec8e980, R9 =0x0000000000000001, R10=0x0000001742afe7e0, R11=0x0000001742afe7c0
R12=0x0000000000000000, R13=0x0000013b4ca66c20, R14=0x0000013b4ca66c20, R15=0x0000000000000000
RIP=0x00007fff0153b37a, EFLAGS=0x0000000000010203

Top of Stack: (sp=0x0000001742afe370)
0x0000001742afe370:   0000000000000400 00007fff0159b8c3
0x0000001742afe380:   0000000000000417 0000000000000000
0x0000001742afe390:   0000000000000000 3ff0000000000000
0x0000001742afe3a0:   0000000000000400 00007fff0159b93e
0x0000001742afe3b0:   0000000000000010 0000000000000000
0x0000001742afe3c0:   3ff0000000000000 0000000000000000
0x0000001742afe3d0:   0000001742afe690 00007fff0154f430
0x0000001742afe3e0:   0000001742afe530 0000000000000000
0x0000001742afe3f0:   0000691ac3beef1d 0000000000000000
0x0000001742afe400:   0000001742afe690 0000001742afe570
0x0000001742afe410:   c07f4a6666666667 c0490ccccccb5c29
0x0000001742afe420:   c07f4a6666666667 0000000000000000
0x0000001742afe430:   407f4a6666666667 405b86666665ae14
0x0000001742afe440:   407f4a6666666667 0000000000000000
0x0000001742afe450:   0000691ac3beefed 0000000000000000
0x0000001742afe460:   0000000000000000 40284c632ebc2c87 

Instructions: (pc=0x00007fff0153b37a)
0x00007fff0153b35a:   57 c0 48 8b 89 78 01 00 00 66 0f 2e 41 08 75 08
0x00007fff0153b36a:   32 c0 48 83 c4 60 5b c3 48 8b 01 48 89 7c 24 70
0x00007fff0153b37a:   48 8b 3a 48 8b 97 80 01 00 00 ff 50 08 84 c0 74
0x00007fff0153b38a:   65 48 8b 87 88 01 00 00 4c 8d 83 d0 00 00 00 f2 


Register to memory mapping:

RAX=0x00007fff015da998 is an unknown value
RBX=0x0000001742afe7b0 is pointing into the stack for thread: 0x0000013b3fc81000
RCX=0x0000013b4ce3dd80 is an unknown value
RDX=0x0000000000000000 is an unknown value
RSP=0x0000001742afe370 is pointing into the stack for thread: 0x0000013b3fc81000
RBP=0x0000001742afe520 is pointing into the stack for thread: 0x0000013b3fc81000
RSI=0x000000000000007e is an unknown value
RDI=0x0000001742afe530 is pointing into the stack for thread: 0x0000013b3fc81000
R8 =0x0000013b3ec8e980 is an unknown value
R9 =0x0000000000000001 is an unknown value
R10=0x0000001742afe7e0 is pointing into the stack for thread: 0x0000013b3fc81000
R11=0x0000001742afe7c0 is pointing into the stack for thread: 0x0000013b3fc81000
R12=0x0000000000000000 is an unknown value
R13=0x0000013b4ca66c20 is an unknown value
R14=0x0000013b4ca66c20 is an unknown value
R15=0x0000000000000000 is an unknown value


Stack: [0x0000001742a00000,0x0000001742b00000],  sp=0x0000001742afe370,  free space=1016k
Native frames: (J=compiled Java code, j=interpreted, Vv=VM code, C=native code)
C  [jniBulletCollision.dll+0x10b37a]
C  [jniBulletCollision.dll+0x11f430]
C  [jniBulletCollision.dll+0x120426]
C  [jniBulletCollision.dll+0x108541]
C  [jniBulletCollision.dll+0x3bf60]
C  0x0000013b185f4d27

Java frames: (J=compiled Java code, j=interpreted, Vv=VM code)
j  org.bytedeco.bullet.BulletCollision.btCollisionWorld.convexSweepTest(Lorg/bytedeco/bullet/BulletCollision/btConvexShape;Lorg/bytedeco/bullet/LinearMath/btTransform;Lorg/bytedeco/bullet/LinearMath/btTransform;Lorg/bytedeco/bullet/BulletCollision/btCollisionWorld$ConvexResultCallback;)V+0
j  ru.BouH.engine.physics.entities.PhysEntity.groundCheck()V+269
j  ru.BouH.engine.physics.entities.PhysEntity.onUpdate(Lru/BouH/engine/proxy/IWorld;)V+1
j  ru.BouH.engine.physics.entities.prop.PhysEntityCube.onUpdate(Lru/BouH/engine/proxy/IWorld;)V+2
j  ru.BouH.engine.physics.world.World.onWorldUpdate()V+206
j  ru.BouH.engine.physics.world.timer.GameWorldTimer.updateTimer(I)V+148
j  ru.BouH.engine.physics.world.timer.PhysicThreadManager.lambda$initService$1()V+8
j  ru.BouH.engine.physics.world.timer.PhysicThreadManager$$Lambda$56.run()V+4
j  java.util.concurrent.ThreadPoolExecutor.runWorker(Ljava/util/concurrent/ThreadPoolExecutor$Worker;)V+95
j  java.util.concurrent.ThreadPoolExecutor$Worker.run()V+5
j  java.lang.Thread.run()V+11
v  ~StubRoutines::call_stub

---------------  P R O C E S S  ---------------

Java Threads: ( => current thread )
  0x0000013b41951000 JavaThread "D3D Screen Updater" daemon [_thread_blocked, id=21888, stack(0x00000017431a0000,0x00000017432a0000)]
  0x0000013b41947000 JavaThread "AWT-EventQueue-0" [_thread_blocked, id=7952, stack(0x00000017430a0000,0x00000017431a0000)]
  0x0000013b4128c000 JavaThread "AWT-Windows" daemon [_thread_in_native, id=18520, stack(0x0000001742d00000,0x0000001742e00000)]
  0x0000013b41287000 JavaThread "AWT-Shutdown" [_thread_blocked, id=21612, stack(0x0000001742c00000,0x0000001742d00000)]
  0x0000013b3e4b5800 JavaThread "Java2D Disposer" daemon [_thread_blocked, id=16404, stack(0x0000001742b00000,0x0000001742c00000)]
=>0x0000013b3fc81000 JavaThread "physics" [_thread_in_native, id=9716, stack(0x0000001742a00000,0x0000001742b00000)]
  0x0000013b4013e800 JavaThread "physics" [_thread_blocked, id=1936, stack(0x0000001742900000,0x0000001742a00000)]
  0x0000013b16ae2000 JavaThread "DestroyJavaVM" [_thread_blocked, id=14440, stack(0x0000001740e00000,0x0000001740f00000)]
  0x0000013b3ed2a800 JavaThread "game" [_thread_in_Java, id=8616, stack(0x0000001742800000,0x0000001742900000)]
  0x0000013b3e0d1000 JavaThread "JavaCPP Deallocator" daemon [_thread_blocked, id=14652, stack(0x0000001742700000,0x0000001742800000)]
  0x0000013b3d34a000 JavaThread "Service Thread" daemon [_thread_blocked, id=2568, stack(0x0000001742500000,0x0000001742600000)]
  0x0000013b3d2c0800 JavaThread "C1 CompilerThread3" daemon [_thread_in_vm, id=9728, stack(0x0000001742400000,0x0000001742500000)]
  0x0000013b3d2be000 JavaThread "C2 CompilerThread2" daemon [_thread_blocked, id=376, stack(0x0000001742300000,0x0000001742400000)]
  0x0000013b3d2bd800 JavaThread "C2 CompilerThread1" daemon [_thread_blocked, id=3100, stack(0x0000001742200000,0x0000001742300000)]
  0x0000013b3d269000 JavaThread "C2 CompilerThread0" daemon [_thread_in_native, id=20052, stack(0x0000001742100000,0x0000001742200000)]
  0x0000013b3d252800 JavaThread "JDWP Command Reader" daemon [_thread_in_native, id=4308, stack(0x0000001742000000,0x0000001742100000)]
  0x0000013b3af37000 JavaThread "JDWP Event Helper Thread" daemon [_thread_blocked, id=11916, stack(0x0000001741f00000,0x0000001742000000)]
  0x0000013b3af35800 JavaThread "JDWP Transport Listener: dt_socket" daemon [_thread_blocked, id=4524, stack(0x0000001741e00000,0x0000001741f00000)]
  0x0000013b3af23000 JavaThread "Attach Listener" daemon [_thread_blocked, id=11788, stack(0x0000001741d00000,0x0000001741e00000)]
  0x0000013b3af1f800 JavaThread "Signal Dispatcher" daemon [_thread_blocked, id=21744, stack(0x0000001741c00000,0x0000001741d00000)]
  0x0000013b16b8c800 JavaThread "Finalizer" daemon [_thread_blocked, id=6344, stack(0x0000001741b00000,0x0000001741c00000)]
  0x0000013b16b86000 JavaThread "Reference Handler" daemon [_thread_blocked, id=1768, stack(0x0000001741a00000,0x0000001741b00000)]

Other Threads:
  0x0000013b3aed5800 VMThread [stack: 0x0000001741900000,0x0000001741a00000] [id=21564]
  0x0000013b3d3c9800 WatcherThread [stack: 0x0000001742600000,0x0000001742700000] [id=13464]

VM state:not at safepoint (normal execution)

VM Mutex/Monitor currently owned by a thread: None

heap address: 0x00000005c3800000, size: 8136 MB, Compressed Oops mode: Zero based, Oop shift amount: 3
Narrow klass base: 0x0000000000000000, Narrow klass shift: 3
Compressed class space size: 1073741824 Address: 0x00000007c0000000

Heap:
 PSYoungGen      total 152576K, used 67150K [0x0000000716800000, 0x0000000721200000, 0x00000007c0000000)
  eden space 131072K, 51% used [0x0000000716800000,0x000000071a9939d0,0x000000071e800000)
  from space 21504K, 0% used [0x000000071fd00000,0x000000071fd00000,0x0000000721200000)
  to   space 21504K, 0% used [0x000000071e800000,0x000000071e800000,0x000000071fd00000)
 ParOldGen       total 228352K, used 5174K [0x00000005c3800000, 0x00000005d1700000, 0x0000000716800000)
  object space 228352K, 2% used [0x00000005c3800000,0x00000005c3d0d880,0x00000005d1700000)
 Metaspace       used 28891K, capacity 29332K, committed 29696K, reserved 1075200K
  class space    used 3163K, capacity 3306K, committed 3328K, reserved 1048576K

Card table byte_map: [0x0000013b27990000,0x0000013b28980000] byte_map_base: 0x0000013b24b74000

Marking Bits: (ParMarkBitMap*) 0x00000000709cd980
 Begin Bits: [0x0000013b29420000, 0x0000013b31340000)
 End Bits:   [0x0000013b31340000, 0x0000013b39260000)

Polling page: 0x0000013b16d00000

CodeCache: size=245760Kb used=9228Kb max_used=9228Kb free=236531Kb
 bounds [0x0000013b185d0000, 0x0000013b18ee0000, 0x0000013b275d0000]
 total_blobs=3717 nmethods=2506 adapters=1131
 compilation: enabled

Compilation events (10 events):
Event: 3.366 Thread 0x0000013b3d2c0800 nmethod 2479 0x0000013b18ec29d0 code [0x0000013b18ec2b20, 0x0000013b18ec2c38]
Event: 3.371 Thread 0x0000013b3d2c0800 2480       3       ru.BouH.engine.render.scene.SceneRenderBase$SceneRenderUtils::setPngTexture (48 bytes)
Event: 3.371 Thread 0x0000013b3d2bd800 2481       4       java.util.regex.Matcher::reset (83 bytes)
Event: 3.371 Thread 0x0000013b3d2c0800 nmethod 2480 0x0000013b18ec2c90 code [0x0000013b18ec2e80, 0x0000013b18ec3710]
Event: 3.371 Thread 0x0000013b3d2c0800 2482       3       ru.BouH.engine.physics.entities.PhysEntity::getObjectVelocity (28 bytes)
Event: 3.371 Thread 0x0000013b3d2c0800 nmethod 2482 0x0000013b18ec3f90 code [0x0000013b18ec4140, 0x0000013b18ec4700]
Event: 3.372 Thread 0x0000013b3d2bd800 nmethod 2481 0x0000013b18ec7790 code [0x0000013b18ec78e0, 0x0000013b18ec7b38]
Event: 3.378 Thread 0x0000013b3d2c0800 2484       1       java.util.stream.Collectors$CollectorImpl::characteristics (5 bytes)
Event: 3.378 Thread 0x0000013b3d2c0800 nmethod 2484 0x0000013b18ec74d0 code [0x0000013b18ec7620, 0x0000013b18ec7738]
Event: 3.390 Thread 0x0000013b3d2c0800 2485   !   3       ru.BouH.engine.physics.collision.JBulletPhysics::getRigidBodyRot (148 bytes)

GC Heap History (6 events):
Event: 0.775 GC heap before
{Heap before GC invocations=1 (full 0):
 PSYoungGen      total 152576K, used 131072K [0x0000000716800000, 0x0000000721200000, 0x00000007c0000000)
  eden space 131072K, 100% used [0x0000000716800000,0x000000071e800000,0x000000071e800000)
  from space 21504K, 0% used [0x000000071fd00000,0x000000071fd00000,0x0000000721200000)
  to   space 21504K, 0% used [0x000000071e800000,0x000000071e800000,0x000000071fd00000)
 ParOldGen       total 348160K, used 0K [0x00000005c3800000, 0x00000005d8c00000, 0x0000000716800000)
  object space 348160K, 0% used [0x00000005c3800000,0x00000005c3800000,0x00000005d8c00000)
 Metaspace       used 15500K, capacity 15732K, committed 15872K, reserved 1062912K
  class space    used 1924K, capacity 2010K, committed 2048K, reserved 1048576K
Event: 0.779 GC heap after
Heap after GC invocations=1 (full 0):
 PSYoungGen      total 152576K, used 8098K [0x0000000716800000, 0x0000000721200000, 0x00000007c0000000)
  eden space 131072K, 0% used [0x0000000716800000,0x0000000716800000,0x000000071e800000)
  from space 21504K, 37% used [0x000000071e800000,0x000000071efe8898,0x000000071fd00000)
  to   space 21504K, 0% used [0x000000071fd00000,0x000000071fd00000,0x0000000721200000)
 ParOldGen       total 348160K, used 16K [0x00000005c3800000, 0x00000005d8c00000, 0x0000000716800000)
  object space 348160K, 0% used [0x00000005c3800000,0x00000005c3804000,0x00000005d8c00000)
 Metaspace       used 15500K, capacity 15732K, committed 15872K, reserved 1062912K
  class space    used 1924K, capacity 2010K, committed 2048K, reserved 1048576K
}
Event: 1.110 GC heap before
{Heap before GC invocations=2 (full 0):
 PSYoungGen      total 152576K, used 51234K [0x0000000716800000, 0x0000000721200000, 0x00000007c0000000)
  eden space 131072K, 32% used [0x0000000716800000,0x0000000719220230,0x000000071e800000)
  from space 21504K, 37% used [0x000000071e800000,0x000000071efe8898,0x000000071fd00000)
  to   space 21504K, 0% used [0x000000071fd00000,0x000000071fd00000,0x0000000721200000)
 ParOldGen       total 348160K, used 16K [0x00000005c3800000, 0x00000005d8c00000, 0x0000000716800000)
  object space 348160K, 0% used [0x00000005c3800000,0x00000005c3804000,0x00000005d8c00000)
 Metaspace       used 20727K, capacity 21102K, committed 21296K, reserved 1069056K
  class space    used 2503K, capacity 2633K, committed 2688K, reserved 1048576K
Event: 1.113 GC heap after
Heap after GC invocations=2 (full 0):
 PSYoungGen      total 152576K, used 5491K [0x0000000716800000, 0x0000000721200000, 0x00000007c0000000)
  eden space 131072K, 0% used [0x0000000716800000,0x0000000716800000,0x000000071e800000)
  from space 21504K, 25% used [0x000000071fd00000,0x000000072025cd98,0x0000000721200000)
  to   space 21504K, 0% used [0x000000071e800000,0x000000071e800000,0x000000071fd00000)
 ParOldGen       total 348160K, used 24K [0x00000005c3800000, 0x00000005d8c00000, 0x0000000716800000)
  object space 348160K, 0% used [0x00000005c3800000,0x00000005c3806000,0x00000005d8c00000)
 Metaspace       used 20727K, capacity 21102K, committed 21296K, reserved 1069056K
  class space    used 2503K, capacity 2633K, committed 2688K, reserved 1048576K
}
Event: 1.113 GC heap before
{Heap before GC invocations=3 (full 1):
 PSYoungGen      total 152576K, used 5491K [0x0000000716800000, 0x0000000721200000, 0x00000007c0000000)
  eden space 131072K, 0% used [0x0000000716800000,0x0000000716800000,0x000000071e800000)
  from space 21504K, 25% used [0x000000071fd00000,0x000000072025cd98,0x0000000721200000)
  to   space 21504K, 0% used [0x000000071e800000,0x000000071e800000,0x000000071fd00000)
 ParOldGen       total 348160K, used 24K [0x00000005c3800000, 0x00000005d8c00000, 0x0000000716800000)
  object space 348160K, 0% used [0x00000005c3800000,0x00000005c3806000,0x00000005d8c00000)
 Metaspace       used 20727K, capacity 21102K, committed 21296K, reserved 1069056K
  class space    used 2503K, capacity 2633K, committed 2688K, reserved 1048576K
Event: 1.133 GC heap after
Heap after GC invocations=3 (full 1):
 PSYoungGen      total 152576K, used 0K [0x0000000716800000, 0x0000000721200000, 0x00000007c0000000)
  eden space 131072K, 0% used [0x0000000716800000,0x0000000716800000,0x000000071e800000)
  from space 21504K, 0% used [0x000000071fd00000,0x000000071fd00000,0x0000000721200000)
  to   space 21504K, 0% used [0x000000071e800000,0x000000071e800000,0x000000071fd00000)
 ParOldGen       total 228352K, used 5174K [0x00000005c3800000, 0x00000005d1700000, 0x0000000716800000)
  object space 228352K, 2% used [0x00000005c3800000,0x00000005c3d0d880,0x00000005d1700000)
 Metaspace       used 20711K, capacity 21054K, committed 21296K, reserved 1069056K
  class space    used 2499K, capacity 2625K, committed 2688K, reserved 1048576K
}

Deoptimization events (10 events):
Event: 1.138 Thread 0x0000013b3ed2a800 Uncommon trap: reason=unstable_if action=reinterpret pc=0x0000013b18978118 method=java.util.HashMap.hash(Ljava/lang/Object;)I @ 1
Event: 1.138 Thread 0x0000013b3ed2a800 Uncommon trap: reason=unstable_if action=reinterpret pc=0x0000013b1899daf0 method=java.util.HashMap.hash(Ljava/lang/Object;)I @ 1
Event: 1.161 Thread 0x0000013b4128c000 Uncommon trap: reason=unstable_if action=reinterpret pc=0x0000013b18c221d4 method=com.intellij.rt.debugger.agent.CaptureAgent$CaptureTransformer.transform(Ljava/lang/ClassLoader;Ljava/lang/String;Ljava/lang/Class;Ljava/security/ProtectionDomain;[B)[B @ 36
Event: 1.469 Thread 0x0000013b3ed2a800 Uncommon trap: reason=unstable_if action=reinterpret pc=0x0000013b18723558 method=sun.nio.cs.SingleByte$Encoder.encode(C)I @ 13
Event: 1.471 Thread 0x0000013b3ed2a800 Uncommon trap: reason=unstable_if action=reinterpret pc=0x0000013b18cac720 method=java.lang.Character.isSurrogate(C)Z @ 3
Event: 1.471 Thread 0x0000013b3ed2a800 Uncommon trap: reason=unstable_if action=reinterpret pc=0x0000013b18caccb0 method=java.lang.Character.isSurrogate(C)Z @ 3
Event: 1.474 Thread 0x0000013b3ed2a800 Uncommon trap: reason=unstable_if action=reinterpret pc=0x0000013b18af080c method=java.io.File.getParent()Ljava/lang/String; @ 16
Event: 1.475 Thread 0x0000013b3ed2a800 Uncommon trap: reason=unstable_if action=reinterpret pc=0x0000013b18a1e208 method=java.lang.CharacterData.of(I)Ljava/lang/CharacterData; @ 4
Event: 1.539 Thread 0x0000013b3ed2a800 Uncommon trap: reason=class_check action=maybe_recompile pc=0x0000013b18b3662c method=java.util.AbstractList$Itr.hasNext()Z @ 8
Event: 2.744 Thread 0x0000013b3ed2a800 Uncommon trap: reason=unstable_if action=reinterpret pc=0x0000013b18c7b8cc method=jdk.internal.org.objectweb.asm.Type.getArgumentsAndReturnSizes(Ljava/lang/String;)I @ 88

Classes redefined (0 events):
No events

Internal exceptions (10 events):
Event: 0.987 Thread 0x0000013b3ed2a800 Exception <a 'java/io/FileNotFoundException'> (0x0000000718db8710) thrown at [C:\jenkins\workspace\8-2-build-windows-x64-cygwin\jdk8u371\3355\hotspot\src\share\vm\prims\jni.cpp, line 710]
Event: 1.136 Thread 0x0000013b3ed2a800 Implicit null exception at 0x0000013b188ae219 to 0x0000013b188ae719
Event: 1.136 Thread 0x0000013b3ed2a800 Implicit null exception at 0x0000013b1884f6d6 to 0x0000013b1884fb99
Event: 1.138 Thread 0x0000013b3ed2a800 Implicit null exception at 0x0000013b18977e54 to 0x0000013b18978101
Event: 1.138 Thread 0x0000013b3ed2a800 Implicit null exception at 0x0000013b1899d2db to 0x0000013b1899dad9
Event: 1.310 Thread 0x0000013b3ed2a800 Exception <a 'sun/nio/fs/WindowsException'> (0x0000000717591730) thrown at [C:\jenkins\workspace\8-2-build-windows-x64-cygwin\jdk8u371\3355\hotspot\src\share\vm\prims\jni.cpp, line 710]
Event: 1.310 Thread 0x0000013b3ed2a800 Exception <a 'sun/nio/fs/WindowsException'> (0x0000000717591e68) thrown at [C:\jenkins\workspace\8-2-build-windows-x64-cygwin\jdk8u371\3355\hotspot\src\share\vm\prims\jni.cpp, line 710]
Event: 1.311 Thread 0x0000013b3ed2a800 Exception <a 'sun/nio/fs/WindowsException'> (0x00000007175a7af0) thrown at [C:\jenkins\workspace\8-2-build-windows-x64-cygwin\jdk8u371\3355\hotspot\src\share\vm\prims\jni.cpp, line 710]
Event: 1.311 Thread 0x0000013b3ed2a800 Exception <a 'sun/nio/fs/WindowsException'> (0x00000007175a80e0) thrown at [C:\jenkins\workspace\8-2-build-windows-x64-cygwin\jdk8u371\3355\hotspot\src\share\vm\prims\jni.cpp, line 710]
Event: 2.744 Thread 0x0000013b3ed2a800 Exception <a 'java/lang/NoSuchMethodError': java.lang.Object.lambda$comparing$77a9974f$1(Ljava/util/function/Function;Ljava/lang/Object;Ljava/lang/Object;)I> (0x00000007195c2510) thrown at [C:\jenkins\workspace\8-2-build-windows-x64-cygwin\jdk8u371\3355\h

Events (10 events):
Event: 2.799 Thread 0x0000013b3fc81000 DEOPT PACKING pc=0x0000013b18b686dc sp=0x0000001742afd9d0
Event: 2.799 Thread 0x0000013b3fc81000 DEOPT UNPACKING pc=0x0000013b18617918 sp=0x0000001742afdd30 mode 1
Event: 2.799 Thread 0x0000013b3fc81000 DEOPT PACKING pc=0x0000013b18afc7b4 sp=0x0000001742afd910
Event: 2.799 Thread 0x0000013b3fc81000 DEOPT UNPACKING pc=0x0000013b18617918 sp=0x0000001742afd6a0 mode 1
Event: 2.799 Thread 0x0000013b3fc81000 DEOPT PACKING pc=0x0000013b18b686dc sp=0x0000001742afd9d0
Event: 2.799 Thread 0x0000013b3fc81000 DEOPT UNPACKING pc=0x0000013b18617918 sp=0x0000001742afdd30 mode 1
Event: 2.799 Thread 0x0000013b3fc81000 DEOPT PACKING pc=0x0000013b18afc7b4 sp=0x0000001742afd910
Event: 2.799 Thread 0x0000013b3fc81000 DEOPT UNPACKING pc=0x0000013b18617918 sp=0x0000001742afd6a0 mode 1
Event: 2.799 Thread 0x0000013b3fc81000 DEOPT PACKING pc=0x0000013b18b686dc sp=0x0000001742afd9d0
Event: 2.799 Thread 0x0000013b3fc81000 DEOPT UNPACKING pc=0x0000013b18617918 sp=0x0000001742afdd30 mode 1


Dynamic libraries:
0x00007ff7efbe0000 - 0x00007ff7efc2a000 	C:\Program Files\Java\jdk-1.8\bin\java.exe
0x00007fff4e510000 - 0x00007fff4e724000 	C:\Windows\SYSTEM32\ntdll.dll
0x00007fff4d680000 - 0x00007fff4d744000 	C:\Windows\System32\KERNEL32.DLL
0x00007fff4bdd0000 - 0x00007fff4c174000 	C:\Windows\System32\KERNELBASE.dll
0x00007fff4dbc0000 - 0x00007fff4dc70000 	C:\Windows\System32\ADVAPI32.dll
0x00007fff4da20000 - 0x00007fff4dac7000 	C:\Windows\System32\msvcrt.dll
0x00007fff4cfd0000 - 0x00007fff4d076000 	C:\Windows\System32\sechost.dll
0x00007fff4d390000 - 0x00007fff4d4a7000 	C:\Windows\System32\RPCRT4.dll
0x00007fff4d4b0000 - 0x00007fff4d65e000 	C:\Windows\System32\USER32.dll
0x00007fff4c180000 - 0x00007fff4c1a6000 	C:\Windows\System32\win32u.dll
0x00007fff4d9f0000 - 0x00007fff4da19000 	C:\Windows\System32\GDI32.dll
0x00007fff4bad0000 - 0x00007fff4bbe8000 	C:\Windows\System32\gdi32full.dll
0x00007fff4ba30000 - 0x00007fff4baca000 	C:\Windows\System32\msvcp_win.dll
0x00007fff4bbf0000 - 0x00007fff4bd01000 	C:\Windows\System32\ucrtbase.dll
0x00007fff2a720000 - 0x00007fff2a9b3000 	C:\Windows\WinSxS\amd64_microsoft.windows.common-controls_6595b64144ccf1df_6.0.22621.2215_none_270d72677387dfc3\COMCTL32.dll
0x00007fff4db80000 - 0x00007fff4dbb1000 	C:\Windows\System32\IMM32.DLL
0x00007fff44380000 - 0x00007fff4439b000 	C:\Program Files\Java\jdk-1.8\jre\bin\vcruntime140.dll
0x00007fff442e0000 - 0x00007fff442ec000 	C:\Program Files\Java\jdk-1.8\jre\bin\vcruntime140_1.dll
0x00007fff3ac00000 - 0x00007fff3ac8e000 	C:\Program Files\Java\jdk-1.8\jre\bin\msvcp140.dll
0x00000000701a0000 - 0x0000000070a47000 	C:\Program Files\Java\jdk-1.8\jre\bin\server\jvm.dll
0x00007fff4e4c0000 - 0x00007fff4e4c8000 	C:\Windows\System32\PSAPI.DLL
0x00007fff3c390000 - 0x00007fff3c3c4000 	C:\Windows\SYSTEM32\WINMM.dll
0x00007fff46cc0000 - 0x00007fff46cca000 	C:\Windows\SYSTEM32\VERSION.dll
0x00007fff44760000 - 0x00007fff44769000 	C:\Windows\SYSTEM32\WSOCK32.dll
0x00007fff4d7e0000 - 0x00007fff4d851000 	C:\Windows\System32\WS2_32.dll
0x00007fff4aa00000 - 0x00007fff4aa18000 	C:\Windows\SYSTEM32\kernel.appcore.dll
0x00007fff442d0000 - 0x00007fff442e0000 	C:\Program Files\Java\jdk-1.8\jre\bin\verify.dll
0x00007fff43910000 - 0x00007fff4393b000 	C:\Program Files\Java\jdk-1.8\jre\bin\java.dll
0x00007fff3e710000 - 0x00007fff3e746000 	C:\Program Files\Java\jdk-1.8\jre\bin\jdwp.dll
0x00007fff442c0000 - 0x00007fff442c9000 	C:\Program Files\Java\jdk-1.8\jre\bin\npt.dll
0x00007fff3aa90000 - 0x00007fff3aac4000 	C:\Program Files\Java\jdk-1.8\jre\bin\instrument.dll
0x00007fff3b1d0000 - 0x00007fff3b1e8000 	C:\Program Files\Java\jdk-1.8\jre\bin\zip.dll
0x00007fff4c2a0000 - 0x00007fff4cac3000 	C:\Windows\System32\SHELL32.dll
0x00007fff49860000 - 0x00007fff4a14a000 	C:\Windows\SYSTEM32\windows.storage.dll
0x00007fff4de90000 - 0x00007fff4e21a000 	C:\Windows\System32\combase.dll
0x00007fff49720000 - 0x00007fff4985e000 	C:\Windows\SYSTEM32\wintypes.dll
0x00007fff4d8d0000 - 0x00007fff4d9c3000 	C:\Windows\System32\SHCORE.dll
0x00007fff4dc90000 - 0x00007fff4dcee000 	C:\Windows\System32\shlwapi.dll
0x00007fff4b7f0000 - 0x00007fff4b816000 	C:\Windows\SYSTEM32\profapi.dll
0x00007fff437c0000 - 0x00007fff437ca000 	C:\Program Files\Java\jdk-1.8\jre\bin\dt_socket.dll
0x00007fff4ae80000 - 0x00007fff4aee9000 	C:\Windows\system32\mswsock.dll
0x00007fff3fe50000 - 0x00007fff3fe5d000 	C:\Program Files\Java\jdk-1.8\jre\bin\management.dll
0x00007fff3aa70000 - 0x00007fff3aa8c000 	C:\Program Files\Java\jdk-1.8\jre\bin\net.dll
0x00007fff2de10000 - 0x00007fff2de27000 	C:\Windows\system32\napinsp.dll
0x00007fff2dc10000 - 0x00007fff2dc2b000 	C:\Windows\system32\pnrpnsp.dll
0x00007fff4a490000 - 0x00007fff4a582000 	C:\Windows\SYSTEM32\DNSAPI.dll
0x00007fff4a420000 - 0x00007fff4a44d000 	C:\Windows\SYSTEM32\IPHLPAPI.DLL
0x00007fff4d9e0000 - 0x00007fff4d9e9000 	C:\Windows\System32\NSI.dll
0x00007fff2dbf0000 - 0x00007fff2dc01000 	C:\Windows\System32\winrnr.dll
0x00007fff45660000 - 0x00007fff45675000 	C:\Windows\system32\wshbth.dll
0x00007fff2b650000 - 0x00007fff2b671000 	C:\Windows\system32\nlansp_c.dll
0x00007fff43780000 - 0x00007fff4378a000 	C:\Windows\System32\rasadhlp.dll
0x00007fff44b60000 - 0x00007fff44be4000 	C:\Windows\System32\fwpuclnt.dll
0x00007fff3aa10000 - 0x00007fff3aa23000 	C:\Program Files\Java\jdk-1.8\jre\bin\nio.dll
0x0000013b16de0000 - 0x0000013b16de4000 	C:\Users\hardm\.javacpp\cache\javacpp-1.5.9-windows-x86_64.jar\org\bytedeco\javacpp\windows-x86_64\api-ms-win-crt-locale-l1-1-0.dll
0x0000013b16df0000 - 0x0000013b16df5000 	C:\Users\hardm\.javacpp\cache\javacpp-1.5.9-windows-x86_64.jar\org\bytedeco\javacpp\windows-x86_64\api-ms-win-crt-string-l1-1-0.dll
0x0000013b16e00000 - 0x0000013b16e05000 	C:\Users\hardm\.javacpp\cache\javacpp-1.5.9-windows-x86_64.jar\org\bytedeco\javacpp\windows-x86_64\api-ms-win-crt-stdio-l1-1-0.dll
0x0000013b16e10000 - 0x0000013b16e16000 	C:\Users\hardm\.javacpp\cache\javacpp-1.5.9-windows-x86_64.jar\org\bytedeco\javacpp\windows-x86_64\api-ms-win-crt-math-l1-1-0.dll
0x0000013b3ac60000 - 0x0000013b3ac64000 	C:\Users\hardm\.javacpp\cache\javacpp-1.5.9-windows-x86_64.jar\org\bytedeco\javacpp\windows-x86_64\api-ms-win-crt-heap-l1-1-0.dll
0x0000013b3ac70000 - 0x0000013b3ac75000 	C:\Users\hardm\.javacpp\cache\javacpp-1.5.9-windows-x86_64.jar\org\bytedeco\javacpp\windows-x86_64\api-ms-win-crt-runtime-l1-1-0.dll
0x0000013b3ac80000 - 0x0000013b3ac85000 	C:\Users\hardm\.javacpp\cache\javacpp-1.5.9-windows-x86_64.jar\org\bytedeco\javacpp\windows-x86_64\api-ms-win-crt-convert-l1-1-0.dll
0x0000013b3ac90000 - 0x0000013b3ac94000 	C:\Users\hardm\.javacpp\cache\javacpp-1.5.9-windows-x86_64.jar\org\bytedeco\javacpp\windows-x86_64\api-ms-win-crt-environment-l1-1-0.dll
0x0000013b3aca0000 - 0x0000013b3aca4000 	C:\Users\hardm\.javacpp\cache\javacpp-1.5.9-windows-x86_64.jar\org\bytedeco\javacpp\windows-x86_64\api-ms-win-crt-time-l1-1-0.dll
0x0000013b3acb0000 - 0x0000013b3acb4000 	C:\Users\hardm\.javacpp\cache\javacpp-1.5.9-windows-x86_64.jar\org\bytedeco\javacpp\windows-x86_64\api-ms-win-crt-filesystem-l1-1-0.dll
0x0000013b3acc0000 - 0x0000013b3acc4000 	C:\Users\hardm\.javacpp\cache\javacpp-1.5.9-windows-x86_64.jar\org\bytedeco\javacpp\windows-x86_64\api-ms-win-crt-utility-l1-1-0.dll
0x0000013b3acd0000 - 0x0000013b3acd6000 	C:\Users\hardm\.javacpp\cache\javacpp-1.5.9-windows-x86_64.jar\org\bytedeco\javacpp\windows-x86_64\api-ms-win-crt-multibyte-l1-1-0.dll
0x0000013b3ace0000 - 0x0000013b3ace4000 	C:\Users\hardm\.javacpp\cache\javacpp-1.5.9-windows-x86_64.jar\org\bytedeco\javacpp\windows-x86_64\api-ms-win-crt-conio-l1-1-0.dll
0x0000013b3acf0000 - 0x0000013b3ad01000 	C:\Users\hardm\.javacpp\cache\javacpp-1.5.9-windows-x86_64.jar\org\bytedeco\javacpp\windows-x86_64\api-ms-win-crt-private-l1-1-0.dll
0x0000013b3ad10000 - 0x0000013b3ad14000 	C:\Users\hardm\.javacpp\cache\javacpp-1.5.9-windows-x86_64.jar\org\bytedeco\javacpp\windows-x86_64\api-ms-win-crt-process-l1-1-0.dll
0x0000013b3ad20000 - 0x0000013b3ad24000 	C:\Users\hardm\.javacpp\cache\javacpp-1.5.9-windows-x86_64.jar\org\bytedeco\javacpp\windows-x86_64\api-ms-win-core-console-l1-2-0.dll
0x0000013b3ad30000 - 0x0000013b3ad34000 	C:\Users\hardm\.javacpp\cache\javacpp-1.5.9-windows-x86_64.jar\org\bytedeco\javacpp\windows-x86_64\api-ms-win-core-string-l1-1-0.dll
0x0000013b3f560000 - 0x0000013b3f564000 	C:\Users\hardm\.javacpp\cache\javacpp-1.5.9-windows-x86_64.jar\org\bytedeco\javacpp\windows-x86_64\api-ms-win-core-errorhandling-l1-1-0.dll
0x0000013b3f570000 - 0x0000013b3f574000 	C:\Users\hardm\.javacpp\cache\javacpp-1.5.9-windows-x86_64.jar\org\bytedeco\javacpp\windows-x86_64\api-ms-win-core-timezone-l1-1-0.dll
0x0000013b3f580000 - 0x0000013b3f585000 	C:\Users\hardm\.javacpp\cache\javacpp-1.5.9-windows-x86_64.jar\org\bytedeco\javacpp\windows-x86_64\api-ms-win-core-file-l1-1-0.dll
0x0000013b3f590000 - 0x0000013b3f594000 	C:\Users\hardm\.javacpp\cache\javacpp-1.5.9-windows-x86_64.jar\org\bytedeco\javacpp\windows-x86_64\api-ms-win-core-namedpipe-l1-1-0.dll
0x0000013b3f5a0000 - 0x0000013b3f5a4000 	C:\Users\hardm\.javacpp\cache\javacpp-1.5.9-windows-x86_64.jar\org\bytedeco\javacpp\windows-x86_64\api-ms-win-core-handle-l1-1-0.dll
0x0000013b3f5b0000 - 0x0000013b3f5b4000 	C:\Users\hardm\.javacpp\cache\javacpp-1.5.9-windows-x86_64.jar\org\bytedeco\javacpp\windows-x86_64\api-ms-win-core-file-l2-1-0.dll
0x0000013b3f5c0000 - 0x0000013b3f5c4000 	C:\Users\hardm\.javacpp\cache\javacpp-1.5.9-windows-x86_64.jar\org\bytedeco\javacpp\windows-x86_64\api-ms-win-core-heap-l1-1-0.dll
0x0000013b3f5d0000 - 0x0000013b3f5d4000 	C:\Users\hardm\.javacpp\cache\javacpp-1.5.9-windows-x86_64.jar\org\bytedeco\javacpp\windows-x86_64\api-ms-win-core-libraryloader-l1-1-0.dll
0x0000013b3f5e0000 - 0x0000013b3f5e4000 	C:\Users\hardm\.javacpp\cache\javacpp-1.5.9-windows-x86_64.jar\org\bytedeco\javacpp\windows-x86_64\api-ms-win-core-synch-l1-1-0.dll
0x0000013b3f5f0000 - 0x0000013b3f5f4000 	C:\Users\hardm\.javacpp\cache\javacpp-1.5.9-windows-x86_64.jar\org\bytedeco\javacpp\windows-x86_64\api-ms-win-core-processthreads-l1-1-0.dll
0x0000013b3f600000 - 0x0000013b3f604000 	C:\Users\hardm\.javacpp\cache\javacpp-1.5.9-windows-x86_64.jar\org\bytedeco\javacpp\windows-x86_64\api-ms-win-core-processenvironment-l1-1-0.dll
0x0000013b405e0000 - 0x0000013b405e4000 	C:\Users\hardm\.javacpp\cache\javacpp-1.5.9-windows-x86_64.jar\org\bytedeco\javacpp\windows-x86_64\api-ms-win-core-datetime-l1-1-0.dll
0x0000013b405f0000 - 0x0000013b405f4000 	C:\Users\hardm\.javacpp\cache\javacpp-1.5.9-windows-x86_64.jar\org\bytedeco\javacpp\windows-x86_64\api-ms-win-core-localization-l1-2-0.dll
0x0000013b40600000 - 0x0000013b40604000 	C:\Users\hardm\.javacpp\cache\javacpp-1.5.9-windows-x86_64.jar\org\bytedeco\javacpp\windows-x86_64\api-ms-win-core-sysinfo-l1-1-0.dll
0x0000013b40610000 - 0x0000013b40614000 	C:\Users\hardm\.javacpp\cache\javacpp-1.5.9-windows-x86_64.jar\org\bytedeco\javacpp\windows-x86_64\api-ms-win-core-synch-l1-2-0.dll
0x0000013b40620000 - 0x0000013b40624000 	C:\Users\hardm\.javacpp\cache\javacpp-1.5.9-windows-x86_64.jar\org\bytedeco\javacpp\windows-x86_64\api-ms-win-core-console-l1-1-0.dll
0x0000013b40630000 - 0x0000013b40634000 	C:\Users\hardm\.javacpp\cache\javacpp-1.5.9-windows-x86_64.jar\org\bytedeco\javacpp\windows-x86_64\api-ms-win-core-debug-l1-1-0.dll
0x0000013b40640000 - 0x0000013b40644000 	C:\Users\hardm\.javacpp\cache\javacpp-1.5.9-windows-x86_64.jar\org\bytedeco\javacpp\windows-x86_64\api-ms-win-core-rtlsupport-l1-1-0.dll
0x0000013b40650000 - 0x0000013b40654000 	C:\Users\hardm\.javacpp\cache\javacpp-1.5.9-windows-x86_64.jar\org\bytedeco\javacpp\windows-x86_64\api-ms-win-core-processthreads-l1-1-1.dll
0x0000013b40660000 - 0x0000013b40664000 	C:\Users\hardm\.javacpp\cache\javacpp-1.5.9-windows-x86_64.jar\org\bytedeco\javacpp\windows-x86_64\api-ms-win-core-file-l1-2-0.dll
0x0000013b40670000 - 0x0000013b40674000 	C:\Users\hardm\.javacpp\cache\javacpp-1.5.9-windows-x86_64.jar\org\bytedeco\javacpp\windows-x86_64\api-ms-win-core-profile-l1-1-0.dll
0x0000013b40680000 - 0x0000013b40684000 	C:\Users\hardm\.javacpp\cache\javacpp-1.5.9-windows-x86_64.jar\org\bytedeco\javacpp\windows-x86_64\api-ms-win-core-memory-l1-1-0.dll
0x0000013b40690000 - 0x0000013b40694000 	C:\Users\hardm\.javacpp\cache\javacpp-1.5.9-windows-x86_64.jar\org\bytedeco\javacpp\windows-x86_64\api-ms-win-core-util-l1-1-0.dll
0x0000013b406a0000 - 0x0000013b406a4000 	C:\Users\hardm\.javacpp\cache\javacpp-1.5.9-windows-x86_64.jar\org\bytedeco\javacpp\windows-x86_64\api-ms-win-core-interlocked-l1-1-0.dll
0x00007fff2a600000 - 0x00007fff2a711000 	C:\Users\hardm\.javacpp\cache\javacpp-1.5.9-windows-x86_64.jar\org\bytedeco\javacpp\windows-x86_64\ucrtbase.dll
0x00007fff37730000 - 0x00007fff3774b000 	C:\Users\hardm\.javacpp\cache\javacpp-1.5.9-windows-x86_64.jar\org\bytedeco\javacpp\windows-x86_64\vcruntime140.dll
0x00007fff3e700000 - 0x00007fff3e70c000 	C:\Users\hardm\.javacpp\cache\javacpp-1.5.9-windows-x86_64.jar\org\bytedeco\javacpp\windows-x86_64\vcruntime140_1.dll
0x00007fff2dff0000 - 0x00007fff2e07d000 	C:\Users\hardm\.javacpp\cache\javacpp-1.5.9-windows-x86_64.jar\org\bytedeco\javacpp\windows-x86_64\msvcp140.dll
0x00007fff3e6c0000 - 0x00007fff3e6c9000 	C:\Users\hardm\.javacpp\cache\javacpp-1.5.9-windows-x86_64.jar\org\bytedeco\javacpp\windows-x86_64\msvcp140_1.dll
0x00007fff36c00000 - 0x00007fff36c4e000 	C:\Users\hardm\.javacpp\cache\javacpp-1.5.9-windows-x86_64.jar\org\bytedeco\javacpp\windows-x86_64\concrt140.dll
0x00007fff2c5a0000 - 0x00007fff2c5d1000 	C:\Users\hardm\.javacpp\cache\javacpp-1.5.9-windows-x86_64.jar\org\bytedeco\javacpp\windows-x86_64\vcomp140.dll
0x00007fff3aa00000 - 0x00007fff3aa0f000 	C:\Users\hardm\.javacpp\cache\javacpp-1.5.9-windows-x86_64.jar\org\bytedeco\javacpp\windows-x86_64\jnijavacpp.dll
0x00007fff2a520000 - 0x00007fff2a600000 	C:\Users\hardm\.javacpp\cache\bullet-3.25-1.5.9-windows-x86_64.jar\org\bytedeco\bullet\windows-x86_64\jniLinearMath.dll
0x00007fff01430000 - 0x00007fff01690000 	C:\Users\hardm\.javacpp\cache\bullet-3.25-1.5.9-windows-x86_64.jar\org\bytedeco\bullet\windows-x86_64\jniBulletCollision.dll
0x00007ffee89c0000 - 0x00007ffee8c00000 	C:\Users\hardm\.javacpp\cache\bullet-3.25-1.5.9-windows-x86_64.jar\org\bytedeco\bullet\windows-x86_64\jniBulletDynamics.dll
0x00007fff2c520000 - 0x00007fff2c595000 	C:\Users\hardm\AppData\Local\Temp\lwjglhardm\3.3.1-build-7\lwjgl.dll
0x00007fff291d0000 - 0x00007fff29231000 	C:\Users\hardm\AppData\Local\Temp\lwjglhardm\3.3.1-build-7\glfw.dll
0x00007fff272f0000 - 0x00007fff2746e000 	C:\Program Files\Java\jdk-1.8\jre\bin\awt.dll
0x00007fff4e3e0000 - 0x00007fff4e4b7000 	C:\Windows\System32\OLEAUT32.dll
0x00007fff471b0000 - 0x00007fff47247000 	C:\Windows\SYSTEM32\apphelp.dll
0x00007fff49020000 - 0x00007fff4904b000 	C:\Windows\system32\DWMAPI.DLL
0x00007fff48da0000 - 0x00007fff48e4b000 	C:\Windows\system32\uxtheme.dll
0x00007fff2d0b0000 - 0x00007fff2d1b0000 	C:\Windows\system32\opengl32.dll
0x00007fff3ff00000 - 0x00007fff3ff2d000 	C:\Windows\SYSTEM32\GLU32.dll
0x00007fff49090000 - 0x00007fff490c8000 	C:\Windows\SYSTEM32\dxcore.dll
0x00007fff4e290000 - 0x00007fff4e3d9000 	C:\Windows\System32\MSCTF.dll
0x00007fff4dcf0000 - 0x00007fff4de8e000 	C:\Windows\System32\ole32.dll
0x00007fff4c220000 - 0x00007fff4c29a000 	C:\Windows\System32\bcryptPrimitives.dll
0x00007fff21cd0000 - 0x00007fff21e79000 	C:\Windows\system32\d3d9.dll
0x00007fff34490000 - 0x00007fff3454c000 	C:\Windows\System32\DriverStore\FileRepository\nv_dispi.inf_amd64_3c2bd4a1ec6d228e\nvldumdx.dll
0x00007fff4b560000 - 0x00007fff4b572000 	C:\Windows\SYSTEM32\msasn1.dll
0x00007fff465b0000 - 0x00007fff465e2000 	C:\Windows\SYSTEM32\cryptnet.dll
0x00007fff4b8c0000 - 0x00007fff4ba26000 	C:\Windows\System32\CRYPT32.dll
0x00007fff45680000 - 0x00007fff457d8000 	C:\Windows\SYSTEM32\drvstore.dll
0x00007fff4b580000 - 0x00007fff4b5ac000 	C:\Windows\SYSTEM32\devobj.dll
0x00007fff4b5b0000 - 0x00007fff4b5fe000 	C:\Windows\SYSTEM32\cfgmgr32.dll
0x00007fff4b180000 - 0x00007fff4b1cb000 	C:\Windows\SYSTEM32\wldp.dll

VM Arguments:
jvm_args: -agentlib:jdwp=transport=dt_socket,address=127.0.0.1:59332,suspend=y,server=n -javaagent:C:\Users\hardm\AppData\Local\JetBrains\IdeaIC2023.2\captureAgent\debugger-agent.jar=file:/C:/Users/hardm/AppData/Local/Temp/capture.props -Dfile.encoding=UTF-8 
java_command: ru.BouH.engine.game.Game
java_class_path (initial): C:\Program Files\Java\jdk-1.8\jre\lib\charsets.jar;C:\Program Files\Java\jdk-1.8\jre\lib\deploy.jar;C:\Program Files\Java\jdk-1.8\jre\lib\ext\access-bridge-64.jar;C:\Program Files\Java\jdk-1.8\jre\lib\ext\cldrdata.jar;C:\Program Files\Java\jdk-1.8\jre\lib\ext\dnsns.jar;C:\Program Files\Java\jdk-1.8\jre\lib\ext\jaccess.jar;C:\Program Files\Java\jdk-1.8\jre\lib\ext\jfxrt.jar;C:\Program Files\Java\jdk-1.8\jre\lib\ext\localedata.jar;C:\Program Files\Java\jdk-1.8\jre\lib\ext\nashorn.jar;C:\Program Files\Java\jdk-1.8\jre\lib\ext\sunec.jar;C:\Program Files\Java\jdk-1.8\jre\lib\ext\sunjce_provider.jar;C:\Program Files\Java\jdk-1.8\jre\lib\ext\sunmscapi.jar;C:\Program Files\Java\jdk-1.8\jre\lib\ext\sunpkcs11.jar;C:\Program Files\Java\jdk-1.8\jre\lib\ext\zipfs.jar;C:\Program Files\Java\jdk-1.8\jre\lib\javaws.jar;C:\Program Files\Java\jdk-1.8\jre\lib\jce.jar;C:\Program Files\Java\jdk-1.8\jre\lib\jfr.jar;C:\Program Files\Java\jdk-1.8\jre\lib\jfxswt.jar;C:\Program Files\Java\jdk-1.8\jre\lib\jsse.jar;C:\Program Files\Java\jdk-1.8\jre\lib\management-agent.jar;C:\Program Files\Java\jdk-1.8\jre\lib\plugin.jar;C:\Program Files\Java\jdk-1.8\jre\lib\resources.jar;C:\Program Files\Java\jdk-1.8\jre\lib\rt.jar;F:\game_test1\target\classes;C:\Users\hardm\.m2\repository\org\bytedeco\bullet-platform\3.25-1.5.9\bullet-platform-3.25-1.5.9.jar;C:\Users\hardm\.m2\repository\org\bytedeco\javacpp-platform\1.5.9\javacpp-platform-1.5.9.jar;C:\Users\hardm\.m2\repository\org\bytedeco\javacpp\1.5.9\javacpp-1.5.9-android-arm.jar;C:\Users\hardm\.m2\repository\org\bytedeco\javacpp\1.5.9\javacpp-1.5.9-android-arm64.jar;C:\Users\hardm\.m2\repository\org\bytedeco\javacpp\1.5.9\javacpp-1.5.9-android-x86.jar;C:\Users\hardm\.m2\repository\org\bytedeco\javacpp\1.5.9\javacpp-1.5.9-android-x86_64.jar;C:\Users\hardm\.m2\repository\org\bytedeco\javacpp\1.5.9\javacpp-1.5.9-ios-arm64.jar;C:\Users\hardm\.m2\repository\org\bytedeco\javacpp\1.5.9\javacpp-1.5.9-ios-x86_64.jar;C:\Users\hardm\.m
Launcher Type: SUN_STANDARD

Environment Variables:
JAVA_HOME=C:\Program Files\Java\jdk-1.8
PATH=C:\Program Files (x86)\Common Files\Oracle\Java\javapath;C:\Windows\system32;C:\Windows;C:\Windows\System32\Wbem;C:\Windows\System32\WindowsPowerShell\v1.0\;C:\Windows\System32\OpenSSH\;C:\Program Files\NVIDIA Corporation\NVIDIA NvDLISR;C:\Program Files\Git\cmd;C:\Program Files (x86)\NVIDIA Corporation\PhysX\Common;C:\Program Files\dotnet\;C:\Program Files\Java\jdk-1.8\bin;C:\Users\hardm\AppData\Local\Microsoft\WindowsApps;C:\Users\hardm\.dotnet\tools
USERNAME=hardm
OS=Windows_NT
PROCESSOR_IDENTIFIER=Intel64 Family 6 Model 151 Stepping 5, GenuineIntel



---------------  S Y S T E M  ---------------

OS: Windows 11 , 64 bit Build 22621 (10.0.22621.2215)

CPU:total 12 (initial active 12) (6 cores per cpu, 2 threads per core) family 6 model 151 stepping 5, cmov, cx8, fxsr, mmx, sse, sse2, sse3, ssse3, sse4.1, sse4.2, popcnt, avx, avx2, aes, clmul, erms, 3dnowpref, lzcnt, ht, tsc, tscinvbit, bmi1, bmi2, adx

Memory: 4k page, physical 33317992k(11877832k free), swap 39883748k(8045328k free)

vm_info: Java HotSpot(TM) 64-Bit Server VM (25.371-b11) for windows-amd64 JRE (1.8.0_371-b11), built on Mar 17 2023 04:03:45 by "java_re" with MS VC++ 17.1 (VS2022)

time: Fri Sep 15 00:24:47 2023
timezone: RTZ 2 ( Family 6 Model 151 Stepping 5, GenuineIntel
elapsed time: 3.428100 seconds (0d 0h 0m 3s)

