#
# A fatal error has been detected by the Java Runtime Environment:
#
#  EXCEPTION_ACCESS_VIOLATION (0xc0000005) at pc=0x00007ffee8b21114, pid=1320, tid=0x0000000000000bb4
#
# JRE version: Java(TM) SE Runtime Environment (8.0_371) (build 1.8.0_371-b11)
# Java VM: Java HotSpot(TM) 64-Bit Server VM (25.371-b11 mixed mode windows-amd64 compressed oops)
# Problematic frame:
# C  [jniBulletDynamics.dll+0x161114]
#
# Failed to write core dump. Minidumps are not enabled by default on client versions of Windows
#
# If you would like to submit a bug report, please visit:
#   http://bugreport.java.com/bugreport/crash.jsp
# The crash happened outside the Java Virtual Machine in native code.
# See problematic frame for where to report the bug.
#

---------------  T H R E A D  ---------------

Current thread (0x000002975c54b800):  JavaThread "physics" [_thread_in_native, id=2996, stack(0x000000a5a2e00000,0x000000a5a2f00000)]

siginfo: ExceptionCode=0xc0000005, reading address 0x0000000000000180

Registers:
RAX=0x000000000000001e, RBX=0x000002975c54ba00, RCX=0x000002975bc91780, RDX=0x0000000000000000
RSP=0x000000a5a2efeac0, RBP=0x000000a5a2efeba8, RSI=0x000002975bc91780, RDI=0x0000000000000000
R8 =0x0000029769ffd130, R9 =0x000000000000001e, R10=0x0000000000000000, R11=0x000002975bc91780
R12=0x0000000000000000, R13=0x000002975cc3a850, R14=0x000000a5a2efebc8, R15=0x000002975c54b800
RIP=0x00007ffee8b21114, EFLAGS=0x0000000000010206

Top of Stack: (sp=0x000000a5a2efeac0)
0x000000a5a2efeac0:   000002975cc3a850 000002975c54b800
0x000000a5a2efead0:   000002975cc3a850 000002975c54b800
0x000000a5a2efeae0:   0000000000000000 00007ffee89e1061
0x000000a5a2efeaf0:   000002975c54ba00 000000a5a2efeba8
0x000000a5a2efeb00:   000002975bc91780 000002975cc3a850
0x000000a5a2efeb10:   000000a5a2efebd0 0000029703c47048
0x000000a5a2efeb20:   00000005c3823e10 0000029735cb4d27
0x000000a5a2efeb30:   000002975c54ba00 000002975cc3a850
0x000000a5a2efeb40:   000002975cc3a850 000000a5a2efeba8
0x000000a5a2efeb50:   00000005c3823e10 0000000000000000
0x000000a5a2efeb60:   0000029735cb4622 000000a5a2efeb68
0x000000a5a2efeb70:   000002975cc3a850 000000a5a2efebd0
0x000000a5a2efeb80:   000002975df0bed8 0000000000000000
0x000000a5a2efeb90:   000002975cc3a850 0000000000000000
0x000000a5a2efeba0:   000000a5a2efebe0 000000a5a2efee18
0x000000a5a2efebb0:   0000029736676634 0000000000000000 

Instructions: (pc=0x00007ffee8b21114)
0x00007ffee8b210f4:   c4 18 01 00 00 5e 5d c3 cc cc cc cc 48 89 5c 24
0x00007ffee8b21104:   08 48 89 6c 24 10 48 89 74 24 18 57 48 83 ec 20
0x00007ffee8b21114:   48 8b aa 80 01 00 00 33 db 48 8b fa 48 8b f1 48
0x00007ffee8b21124:   85 ed 74 39 48 8b 89 80 00 00 00 48 8b 01 ff 50 


Register to memory mapping:

RAX=0x000000000000001e is an unknown value
RBX=0x000002975c54ba00 is an unknown value
RCX=0x000002975bc91780 is an unknown value
RDX=0x0000000000000000 is an unknown value
RSP=0x000000a5a2efeac0 is pointing into the stack for thread: 0x000002975c54b800
RBP=0x000000a5a2efeba8 is pointing into the stack for thread: 0x000002975c54b800
RSI=0x000002975bc91780 is an unknown value
RDI=0x0000000000000000 is an unknown value
R8 =0x0000029769ffd130 is an unknown value
R9 =0x000000000000001e is an unknown value
R10=0x0000000000000000 is an unknown value
R11=0x000002975bc91780 is an unknown value
R12=0x0000000000000000 is an unknown value
R13={method} {0x000002975cc3a858} 'removeRigidBody' '(Lorg/bytedeco/bullet/BulletDynamics/btRigidBody;)V' in 'org/bytedeco/bullet/BulletDynamics/btDiscreteDynamicsWorld'
R14=0x000000a5a2efebc8 is pointing into the stack for thread: 0x000002975c54b800
R15=0x000002975c54b800 is a thread


Stack: [0x000000a5a2e00000,0x000000a5a2f00000],  sp=0x000000a5a2efeac0,  free space=1018k
Native frames: (J=compiled Java code, j=interpreted, Vv=VM code, C=native code)
C  [jniBulletDynamics.dll+0x161114]
C  [jniBulletDynamics.dll+0x21061]
C  0x0000029735cb4d27

Java frames: (J=compiled Java code, j=interpreted, Vv=VM code)
j  org.bytedeco.bullet.BulletDynamics.btDiscreteDynamicsWorld.removeRigidBody(Lorg/bytedeco/bullet/BulletDynamics/btRigidBody;)V+0
J 2754 C1 ru.BouH.engine.physics.world.World.onWorldUpdate()V (332 bytes) @ 0x0000029736676634 [0x0000029736671a60+0x4bd4]
j  ru.BouH.engine.physics.world.timer.GameWorldTimer.updateTimer(I)V+148
j  ru.BouH.engine.physics.world.timer.PhysicThreadManager.lambda$initService$1()V+8
j  ru.BouH.engine.physics.world.timer.PhysicThreadManager$$Lambda$56.run()V+4
j  java.util.concurrent.ThreadPoolExecutor.runWorker(Ljava/util/concurrent/ThreadPoolExecutor$Worker;)V+95
j  java.util.concurrent.ThreadPoolExecutor$Worker.run()V+5
j  java.lang.Thread.run()V+11
v  ~StubRoutines::call_stub

---------------  P R O C E S S  ---------------

Java Threads: ( => current thread )
  0x000002975cf35000 JavaThread "D3D Screen Updater" daemon [_thread_blocked, id=3908, stack(0x000000a5a3580000,0x000000a5a3680000)]
  0x000002975cf28000 JavaThread "AWT-EventQueue-0" [_thread_blocked, id=15548, stack(0x000000a5a3480000,0x000000a5a3580000)]
  0x000002975d832000 JavaThread "AWT-Windows" daemon [_thread_in_native, id=10208, stack(0x000000a5a3100000,0x000000a5a3200000)]
  0x000002975ec14800 JavaThread "AWT-Shutdown" [_thread_blocked, id=6552, stack(0x000000a5a3000000,0x000000a5a3100000)]
  0x000002975ce9b800 JavaThread "Java2D Disposer" daemon [_thread_blocked, id=10204, stack(0x000000a5a2f00000,0x000000a5a3000000)]
=>0x000002975c54b800 JavaThread "physics" [_thread_in_native, id=2996, stack(0x000000a5a2e00000,0x000000a5a2f00000)]
  0x000002975dd80000 JavaThread "physics" [_thread_blocked, id=19172, stack(0x000000a5a2d00000,0x000000a5a2e00000)]
  0x0000029734381000 JavaThread "DestroyJavaVM" [_thread_blocked, id=22024, stack(0x000000a5a1200000,0x000000a5a1300000)]
  0x000002975b820800 JavaThread "game" [_thread_in_Java, id=21144, stack(0x000000a5a2c00000,0x000000a5a2d00000)]
  0x000002975c145000 JavaThread "JavaCPP Deallocator" daemon [_thread_blocked, id=12432, stack(0x000000a5a2b00000,0x000000a5a2c00000)]
  0x000002975aab9800 JavaThread "Service Thread" daemon [_thread_blocked, id=16660, stack(0x000000a5a2900000,0x000000a5a2a00000)]
  0x000002975aa32000 JavaThread "C1 CompilerThread3" daemon [_thread_blocked, id=1756, stack(0x000000a5a2800000,0x000000a5a2900000)]
  0x000002975aa31000 JavaThread "C2 CompilerThread2" daemon [_thread_blocked, id=11420, stack(0x000000a5a2700000,0x000000a5a2800000)]
  0x000002975aa2f800 JavaThread "C2 CompilerThread1" daemon [_thread_blocked, id=21588, stack(0x000000a5a2600000,0x000000a5a2700000)]
  0x000002975aa2d000 JavaThread "C2 CompilerThread0" daemon [_thread_blocked, id=22204, stack(0x000000a5a2500000,0x000000a5a2600000)]
  0x000002975a9d0000 JavaThread "JDWP Command Reader" daemon [_thread_in_native, id=14496, stack(0x000000a5a2400000,0x000000a5a2500000)]
  0x000002975a9c3000 JavaThread "JDWP Event Helper Thread" daemon [_thread_blocked, id=1692, stack(0x000000a5a2300000,0x000000a5a2400000)]
  0x000002975868e000 JavaThread "JDWP Transport Listener: dt_socket" daemon [_thread_blocked, id=8504, stack(0x000000a5a2200000,0x000000a5a2300000)]
  0x0000029758678000 JavaThread "Attach Listener" daemon [_thread_blocked, id=6452, stack(0x000000a5a2100000,0x000000a5a2200000)]
  0x0000029758676800 JavaThread "Signal Dispatcher" daemon [_thread_blocked, id=5292, stack(0x000000a5a2000000,0x000000a5a2100000)]
  0x000002975864b000 JavaThread "Finalizer" daemon [_thread_blocked, id=5476, stack(0x000000a5a1f00000,0x000000a5a2000000)]
  0x0000029758649800 JavaThread "Reference Handler" daemon [_thread_blocked, id=21584, stack(0x000000a5a1e00000,0x000000a5a1f00000)]

Other Threads:
  0x0000029758622000 VMThread [stack: 0x000000a5a1d00000,0x000000a5a1e00000] [id=1600]
  0x000002975ab2a800 WatcherThread [stack: 0x000000a5a2a00000,0x000000a5a2b00000] [id=6844]

VM state:not at safepoint (normal execution)

VM Mutex/Monitor currently owned by a thread: None

heap address: 0x00000005c3800000, size: 8136 MB, Compressed Oops mode: Zero based, Oop shift amount: 3
Narrow klass base: 0x0000000000000000, Narrow klass shift: 3
Compressed class space size: 1073741824 Address: 0x00000007c0000000

Heap:
 PSYoungGen      total 152576K, used 92936K [0x0000000716800000, 0x0000000721200000, 0x00000007c0000000)
  eden space 131072K, 70% used [0x0000000716800000,0x000000071c2c23a8,0x000000071e800000)
  from space 21504K, 0% used [0x000000071fd00000,0x000000071fd00000,0x0000000721200000)
  to   space 21504K, 0% used [0x000000071e800000,0x000000071e800000,0x000000071fd00000)
 ParOldGen       total 227840K, used 5183K [0x00000005c3800000, 0x00000005d1680000, 0x0000000716800000)
  object space 227840K, 2% used [0x00000005c3800000,0x00000005c3d0fe78,0x00000005d1680000)
 Metaspace       used 29041K, capacity 29500K, committed 29696K, reserved 1075200K
  class space    used 3164K, capacity 3310K, committed 3328K, reserved 1048576K

Card table byte_map: [0x0000029745050000,0x0000029746040000] byte_map_base: 0x0000029742234000

Marking Bits: (ParMarkBitMap*) 0x00000000709cd980
 Begin Bits: [0x0000029746ae0000, 0x000002974ea00000)
 End Bits:   [0x000002974ea00000, 0x0000029756920000)

Polling page: 0x0000029735c60000

CodeCache: size=245760Kb used=10330Kb max_used=10340Kb free=235429Kb
 bounds [0x0000029735c90000, 0x00000297366c0000, 0x0000029744c90000]
 total_blobs=3975 nmethods=2764 adapters=1131
 compilation: enabled

Compilation events (10 events):
Event: 3.836 Thread 0x000002975aa31000 2759       4       org.joml.Matrix4d::rotateZ (65 bytes)
Event: 3.836 Thread 0x000002975aa2d000 2760       4       ru.BouH.engine.render.scene.objects.texture.samples.PNGTexture::performTexture (15 bytes)
Event: 3.836 Thread 0x000002975aa2d000 nmethod 2760 0x000002973666ea50 code [0x000002973666eba0, 0x000002973666ec58]
Event: 3.836 Thread 0x000002975aa32000 2761       3       ru.BouH.engine.render.scene.objects.gui.hud.GuiPicture::createModel (506 bytes)
Event: 3.837 Thread 0x000002975aa31000 nmethod 2759 0x0000029736697110 code [0x00000297366972a0, 0x00000297366976c8]
Event: 3.841 Thread 0x000002975aa32000 nmethod 2761 0x00000297366985d0 code [0x0000029736699580, 0x00000297366a5850]
Event: 3.842 Thread 0x000002975aa2f800 2763       4       org.joml.Matrix4d::set (155 bytes)
Event: 3.843 Thread 0x000002975aa2f800 nmethod 2763 0x0000029736698090 code [0x00000297366981e0, 0x0000029736698378]
Event: 3.843 Thread 0x000002975aa32000 2764       3       java.util.concurrent.atomic.AtomicInteger::incrementAndGet (14 bytes)
Event: 3.843 Thread 0x000002975aa32000 nmethod 2764 0x000002973666e710 code [0x000002973666e860, 0x000002973666e9b8]

GC Heap History (6 events):
Event: 0.752 GC heap before
{Heap before GC invocations=1 (full 0):
 PSYoungGen      total 152576K, used 131072K [0x0000000716800000, 0x0000000721200000, 0x00000007c0000000)
  eden space 131072K, 100% used [0x0000000716800000,0x000000071e800000,0x000000071e800000)
  from space 21504K, 0% used [0x000000071fd00000,0x000000071fd00000,0x0000000721200000)
  to   space 21504K, 0% used [0x000000071e800000,0x000000071e800000,0x000000071fd00000)
 ParOldGen       total 348160K, used 0K [0x00000005c3800000, 0x00000005d8c00000, 0x0000000716800000)
  object space 348160K, 0% used [0x00000005c3800000,0x00000005c3800000,0x00000005d8c00000)
 Metaspace       used 15495K, capacity 15732K, committed 15872K, reserved 1062912K
  class space    used 1921K, capacity 2010K, committed 2048K, reserved 1048576K
Event: 0.756 GC heap after
Heap after GC invocations=1 (full 0):
 PSYoungGen      total 152576K, used 8080K [0x0000000716800000, 0x0000000721200000, 0x00000007c0000000)
  eden space 131072K, 0% used [0x0000000716800000,0x0000000716800000,0x000000071e800000)
  from space 21504K, 37% used [0x000000071e800000,0x000000071efe42a0,0x000000071fd00000)
  to   space 21504K, 0% used [0x000000071fd00000,0x000000071fd00000,0x0000000721200000)
 ParOldGen       total 348160K, used 16K [0x00000005c3800000, 0x00000005d8c00000, 0x0000000716800000)
  object space 348160K, 0% used [0x00000005c3800000,0x00000005c3804000,0x00000005d8c00000)
 Metaspace       used 15495K, capacity 15732K, committed 15872K, reserved 1062912K
  class space    used 1921K, capacity 2010K, committed 2048K, reserved 1048576K
}
Event: 1.094 GC heap before
{Heap before GC invocations=2 (full 0):
 PSYoungGen      total 152576K, used 51120K [0x0000000716800000, 0x0000000721200000, 0x00000007c0000000)
  eden space 131072K, 32% used [0x0000000716800000,0x00000007192080e0,0x000000071e800000)
  from space 21504K, 37% used [0x000000071e800000,0x000000071efe42a0,0x000000071fd00000)
  to   space 21504K, 0% used [0x000000071fd00000,0x000000071fd00000,0x0000000721200000)
 ParOldGen       total 348160K, used 16K [0x00000005c3800000, 0x00000005d8c00000, 0x0000000716800000)
  object space 348160K, 0% used [0x00000005c3800000,0x00000005c3804000,0x00000005d8c00000)
 Metaspace       used 20717K, capacity 21102K, committed 21296K, reserved 1069056K
  class space    used 2501K, capacity 2633K, committed 2688K, reserved 1048576K
Event: 1.097 GC heap after
Heap after GC invocations=2 (full 0):
 PSYoungGen      total 152576K, used 5457K [0x0000000716800000, 0x0000000721200000, 0x00000007c0000000)
  eden space 131072K, 0% used [0x0000000716800000,0x0000000716800000,0x000000071e800000)
  from space 21504K, 25% used [0x000000071fd00000,0x0000000720254760,0x0000000721200000)
  to   space 21504K, 0% used [0x000000071e800000,0x000000071e800000,0x000000071fd00000)
 ParOldGen       total 348160K, used 24K [0x00000005c3800000, 0x00000005d8c00000, 0x0000000716800000)
  object space 348160K, 0% used [0x00000005c3800000,0x00000005c3806000,0x00000005d8c00000)
 Metaspace       used 20717K, capacity 21102K, committed 21296K, reserved 1069056K
  class space    used 2501K, capacity 2633K, committed 2688K, reserved 1048576K
}
Event: 1.097 GC heap before
{Heap before GC invocations=3 (full 1):
 PSYoungGen      total 152576K, used 5457K [0x0000000716800000, 0x0000000721200000, 0x00000007c0000000)
  eden space 131072K, 0% used [0x0000000716800000,0x0000000716800000,0x000000071e800000)
  from space 21504K, 25% used [0x000000071fd00000,0x0000000720254760,0x0000000721200000)
  to   space 21504K, 0% used [0x000000071e800000,0x000000071e800000,0x000000071fd00000)
 ParOldGen       total 348160K, used 24K [0x00000005c3800000, 0x00000005d8c00000, 0x0000000716800000)
  object space 348160K, 0% used [0x00000005c3800000,0x00000005c3806000,0x00000005d8c00000)
 Metaspace       used 20717K, capacity 21102K, committed 21296K, reserved 1069056K
  class space    used 2501K, capacity 2633K, committed 2688K, reserved 1048576K
Event: 1.115 GC heap after
Heap after GC invocations=3 (full 1):
 PSYoungGen      total 152576K, used 0K [0x0000000716800000, 0x0000000721200000, 0x00000007c0000000)
  eden space 131072K, 0% used [0x0000000716800000,0x0000000716800000,0x000000071e800000)
  from space 21504K, 0% used [0x000000071fd00000,0x000000071fd00000,0x0000000721200000)
  to   space 21504K, 0% used [0x000000071e800000,0x000000071e800000,0x000000071fd00000)
 ParOldGen       total 227840K, used 5183K [0x00000005c3800000, 0x00000005d1680000, 0x0000000716800000)
  object space 227840K, 2% used [0x00000005c3800000,0x00000005c3d0fe78,0x00000005d1680000)
 Metaspace       used 20702K, capacity 21054K, committed 21296K, reserved 1069056K
  class space    used 2497K, capacity 2625K, committed 2688K, reserved 1048576K
}

Deoptimization events (10 events):
Event: 1.120 Thread 0x000002975b820800 Uncommon trap: reason=unstable_if action=reinterpret pc=0x00000297360446f0 method=java.util.HashMap.hash(Ljava/lang/Object;)I @ 1
Event: 1.121 Thread 0x000002975b820800 Uncommon trap: reason=unstable_if action=reinterpret pc=0x00000297361030ac method=java.util.HashMap.hash(Ljava/lang/Object;)I @ 1
Event: 1.142 Thread 0x000002975d832000 Uncommon trap: reason=unstable_if action=reinterpret pc=0x00000297362def98 method=com.intellij.rt.debugger.agent.CaptureAgent$CaptureTransformer.transform(Ljava/lang/ClassLoader;Ljava/lang/String;Ljava/lang/Class;Ljava/security/ProtectionDomain;[B)[B @ 36
Event: 1.446 Thread 0x000002975b820800 Uncommon trap: reason=unstable_if action=reinterpret pc=0x0000029735dec698 method=sun.nio.cs.SingleByte$Encoder.encode(C)I @ 13
Event: 1.449 Thread 0x000002975b820800 Uncommon trap: reason=unstable_if action=reinterpret pc=0x0000029736365460 method=java.lang.Character.isSurrogate(C)Z @ 3
Event: 1.449 Thread 0x000002975b820800 Uncommon trap: reason=unstable_if action=reinterpret pc=0x00000297363659f0 method=java.lang.Character.isSurrogate(C)Z @ 3
Event: 1.452 Thread 0x000002975b820800 Uncommon trap: reason=unstable_if action=reinterpret pc=0x00000297361b91fc method=java.io.File.getParent()Ljava/lang/String; @ 16
Event: 1.453 Thread 0x000002975b820800 Uncommon trap: reason=unstable_if action=reinterpret pc=0x00000297360d67c8 method=java.lang.CharacterData.of(I)Ljava/lang/CharacterData; @ 4
Event: 1.518 Thread 0x000002975b820800 Uncommon trap: reason=class_check action=maybe_recompile pc=0x000002973624356c method=java.util.AbstractList$Itr.hasNext()Z @ 8
Event: 2.709 Thread 0x000002975b820800 Uncommon trap: reason=unstable_if action=reinterpret pc=0x0000029736335c8c method=jdk.internal.org.objectweb.asm.Type.getArgumentsAndReturnSizes(Ljava/lang/String;)I @ 88

Classes redefined (0 events):
No events

Internal exceptions (10 events):
Event: 1.118 Thread 0x000002975b820800 Implicit null exception at 0x0000029735f6c959 to 0x0000029735f6ce59
Event: 1.119 Thread 0x000002975b820800 Implicit null exception at 0x0000029735f07154 to 0x0000029735f07661
Event: 1.120 Thread 0x000002975b820800 Implicit null exception at 0x000002973602f454 to 0x000002973602f701
Event: 1.120 Thread 0x000002975b820800 Implicit null exception at 0x0000029736043edb to 0x00000297360446d9
Event: 1.121 Thread 0x000002975b820800 Implicit null exception at 0x000002973610302f to 0x000002973610309d
Event: 1.290 Thread 0x000002975b820800 Exception <a 'sun/nio/fs/WindowsException'> (0x0000000717597ac8) thrown at [C:\jenkins\workspace\8-2-build-windows-x64-cygwin\jdk8u371\3355\hotspot\src\share\vm\prims\jni.cpp, line 710]
Event: 1.290 Thread 0x000002975b820800 Exception <a 'sun/nio/fs/WindowsException'> (0x0000000717598200) thrown at [C:\jenkins\workspace\8-2-build-windows-x64-cygwin\jdk8u371\3355\hotspot\src\share\vm\prims\jni.cpp, line 710]
Event: 1.291 Thread 0x000002975b820800 Exception <a 'sun/nio/fs/WindowsException'> (0x00000007175ade88) thrown at [C:\jenkins\workspace\8-2-build-windows-x64-cygwin\jdk8u371\3355\hotspot\src\share\vm\prims\jni.cpp, line 710]
Event: 1.291 Thread 0x000002975b820800 Exception <a 'sun/nio/fs/WindowsException'> (0x00000007175ae478) thrown at [C:\jenkins\workspace\8-2-build-windows-x64-cygwin\jdk8u371\3355\hotspot\src\share\vm\prims\jni.cpp, line 710]
Event: 2.708 Thread 0x000002975b820800 Exception <a 'java/lang/NoSuchMethodError': java.lang.Object.lambda$comparing$77a9974f$1(Ljava/util/function/Function;Ljava/lang/Object;Ljava/lang/Object;)I> (0x00000007195bfb40) thrown at [C:\jenkins\workspace\8-2-build-windows-x64-cygwin\jdk8u371\3355\h

Events (10 events):
Event: 2.771 loading class ru/BouH/engine/physics/world/object/WorldItem
Event: 2.771 loading class ru/BouH/engine/physics/world/object/WorldItem done
Event: 3.404 Thread 0x000002975b820800 DEOPT PACKING pc=0x000002973652cf43 sp=0x000000a5a2cfecb0
Event: 3.404 Thread 0x000002975b820800 DEOPT UNPACKING pc=0x0000029735cd7918 sp=0x000000a5a2cfec78 mode 0
Event: 3.431 loading class java/util/ArrayDeque$1
Event: 3.431 loading class java/util/ArrayDeque$1 done
Event: 3.437 Thread 0x000002975b820800 DEOPT PACKING pc=0x000002973652cf43 sp=0x000000a5a2cfecb0
Event: 3.437 Thread 0x000002975b820800 DEOPT UNPACKING pc=0x0000029735cd7918 sp=0x000000a5a2cfec78 mode 0
Event: 3.837 loading class ru/BouH/engine/physics/world/object/WorldItem
Event: 3.837 loading class ru/BouH/engine/physics/world/object/WorldItem done


Dynamic libraries:
0x00007ff7efbe0000 - 0x00007ff7efc2a000 	C:\Program Files\Java\jdk-1.8\bin\java.exe
0x00007fff4e510000 - 0x00007fff4e724000 	C:\Windows\SYSTEM32\ntdll.dll
0x00007fff4d680000 - 0x00007fff4d744000 	C:\Windows\System32\KERNEL32.DLL
0x00007fff4bdd0000 - 0x00007fff4c174000 	C:\Windows\System32\KERNELBASE.dll
0x00007fff4dbc0000 - 0x00007fff4dc70000 	C:\Windows\System32\ADVAPI32.dll
0x00007fff4da20000 - 0x00007fff4dac7000 	C:\Windows\System32\msvcrt.dll
0x00007fff4cfd0000 - 0x00007fff4d076000 	C:\Windows\System32\sechost.dll
0x00007fff4d390000 - 0x00007fff4d4a7000 	C:\Windows\System32\RPCRT4.dll
0x00007fff4d4b0000 - 0x00007fff4d65e000 	C:\Windows\System32\USER32.dll
0x00007fff4c180000 - 0x00007fff4c1a6000 	C:\Windows\System32\win32u.dll
0x00007fff4d9f0000 - 0x00007fff4da19000 	C:\Windows\System32\GDI32.dll
0x00007fff4bad0000 - 0x00007fff4bbe8000 	C:\Windows\System32\gdi32full.dll
0x00007fff4ba30000 - 0x00007fff4baca000 	C:\Windows\System32\msvcp_win.dll
0x00007fff4bbf0000 - 0x00007fff4bd01000 	C:\Windows\System32\ucrtbase.dll
0x00007fff2a720000 - 0x00007fff2a9b3000 	C:\Windows\WinSxS\amd64_microsoft.windows.common-controls_6595b64144ccf1df_6.0.22621.2215_none_270d72677387dfc3\COMCTL32.dll
0x00007fff4db80000 - 0x00007fff4dbb1000 	C:\Windows\System32\IMM32.DLL
0x00007fff44380000 - 0x00007fff4439b000 	C:\Program Files\Java\jdk-1.8\jre\bin\vcruntime140.dll
0x00007fff44770000 - 0x00007fff4477c000 	C:\Program Files\Java\jdk-1.8\jre\bin\vcruntime140_1.dll
0x00007fff3ac00000 - 0x00007fff3ac8e000 	C:\Program Files\Java\jdk-1.8\jre\bin\msvcp140.dll
0x00000000701a0000 - 0x0000000070a47000 	C:\Program Files\Java\jdk-1.8\jre\bin\server\jvm.dll
0x00007fff4e4c0000 - 0x00007fff4e4c8000 	C:\Windows\System32\PSAPI.DLL
0x00007fff3c390000 - 0x00007fff3c3c4000 	C:\Windows\SYSTEM32\WINMM.dll
0x00007fff44760000 - 0x00007fff44769000 	C:\Windows\SYSTEM32\WSOCK32.dll
0x00007fff46cc0000 - 0x00007fff46cca000 	C:\Windows\SYSTEM32\VERSION.dll
0x00007fff4d7e0000 - 0x00007fff4d851000 	C:\Windows\System32\WS2_32.dll
0x00007fff4aa00000 - 0x00007fff4aa18000 	C:\Windows\SYSTEM32\kernel.appcore.dll
0x00007fff43930000 - 0x00007fff43940000 	C:\Program Files\Java\jdk-1.8\jre\bin\verify.dll
0x00007fff3e720000 - 0x00007fff3e74b000 	C:\Program Files\Java\jdk-1.8\jre\bin\java.dll
0x00007fff3aa90000 - 0x00007fff3aac6000 	C:\Program Files\Java\jdk-1.8\jre\bin\jdwp.dll
0x00007fff43920000 - 0x00007fff43929000 	C:\Program Files\Java\jdk-1.8\jre\bin\npt.dll
0x00007fff36c10000 - 0x00007fff36c44000 	C:\Program Files\Java\jdk-1.8\jre\bin\instrument.dll
0x00007fff3e700000 - 0x00007fff3e718000 	C:\Program Files\Java\jdk-1.8\jre\bin\zip.dll
0x00007fff4c2a0000 - 0x00007fff4cac3000 	C:\Windows\System32\SHELL32.dll
0x00007fff49860000 - 0x00007fff4a14a000 	C:\Windows\SYSTEM32\windows.storage.dll
0x00007fff4de90000 - 0x00007fff4e21a000 	C:\Windows\System32\combase.dll
0x00007fff49720000 - 0x00007fff4985e000 	C:\Windows\SYSTEM32\wintypes.dll
0x00007fff4d8d0000 - 0x00007fff4d9c3000 	C:\Windows\System32\SHCORE.dll
0x00007fff4dc90000 - 0x00007fff4dcee000 	C:\Windows\System32\shlwapi.dll
0x00007fff4b7f0000 - 0x00007fff4b816000 	C:\Windows\SYSTEM32\profapi.dll
0x00007fff43910000 - 0x00007fff4391a000 	C:\Program Files\Java\jdk-1.8\jre\bin\dt_socket.dll
0x00007fff4ae80000 - 0x00007fff4aee9000 	C:\Windows\system32\mswsock.dll
0x00007fff42990000 - 0x00007fff4299d000 	C:\Program Files\Java\jdk-1.8\jre\bin\management.dll
0x00007fff3b1d0000 - 0x00007fff3b1ec000 	C:\Program Files\Java\jdk-1.8\jre\bin\net.dll
0x00007fff2de10000 - 0x00007fff2de27000 	C:\Windows\system32\napinsp.dll
0x00007fff2dc10000 - 0x00007fff2dc2b000 	C:\Windows\system32\pnrpnsp.dll
0x00007fff4a490000 - 0x00007fff4a582000 	C:\Windows\SYSTEM32\DNSAPI.dll
0x00007fff4a420000 - 0x00007fff4a44d000 	C:\Windows\SYSTEM32\IPHLPAPI.DLL
0x00007fff4d9e0000 - 0x00007fff4d9e9000 	C:\Windows\System32\NSI.dll
0x00007fff2dbf0000 - 0x00007fff2dc01000 	C:\Windows\System32\winrnr.dll
0x00007fff45660000 - 0x00007fff45675000 	C:\Windows\system32\wshbth.dll
0x00007fff2b650000 - 0x00007fff2b671000 	C:\Windows\system32\nlansp_c.dll
0x00007fff43780000 - 0x00007fff4378a000 	C:\Windows\System32\rasadhlp.dll
0x00007fff44b60000 - 0x00007fff44be4000 	C:\Windows\System32\fwpuclnt.dll
0x00007fff3aa70000 - 0x00007fff3aa83000 	C:\Program Files\Java\jdk-1.8\jre\bin\nio.dll
0x00000297583d0000 - 0x00000297583d4000 	C:\Users\hardm\.javacpp\cache\javacpp-1.5.9-windows-x86_64.jar\org\bytedeco\javacpp\windows-x86_64\api-ms-win-crt-locale-l1-1-0.dll
0x00000297583e0000 - 0x00000297583e5000 	C:\Users\hardm\.javacpp\cache\javacpp-1.5.9-windows-x86_64.jar\org\bytedeco\javacpp\windows-x86_64\api-ms-win-crt-string-l1-1-0.dll
0x00000297583f0000 - 0x00000297583f5000 	C:\Users\hardm\.javacpp\cache\javacpp-1.5.9-windows-x86_64.jar\org\bytedeco\javacpp\windows-x86_64\api-ms-win-crt-stdio-l1-1-0.dll
0x0000029758400000 - 0x0000029758406000 	C:\Users\hardm\.javacpp\cache\javacpp-1.5.9-windows-x86_64.jar\org\bytedeco\javacpp\windows-x86_64\api-ms-win-crt-math-l1-1-0.dll
0x0000029758410000 - 0x0000029758414000 	C:\Users\hardm\.javacpp\cache\javacpp-1.5.9-windows-x86_64.jar\org\bytedeco\javacpp\windows-x86_64\api-ms-win-crt-heap-l1-1-0.dll
0x0000029758420000 - 0x0000029758425000 	C:\Users\hardm\.javacpp\cache\javacpp-1.5.9-windows-x86_64.jar\org\bytedeco\javacpp\windows-x86_64\api-ms-win-crt-runtime-l1-1-0.dll
0x0000029758430000 - 0x0000029758435000 	C:\Users\hardm\.javacpp\cache\javacpp-1.5.9-windows-x86_64.jar\org\bytedeco\javacpp\windows-x86_64\api-ms-win-crt-convert-l1-1-0.dll
0x0000029758440000 - 0x0000029758444000 	C:\Users\hardm\.javacpp\cache\javacpp-1.5.9-windows-x86_64.jar\org\bytedeco\javacpp\windows-x86_64\api-ms-win-crt-environment-l1-1-0.dll
0x0000029758450000 - 0x0000029758454000 	C:\Users\hardm\.javacpp\cache\javacpp-1.5.9-windows-x86_64.jar\org\bytedeco\javacpp\windows-x86_64\api-ms-win-crt-time-l1-1-0.dll
0x0000029758460000 - 0x0000029758464000 	C:\Users\hardm\.javacpp\cache\javacpp-1.5.9-windows-x86_64.jar\org\bytedeco\javacpp\windows-x86_64\api-ms-win-crt-filesystem-l1-1-0.dll
0x0000029758470000 - 0x0000029758474000 	C:\Users\hardm\.javacpp\cache\javacpp-1.5.9-windows-x86_64.jar\org\bytedeco\javacpp\windows-x86_64\api-ms-win-crt-utility-l1-1-0.dll
0x0000029758480000 - 0x0000029758486000 	C:\Users\hardm\.javacpp\cache\javacpp-1.5.9-windows-x86_64.jar\org\bytedeco\javacpp\windows-x86_64\api-ms-win-crt-multibyte-l1-1-0.dll
0x000002975ccd0000 - 0x000002975ccd4000 	C:\Users\hardm\.javacpp\cache\javacpp-1.5.9-windows-x86_64.jar\org\bytedeco\javacpp\windows-x86_64\api-ms-win-crt-conio-l1-1-0.dll
0x000002975cce0000 - 0x000002975ccf1000 	C:\Users\hardm\.javacpp\cache\javacpp-1.5.9-windows-x86_64.jar\org\bytedeco\javacpp\windows-x86_64\api-ms-win-crt-private-l1-1-0.dll
0x000002975cd00000 - 0x000002975cd04000 	C:\Users\hardm\.javacpp\cache\javacpp-1.5.9-windows-x86_64.jar\org\bytedeco\javacpp\windows-x86_64\api-ms-win-crt-process-l1-1-0.dll
0x000002975cd10000 - 0x000002975cd14000 	C:\Users\hardm\.javacpp\cache\javacpp-1.5.9-windows-x86_64.jar\org\bytedeco\javacpp\windows-x86_64\api-ms-win-core-console-l1-2-0.dll
0x000002975cd20000 - 0x000002975cd24000 	C:\Users\hardm\.javacpp\cache\javacpp-1.5.9-windows-x86_64.jar\org\bytedeco\javacpp\windows-x86_64\api-ms-win-core-string-l1-1-0.dll
0x000002975cd30000 - 0x000002975cd34000 	C:\Users\hardm\.javacpp\cache\javacpp-1.5.9-windows-x86_64.jar\org\bytedeco\javacpp\windows-x86_64\api-ms-win-core-errorhandling-l1-1-0.dll
0x000002975cd40000 - 0x000002975cd44000 	C:\Users\hardm\.javacpp\cache\javacpp-1.5.9-windows-x86_64.jar\org\bytedeco\javacpp\windows-x86_64\api-ms-win-core-timezone-l1-1-0.dll
0x000002975cd50000 - 0x000002975cd55000 	C:\Users\hardm\.javacpp\cache\javacpp-1.5.9-windows-x86_64.jar\org\bytedeco\javacpp\windows-x86_64\api-ms-win-core-file-l1-1-0.dll
0x000002975cd60000 - 0x000002975cd64000 	C:\Users\hardm\.javacpp\cache\javacpp-1.5.9-windows-x86_64.jar\org\bytedeco\javacpp\windows-x86_64\api-ms-win-core-namedpipe-l1-1-0.dll
0x000002975cd70000 - 0x000002975cd74000 	C:\Users\hardm\.javacpp\cache\javacpp-1.5.9-windows-x86_64.jar\org\bytedeco\javacpp\windows-x86_64\api-ms-win-core-handle-l1-1-0.dll
0x000002975cd80000 - 0x000002975cd84000 	C:\Users\hardm\.javacpp\cache\javacpp-1.5.9-windows-x86_64.jar\org\bytedeco\javacpp\windows-x86_64\api-ms-win-core-file-l2-1-0.dll
0x000002975cd90000 - 0x000002975cd94000 	C:\Users\hardm\.javacpp\cache\javacpp-1.5.9-windows-x86_64.jar\org\bytedeco\javacpp\windows-x86_64\api-ms-win-core-heap-l1-1-0.dll
0x000002975cda0000 - 0x000002975cda4000 	C:\Users\hardm\.javacpp\cache\javacpp-1.5.9-windows-x86_64.jar\org\bytedeco\javacpp\windows-x86_64\api-ms-win-core-libraryloader-l1-1-0.dll
0x000002975cdb0000 - 0x000002975cdb4000 	C:\Users\hardm\.javacpp\cache\javacpp-1.5.9-windows-x86_64.jar\org\bytedeco\javacpp\windows-x86_64\api-ms-win-core-synch-l1-1-0.dll
0x000002975cdc0000 - 0x000002975cdc4000 	C:\Users\hardm\.javacpp\cache\javacpp-1.5.9-windows-x86_64.jar\org\bytedeco\javacpp\windows-x86_64\api-ms-win-core-processthreads-l1-1-0.dll
0x000002975cdd0000 - 0x000002975cdd4000 	C:\Users\hardm\.javacpp\cache\javacpp-1.5.9-windows-x86_64.jar\org\bytedeco\javacpp\windows-x86_64\api-ms-win-core-processenvironment-l1-1-0.dll
0x000002975cde0000 - 0x000002975cde4000 	C:\Users\hardm\.javacpp\cache\javacpp-1.5.9-windows-x86_64.jar\org\bytedeco\javacpp\windows-x86_64\api-ms-win-core-datetime-l1-1-0.dll
0x000002975cdf0000 - 0x000002975cdf4000 	C:\Users\hardm\.javacpp\cache\javacpp-1.5.9-windows-x86_64.jar\org\bytedeco\javacpp\windows-x86_64\api-ms-win-core-localization-l1-2-0.dll
0x000002975ce00000 - 0x000002975ce04000 	C:\Users\hardm\.javacpp\cache\javacpp-1.5.9-windows-x86_64.jar\org\bytedeco\javacpp\windows-x86_64\api-ms-win-core-sysinfo-l1-1-0.dll
0x000002975ce10000 - 0x000002975ce14000 	C:\Users\hardm\.javacpp\cache\javacpp-1.5.9-windows-x86_64.jar\org\bytedeco\javacpp\windows-x86_64\api-ms-win-core-synch-l1-2-0.dll
0x000002975ce20000 - 0x000002975ce24000 	C:\Users\hardm\.javacpp\cache\javacpp-1.5.9-windows-x86_64.jar\org\bytedeco\javacpp\windows-x86_64\api-ms-win-core-console-l1-1-0.dll
0x000002975de00000 - 0x000002975de04000 	C:\Users\hardm\.javacpp\cache\javacpp-1.5.9-windows-x86_64.jar\org\bytedeco\javacpp\windows-x86_64\api-ms-win-core-debug-l1-1-0.dll
0x000002975de10000 - 0x000002975de14000 	C:\Users\hardm\.javacpp\cache\javacpp-1.5.9-windows-x86_64.jar\org\bytedeco\javacpp\windows-x86_64\api-ms-win-core-rtlsupport-l1-1-0.dll
0x000002975de20000 - 0x000002975de24000 	C:\Users\hardm\.javacpp\cache\javacpp-1.5.9-windows-x86_64.jar\org\bytedeco\javacpp\windows-x86_64\api-ms-win-core-processthreads-l1-1-1.dll
0x000002975de30000 - 0x000002975de34000 	C:\Users\hardm\.javacpp\cache\javacpp-1.5.9-windows-x86_64.jar\org\bytedeco\javacpp\windows-x86_64\api-ms-win-core-file-l1-2-0.dll
0x000002975de40000 - 0x000002975de44000 	C:\Users\hardm\.javacpp\cache\javacpp-1.5.9-windows-x86_64.jar\org\bytedeco\javacpp\windows-x86_64\api-ms-win-core-profile-l1-1-0.dll
0x000002975de50000 - 0x000002975de54000 	C:\Users\hardm\.javacpp\cache\javacpp-1.5.9-windows-x86_64.jar\org\bytedeco\javacpp\windows-x86_64\api-ms-win-core-memory-l1-1-0.dll
0x000002975de60000 - 0x000002975de64000 	C:\Users\hardm\.javacpp\cache\javacpp-1.5.9-windows-x86_64.jar\org\bytedeco\javacpp\windows-x86_64\api-ms-win-core-util-l1-1-0.dll
0x000002975de70000 - 0x000002975de74000 	C:\Users\hardm\.javacpp\cache\javacpp-1.5.9-windows-x86_64.jar\org\bytedeco\javacpp\windows-x86_64\api-ms-win-core-interlocked-l1-1-0.dll
0x00007fff1ce60000 - 0x00007fff1cf71000 	C:\Users\hardm\.javacpp\cache\javacpp-1.5.9-windows-x86_64.jar\org\bytedeco\javacpp\windows-x86_64\ucrtbase.dll
0x00007fff3aa10000 - 0x00007fff3aa2b000 	C:\Users\hardm\.javacpp\cache\javacpp-1.5.9-windows-x86_64.jar\org\bytedeco\javacpp\windows-x86_64\vcruntime140.dll
0x00007fff3fe50000 - 0x00007fff3fe5c000 	C:\Users\hardm\.javacpp\cache\javacpp-1.5.9-windows-x86_64.jar\org\bytedeco\javacpp\windows-x86_64\vcruntime140_1.dll
0x00007fff2a530000 - 0x00007fff2a5bd000 	C:\Users\hardm\.javacpp\cache\javacpp-1.5.9-windows-x86_64.jar\org\bytedeco\javacpp\windows-x86_64\msvcp140.dll
0x00007fff3e6c0000 - 0x00007fff3e6c9000 	C:\Users\hardm\.javacpp\cache\javacpp-1.5.9-windows-x86_64.jar\org\bytedeco\javacpp\windows-x86_64\msvcp140_1.dll
0x00007fff2ba50000 - 0x00007fff2ba9e000 	C:\Users\hardm\.javacpp\cache\javacpp-1.5.9-windows-x86_64.jar\org\bytedeco\javacpp\windows-x86_64\concrt140.dll
0x00007fff29200000 - 0x00007fff29231000 	C:\Users\hardm\.javacpp\cache\javacpp-1.5.9-windows-x86_64.jar\org\bytedeco\javacpp\windows-x86_64\vcomp140.dll
0x00007fff3aa00000 - 0x00007fff3aa0f000 	C:\Users\hardm\.javacpp\cache\javacpp-1.5.9-windows-x86_64.jar\org\bytedeco\javacpp\windows-x86_64\jnijavacpp.dll
0x00007fff27e40000 - 0x00007fff27f20000 	C:\Users\hardm\.javacpp\cache\bullet-3.25-1.5.9-windows-x86_64.jar\org\bytedeco\bullet\windows-x86_64\jniLinearMath.dll
0x00007fff01430000 - 0x00007fff01690000 	C:\Users\hardm\.javacpp\cache\bullet-3.25-1.5.9-windows-x86_64.jar\org\bytedeco\bullet\windows-x86_64\jniBulletCollision.dll
0x00007ffee89c0000 - 0x00007ffee8c00000 	C:\Users\hardm\.javacpp\cache\bullet-3.25-1.5.9-windows-x86_64.jar\org\bytedeco\bullet\windows-x86_64\jniBulletDynamics.dll
0x00007fff29180000 - 0x00007fff291f5000 	C:\Users\hardm\AppData\Local\Temp\lwjglhardm\3.3.1-build-7\lwjgl.dll
0x00007fff285d0000 - 0x00007fff28631000 	C:\Users\hardm\AppData\Local\Temp\lwjglhardm\3.3.1-build-7\glfw.dll
0x00007fff0c190000 - 0x00007fff0c30e000 	C:\Program Files\Java\jdk-1.8\jre\bin\awt.dll
0x00007fff4e3e0000 - 0x00007fff4e4b7000 	C:\Windows\System32\OLEAUT32.dll
0x00007fff471b0000 - 0x00007fff47247000 	C:\Windows\SYSTEM32\apphelp.dll
0x00007fff49020000 - 0x00007fff4904b000 	C:\Windows\system32\DWMAPI.DLL
0x00007fff48da0000 - 0x00007fff48e4b000 	C:\Windows\system32\uxtheme.dll
0x00007fff2d0b0000 - 0x00007fff2d1b0000 	C:\Windows\system32\opengl32.dll
0x00007fff3ff00000 - 0x00007fff3ff2d000 	C:\Windows\SYSTEM32\GLU32.dll
0x00007fff49090000 - 0x00007fff490c8000 	C:\Windows\SYSTEM32\dxcore.dll
0x00007fff4e290000 - 0x00007fff4e3d9000 	C:\Windows\System32\MSCTF.dll
0x00007fff4dcf0000 - 0x00007fff4de8e000 	C:\Windows\System32\ole32.dll
0x00007fff4c220000 - 0x00007fff4c29a000 	C:\Windows\System32\bcryptPrimitives.dll
0x00007fff21cd0000 - 0x00007fff21e79000 	C:\Windows\system32\d3d9.dll
0x00007fff34490000 - 0x00007fff3454c000 	C:\Windows\System32\DriverStore\FileRepository\nv_dispi.inf_amd64_3c2bd4a1ec6d228e\nvldumdx.dll
0x00007fff4b560000 - 0x00007fff4b572000 	C:\Windows\SYSTEM32\msasn1.dll
0x00007fff465b0000 - 0x00007fff465e2000 	C:\Windows\SYSTEM32\cryptnet.dll
0x00007fff4b8c0000 - 0x00007fff4ba26000 	C:\Windows\System32\CRYPT32.dll
0x00007fff45680000 - 0x00007fff457d8000 	C:\Windows\SYSTEM32\drvstore.dll
0x00007fff4b580000 - 0x00007fff4b5ac000 	C:\Windows\SYSTEM32\devobj.dll
0x00007fff4b5b0000 - 0x00007fff4b5fe000 	C:\Windows\SYSTEM32\cfgmgr32.dll
0x00007fff4b180000 - 0x00007fff4b1cb000 	C:\Windows\SYSTEM32\wldp.dll

VM Arguments:
jvm_args: -agentlib:jdwp=transport=dt_socket,address=127.0.0.1:59872,suspend=y,server=n -javaagent:C:\Users\hardm\AppData\Local\JetBrains\IdeaIC2023.2\captureAgent\debugger-agent.jar=file:/C:/Users/hardm/AppData/Local/Temp/capture.props -Dfile.encoding=UTF-8 
java_command: ru.BouH.engine.game.Game
java_class_path (initial): C:\Program Files\Java\jdk-1.8\jre\lib\charsets.jar;C:\Program Files\Java\jdk-1.8\jre\lib\deploy.jar;C:\Program Files\Java\jdk-1.8\jre\lib\ext\access-bridge-64.jar;C:\Program Files\Java\jdk-1.8\jre\lib\ext\cldrdata.jar;C:\Program Files\Java\jdk-1.8\jre\lib\ext\dnsns.jar;C:\Program Files\Java\jdk-1.8\jre\lib\ext\jaccess.jar;C:\Program Files\Java\jdk-1.8\jre\lib\ext\jfxrt.jar;C:\Program Files\Java\jdk-1.8\jre\lib\ext\localedata.jar;C:\Program Files\Java\jdk-1.8\jre\lib\ext\nashorn.jar;C:\Program Files\Java\jdk-1.8\jre\lib\ext\sunec.jar;C:\Program Files\Java\jdk-1.8\jre\lib\ext\sunjce_provider.jar;C:\Program Files\Java\jdk-1.8\jre\lib\ext\sunmscapi.jar;C:\Program Files\Java\jdk-1.8\jre\lib\ext\sunpkcs11.jar;C:\Program Files\Java\jdk-1.8\jre\lib\ext\zipfs.jar;C:\Program Files\Java\jdk-1.8\jre\lib\javaws.jar;C:\Program Files\Java\jdk-1.8\jre\lib\jce.jar;C:\Program Files\Java\jdk-1.8\jre\lib\jfr.jar;C:\Program Files\Java\jdk-1.8\jre\lib\jfxswt.jar;C:\Program Files\Java\jdk-1.8\jre\lib\jsse.jar;C:\Program Files\Java\jdk-1.8\jre\lib\management-agent.jar;C:\Program Files\Java\jdk-1.8\jre\lib\plugin.jar;C:\Program Files\Java\jdk-1.8\jre\lib\resources.jar;C:\Program Files\Java\jdk-1.8\jre\lib\rt.jar;F:\game_test1\target\classes;C:\Users\hardm\.m2\repository\org\bytedeco\bullet-platform\3.25-1.5.9\bullet-platform-3.25-1.5.9.jar;C:\Users\hardm\.m2\repository\org\bytedeco\javacpp-platform\1.5.9\javacpp-platform-1.5.9.jar;C:\Users\hardm\.m2\repository\org\bytedeco\javacpp\1.5.9\javacpp-1.5.9-android-arm.jar;C:\Users\hardm\.m2\repository\org\bytedeco\javacpp\1.5.9\javacpp-1.5.9-android-arm64.jar;C:\Users\hardm\.m2\repository\org\bytedeco\javacpp\1.5.9\javacpp-1.5.9-android-x86.jar;C:\Users\hardm\.m2\repository\org\bytedeco\javacpp\1.5.9\javacpp-1.5.9-android-x86_64.jar;C:\Users\hardm\.m2\repository\org\bytedeco\javacpp\1.5.9\javacpp-1.5.9-ios-arm64.jar;C:\Users\hardm\.m2\repository\org\bytedeco\javacpp\1.5.9\javacpp-1.5.9-ios-x86_64.jar;C:\Users\hardm\.m
Launcher Type: SUN_STANDARD

Environment Variables:
JAVA_HOME=C:\Program Files\Java\jdk-1.8
PATH=C:\Program Files (x86)\Common Files\Oracle\Java\javapath;C:\Windows\system32;C:\Windows;C:\Windows\System32\Wbem;C:\Windows\System32\WindowsPowerShell\v1.0\;C:\Windows\System32\OpenSSH\;C:\Program Files\NVIDIA Corporation\NVIDIA NvDLISR;C:\Program Files\Git\cmd;C:\Program Files (x86)\NVIDIA Corporation\PhysX\Common;C:\Program Files\dotnet\;C:\Program Files\Java\jdk-1.8\bin;C:\Users\hardm\AppData\Local\Microsoft\WindowsApps;C:\Users\hardm\.dotnet\tools
USERNAME=hardm
OS=Windows_NT
PROCESSOR_IDENTIFIER=Intel64 Family 6 Model 151 Stepping 5, GenuineIntel



---------------  S Y S T E M  ---------------

OS: Windows 11 , 64 bit Build 22621 (10.0.22621.2215)

CPU:total 12 (initial active 12) (6 cores per cpu, 2 threads per core) family 6 model 151 stepping 5, cmov, cx8, fxsr, mmx, sse, sse2, sse3, ssse3, sse4.1, sse4.2, popcnt, avx, avx2, aes, clmul, erms, 3dnowpref, lzcnt, ht, tsc, tscinvbit, bmi1, bmi2, adx

Memory: 4k page, physical 33317992k(11625948k free), swap 39883748k(7808588k free)

vm_info: Java HotSpot(TM) 64-Bit Server VM (25.371-b11) for windows-amd64 JRE (1.8.0_371-b11), built on Mar 17 2023 04:03:45 by "java_re" with MS VC++ 17.1 (VS2022)

time: Fri Sep 15 00:43:47 2023
timezone: RTZ 2 ( Family 6 Model 151 Stepping 5, GenuineIntel
elapsed time: 3.872697 seconds (0d 0h 0m 3s)

