#
# A fatal error has been detected by the Java Runtime Environment:
#
#  EXCEPTION_ACCESS_VIOLATION (0xc0000005) at pc=0x00007ff8c043c2c3, pid=30516, tid=0x000000000000c04c
#
# JRE version: Java(TM) SE Runtime Environment (8.0_371) (build 1.8.0_371-b11)
# Java VM: Java HotSpot(TM) 64-Bit Server VM (25.371-b11 mixed mode windows-amd64 compressed oops)
# Problematic frame:
# C  0x00007ff8c043c2c3
#
# Failed to write core dump. Minidumps are not enabled by default on client versions of Windows
#
# If you would like to submit a bug report, please visit:
#   http://bugreport.java.com/bugreport/crash.jsp
# The crash happened outside the Java Virtual Machine in native code.
# See problematic frame for where to report the bug.
#

---------------  T H R E A D  ---------------

Current thread (0x00000254a359e000):  JavaThread "game" [_thread_in_native, id=49228, stack(0x000000d2f7800000,0x000000d2f7900000)]

siginfo: ExceptionCode=0xc0000005, reading address 0x000000000000008c

Registers:
RAX=0x00000218b40917bf, RBX=0x0000000000000001, RCX=0x0008307f4384c2e0, RDX=0x00000218b40917bf
RSP=0x000000d2f78fe670, RBP=0x0000000000000024, RSI=0x0000000000000024, RDI=0x0000000000000000
R8 =0x0000000000000127, R9 =0x0000000000000000, R10=0x00000000546c6148, R11=0x000009f22f820a93
R12=0x0000000000000004, R13=0x00000254ad083080, R14=0x0000000000000000, R15=0x0000000000001405
RIP=0x00007ff8c043c2c3, EFLAGS=0x0000000000010246

Top of Stack: (sp=0x000000d2f78fe670)
0x000000d2f78fe670:   0000000000000001 000000d2f78fe750
0x000000d2f78fe680:   000000005cb2bda0 00000254a18e2920
0x000000d2f78fe690:   00000005aefe9340 00007ff9201ec6e0
0x000000d2f78fe6a0:   00000254aefe9340 00000254a359e000
0x000000d2f78fe6b0:   0000000200000005 0000000000000004
0x000000d2f78fe6c0:   00000254ad0897d8 0000003800000003
0x000000d2f78fe6d0:   00000254aefe9340 00000254a359e000
0x000000d2f78fe6e0:   00000254a359e000 0000000000000000
0x000000d2f78fe6f0:   000000d2f78fe888 0000000000001405
0x000000d2f78fe700:   0000000000000004 00000254ad083080
0x000000d2f78fe710:   0000000000000024 000000d2f78fe848
0x000000d2f78fe720:   0000000000000000 00007ff8c009c9f6
0x000000d2f78fe730:   000000d2f78fe760 0000025400000004
0x000000d2f78fe740:   0000025400000000 0000025400000000
0x000000d2f78fe750:   0000025400000090 0000025400001405
0x000000d2f78fe760:   0000000000000000 0000025400000000 

Instructions: (pc=0x00007ff8c043c2c3)
0x00007ff8c043c2a3:   e9 07 00 00 bb 01 00 00 00 49 8d 8d 40 0c 8e 00
0x00007ff8c043c2b3:   8b d3 e8 e6 a1 e7 ff 41 81 ff 05 14 00 00 75 18
0x00007ff8c043c2c3:   41 8b 44 ae fc 4c 8d 65 ff 41 8b 0e 8b f8 3b c8
0x00007ff8c043c2d3:   0f 47 f9 0f 42 c1 eb 5d 41 81 ff 03 14 00 00 75 


Register to memory mapping:

RAX=0x00000218b40917bf is an unknown value
RBX=0x0000000000000001 is an unknown value
RCX=0x0008307f4384c2e0 is an unknown value
RDX=0x00000218b40917bf is an unknown value
RSP=0x000000d2f78fe670 is pointing into the stack for thread: 0x00000254a359e000
RBP=0x0000000000000024 is an unknown value
RSI=0x0000000000000024 is an unknown value
RDI=0x0000000000000000 is an unknown value
R8 =0x0000000000000127 is an unknown value
R9 =0x0000000000000000 is an unknown value
R10=0x00000000546c6148 is an unknown value
R11=0x000009f22f820a93 is an unknown value
R12=0x0000000000000004 is an unknown value
R13=0x00000254ad083080 is an unknown value
R14=0x0000000000000000 is an unknown value
R15=0x0000000000001405 is an unknown value


Stack: [0x000000d2f7800000,0x000000d2f7900000],  sp=0x000000d2f78fe670,  free space=1017k
Native frames: (J=compiled Java code, j=interpreted, Vv=VM code, C=native code)
C  0x00007ff8c043c2c3
C  0x00007ff8c009c9f6
C  0x0000025480024d27

Java frames: (J=compiled Java code, j=interpreted, Vv=VM code)
j  org.lwjgl.opengl.GL11C.nglDrawElements(IIIJ)V+0
j  org.lwjgl.opengl.GL11C.glDrawElements(IIIJ)V+4
j  org.lwjgl.opengl.GL11.glDrawElements(IIIJ)V+4
j  ru.BouH.engine.render.scene.scene_render.SkyRender.onRender(D)V+132
j  ru.BouH.engine.render.scene.Scene$SceneRenderConveyor.renderMainScene(DLjava/util/List;)V+43
j  ru.BouH.engine.render.scene.Scene$SceneRenderConveyor.renderSceneInFbo(DLjava/util/List;)V+14
j  ru.BouH.engine.render.scene.Scene$SceneRenderConveyor.onRender(DLjava/util/List;Ljava/util/List;)V+61
j  ru.BouH.engine.render.scene.Scene.renderSceneInterpolated(D)V+64
j  ru.BouH.engine.render.scene.Scene.renderScene(D)V+92
j  ru.BouH.engine.render.screen.Screen.inLoop(D)V+62
j  ru.BouH.engine.render.screen.Screen.renderLoop()V+134
j  ru.BouH.engine.render.screen.Screen.updateScreen()V+44
j  ru.BouH.engine.render.screen.Screen.startScreen()V+1
j  ru.BouH.engine.game.Game$EngineSystem.lambda$startSystem$0()V+31
j  ru.BouH.engine.game.Game$EngineSystem$$Lambda$36.run()V+4
j  java.lang.Thread.run()V+11
v  ~StubRoutines::call_stub

---------------  P R O C E S S  ---------------

Java Threads: ( => current thread )
  0x00000254a4f00000 JavaThread "D3D Screen Updater" daemon [_thread_blocked, id=40300, stack(0x000000d2f8090000,0x000000d2f8190000)]
  0x00000254a4ef8800 JavaThread "AWT-EventQueue-0" [_thread_blocked, id=39616, stack(0x000000d2f7f90000,0x000000d2f8090000)]
  0x00000254a19d7000 JavaThread "AWT-Windows" daemon [_thread_in_native, id=21524, stack(0x000000d2f7c00000,0x000000d2f7d00000)]
  0x00000254a19d6800 JavaThread "AWT-Shutdown" [_thread_blocked, id=33248, stack(0x000000d2f7b00000,0x000000d2f7c00000)]
  0x00000254a235f800 JavaThread "Java2D Disposer" daemon [_thread_blocked, id=11080, stack(0x000000d2f7a00000,0x000000d2f7b00000)]
  0x00000254a14d7800 JavaThread "physics" [_thread_blocked, id=44844, stack(0x000000d2f7900000,0x000000d2f7a00000)]
  0x00000254f9e85000 JavaThread "DestroyJavaVM" [_thread_blocked, id=50280, stack(0x000000d2f5e00000,0x000000d2f5f00000)]
=>0x00000254a359e000 JavaThread "game" [_thread_in_native, id=49228, stack(0x000000d2f7800000,0x000000d2f7900000)]
  0x00000254a1b3a800 JavaThread "JavaCPP Deallocator" daemon [_thread_blocked, id=34380, stack(0x000000d2f7700000,0x000000d2f7800000)]
  0x00000254a08e3800 JavaThread "Service Thread" daemon [_thread_blocked, id=4436, stack(0x000000d2f7500000,0x000000d2f7600000)]
  0x00000254a085f000 JavaThread "C1 CompilerThread3" daemon [_thread_blocked, id=49088, stack(0x000000d2f7400000,0x000000d2f7500000)]
  0x00000254a0854000 JavaThread "C2 CompilerThread2" daemon [_thread_blocked, id=49396, stack(0x000000d2f7300000,0x000000d2f7400000)]
  0x00000254a0853800 JavaThread "C2 CompilerThread1" daemon [_thread_blocked, id=39884, stack(0x000000d2f7200000,0x000000d2f7300000)]
  0x00000254a0852000 JavaThread "C2 CompilerThread0" daemon [_thread_blocked, id=47400, stack(0x000000d2f7100000,0x000000d2f7200000)]
  0x00000254a07e4800 JavaThread "JDWP Command Reader" daemon [_thread_in_native, id=32968, stack(0x000000d2f7000000,0x000000d2f7100000)]
  0x00000254ff56d800 JavaThread "JDWP Event Helper Thread" daemon [_thread_blocked, id=50396, stack(0x000000d2f6f00000,0x000000d2f7000000)]
  0x00000254ff56b000 JavaThread "JDWP Transport Listener: dt_socket" daemon [_thread_blocked, id=49952, stack(0x000000d2f6e00000,0x000000d2f6f00000)]
  0x00000254ff554800 JavaThread "Attach Listener" daemon [_thread_blocked, id=26520, stack(0x000000d2f6d00000,0x000000d2f6e00000)]
  0x00000254ff550000 JavaThread "Signal Dispatcher" daemon [_thread_blocked, id=34908, stack(0x000000d2f6c00000,0x000000d2f6d00000)]
  0x00000254ff530000 JavaThread "Finalizer" daemon [_thread_blocked, id=25140, stack(0x000000d2f6b00000,0x000000d2f6c00000)]
  0x00000254ff529800 JavaThread "Reference Handler" daemon [_thread_blocked, id=7580, stack(0x000000d2f6a00000,0x000000d2f6b00000)]

Other Threads:
  0x00000254ff504800 VMThread [stack: 0x000000d2f6900000,0x000000d2f6a00000] [id=15192]
  0x00000254a093a000 WatcherThread [stack: 0x000000d2f7600000,0x000000d2f7700000] [id=17680]

VM state:not at safepoint (normal execution)

VM Mutex/Monitor currently owned by a thread: None

heap address: 0x00000005c3800000, size: 8136 MB, Compressed Oops mode: Zero based, Oop shift amount: 3
Narrow klass base: 0x0000000000000000, Narrow klass shift: 3
Compressed class space size: 1073741824 Address: 0x00000007c0000000

Heap:
 PSYoungGen      total 152576K, used 66358K [0x0000000716800000, 0x0000000721200000, 0x00000007c0000000)
  eden space 131072K, 50% used [0x0000000716800000,0x000000071a8cdaa8,0x000000071e800000)
  from space 21504K, 0% used [0x000000071fd00000,0x000000071fd00000,0x0000000721200000)
  to   space 21504K, 0% used [0x000000071e800000,0x000000071e800000,0x000000071fd00000)
 ParOldGen       total 221696K, used 4925K [0x00000005c3800000, 0x00000005d1080000, 0x0000000716800000)
  object space 221696K, 2% used [0x00000005c3800000,0x00000005c3ccf418,0x00000005d1080000)
 Metaspace       used 28803K, capacity 29230K, committed 29696K, reserved 1075200K
  class space    used 3170K, capacity 3319K, committed 3328K, reserved 1048576K

Card table byte_map: [0x00000254fbd60000,0x00000254fcd50000] byte_map_base: 0x00000254f8f44000

Marking Bits: (ParMarkBitMap*) 0x000000005cd6d980
 Begin Bits: [0x000002548f000000, 0x0000025496f20000)
 End Bits:   [0x0000025496f20000, 0x000002549ee40000)

Polling page: 0x00000254fa140000

CodeCache: size=245760Kb used=8562Kb max_used=8571Kb free=237197Kb
 bounds [0x0000025480000000, 0x0000025480870000, 0x000002548f000000]
 total_blobs=3379 nmethods=2107 adapters=1192
 compilation: enabled

Compilation events (10 events):
Event: 3.278 Thread 0x00000254a085f000 2102       3       ru.BouH.engine.render.environment.light.PointLight::getLightPos (19 bytes)
Event: 3.278 Thread 0x00000254a0854000 nmethod 2105 0x000002548085ea10 code [0x000002548085eb40, 0x000002548085ebf8]
Event: 3.278 Thread 0x00000254a085f000 nmethod 2102 0x000002548085b890 code [0x000002548085ba40, 0x000002548085bf40]
Event: 3.278 Thread 0x00000254a085f000 2103       3       ru.BouH.engine.render.environment.light.PointLight::getOffset (12 bytes)
Event: 3.278 Thread 0x00000254a085f000 nmethod 2103 0x000002548085b150 code [0x000002548085b2e0, 0x000002548085b698]
Event: 3.278 Thread 0x00000254a0852000 nmethod 2106 0x000002548085ae10 code [0x000002548085af60, 0x000002548085b038]
Event: 3.278 Thread 0x00000254a085f000 2104       3       org.joml.Vector4d::<init> (40 bytes)
Event: 3.278 Thread 0x00000254a085f000 nmethod 2104 0x000002548085e2d0 code [0x000002548085e460, 0x000002548085e7f8]
Event: 3.292 Thread 0x00000254a0853800 2107  s    4       java.lang.StringBuffer::append (13 bytes)
Event: 3.295 Thread 0x00000254a0853800 nmethod 2107 0x0000025480862390 code [0x0000025480862500, 0x0000025480862d08]

GC Heap History (6 events):
Event: 0.789 GC heap before
{Heap before GC invocations=1 (full 0):
 PSYoungGen      total 152576K, used 131072K [0x0000000716800000, 0x0000000721200000, 0x00000007c0000000)
  eden space 131072K, 100% used [0x0000000716800000,0x000000071e800000,0x000000071e800000)
  from space 21504K, 0% used [0x000000071fd00000,0x000000071fd00000,0x0000000721200000)
  to   space 21504K, 0% used [0x000000071e800000,0x000000071e800000,0x000000071fd00000)
 ParOldGen       total 348160K, used 0K [0x00000005c3800000, 0x00000005d8c00000, 0x0000000716800000)
  object space 348160K, 0% used [0x00000005c3800000,0x00000005c3800000,0x00000005d8c00000)
 Metaspace       used 15473K, capacity 15732K, committed 15872K, reserved 1062912K
  class space    used 1912K, capacity 2010K, committed 2048K, reserved 1048576K
Event: 0.793 GC heap after
Heap after GC invocations=1 (full 0):
 PSYoungGen      total 152576K, used 8119K [0x0000000716800000, 0x0000000721200000, 0x00000007c0000000)
  eden space 131072K, 0% used [0x0000000716800000,0x0000000716800000,0x000000071e800000)
  from space 21504K, 37% used [0x000000071e800000,0x000000071efedd08,0x000000071fd00000)
  to   space 21504K, 0% used [0x000000071fd00000,0x000000071fd00000,0x0000000721200000)
 ParOldGen       total 348160K, used 16K [0x00000005c3800000, 0x00000005d8c00000, 0x0000000716800000)
  object space 348160K, 0% used [0x00000005c3800000,0x00000005c3804000,0x00000005d8c00000)
 Metaspace       used 15473K, capacity 15732K, committed 15872K, reserved 1062912K
  class space    used 1912K, capacity 2010K, committed 2048K, reserved 1048576K
}
Event: 1.169 GC heap before
{Heap before GC invocations=2 (full 0):
 PSYoungGen      total 152576K, used 52413K [0x0000000716800000, 0x0000000721200000, 0x00000007c0000000)
  eden space 131072K, 33% used [0x0000000716800000,0x0000000719341ad8,0x000000071e800000)
  from space 21504K, 37% used [0x000000071e800000,0x000000071efedd08,0x000000071fd00000)
  to   space 21504K, 0% used [0x000000071fd00000,0x000000071fd00000,0x0000000721200000)
 ParOldGen       total 348160K, used 16K [0x00000005c3800000, 0x00000005d8c00000, 0x0000000716800000)
  object space 348160K, 0% used [0x00000005c3800000,0x00000005c3804000,0x00000005d8c00000)
 Metaspace       used 20716K, capacity 21030K, committed 21296K, reserved 1069056K
  class space    used 2546K, capacity 2642K, committed 2688K, reserved 1048576K
Event: 1.172 GC heap after
Heap after GC invocations=2 (full 0):
 PSYoungGen      total 152576K, used 5128K [0x0000000716800000, 0x0000000721200000, 0x00000007c0000000)
  eden space 131072K, 0% used [0x0000000716800000,0x0000000716800000,0x000000071e800000)
  from space 21504K, 23% used [0x000000071fd00000,0x00000007202020b0,0x0000000721200000)
  to   space 21504K, 0% used [0x000000071e800000,0x000000071e800000,0x000000071fd00000)
 ParOldGen       total 348160K, used 24K [0x00000005c3800000, 0x00000005d8c00000, 0x0000000716800000)
  object space 348160K, 0% used [0x00000005c3800000,0x00000005c3806000,0x00000005d8c00000)
 Metaspace       used 20716K, capacity 21030K, committed 21296K, reserved 1069056K
  class space    used 2546K, capacity 2642K, committed 2688K, reserved 1048576K
}
Event: 1.172 GC heap before
{Heap before GC invocations=3 (full 1):
 PSYoungGen      total 152576K, used 5128K [0x0000000716800000, 0x0000000721200000, 0x00000007c0000000)
  eden space 131072K, 0% used [0x0000000716800000,0x0000000716800000,0x000000071e800000)
  from space 21504K, 23% used [0x000000071fd00000,0x00000007202020b0,0x0000000721200000)
  to   space 21504K, 0% used [0x000000071e800000,0x000000071e800000,0x000000071fd00000)
 ParOldGen       total 348160K, used 24K [0x00000005c3800000, 0x00000005d8c00000, 0x0000000716800000)
  object space 348160K, 0% used [0x00000005c3800000,0x00000005c3806000,0x00000005d8c00000)
 Metaspace       used 20716K, capacity 21030K, committed 21296K, reserved 1069056K
  class space    used 2546K, capacity 2642K, committed 2688K, reserved 1048576K
Event: 1.187 GC heap after
Heap after GC invocations=3 (full 1):
 PSYoungGen      total 152576K, used 0K [0x0000000716800000, 0x0000000721200000, 0x00000007c0000000)
  eden space 131072K, 0% used [0x0000000716800000,0x0000000716800000,0x000000071e800000)
  from space 21504K, 0% used [0x000000071fd00000,0x000000071fd00000,0x0000000721200000)
  to   space 21504K, 0% used [0x000000071e800000,0x000000071e800000,0x000000071fd00000)
 ParOldGen       total 221696K, used 4925K [0x00000005c3800000, 0x00000005d1080000, 0x0000000716800000)
  object space 221696K, 2% used [0x00000005c3800000,0x00000005c3ccf418,0x00000005d1080000)
 Metaspace       used 20701K, capacity 20982K, committed 21296K, reserved 1069056K
  class space    used 2541K, capacity 2634K, committed 2688K, reserved 1048576K
}

Deoptimization events (10 events):
Event: 1.160 Thread 0x00000254a19d7000 Uncommon trap: reason=unstable_if action=reinterpret pc=0x000002548060d8a4 method=com.intellij.rt.debugger.agent.CaptureAgent$CaptureTransformer.transform(Ljava/lang/ClassLoader;Ljava/lang/String;Ljava/lang/Class;Ljava/security/ProtectionDomain;[B)[B @ 36
Event: 1.595 Thread 0x00000254a359e000 Uncommon trap: reason=unstable_if action=reinterpret pc=0x0000025480160c98 method=sun.nio.cs.SingleByte$Encoder.encode(C)I @ 13
Event: 1.597 Thread 0x00000254a359e000 Uncommon trap: reason=unstable_if action=reinterpret pc=0x00000254806fe460 method=java.lang.Character.isSurrogate(C)Z @ 3
Event: 1.597 Thread 0x00000254a359e000 Uncommon trap: reason=unstable_if action=reinterpret pc=0x00000254806fe670 method=java.lang.Character.isSurrogate(C)Z @ 3
Event: 1.600 Thread 0x00000254a359e000 Uncommon trap: reason=unstable_if action=reinterpret pc=0x0000025480535c3c method=java.io.File.getParent()Ljava/lang/String; @ 16
Event: 1.602 Thread 0x00000254a359e000 Uncommon trap: reason=unstable_if action=reinterpret pc=0x0000025480285fd8 method=java.lang.CharacterData.of(I)Ljava/lang/CharacterData; @ 4
Event: 1.666 Thread 0x00000254a359e000 Uncommon trap: reason=class_check action=maybe_recompile pc=0x00000254805cc56c method=java.util.AbstractList$Itr.hasNext()Z @ 8
Event: 1.666 Thread 0x00000254a359e000 Uncommon trap: reason=class_check action=maybe_recompile pc=0x00000254805e70b8 method=java.util.AbstractList$Itr.next()Ljava/lang/Object; @ 14
Event: 3.162 Thread 0x00000254a359e000 Uncommon trap: reason=unstable_if action=reinterpret pc=0x0000025480701908 method=jdk.internal.org.objectweb.asm.Type.getArgumentsAndReturnSizes(Ljava/lang/String;)I @ 88
Event: 3.220 Thread 0x00000254a4f04800 Uncommon trap: reason=unstable_if action=reinterpret pc=0x000002548083d944 method=java.util.concurrent.atomic.AtomicBoolean.get()Z @ 4

Classes redefined (0 events):
No events

Internal exceptions (10 events):
Event: 1.250 Thread 0x00000254a359e000 Exception <a 'java/security/PrivilegedActionException'> (0x00000007174b0988) thrown at [C:\jenkins\workspace\8-2-build-windows-x64-cygwin\jdk8u371\3355\hotspot\src\share\vm\prims\jvm.cpp, line 1513]
Event: 1.250 Thread 0x00000254a359e000 Exception <a 'java/security/PrivilegedActionException'> (0x00000007174b2390) thrown at [C:\jenkins\workspace\8-2-build-windows-x64-cygwin\jdk8u371\3355\hotspot\src\share\vm\prims\jvm.cpp, line 1513]
Event: 1.250 Thread 0x00000254a359e000 Exception <a 'java/security/PrivilegedActionException'> (0x00000007174b25a0) thrown at [C:\jenkins\workspace\8-2-build-windows-x64-cygwin\jdk8u371\3355\hotspot\src\share\vm\prims\jvm.cpp, line 1513]
Event: 1.283 Thread 0x00000254a359e000 Exception <a 'sun/nio/fs/WindowsException'> (0x00000007178b1bc8) thrown at [C:\jenkins\workspace\8-2-build-windows-x64-cygwin\jdk8u371\3355\hotspot\src\share\vm\prims\jni.cpp, line 710]
Event: 1.283 Thread 0x00000254a359e000 Exception <a 'sun/nio/fs/WindowsException'> (0x00000007178b2290) thrown at [C:\jenkins\workspace\8-2-build-windows-x64-cygwin\jdk8u371\3355\hotspot\src\share\vm\prims\jni.cpp, line 710]
Event: 1.477 Thread 0x00000254a359e000 Exception <a 'sun/nio/fs/WindowsException'> (0x0000000717a05e40) thrown at [C:\jenkins\workspace\8-2-build-windows-x64-cygwin\jdk8u371\3355\hotspot\src\share\vm\prims\jni.cpp, line 710]
Event: 1.477 Thread 0x00000254a359e000 Exception <a 'sun/nio/fs/WindowsException'> (0x0000000717a06570) thrown at [C:\jenkins\workspace\8-2-build-windows-x64-cygwin\jdk8u371\3355\hotspot\src\share\vm\prims\jni.cpp, line 710]
Event: 1.482 Thread 0x00000254a359e000 Exception <a 'sun/nio/fs/WindowsException'> (0x0000000717a29670) thrown at [C:\jenkins\workspace\8-2-build-windows-x64-cygwin\jdk8u371\3355\hotspot\src\share\vm\prims\jni.cpp, line 710]
Event: 1.482 Thread 0x00000254a359e000 Exception <a 'sun/nio/fs/WindowsException'> (0x0000000717a29c50) thrown at [C:\jenkins\workspace\8-2-build-windows-x64-cygwin\jdk8u371\3355\hotspot\src\share\vm\prims\jni.cpp, line 710]
Event: 3.162 Thread 0x00000254a359e000 Exception <a 'java/lang/NoSuchMethodError': java.lang.Object.lambda$comparingInt$7b0bb60$1(Ljava/util/function/ToIntFunction;Ljava/lang/Object;Ljava/lang/Object;)I> (0x0000000719de9fb0) thrown at [C:\jenkins\workspace\8-2-build-windows-x64-cygwin\jdk8u371

Events (10 events):
Event: 3.320 Thread 0x00000254a359e000 DEOPT PACKING pc=0x00000254801cada4 sp=0x000000d2f78fcb30
Event: 3.320 Thread 0x00000254a359e000 DEOPT UNPACKING pc=0x0000025480047918 sp=0x000000d2f78fc950 mode 1
Event: 3.320 loading class org/joml/Quaternionfc
Event: 3.320 loading class org/joml/Quaternionfc done
Event: 3.321 Thread 0x00000254a359e000 DEOPT PACKING pc=0x00000254802b8839 sp=0x000000d2f78fa2b0
Event: 3.321 Thread 0x00000254a359e000 DEOPT UNPACKING pc=0x0000025480047918 sp=0x000000d2f78fa000 mode 1
Event: 3.321 Thread 0x00000254a359e000 DEOPT PACKING pc=0x00000254801cb014 sp=0x000000d2f78fa330
Event: 3.321 Thread 0x00000254a359e000 DEOPT UNPACKING pc=0x0000025480047918 sp=0x000000d2f78fa150 mode 1
Event: 3.321 Thread 0x00000254a359e000 DEOPT PACKING pc=0x00000254801cada4 sp=0x000000d2f78fa4c0
Event: 3.321 Thread 0x00000254a359e000 DEOPT UNPACKING pc=0x0000025480047918 sp=0x000000d2f78fa2e0 mode 1


Dynamic libraries:
0x00007ff776620000 - 0x00007ff77666a000 	C:\Program Files\Java\jdk-1.8\bin\java.exe
0x00007ff973f10000 - 0x00007ff974127000 	C:\Windows\SYSTEM32\ntdll.dll
0x00007ff9721f0000 - 0x00007ff9722b4000 	C:\Windows\System32\KERNEL32.DLL
0x00007ff971790000 - 0x00007ff971b36000 	C:\Windows\System32\KERNELBASE.dll
0x00007ff972680000 - 0x00007ff972731000 	C:\Windows\System32\ADVAPI32.dll
0x00007ff971e30000 - 0x00007ff971ed7000 	C:\Windows\System32\msvcrt.dll
0x00007ff972b90000 - 0x00007ff972c35000 	C:\Windows\System32\sechost.dll
0x00007ff971c60000 - 0x00007ff971d77000 	C:\Windows\System32\RPCRT4.dll
0x00007ff972c40000 - 0x00007ff972dee000 	C:\Windows\System32\USER32.dll
0x00007ff971590000 - 0x00007ff9715b6000 	C:\Windows\System32\win32u.dll
0x00007ff9724f0000 - 0x00007ff972519000 	C:\Windows\System32\GDI32.dll
0x00007ff971b40000 - 0x00007ff971c58000 	C:\Windows\System32\gdi32full.dll
0x00007ff9715c0000 - 0x00007ff97165a000 	C:\Windows\System32\msvcp_win.dll
0x00007ff971280000 - 0x00007ff971391000 	C:\Windows\System32\ucrtbase.dll
0x00007ff947120000 - 0x00007ff9473b3000 	C:\Windows\WinSxS\amd64_microsoft.windows.common-controls_6595b64144ccf1df_6.0.22621.2506_none_270c5ae97388e100\COMCTL32.dll
0x00007ff971ee0000 - 0x00007ff971f11000 	C:\Windows\System32\IMM32.DLL
0x00007ff9454a0000 - 0x00007ff9454bb000 	C:\Program Files\Java\jdk-1.8\jre\bin\vcruntime140.dll
0x00007ff95c440000 - 0x00007ff95c44c000 	C:\Program Files\Java\jdk-1.8\jre\bin\vcruntime140_1.dll
0x00007ff900b70000 - 0x00007ff900bfe000 	C:\Program Files\Java\jdk-1.8\jre\bin\msvcp140.dll
0x000000005c540000 - 0x000000005cde7000 	C:\Program Files\Java\jdk-1.8\jre\bin\server\jvm.dll
0x00007ff972b80000 - 0x00007ff972b88000 	C:\Windows\System32\PSAPI.DLL
0x00007ff966ff0000 - 0x00007ff967024000 	C:\Windows\SYSTEM32\WINMM.dll
0x00007ff8f6f30000 - 0x00007ff8f6f39000 	C:\Windows\SYSTEM32\WSOCK32.dll
0x00007ff96ab20000 - 0x00007ff96ab2a000 	C:\Windows\SYSTEM32\VERSION.dll
0x00007ff9722c0000 - 0x00007ff972331000 	C:\Windows\System32\WS2_32.dll
0x00007ff970370000 - 0x00007ff970388000 	C:\Windows\SYSTEM32\kernel.appcore.dll
0x00007ff95c240000 - 0x00007ff95c250000 	C:\Program Files\Java\jdk-1.8\jre\bin\verify.dll
0x00007ff943210000 - 0x00007ff94323b000 	C:\Program Files\Java\jdk-1.8\jre\bin\java.dll
0x00007ff951ee0000 - 0x00007ff951f16000 	C:\Program Files\Java\jdk-1.8\jre\bin\jdwp.dll
0x00007ff969180000 - 0x00007ff969189000 	C:\Program Files\Java\jdk-1.8\jre\bin\npt.dll
0x00007ff945320000 - 0x00007ff945354000 	C:\Program Files\Java\jdk-1.8\jre\bin\instrument.dll
0x00007ff945480000 - 0x00007ff945498000 	C:\Program Files\Java\jdk-1.8\jre\bin\zip.dll
0x00007ff973050000 - 0x00007ff9738aa000 	C:\Windows\System32\SHELL32.dll
0x00007ff96f1b0000 - 0x00007ff96faa6000 	C:\Windows\SYSTEM32\windows.storage.dll
0x00007ff972740000 - 0x00007ff972ac9000 	C:\Windows\System32\combase.dll
0x00007ff96f070000 - 0x00007ff96f1ae000 	C:\Windows\SYSTEM32\wintypes.dll
0x00007ff972580000 - 0x00007ff972673000 	C:\Windows\System32\SHCORE.dll
0x00007ff972f60000 - 0x00007ff972fbe000 	C:\Windows\System32\shlwapi.dll
0x00007ff9711b0000 - 0x00007ff9711d6000 	C:\Windows\SYSTEM32\profapi.dll
0x00007ff967fa0000 - 0x00007ff967faa000 	C:\Program Files\Java\jdk-1.8\jre\bin\dt_socket.dll
0x00007ff9707f0000 - 0x00007ff970859000 	C:\Windows\system32\mswsock.dll
0x00007ff955250000 - 0x00007ff95525d000 	C:\Program Files\Java\jdk-1.8\jre\bin\management.dll
0x00007ff945220000 - 0x00007ff94523c000 	C:\Program Files\Java\jdk-1.8\jre\bin\net.dll
0x00007ff951eb0000 - 0x00007ff951ec7000 	C:\Windows\system32\napinsp.dll
0x00007ff951e90000 - 0x00007ff951eab000 	C:\Windows\system32\pnrpnsp.dll
0x00007ff96fdf0000 - 0x00007ff96fee9000 	C:\Windows\SYSTEM32\DNSAPI.dll
0x00007ff96fd80000 - 0x00007ff96fdad000 	C:\Windows\SYSTEM32\IPHLPAPI.DLL
0x00007ff972570000 - 0x00007ff972579000 	C:\Windows\System32\NSI.dll
0x00007ff951e70000 - 0x00007ff951e81000 	C:\Windows\System32\winrnr.dll
0x00007ff96a8e0000 - 0x00007ff96a8f5000 	C:\Windows\system32\wshbth.dll
0x00007ff951df0000 - 0x00007ff951e11000 	C:\Windows\system32\nlansp_c.dll
0x00007ff969320000 - 0x00007ff96932a000 	C:\Windows\System32\rasadhlp.dll
0x00007ff96a900000 - 0x00007ff96a983000 	C:\Windows\System32\fwpuclnt.dll
0x00007ff945050000 - 0x00007ff945063000 	C:\Program Files\Java\jdk-1.8\jre\bin\nio.dll
0x00000254a2af0000 - 0x00000254a2af4000 	C:\Users\hardm\.javacpp\cache\javacpp-1.5.9-windows-x86_64.jar\org\bytedeco\javacpp\windows-x86_64\api-ms-win-crt-locale-l1-1-0.dll
0x00000254a2b00000 - 0x00000254a2b05000 	C:\Users\hardm\.javacpp\cache\javacpp-1.5.9-windows-x86_64.jar\org\bytedeco\javacpp\windows-x86_64\api-ms-win-crt-string-l1-1-0.dll
0x00000254a2b10000 - 0x00000254a2b15000 	C:\Users\hardm\.javacpp\cache\javacpp-1.5.9-windows-x86_64.jar\org\bytedeco\javacpp\windows-x86_64\api-ms-win-crt-stdio-l1-1-0.dll
0x00000254a2b20000 - 0x00000254a2b26000 	C:\Users\hardm\.javacpp\cache\javacpp-1.5.9-windows-x86_64.jar\org\bytedeco\javacpp\windows-x86_64\api-ms-win-crt-math-l1-1-0.dll
0x00000254a2b30000 - 0x00000254a2b34000 	C:\Users\hardm\.javacpp\cache\javacpp-1.5.9-windows-x86_64.jar\org\bytedeco\javacpp\windows-x86_64\api-ms-win-crt-heap-l1-1-0.dll
0x00000254a2b40000 - 0x00000254a2b45000 	C:\Users\hardm\.javacpp\cache\javacpp-1.5.9-windows-x86_64.jar\org\bytedeco\javacpp\windows-x86_64\api-ms-win-crt-runtime-l1-1-0.dll
0x00000254a2b50000 - 0x00000254a2b55000 	C:\Users\hardm\.javacpp\cache\javacpp-1.5.9-windows-x86_64.jar\org\bytedeco\javacpp\windows-x86_64\api-ms-win-crt-convert-l1-1-0.dll
0x00000254a2b60000 - 0x00000254a2b64000 	C:\Users\hardm\.javacpp\cache\javacpp-1.5.9-windows-x86_64.jar\org\bytedeco\javacpp\windows-x86_64\api-ms-win-crt-environment-l1-1-0.dll
0x00000254a2b70000 - 0x00000254a2b74000 	C:\Users\hardm\.javacpp\cache\javacpp-1.5.9-windows-x86_64.jar\org\bytedeco\javacpp\windows-x86_64\api-ms-win-crt-time-l1-1-0.dll
0x00000254a2b80000 - 0x00000254a2b84000 	C:\Users\hardm\.javacpp\cache\javacpp-1.5.9-windows-x86_64.jar\org\bytedeco\javacpp\windows-x86_64\api-ms-win-crt-filesystem-l1-1-0.dll
0x00000254a2b90000 - 0x00000254a2b94000 	C:\Users\hardm\.javacpp\cache\javacpp-1.5.9-windows-x86_64.jar\org\bytedeco\javacpp\windows-x86_64\api-ms-win-crt-utility-l1-1-0.dll
0x00000254a2ba0000 - 0x00000254a2ba6000 	C:\Users\hardm\.javacpp\cache\javacpp-1.5.9-windows-x86_64.jar\org\bytedeco\javacpp\windows-x86_64\api-ms-win-crt-multibyte-l1-1-0.dll
0x00000254a2bb0000 - 0x00000254a2bb4000 	C:\Users\hardm\.javacpp\cache\javacpp-1.5.9-windows-x86_64.jar\org\bytedeco\javacpp\windows-x86_64\api-ms-win-crt-conio-l1-1-0.dll
0x00000254a2bc0000 - 0x00000254a2bd1000 	C:\Users\hardm\.javacpp\cache\javacpp-1.5.9-windows-x86_64.jar\org\bytedeco\javacpp\windows-x86_64\api-ms-win-crt-private-l1-1-0.dll
0x00000254a2be0000 - 0x00000254a2be4000 	C:\Users\hardm\.javacpp\cache\javacpp-1.5.9-windows-x86_64.jar\org\bytedeco\javacpp\windows-x86_64\api-ms-win-crt-process-l1-1-0.dll
0x00000254a2bf0000 - 0x00000254a2bf4000 	C:\Users\hardm\.javacpp\cache\javacpp-1.5.9-windows-x86_64.jar\org\bytedeco\javacpp\windows-x86_64\api-ms-win-core-console-l1-2-0.dll
0x00000254a2c00000 - 0x00000254a2c04000 	C:\Users\hardm\.javacpp\cache\javacpp-1.5.9-windows-x86_64.jar\org\bytedeco\javacpp\windows-x86_64\api-ms-win-core-string-l1-1-0.dll
0x00000254a2c10000 - 0x00000254a2c14000 	C:\Users\hardm\.javacpp\cache\javacpp-1.5.9-windows-x86_64.jar\org\bytedeco\javacpp\windows-x86_64\api-ms-win-core-errorhandling-l1-1-0.dll
0x00000254a2c20000 - 0x00000254a2c24000 	C:\Users\hardm\.javacpp\cache\javacpp-1.5.9-windows-x86_64.jar\org\bytedeco\javacpp\windows-x86_64\api-ms-win-core-timezone-l1-1-0.dll
0x00000254a2c30000 - 0x00000254a2c35000 	C:\Users\hardm\.javacpp\cache\javacpp-1.5.9-windows-x86_64.jar\org\bytedeco\javacpp\windows-x86_64\api-ms-win-core-file-l1-1-0.dll
0x00000254a2c40000 - 0x00000254a2c44000 	C:\Users\hardm\.javacpp\cache\javacpp-1.5.9-windows-x86_64.jar\org\bytedeco\javacpp\windows-x86_64\api-ms-win-core-namedpipe-l1-1-0.dll
0x00000254a2c50000 - 0x00000254a2c54000 	C:\Users\hardm\.javacpp\cache\javacpp-1.5.9-windows-x86_64.jar\org\bytedeco\javacpp\windows-x86_64\api-ms-win-core-handle-l1-1-0.dll
0x00000254a2c60000 - 0x00000254a2c64000 	C:\Users\hardm\.javacpp\cache\javacpp-1.5.9-windows-x86_64.jar\org\bytedeco\javacpp\windows-x86_64\api-ms-win-core-file-l2-1-0.dll
0x00000254a3c40000 - 0x00000254a3c44000 	C:\Users\hardm\.javacpp\cache\javacpp-1.5.9-windows-x86_64.jar\org\bytedeco\javacpp\windows-x86_64\api-ms-win-core-heap-l1-1-0.dll
0x00000254a3c50000 - 0x00000254a3c54000 	C:\Users\hardm\.javacpp\cache\javacpp-1.5.9-windows-x86_64.jar\org\bytedeco\javacpp\windows-x86_64\api-ms-win-core-libraryloader-l1-1-0.dll
0x00000254a3c60000 - 0x00000254a3c64000 	C:\Users\hardm\.javacpp\cache\javacpp-1.5.9-windows-x86_64.jar\org\bytedeco\javacpp\windows-x86_64\api-ms-win-core-synch-l1-1-0.dll
0x00000254a3c70000 - 0x00000254a3c74000 	C:\Users\hardm\.javacpp\cache\javacpp-1.5.9-windows-x86_64.jar\org\bytedeco\javacpp\windows-x86_64\api-ms-win-core-processthreads-l1-1-0.dll
0x00000254a3c80000 - 0x00000254a3c84000 	C:\Users\hardm\.javacpp\cache\javacpp-1.5.9-windows-x86_64.jar\org\bytedeco\javacpp\windows-x86_64\api-ms-win-core-processenvironment-l1-1-0.dll
0x00000254a3c90000 - 0x00000254a3c94000 	C:\Users\hardm\.javacpp\cache\javacpp-1.5.9-windows-x86_64.jar\org\bytedeco\javacpp\windows-x86_64\api-ms-win-core-datetime-l1-1-0.dll
0x00000254a3ca0000 - 0x00000254a3ca4000 	C:\Users\hardm\.javacpp\cache\javacpp-1.5.9-windows-x86_64.jar\org\bytedeco\javacpp\windows-x86_64\api-ms-win-core-localization-l1-2-0.dll
0x00000254a3cb0000 - 0x00000254a3cb4000 	C:\Users\hardm\.javacpp\cache\javacpp-1.5.9-windows-x86_64.jar\org\bytedeco\javacpp\windows-x86_64\api-ms-win-core-sysinfo-l1-1-0.dll
0x00000254a3cc0000 - 0x00000254a3cc4000 	C:\Users\hardm\.javacpp\cache\javacpp-1.5.9-windows-x86_64.jar\org\bytedeco\javacpp\windows-x86_64\api-ms-win-core-synch-l1-2-0.dll
0x00000254a3cd0000 - 0x00000254a3cd4000 	C:\Users\hardm\.javacpp\cache\javacpp-1.5.9-windows-x86_64.jar\org\bytedeco\javacpp\windows-x86_64\api-ms-win-core-console-l1-1-0.dll
0x00000254a3ce0000 - 0x00000254a3ce4000 	C:\Users\hardm\.javacpp\cache\javacpp-1.5.9-windows-x86_64.jar\org\bytedeco\javacpp\windows-x86_64\api-ms-win-core-debug-l1-1-0.dll
0x00000254a3cf0000 - 0x00000254a3cf4000 	C:\Users\hardm\.javacpp\cache\javacpp-1.5.9-windows-x86_64.jar\org\bytedeco\javacpp\windows-x86_64\api-ms-win-core-rtlsupport-l1-1-0.dll
0x00000254a3d00000 - 0x00000254a3d04000 	C:\Users\hardm\.javacpp\cache\javacpp-1.5.9-windows-x86_64.jar\org\bytedeco\javacpp\windows-x86_64\api-ms-win-core-processthreads-l1-1-1.dll
0x00000254a3d10000 - 0x00000254a3d14000 	C:\Users\hardm\.javacpp\cache\javacpp-1.5.9-windows-x86_64.jar\org\bytedeco\javacpp\windows-x86_64\api-ms-win-core-file-l1-2-0.dll
0x00000254a3d20000 - 0x00000254a3d24000 	C:\Users\hardm\.javacpp\cache\javacpp-1.5.9-windows-x86_64.jar\org\bytedeco\javacpp\windows-x86_64\api-ms-win-core-profile-l1-1-0.dll
0x00000254a3d30000 - 0x00000254a3d34000 	C:\Users\hardm\.javacpp\cache\javacpp-1.5.9-windows-x86_64.jar\org\bytedeco\javacpp\windows-x86_64\api-ms-win-core-memory-l1-1-0.dll
0x00000254a3d40000 - 0x00000254a3d44000 	C:\Users\hardm\.javacpp\cache\javacpp-1.5.9-windows-x86_64.jar\org\bytedeco\javacpp\windows-x86_64\api-ms-win-core-util-l1-1-0.dll
0x00000254a3d50000 - 0x00000254a3d54000 	C:\Users\hardm\.javacpp\cache\javacpp-1.5.9-windows-x86_64.jar\org\bytedeco\javacpp\windows-x86_64\api-ms-win-core-interlocked-l1-1-0.dll
0x00007ff9012a0000 - 0x00007ff9013b1000 	C:\Users\hardm\.javacpp\cache\javacpp-1.5.9-windows-x86_64.jar\org\bytedeco\javacpp\windows-x86_64\ucrtbase.dll
0x00007ff95c450000 - 0x00007ff95c46b000 	C:\Users\hardm\.javacpp\cache\javacpp-1.5.9-windows-x86_64.jar\org\bytedeco\javacpp\windows-x86_64\vcruntime140.dll
0x00007ff955bb0000 - 0x00007ff955bbc000 	C:\Users\hardm\.javacpp\cache\javacpp-1.5.9-windows-x86_64.jar\org\bytedeco\javacpp\windows-x86_64\vcruntime140_1.dll
0x00007ff902540000 - 0x00007ff9025cd000 	C:\Users\hardm\.javacpp\cache\javacpp-1.5.9-windows-x86_64.jar\org\bytedeco\javacpp\windows-x86_64\msvcp140.dll
0x00007ff955ba0000 - 0x00007ff955ba9000 	C:\Users\hardm\.javacpp\cache\javacpp-1.5.9-windows-x86_64.jar\org\bytedeco\javacpp\windows-x86_64\msvcp140_1.dll
0x00007ff93d480000 - 0x00007ff93d4ce000 	C:\Users\hardm\.javacpp\cache\javacpp-1.5.9-windows-x86_64.jar\org\bytedeco\javacpp\windows-x86_64\concrt140.dll
0x00007ff93e280000 - 0x00007ff93e2b1000 	C:\Users\hardm\.javacpp\cache\javacpp-1.5.9-windows-x86_64.jar\org\bytedeco\javacpp\windows-x86_64\vcomp140.dll
0x00007ff952360000 - 0x00007ff95236f000 	C:\Users\hardm\.javacpp\cache\javacpp-1.5.9-windows-x86_64.jar\org\bytedeco\javacpp\windows-x86_64\jnijavacpp.dll
0x00007ff900a90000 - 0x00007ff900b70000 	C:\Users\hardm\.javacpp\cache\bullet-3.25-1.5.9-windows-x86_64.jar\org\bytedeco\bullet\windows-x86_64\jniLinearMath.dll
0x00007ff8dfb50000 - 0x00007ff8dfdb0000 	C:\Users\hardm\.javacpp\cache\bullet-3.25-1.5.9-windows-x86_64.jar\org\bytedeco\bullet\windows-x86_64\jniBulletCollision.dll
0x00007ff8df6c0000 - 0x00007ff8df900000 	C:\Users\hardm\.javacpp\cache\bullet-3.25-1.5.9-windows-x86_64.jar\org\bytedeco\bullet\windows-x86_64\jniBulletDynamics.dll
0x00007ff8dc340000 - 0x00007ff8dc4be000 	C:\Program Files\Java\jdk-1.8\jre\bin\awt.dll
0x00007ff972340000 - 0x00007ff972417000 	C:\Windows\System32\OLEAUT32.dll
0x00007ff96e5a0000 - 0x00007ff96e637000 	C:\Windows\SYSTEM32\apphelp.dll
0x00007ff96e970000 - 0x00007ff96e99b000 	C:\Windows\system32\DWMAPI.DLL
0x00007ff96e6f0000 - 0x00007ff96e79b000 	C:\Windows\system32\uxtheme.dll
0x00007ff908a30000 - 0x00007ff908b30000 	C:\Windows\system32\opengl32.dll
0x00007ff908a00000 - 0x00007ff908a2d000 	C:\Windows\SYSTEM32\GLU32.dll
0x00007ff96e9e0000 - 0x00007ff96ea16000 	C:\Windows\SYSTEM32\dxcore.dll
0x00007ff972e10000 - 0x00007ff972f60000 	C:\Windows\System32\MSCTF.dll
0x00007ff973d30000 - 0x00007ff973ed0000 	C:\Windows\System32\ole32.dll
0x00007ff9713a0000 - 0x00007ff97141a000 	C:\Windows\System32\bcryptPrimitives.dll
0x00007ff940b80000 - 0x00007ff940d29000 	C:\Windows\system32\d3d9.dll
0x00007ff951750000 - 0x00007ff95180c000 	C:\Windows\System32\DriverStore\FileRepository\nv_dispi.inf_amd64_1fea8972dc2f0a69\nvldumdx.dll
0x00007ff970f20000 - 0x00007ff970f32000 	C:\Windows\SYSTEM32\msasn1.dll
0x00007ff96a8a0000 - 0x00007ff96a8d2000 	C:\Windows\SYSTEM32\cryptnet.dll
0x00007ff971420000 - 0x00007ff971586000 	C:\Windows\System32\CRYPT32.dll
0x00007ff96a6f0000 - 0x00007ff96a848000 	C:\Windows\SYSTEM32\drvstore.dll
0x00007ff970f40000 - 0x00007ff970f6c000 	C:\Windows\SYSTEM32\devobj.dll
0x00007ff970f70000 - 0x00007ff970fbe000 	C:\Windows\SYSTEM32\cfgmgr32.dll
0x00007ff970af0000 - 0x00007ff970b3b000 	C:\Windows\SYSTEM32\wldp.dll
0x00007ff970a60000 - 0x00007ff970a6c000 	C:\Windows\SYSTEM32\cryptbase.dll
0x00007ff971720000 - 0x00007ff97178b000 	C:\Windows\System32\wintrust.dll

VM Arguments:
jvm_args: -agentlib:jdwp=transport=dt_socket,address=127.0.0.1:50890,suspend=y,server=n -Dvisualvm.id=2305119549492700 -javaagent:C:\Users\hardm\AppData\Local\JetBrains\IdeaIC2023.2\captureAgent\debugger-agent.jar=file:/C:/Users/hardm/AppData/Local/Temp/capture.props -Dfile.encoding=UTF-8 
java_command: ru.BouH.engine.game.Game
java_class_path (initial): C:\Program Files\Java\jdk-1.8\jre\lib\charsets.jar;C:\Program Files\Java\jdk-1.8\jre\lib\deploy.jar;C:\Program Files\Java\jdk-1.8\jre\lib\ext\access-bridge-64.jar;C:\Program Files\Java\jdk-1.8\jre\lib\ext\cldrdata.jar;C:\Program Files\Java\jdk-1.8\jre\lib\ext\dnsns.jar;C:\Program Files\Java\jdk-1.8\jre\lib\ext\jaccess.jar;C:\Program Files\Java\jdk-1.8\jre\lib\ext\jfxrt.jar;C:\Program Files\Java\jdk-1.8\jre\lib\ext\localedata.jar;C:\Program Files\Java\jdk-1.8\jre\lib\ext\nashorn.jar;C:\Program Files\Java\jdk-1.8\jre\lib\ext\sunec.jar;C:\Program Files\Java\jdk-1.8\jre\lib\ext\sunjce_provider.jar;C:\Program Files\Java\jdk-1.8\jre\lib\ext\sunmscapi.jar;C:\Program Files\Java\jdk-1.8\jre\lib\ext\sunpkcs11.jar;C:\Program Files\Java\jdk-1.8\jre\lib\ext\zipfs.jar;C:\Program Files\Java\jdk-1.8\jre\lib\javaws.jar;C:\Program Files\Java\jdk-1.8\jre\lib\jce.jar;C:\Program Files\Java\jdk-1.8\jre\lib\jfr.jar;C:\Program Files\Java\jdk-1.8\jre\lib\jfxswt.jar;C:\Program Files\Java\jdk-1.8\jre\lib\jsse.jar;C:\Program Files\Java\jdk-1.8\jre\lib\management-agent.jar;C:\Program Files\Java\jdk-1.8\jre\lib\plugin.jar;C:\Program Files\Java\jdk-1.8\jre\lib\resources.jar;C:\Program Files\Java\jdk-1.8\jre\lib\rt.jar;F:\game_test1\target\classes;C:\Users\hardm\.m2\repository\org\bytedeco\bullet-platform\3.25-1.5.9\bullet-platform-3.25-1.5.9.jar;C:\Users\hardm\.m2\repository\org\bytedeco\javacpp-platform\1.5.9\javacpp-platform-1.5.9.jar;C:\Users\hardm\.m2\repository\org\bytedeco\javacpp\1.5.9\javacpp-1.5.9-android-arm.jar;C:\Users\hardm\.m2\repository\org\bytedeco\javacpp\1.5.9\javacpp-1.5.9-android-arm64.jar;C:\Users\hardm\.m2\repository\org\bytedeco\javacpp\1.5.9\javacpp-1.5.9-android-x86.jar;C:\Users\hardm\.m2\repository\org\bytedeco\javacpp\1.5.9\javacpp-1.5.9-android-x86_64.jar;C:\Users\hardm\.m2\repository\org\bytedeco\javacpp\1.5.9\javacpp-1.5.9-ios-arm64.jar;C:\Users\hardm\.m2\repository\org\bytedeco\javacpp\1.5.9\javacpp-1.5.9-ios-x86_64.jar;C:\Users\hardm\.m
Launcher Type: SUN_STANDARD

Environment Variables:
JAVA_HOME=C:\Program Files\Java\jdk-1.8
PATH=C:\Program Files\Common Files\Oracle\Java\javapath;C:\Program Files (x86)\Common Files\Oracle\Java\javapath;C:\Windows\system32;C:\Windows;C:\Windows\System32\Wbem;C:\Windows\System32\WindowsPowerShell\v1.0\;C:\Windows\System32\OpenSSH\;C:\Program Files\NVIDIA Corporation\NVIDIA NvDLISR;C:\Program Files\Git\cmd;C:\Program Files (x86)\NVIDIA Corporation\PhysX\Common;C:\Program Files\Java\jdk-1.8\bin;C:\Program Files\dotnet\;C:\Program Files (x86)\Windows Kits\10\Windows Performance Toolkit\;C:\Program Files\nodejs\;C:\Program Files\Java\jdk-1.8\;C:\Program Files\Common Files\Oracle\Java\javapath;C:\Program Files (x86)\Common Files\Oracle\Java\javapath;C:\Windows\system32;C:\Windows;C:\Windows\System32\Wbem;C:\Windows\System32\WindowsPowerShell\v1.0\;C:\Windows\System32\OpenSSH\;C:\Program Files\NVIDIA Corporation\NVIDIA NvDLISR;C:\Program Files\Git\cmd;C:\Program Files (x86)\NVIDIA Corporation\PhysX\Common;C:\Program Files\Java\jdk-1.8\bin;C:\Program Files\dotnet\;C:\Program Files (x86)\Windows Kits\10\Windows Performance Toolkit\;C:\Program Files\nodejs\;C:\Users\hardm\AppData\Local\Microsoft\WindowsApps;C:\Users\hardm\.dotnet\tools;C:\Users\hardm\AppData\Local\JetBrains\Toolbox\scripts;C:\Users\hardm\.dotnet\tools;C:\Users\hardm\AppData\Local\Programs\Microsoft VS Code\bin;C:\Users\hardm\AppData\Roaming\npm
USERNAME=hardm
OS=Windows_NT
PROCESSOR_IDENTIFIER=Intel64 Family 6 Model 151 Stepping 5, GenuineIntel



---------------  S Y S T E M  ---------------

OS: Windows 11 , 64 bit Build 22621 (10.0.22621.2506)

CPU:total 12 (initial active 12) (6 cores per cpu, 2 threads per core) family 6 model 151 stepping 5, cmov, cx8, fxsr, mmx, sse, sse2, sse3, ssse3, sse4.1, sse4.2, popcnt, avx, avx2, aes, clmul, erms, 3dnowpref, lzcnt, ht, tsc, tscinvbit, bmi1, bmi2, adx

Memory: 4k page, physical 33317992k(10886116k free), swap 68449880k(11727556k free)

vm_info: Java HotSpot(TM) 64-Bit Server VM (25.371-b11) for windows-amd64 JRE (1.8.0_371-b11), built on Mar 17 2023 04:03:45 by "java_re" with MS VC++ 17.1 (VS2022)

time: Tue Jan  9 20:51:50 2024
timezone: RTZ 2 ( Family 6 Model 151 Stepping 5, GenuineIntel
elapsed time: 3.361050 seconds (0d 0h 0m 3s)

