#
# A fatal error has been detected by the Java Runtime Environment:
#
#  EXCEPTION_ACCESS_VIOLATION (0xc0000005) at pc=0x00007ffbd5c4dd10, pid=28884, tid=0x00000000000068ec
#
# JRE version: Java(TM) SE Runtime Environment (8.0_371) (build 1.8.0_371-b11)
# Java VM: Java HotSpot(TM) 64-Bit Server VM (25.371-b11 mixed mode windows-amd64 compressed oops)
# Problematic frame:
# C  [nvoglv64.dll+0xefdd10]
#
# Failed to write core dump. Minidumps are not enabled by default on client versions of Windows
#
# If you would like to submit a bug report, please visit:
#   http://bugreport.java.com/bugreport/crash.jsp
# The crash happened outside the Java Virtual Machine in native code.
# See problematic frame for where to report the bug.
#

---------------  T H R E A D  ---------------

Current thread (0x00000199c0fac800):  JavaThread "main" [_thread_in_native, id=26860, stack(0x0000006f29700000,0x0000006f29800000)]

siginfo: ExceptionCode=0xc0000005, reading address 0x0000000000000000

Registers:
RAX=0x0000000000000000, RBX=0x0000000000000000, RCX=0x00000199e9f04640, RDX=0x0000000000000000
RSP=0x0000006f297ff1b0, RBP=0x000000000000004c, RSI=0x0000000000000008, RDI=0x00000199eb55f080
R8 =0x0000000000000008, R9 =0x00000199e9f04620, R10=0x00000199e9f04638, R11=0x000000005948a5b0
R12=0x00000199e9f04640, R13=0x0000000000001405, R14=0x0000000000000020, R15=0x0000000000000000
RIP=0x00007ffbd5c4dd10, EFLAGS=0x0000000000010202

Top of Stack: (sp=0x0000006f297ff1b0)
0x0000006f297ff1b0:   0000006f297ff1e0 00000199c0fa4280
0x0000006f297ff1c0:   00000199f08f77c8 00000199c0fad100
0x0000006f297ff1d0:   00000199f08f77c8 00000199c0fac800
0x0000006f297ff1e0:   00000199f08f77c8 00000199c0fac800
0x0000006f297ff1f0:   00000199c29084bd 00000000e38aada9
0x0000006f297ff200:   0000000000000000 0000000000000000
0x0000006f297ff210:   00000199c0fac800 00000199f08f77c8
0x0000006f297ff220:   0000000000000000 00000199c29084bd
0x0000006f297ff230:   00000000e38aada9 00000199c2924d27
0x0000006f297ff240:   0000006f297ff2c8 00000000e38aad01
0x0000006f297ff250:   0000006f297ff308 00000199f08f77c8
0x0000006f297ff260:   0000019900001405 0000000000000000
0x0000006f297ff270:   00000000e38aada9 00000199c0fac800
0x0000006f297ff280:   00000199c2924622 0000006f297ff288
0x0000006f297ff290:   00000199f08f77c8 0000006f297ff308
0x0000006f297ff2a0:   00000199f0902288 0000000000000000 

Instructions: (pc=0x00007ffbd5c4dd10)
0x00007ffbd5c4dcf0:   7f 5c 24 50 8b 44 24 5c 0b 44 24 58 0b 44 24 54
0x00007ffbd5c4dd00:   0b 44 24 50 0b d8 45 85 c0 74 1a 0f 1f 44 00 00
0x00007ffbd5c4dd10:   8b 02 0b d8 66 89 01 48 8d 49 02 48 8d 52 04 41
0x00007ffbd5c4dd20:   83 e8 01 75 eb 45 2b e2 45 89 22 f7 c3 00 00 ff 


Register to memory mapping:

RAX=0x0000000000000000 is an unknown value
RBX=0x0000000000000000 is an unknown value
RCX=0x00000199e9f04640 is an unknown value
RDX=0x0000000000000000 is an unknown value
RSP=0x0000006f297ff1b0 is pointing into the stack for thread: 0x00000199c0fac800
RBP=0x000000000000004c is an unknown value
RSI=0x0000000000000008 is an unknown value
RDI=0x00000199eb55f080 is an unknown value
R8 =0x0000000000000008 is an unknown value
R9 =0x00000199e9f04620 is an unknown value
R10=0x00000199e9f04638 is an unknown value
R11=0x000000005948a5b0 is an unknown value
R12=0x00000199e9f04640 is an unknown value
R13=0x0000000000001405 is an unknown value
R14=0x0000000000000020 is an unknown value
R15=0x0000000000000000 is an unknown value


Stack: [0x0000006f29700000,0x0000006f29800000],  sp=0x0000006f297ff1b0,  free space=1020k
Native frames: (J=compiled Java code, j=interpreted, Vv=VM code, C=native code)
C  [nvoglv64.dll+0xefdd10]
C  0x00000199c2924d27

Java frames: (J=compiled Java code, j=interpreted, Vv=VM code)
j  org.lwjgl.opengl.GL11C.nglDrawElements(IIIJ)V+0
j  org.lwjgl.opengl.GL11C.glDrawElements(IIIJ)V+4
j  org.lwjgl.opengl.GL11.glDrawElements(IIIJ)V+4
j  ru.BouH.engine.render.scene.scene_render.SkyRender.onRender(D)V+123
j  ru.BouH.engine.render.scene.Scene$SceneRenderConveyor.renderMainScene(DLjava/util/List;)V+43
j  ru.BouH.engine.render.scene.Scene$SceneRenderConveyor.onRender(DLjava/util/List;Ljava/util/List;)V+38
j  ru.BouH.engine.render.scene.Scene.renderScene(D)V+78
j  ru.BouH.engine.render.screen.Screen.updateScreen()V+232
j  ru.BouH.engine.render.screen.Screen.startScreen()V+1
j  ru.BouH.engine.game.Game.main([Ljava/lang/String;)V+53
v  ~StubRoutines::call_stub

---------------  P R O C E S S  ---------------

Java Threads: ( => current thread )
  0x00000199e9e78800 JavaThread "bullet-phys" [_thread_blocked, id=26276, stack(0x0000006f2b700000,0x0000006f2b800000)]
  0x00000199e9c2d000 JavaThread "phys-X" [_thread_blocked, id=10904, stack(0x0000006f2b600000,0x0000006f2b700000)]
  0x00000199e7696800 JavaThread "Service Thread" daemon [_thread_blocked, id=3024, stack(0x0000006f2ae00000,0x0000006f2af00000)]
  0x00000199e75d6000 JavaThread "C1 CompilerThread3" daemon [_thread_blocked, id=22132, stack(0x0000006f2ad00000,0x0000006f2ae00000)]
  0x00000199e75d5000 JavaThread "C2 CompilerThread2" daemon [_thread_blocked, id=9668, stack(0x0000006f2ac00000,0x0000006f2ad00000)]
  0x00000199e7568800 JavaThread "C2 CompilerThread1" daemon [_thread_blocked, id=21436, stack(0x0000006f2ab00000,0x0000006f2ac00000)]
  0x00000199e756e800 JavaThread "C2 CompilerThread0" daemon [_thread_blocked, id=12564, stack(0x0000006f2aa00000,0x0000006f2ab00000)]
  0x00000199e511e800 JavaThread "JDWP Command Reader" daemon [_thread_in_native, id=30500, stack(0x0000006f2a900000,0x0000006f2aa00000)]
  0x00000199e511b800 JavaThread "JDWP Event Helper Thread" daemon [_thread_blocked, id=6308, stack(0x0000006f2a800000,0x0000006f2a900000)]
  0x00000199e510f000 JavaThread "JDWP Transport Listener: dt_socket" daemon [_thread_blocked, id=26900, stack(0x0000006f2a700000,0x0000006f2a800000)]
  0x00000199e5106800 JavaThread "Attach Listener" daemon [_thread_blocked, id=27124, stack(0x0000006f2a600000,0x0000006f2a700000)]
  0x00000199e5105800 JavaThread "Signal Dispatcher" daemon [_thread_blocked, id=1984, stack(0x0000006f2a500000,0x0000006f2a600000)]
  0x00000199e50d7800 JavaThread "Finalizer" daemon [_thread_blocked, id=21496, stack(0x0000006f2a400000,0x0000006f2a500000)]
  0x00000199e50d0000 JavaThread "Reference Handler" daemon [_thread_blocked, id=25368, stack(0x0000006f2a300000,0x0000006f2a400000)]
=>0x00000199c0fac800 JavaThread "main" [_thread_in_native, id=26860, stack(0x0000006f29700000,0x0000006f29800000)]

Other Threads:
  0x00000199e50a2800 VMThread [stack: 0x0000006f2a200000,0x0000006f2a300000] [id=3000]
  0x00000199e76bd000 WatcherThread [stack: 0x0000006f2af00000,0x0000006f2b000000] [id=26128]

VM state:not at safepoint (normal execution)

VM Mutex/Monitor currently owned by a thread: None

heap address: 0x00000005c3800000, size: 8136 MB, Compressed Oops mode: Zero based, Oop shift amount: 3
Narrow klass base: 0x0000000000000000, Narrow klass shift: 3
Compressed class space size: 1073741824 Address: 0x00000007c0000000

Heap:
 PSYoungGen      total 152576K, used 102783K [0x0000000716800000, 0x0000000721200000, 0x00000007c0000000)
  eden space 131072K, 78% used [0x0000000716800000,0x000000071cc5fcd8,0x000000071e800000)
  from space 21504K, 0% used [0x000000071fd00000,0x000000071fd00000,0x0000000721200000)
  to   space 21504K, 0% used [0x000000071e800000,0x000000071e800000,0x000000071fd00000)
 ParOldGen       total 348160K, used 0K [0x00000005c3800000, 0x00000005d8c00000, 0x0000000716800000)
  object space 348160K, 0% used [0x00000005c3800000,0x00000005c3800000,0x00000005d8c00000)
 Metaspace       used 20087K, capacity 20496K, committed 20608K, reserved 1067008K
  class space    used 2028K, capacity 2163K, committed 2176K, reserved 1048576K

Card table byte_map: [0x00000199d1cc0000,0x00000199d2cb0000] byte_map_base: 0x00000199ceea4000

Marking Bits: (ParMarkBitMap*) 0x0000000059a7d980
 Begin Bits: [0x00000199d3750000, 0x00000199db670000)
 End Bits:   [0x00000199db670000, 0x00000199e3590000)

Polling page: 0x00000199c10e0000

CodeCache: size=245760Kb used=5151Kb max_used=5153Kb free=240608Kb
 bounds [0x00000199c2900000, 0x00000199c2e10000, 0x00000199d1900000]
 total_blobs=2518 nmethods=1465 adapters=973
 compilation: enabled

Compilation events (10 events):
Event: 1.335 Thread 0x00000199e75d6000 1457       3       com.bulletphysics.linearmath.AabbUtil2::outcode (114 bytes)
Event: 1.335 Thread 0x00000199e75d6000 nmethod 1457 0x00000199c2e050d0 code [0x00000199c2e05260, 0x00000199c2e056f8]
Event: 1.335 Thread 0x00000199e75d6000 1456       3       com.bulletphysics.linearmath.ScalarUtil::fsel (12 bytes)
Event: 1.335 Thread 0x00000199e75d6000 nmethod 1456 0x00000199c2e057d0 code [0x00000199c2e05920, 0x00000199c2e05ad8]
Event: 1.335 Thread 0x00000199e75d6000 1458       3       org.joml.Vector3d::<init> (21 bytes)
Event: 1.335 Thread 0x00000199e75d6000 nmethod 1458 0x00000199c2e05b50 code [0x00000199c2e05ca0, 0x00000199c2e05e58]
Event: 1.339 Thread 0x00000199e75d6000 1459       3       com.bulletphysics.collision.dispatch.CollisionObject::isActive (22 bytes)
Event: 1.339 Thread 0x00000199e75d5000 1460       4       javax.vecmath.Matrix3f::set (73 bytes)
Event: 1.339 Thread 0x00000199e75d6000 nmethod 1459 0x00000199c2e05f10 code [0x00000199c2e06080, 0x00000199c2e06398]
Event: 1.339 Thread 0x00000199e75d5000 nmethod 1460 0x00000199c2e09110 code [0x00000199c2e09240, 0x00000199c2e09338]

GC Heap History (0 events):
No events

Deoptimization events (9 events):
Event: 0.085 Thread 0x00000199c0fac800 Uncommon trap: reason=unstable_if action=reinterpret pc=0x00000199c2a11b04 method=java.lang.String.hashCode()I @ 14
Event: 0.128 Thread 0x00000199c0fac800 Uncommon trap: reason=unstable_if action=reinterpret pc=0x00000199c2a72cc0 method=java.lang.String.lastIndexOf([CII[CIII)I @ 66
Event: 0.183 Thread 0x00000199c0fac800 Uncommon trap: reason=unstable_if action=reinterpret pc=0x00000199c2ab30e8 method=java.util.HashMap.getNode(ILjava/lang/Object;)Ljava/util/HashMap$Node; @ 116
Event: 0.337 Thread 0x00000199c0fac800 Uncommon trap: reason=unstable_if action=reinterpret pc=0x00000199c2b22b08 method=java.util.HashMap.getNode(ILjava/lang/Object;)Ljava/util/HashMap$Node; @ 62
Event: 0.353 Thread 0x00000199c0fac800 Uncommon trap: reason=unstable_if action=reinterpret pc=0x00000199c2b41b7c method=sun.misc.MetaIndex.mayContain(Ljava/lang/String;)Z @ 38
Event: 0.354 Thread 0x00000199c0fac800 Uncommon trap: reason=unstable_if action=reinterpret pc=0x00000199c2c2259c method=sun.net.www.ParseUtil.encodePath(Ljava/lang/String;Z)Ljava/lang/String; @ 109
Event: 0.424 Thread 0x00000199c0fac800 Uncommon trap: reason=unstable_if action=reinterpret pc=0x00000199c2c9585c method=java.util.HashMap.getNode(ILjava/lang/Object;)Ljava/util/HashMap$Node; @ 129
Event: 0.426 Thread 0x00000199c0fac800 Uncommon trap: reason=unstable_if action=reinterpret pc=0x00000199c2c39d64 method=sun.reflect.generics.parser.SignatureParser.current()C @ 39
Event: 0.466 Thread 0x00000199c0fac800 Uncommon trap: reason=unstable_if action=reinterpret pc=0x00000199c2aeb700 method=java.lang.String.indexOf([CII[CIII)I @ 3

Classes redefined (0 events):
No events

Internal exceptions (10 events):
Event: 0.539 Thread 0x00000199c0fac800 Exception <a 'java/lang/NoSuchMethodError': java.lang.Object.lambda$static$0(Ljava/lang/String;)Ljava/lang/Boolean;> (0x000000071ade1150) thrown at [C:\jenkins\workspace\8-2-build-windows-x64-cygwin\jdk8u371\3355\hotspot\src\share\vm\interpreter\linkResol
Event: 0.567 Thread 0x00000199c0fac800 Exception <a 'sun/nio/fs/WindowsException'> (0x000000071b058af0) thrown at [C:\jenkins\workspace\8-2-build-windows-x64-cygwin\jdk8u371\3355\hotspot\src\share\vm\prims\jni.cpp, line 710]
Event: 0.568 Thread 0x00000199c0fac800 Exception <a 'sun/nio/fs/WindowsException'> (0x000000071b05b7b8) thrown at [C:\jenkins\workspace\8-2-build-windows-x64-cygwin\jdk8u371\3355\hotspot\src\share\vm\prims\jni.cpp, line 710]
Event: 0.586 Thread 0x00000199c0fac800 Exception <a 'sun/nio/fs/WindowsException'> (0x000000071b264298) thrown at [C:\jenkins\workspace\8-2-build-windows-x64-cygwin\jdk8u371\3355\hotspot\src\share\vm\prims\jni.cpp, line 710]
Event: 0.586 Thread 0x00000199c0fac800 Exception <a 'sun/nio/fs/WindowsException'> (0x000000071b264968) thrown at [C:\jenkins\workspace\8-2-build-windows-x64-cygwin\jdk8u371\3355\hotspot\src\share\vm\prims\jni.cpp, line 710]
Event: 0.719 Thread 0x00000199c0fac800 Exception <a 'sun/nio/fs/WindowsException'> (0x000000071b363b18) thrown at [C:\jenkins\workspace\8-2-build-windows-x64-cygwin\jdk8u371\3355\hotspot\src\share\vm\prims\jni.cpp, line 710]
Event: 0.719 Thread 0x00000199c0fac800 Exception <a 'sun/nio/fs/WindowsException'> (0x000000071b364250) thrown at [C:\jenkins\workspace\8-2-build-windows-x64-cygwin\jdk8u371\3355\hotspot\src\share\vm\prims\jni.cpp, line 710]
Event: 0.720 Thread 0x00000199c0fac800 Exception <a 'sun/nio/fs/WindowsException'> (0x000000071b376d00) thrown at [C:\jenkins\workspace\8-2-build-windows-x64-cygwin\jdk8u371\3355\hotspot\src\share\vm\prims\jni.cpp, line 710]
Event: 0.720 Thread 0x00000199c0fac800 Exception <a 'sun/nio/fs/WindowsException'> (0x000000071b3772f0) thrown at [C:\jenkins\workspace\8-2-build-windows-x64-cygwin\jdk8u371\3355\hotspot\src\share\vm\prims\jni.cpp, line 710]
Event: 1.315 Thread 0x00000199c0fac800 Exception <a 'java/lang/NoSuchMethodError': java.lang.Object.lambda$comparing$77a9974f$1(Ljava/util/function/Function;Ljava/lang/Object;Ljava/lang/Object;)I> (0x000000071c69dce0) thrown at [C:\jenkins\workspace\8-2-build-windows-x64-cygwin\jdk8u371\3355\h

Events (10 events):
Event: 1.346 Thread 0x00000199c0fac800 DEOPT PACKING pc=0x00000199c2af5f44 sp=0x0000006f297fd5b0
Event: 1.346 Thread 0x00000199c0fac800 DEOPT UNPACKING pc=0x00000199c2947918 sp=0x0000006f297fd3d0 mode 1
Event: 1.347 loading class org/joml/Quaternionfc
Event: 1.347 loading class org/joml/Quaternionfc done
Event: 1.347 Thread 0x00000199c0fac800 DEOPT PACKING pc=0x00000199c2b88f79 sp=0x0000006f297fad30
Event: 1.347 Thread 0x00000199c0fac800 DEOPT UNPACKING pc=0x00000199c2947918 sp=0x0000006f297faa80 mode 1
Event: 1.347 Thread 0x00000199c0fac800 DEOPT PACKING pc=0x00000199c2af61b4 sp=0x0000006f297fadb0
Event: 1.347 Thread 0x00000199c0fac800 DEOPT UNPACKING pc=0x00000199c2947918 sp=0x0000006f297fabd0 mode 1
Event: 1.347 Thread 0x00000199c0fac800 DEOPT PACKING pc=0x00000199c2af5f44 sp=0x0000006f297faf40
Event: 1.347 Thread 0x00000199c0fac800 DEOPT UNPACKING pc=0x00000199c2947918 sp=0x0000006f297fad60 mode 1


Dynamic libraries:
0x00007ff7dcb40000 - 0x00007ff7dcb8a000 	C:\Program Files\Java\jdk-1.8\bin\java.exe
0x00007ffc926d0000 - 0x00007ffc928e4000 	C:\Windows\SYSTEM32\ntdll.dll
0x00007ffc908e0000 - 0x00007ffc909a4000 	C:\Windows\System32\KERNEL32.DLL
0x00007ffc8fd40000 - 0x00007ffc900e4000 	C:\Windows\System32\KERNELBASE.dll
0x00007ffc925e0000 - 0x00007ffc92690000 	C:\Windows\System32\ADVAPI32.dll
0x00007ffc90ee0000 - 0x00007ffc90f87000 	C:\Windows\System32\msvcrt.dll
0x00007ffc90ab0000 - 0x00007ffc90b56000 	C:\Windows\System32\sechost.dll
0x00007ffc90fa0000 - 0x00007ffc910b7000 	C:\Windows\System32\RPCRT4.dll
0x00007ffc906d0000 - 0x00007ffc9087a000 	C:\Windows\System32\USER32.dll
0x00007ffc90290000 - 0x00007ffc902b6000 	C:\Windows\System32\win32u.dll
0x00007ffc92560000 - 0x00007ffc92589000 	C:\Windows\System32\GDI32.dll
0x00007ffc90170000 - 0x00007ffc90289000 	C:\Windows\System32\gdi32full.dll
0x00007ffc90380000 - 0x00007ffc9041a000 	C:\Windows\System32\msvcp_win.dll
0x00007ffc8fc20000 - 0x00007ffc8fd31000 	C:\Windows\System32\ucrtbase.dll
0x00007ffc83e70000 - 0x00007ffc840ff000 	C:\Windows\WinSxS\amd64_microsoft.windows.common-controls_6595b64144ccf1df_6.0.22621.2070_none_2713e6537381f706\COMCTL32.dll
0x00007ffc90ea0000 - 0x00007ffc90ed1000 	C:\Windows\System32\IMM32.DLL
0x00007ffc73520000 - 0x00007ffc7353b000 	C:\Program Files\Java\jdk-1.8\jre\bin\vcruntime140.dll
0x00007ffc8a560000 - 0x00007ffc8a56c000 	C:\Program Files\Java\jdk-1.8\jre\bin\vcruntime140_1.dll
0x00007ffc3a5d0000 - 0x00007ffc3a65e000 	C:\Program Files\Java\jdk-1.8\jre\bin\msvcp140.dll
0x0000000059250000 - 0x0000000059af7000 	C:\Program Files\Java\jdk-1.8\jre\bin\server\jvm.dll
0x00007ffc90cf0000 - 0x00007ffc90cf8000 	C:\Windows\System32\PSAPI.DLL
0x00007ffc89090000 - 0x00007ffc8909a000 	C:\Windows\SYSTEM32\VERSION.dll
0x00007ffc7eb20000 - 0x00007ffc7eb54000 	C:\Windows\SYSTEM32\WINMM.dll
0x00007ffc8ce60000 - 0x00007ffc8ce69000 	C:\Windows\SYSTEM32\WSOCK32.dll
0x00007ffc92470000 - 0x00007ffc924e1000 	C:\Windows\System32\WS2_32.dll
0x00007ffc8eb90000 - 0x00007ffc8eba8000 	C:\Windows\SYSTEM32\kernel.appcore.dll
0x00007ffc7fa30000 - 0x00007ffc7fa40000 	C:\Program Files\Java\jdk-1.8\jre\bin\verify.dll
0x00007ffc6ed20000 - 0x00007ffc6ed4b000 	C:\Program Files\Java\jdk-1.8\jre\bin\java.dll
0x00007ffc3a790000 - 0x00007ffc3a7c6000 	C:\Program Files\Java\jdk-1.8\jre\bin\jdwp.dll
0x00007ffc8a980000 - 0x00007ffc8a989000 	C:\Program Files\Java\jdk-1.8\jre\bin\npt.dll
0x00007ffc3a390000 - 0x00007ffc3a3c4000 	C:\Program Files\Java\jdk-1.8\jre\bin\instrument.dll
0x00007ffc72fb0000 - 0x00007ffc72fc8000 	C:\Program Files\Java\jdk-1.8\jre\bin\zip.dll
0x00007ffc918c0000 - 0x00007ffc920d6000 	C:\Windows\System32\SHELL32.dll
0x00007ffc8da90000 - 0x00007ffc8e37a000 	C:\Windows\SYSTEM32\windows.storage.dll
0x00007ffc920e0000 - 0x00007ffc9246a000 	C:\Windows\System32\combase.dll
0x00007ffc8d950000 - 0x00007ffc8da8e000 	C:\Windows\SYSTEM32\wintypes.dll
0x00007ffc910e0000 - 0x00007ffc911d3000 	C:\Windows\System32\SHCORE.dll
0x00007ffc90b60000 - 0x00007ffc90bbe000 	C:\Windows\System32\shlwapi.dll
0x00007ffc8f9e0000 - 0x00007ffc8fa06000 	C:\Windows\SYSTEM32\profapi.dll
0x00007ffc8a550000 - 0x00007ffc8a55a000 	C:\Program Files\Java\jdk-1.8\jre\bin\dt_socket.dll
0x00007ffc8f060000 - 0x00007ffc8f0c9000 	C:\Windows\system32\mswsock.dll
0x00007ffc641d0000 - 0x00007ffc641dd000 	C:\Program Files\Java\jdk-1.8\jre\bin\management.dll
0x00007ffc63200000 - 0x00007ffc6321c000 	C:\Program Files\Java\jdk-1.8\jre\bin\net.dll
0x00007ffc61820000 - 0x00007ffc61837000 	C:\Windows\system32\napinsp.dll
0x00007ffc51020000 - 0x00007ffc5103b000 	C:\Windows\system32\pnrpnsp.dll
0x00007ffc8e6c0000 - 0x00007ffc8e7b3000 	C:\Windows\SYSTEM32\DNSAPI.dll
0x00007ffc8e650000 - 0x00007ffc8e67d000 	C:\Windows\SYSTEM32\IPHLPAPI.DLL
0x00007ffc90f90000 - 0x00007ffc90f99000 	C:\Windows\System32\NSI.dll
0x00007ffc51000000 - 0x00007ffc51011000 	C:\Windows\System32\winrnr.dll
0x00007ffc88ad0000 - 0x00007ffc88ae5000 	C:\Windows\system32\wshbth.dll
0x00007ffc50fd0000 - 0x00007ffc50ff1000 	C:\Windows\system32\nlansp_c.dll
0x00007ffc889d0000 - 0x00007ffc889da000 	C:\Windows\System32\rasadhlp.dll
0x00007ffc883c0000 - 0x00007ffc88444000 	C:\Windows\System32\fwpuclnt.dll
0x00007ffc5d0c0000 - 0x00007ffc5d0d3000 	C:\Program Files\Java\jdk-1.8\jre\bin\nio.dll
0x00007ffc39e60000 - 0x00007ffc39ed5000 	C:\Users\hardm\AppData\Local\Temp\lwjglhardm\3.3.1-build-7\lwjgl.dll
0x00007ffc39370000 - 0x00007ffc393d1000 	C:\Users\hardm\AppData\Local\Temp\lwjglhardm\3.3.1-build-7\glfw.dll
0x00007ffc39e10000 - 0x00007ffc39e56000 	C:\Windows\SYSTEM32\dinput8.dll
0x00007ffc4f390000 - 0x00007ffc4f3a1000 	C:\Windows\SYSTEM32\xinput1_4.dll
0x00007ffc8f7c0000 - 0x00007ffc8f80e000 	C:\Windows\SYSTEM32\cfgmgr32.dll
0x00007ffc8f790000 - 0x00007ffc8f7bc000 	C:\Windows\SYSTEM32\DEVOBJ.dll
0x00007ffc8d250000 - 0x00007ffc8d27b000 	C:\Windows\SYSTEM32\dwmapi.dll
0x00007ffc7f3f0000 - 0x00007ffc7f5f1000 	C:\Windows\SYSTEM32\inputhost.dll
0x00007ffc8cac0000 - 0x00007ffc8cbf3000 	C:\Windows\SYSTEM32\CoreMessaging.dll
0x00007ffc8cfd0000 - 0x00007ffc8d07b000 	C:\Windows\system32\uxtheme.dll
0x00007ffc900f0000 - 0x00007ffc9016a000 	C:\Windows\System32\bcryptPrimitives.dll
0x00007ffc8f2d0000 - 0x00007ffc8f2dc000 	C:\Windows\SYSTEM32\CRYPTBASE.DLL
0x00007ffc90bc0000 - 0x00007ffc90ce7000 	C:\Windows\System32\MSCTF.dll
0x00007ffc731f0000 - 0x00007ffc732f0000 	C:\Windows\SYSTEM32\opengl32.dll
0x00007ffc89f30000 - 0x00007ffc89f5d000 	C:\Windows\SYSTEM32\GLU32.dll
0x00007ffc8d2c0000 - 0x00007ffc8d2f8000 	C:\Windows\SYSTEM32\dxcore.dll
0x00007ffc90620000 - 0x00007ffc906d0000 	C:\Windows\System32\clbcatq.dll
0x00007ffbd4d50000 - 0x00007ffbd8fd9000 	C:\Windows\System32\DriverStore\FileRepository\nv_dispi.inf_amd64_3c2bd4a1ec6d228e\nvoglv64.dll
0x00007ffc911e0000 - 0x00007ffc91654000 	C:\Windows\System32\SETUPAPI.dll
0x00007ffc90d00000 - 0x00007ffc90e9c000 	C:\Windows\System32\ole32.dll
0x00007ffc909b0000 - 0x00007ffc90a87000 	C:\Windows\System32\OLEAUT32.dll
0x00007ffc8cf50000 - 0x00007ffc8cf64000 	C:\Windows\SYSTEM32\WTSAPI32.dll
0x00007ffc8f450000 - 0x00007ffc8f478000 	C:\Windows\SYSTEM32\bcrypt.dll
0x00007ffc8f750000 - 0x00007ffc8f762000 	C:\Windows\SYSTEM32\msasn1.dll
0x00007ffc88dc0000 - 0x00007ffc88df2000 	C:\Windows\SYSTEM32\cryptnet.dll
0x00007ffc8fab0000 - 0x00007ffc8fc17000 	C:\Windows\System32\CRYPT32.dll
0x00007ffc88b10000 - 0x00007ffc88c68000 	C:\Windows\SYSTEM32\drvstore.dll
0x00007ffc8f360000 - 0x00007ffc8f3ab000 	C:\Windows\SYSTEM32\wldp.dll
0x00007ffc90420000 - 0x00007ffc9048b000 	C:\Windows\System32\WINTRUST.dll
0x00007ffc8ec00000 - 0x00007ffc8ec34000 	C:\Windows\SYSTEM32\ntmarta.dll
0x00007ffc4acf0000 - 0x00007ffc4afc1000 	C:\Windows\system32\nvspcap64.dll
0x00007ffc8e9a0000 - 0x00007ffc8e9ed000 	C:\Windows\SYSTEM32\powrprof.dll
0x00007ffc8e980000 - 0x00007ffc8e993000 	C:\Windows\SYSTEM32\UMPDC.dll
0x00007ffc8e5e0000 - 0x00007ffc8e646000 	C:\Windows\SYSTEM32\WINSTA.dll
0x00007ffc83490000 - 0x00007ffc835bd000 	C:\Windows\SYSTEM32\textinputframework.dll
0x00007ffc88640000 - 0x00007ffc889ac000 	C:\Windows\SYSTEM32\CoreUIComponents.dll
0x00007ffc39260000 - 0x00007ffc392bd000 	C:\Users\hardm\AppData\Local\Temp\lwjglhardm\3.3.1-build-7\lwjgl_opengl.dll
0x00007ffc7c8f0000 - 0x00007ffc7cb1e000 	C:\Windows\SYSTEM32\dbghelp.dll

VM Arguments:
jvm_args: -agentlib:jdwp=transport=dt_socket,address=127.0.0.1:53678,suspend=y,server=n -javaagent:C:\Users\hardm\AppData\Local\JetBrains\IdeaIC2023.2\captureAgent\debugger-agent.jar=file:/C:/Users/hardm/AppData/Local/Temp/capture.props -Dfile.encoding=UTF-8 
java_command: ru.BouH.engine.game.Game
java_class_path (initial): C:\Program Files\Java\jdk-1.8\jre\lib\charsets.jar;C:\Program Files\Java\jdk-1.8\jre\lib\deploy.jar;C:\Program Files\Java\jdk-1.8\jre\lib\ext\access-bridge-64.jar;C:\Program Files\Java\jdk-1.8\jre\lib\ext\cldrdata.jar;C:\Program Files\Java\jdk-1.8\jre\lib\ext\dnsns.jar;C:\Program Files\Java\jdk-1.8\jre\lib\ext\jaccess.jar;C:\Program Files\Java\jdk-1.8\jre\lib\ext\jfxrt.jar;C:\Program Files\Java\jdk-1.8\jre\lib\ext\localedata.jar;C:\Program Files\Java\jdk-1.8\jre\lib\ext\nashorn.jar;C:\Program Files\Java\jdk-1.8\jre\lib\ext\sunec.jar;C:\Program Files\Java\jdk-1.8\jre\lib\ext\sunjce_provider.jar;C:\Program Files\Java\jdk-1.8\jre\lib\ext\sunmscapi.jar;C:\Program Files\Java\jdk-1.8\jre\lib\ext\sunpkcs11.jar;C:\Program Files\Java\jdk-1.8\jre\lib\ext\zipfs.jar;C:\Program Files\Java\jdk-1.8\jre\lib\javaws.jar;C:\Program Files\Java\jdk-1.8\jre\lib\jce.jar;C:\Program Files\Java\jdk-1.8\jre\lib\jfr.jar;C:\Program Files\Java\jdk-1.8\jre\lib\jfxswt.jar;C:\Program Files\Java\jdk-1.8\jre\lib\jsse.jar;C:\Program Files\Java\jdk-1.8\jre\lib\management-agent.jar;C:\Program Files\Java\jdk-1.8\jre\lib\plugin.jar;C:\Program Files\Java\jdk-1.8\jre\lib\resources.jar;C:\Program Files\Java\jdk-1.8\jre\lib\rt.jar;F:\game_test1\target\classes;C:\Users\hardm\.m2\repository\io\imgui\java\binding\1.76-0.9\binding-1.76-0.9.jar;C:\Users\hardm\.m2\repository\io\imgui\java\lwjgl3\1.76-0.9\lwjgl3-1.76-0.9.jar;C:\Users\hardm\.m2\repository\io\imgui\java\natives-windows\1.76-0.9\natives-windows-1.76-0.9.jar;C:\Users\hardm\.m2\repository\javax\vecmath\vecmath\1.5.2\vecmath-1.5.2.jar;C:\Users\hardm\.m2\repository\com\github\stephengold\jbullet\1.0.2\jbullet-1.0.2.jar;C:\Users\hardm\.m2\repository\com\github\stephengold\stack-alloc\1.0.2\stack-alloc-1.0.2.jar;C:\Users\hardm\.m2\repository\io\netty\netty-all\4.1.89.Final\netty-all-4.1.89.Final.jar;C:\Users\hardm\.m2\repository\io\netty\netty-buffer\4.1.89.Final\netty-buffer-4.1.89.Final.jar;C:\Users\hardm\.m2\repository\io\nett
Launcher Type: SUN_STANDARD

Environment Variables:
JAVA_HOME=C:\Program Files\Java\jdk-1.8
PATH=C:\Program Files (x86)\Common Files\Oracle\Java\javapath;C:\Windows\system32;C:\Windows;C:\Windows\System32\Wbem;C:\Windows\System32\WindowsPowerShell\v1.0\;C:\Windows\System32\OpenSSH\;C:\Program Files\NVIDIA Corporation\NVIDIA NvDLISR;C:\Program Files\Git\cmd;C:\Program Files (x86)\NVIDIA Corporation\PhysX\Common;C:\Program Files\dotnet\;C:\Program Files\Java\jdk-1.8\bin;C:\Users\hardm\AppData\Local\Microsoft\WindowsApps;C:\Users\hardm\.dotnet\tools
USERNAME=hardm
OS=Windows_NT
PROCESSOR_IDENTIFIER=Intel64 Family 6 Model 151 Stepping 5, GenuineIntel



---------------  S Y S T E M  ---------------

OS: Windows 11 , 64 bit Build 22621 (10.0.22621.2070)

CPU:total 12 (initial active 12) (6 cores per cpu, 2 threads per core) family 6 model 151 stepping 5, cmov, cx8, fxsr, mmx, sse, sse2, sse3, ssse3, sse4.1, sse4.2, popcnt, avx, avx2, aes, clmul, erms, 3dnowpref, lzcnt, ht, tsc, tscinvbit, bmi1, bmi2, adx

Memory: 4k page, physical 33317992k(17081080k free), swap 38560872k(8966180k free)

vm_info: Java HotSpot(TM) 64-Bit Server VM (25.371-b11) for windows-amd64 JRE (1.8.0_371-b11), built on Mar 17 2023 04:03:45 by "java_re" with MS VC++ 17.1 (VS2022)

time: Fri Sep  1 17:34:23 2023
timezone: RTZ 2 ( Family 6 Model 151 Stepping 5, GenuineIntel
elapsed time: 1.364676 seconds (0d 0h 0m 1s)

