#
# A fatal error has been detected by the Java Runtime Environment:
#
#  EXCEPTION_ACCESS_VIOLATION (0xc0000005) at pc=0x00007ffee8b21114, pid=7132, tid=0x00000000000052e8
#
# JRE version: Java(TM) SE Runtime Environment (8.0_371) (build 1.8.0_371-b11)
# Java VM: Java HotSpot(TM) 64-Bit Server VM (25.371-b11 mixed mode windows-amd64 compressed oops)
# Problematic frame:
# C  [jniBulletDynamics.dll+0x161114]
#
# Failed to write core dump. Minidumps are not enabled by default on client versions of Windows
#
# If you would like to submit a bug report, please visit:
#   http://bugreport.java.com/bugreport/crash.jsp
# The crash happened outside the Java Virtual Machine in native code.
# See problematic frame for where to report the bug.
#

---------------  T H R E A D  ---------------

Current thread (0x00000182e3228800):  JavaThread "physics" [_thread_in_native, id=21224, stack(0x00000004e9d00000,0x00000004e9e00000)]

siginfo: ExceptionCode=0xc0000005, reading address 0x0000000000000180

Registers:
RAX=0x0000000000000340, RBX=0x00000182e3228a00, RCX=0x00000182e1ab00a0, RDX=0x0000000000000000
RSP=0x00000004e9dfe9a0, RBP=0x00000004e9dfea80, RSI=0x00000182e1ab00a0, RDI=0x0000000000000000
R8 =0x0000018287c809e0, R9 =0x0000000000000340, R10=0x0000000000000000, R11=0x00000182e1ab00a0
R12=0x0000000000000000, R13=0x00000182e183ab18, R14=0x00000004e9dfeaa0, R15=0x00000182e3228800
RIP=0x00007ffee8b21114, EFLAGS=0x0000000000010206

Top of Stack: (sp=0x00000004e9dfe9a0)
0x00000004e9dfe9a0:   00000182e183ab18 00000182e3228800
0x00000004e9dfe9b0:   00000182e183ab18 00000182e3228800
0x00000004e9dfe9c0:   0000000000000000 00007ffee89e1061
0x00000004e9dfe9d0:   00000182e3228a00 00000004e9dfea80
0x00000004e9dfe9e0:   00000182e1ab00a0 00000182e183ab18
0x00000004e9dfe9f0:   00000004e9dfeaa8 0000000000000011
0x00000004e9dfea00:   00000005c3814698 00000182ba964d27
0x00000004e9dfea10:   00000182e3228a00 00000182e183ab18
0x00000004e9dfea20:   00000005c3814698 00000182e3228800
0x00000004e9dfea30:   00000004e9dfeb28 00000182ba964622
0x00000004e9dfea40:   00000004e9dfea40 00000182e183ab18
0x00000004e9dfea50:   00000004e9dfeaa8 00000182e2e3d000
0x00000004e9dfea60:   0000000000000000 00000182e183ab18
0x00000004e9dfea70:   0000000000000000 00000004e9dfeaa0
0x00000004e9dfea80:   00000004e9dfeb00 00000182ba9484bd
0x00000004e9dfea90:   0000000000000000 00000182ba959778 

Instructions: (pc=0x00007ffee8b21114)
0x00007ffee8b210f4:   c4 18 01 00 00 5e 5d c3 cc cc cc cc 48 89 5c 24
0x00007ffee8b21104:   08 48 89 6c 24 10 48 89 74 24 18 57 48 83 ec 20
0x00007ffee8b21114:   48 8b aa 80 01 00 00 33 db 48 8b fa 48 8b f1 48
0x00007ffee8b21124:   85 ed 74 39 48 8b 89 80 00 00 00 48 8b 01 ff 50 


Register to memory mapping:

RAX=0x0000000000000340 is an unknown value
RBX=0x00000182e3228a00 is an unknown value
RCX=0x00000182e1ab00a0 is an unknown value
RDX=0x0000000000000000 is an unknown value
RSP=0x00000004e9dfe9a0 is pointing into the stack for thread: 0x00000182e3228800
RBP=0x00000004e9dfea80 is pointing into the stack for thread: 0x00000182e3228800
RSI=0x00000182e1ab00a0 is an unknown value
RDI=0x0000000000000000 is an unknown value
R8 =0x0000018287c809e0 is an unknown value
R9 =0x0000000000000340 is an unknown value
R10=0x0000000000000000 is an unknown value
R11=0x00000182e1ab00a0 is an unknown value
R12=0x0000000000000000 is an unknown value
R13={method} {0x00000182e183ab20} 'removeRigidBody' '(Lorg/bytedeco/bullet/BulletDynamics/btRigidBody;)V' in 'org/bytedeco/bullet/BulletDynamics/btDiscreteDynamicsWorld'
R14=0x00000004e9dfeaa0 is pointing into the stack for thread: 0x00000182e3228800
R15=0x00000182e3228800 is a thread


Stack: [0x00000004e9d00000,0x00000004e9e00000],  sp=0x00000004e9dfe9a0,  free space=1018k
Native frames: (J=compiled Java code, j=interpreted, Vv=VM code, C=native code)
C  [jniBulletDynamics.dll+0x161114]
C  [jniBulletDynamics.dll+0x21061]
C  0x00000182ba964d27

Java frames: (J=compiled Java code, j=interpreted, Vv=VM code)
j  org.bytedeco.bullet.BulletDynamics.btDiscreteDynamicsWorld.removeRigidBody(Lorg/bytedeco/bullet/BulletDynamics/btRigidBody;)V+0
j  ru.BouH.engine.physics.world.timer.BulletWorldTimer.removeRigidBodyFromWorld(Lorg/bytedeco/bullet/BulletDynamics/btRigidBody;)V+19
j  ru.BouH.engine.physics.world.World.onWorldUpdate()V+294
j  ru.BouH.engine.physics.world.timer.GameWorldTimer.updateTimer(I)V+148
j  ru.BouH.engine.physics.world.timer.PhysicThreadManager.lambda$initService$1()V+8
j  ru.BouH.engine.physics.world.timer.PhysicThreadManager$$Lambda$56.run()V+4
j  java.util.concurrent.ThreadPoolExecutor.runWorker(Ljava/util/concurrent/ThreadPoolExecutor$Worker;)V+95
j  java.util.concurrent.ThreadPoolExecutor$Worker.run()V+5
j  java.lang.Thread.run()V+11
v  ~StubRoutines::call_stub

---------------  P R O C E S S  ---------------

Java Threads: ( => current thread )
  0x00000182e3f5b800 JavaThread "D3D Screen Updater" daemon [_thread_blocked, id=19436, stack(0x00000004ea430000,0x00000004ea530000)]
  0x00000182e0f08800 JavaThread "AWT-Windows" daemon [_thread_in_native, id=17176, stack(0x00000004ea000000,0x00000004ea100000)]
  0x00000182e28e0800 JavaThread "Java2D Disposer" daemon [_thread_blocked, id=14536, stack(0x00000004e9e00000,0x00000004e9f00000)]
=>0x00000182e3228800 JavaThread "physics" [_thread_in_native, id=21224, stack(0x00000004e9d00000,0x00000004e9e00000)]
  0x00000182e1188000 JavaThread "physics" [_thread_blocked, id=8460, stack(0x00000004e9c00000,0x00000004e9d00000)]
  0x00000182b8e22000 JavaThread "DestroyJavaVM" [_thread_blocked, id=11060, stack(0x00000004e8100000,0x00000004e8200000)]
  0x00000182e258d000 JavaThread "game" [_thread_blocked, id=372, stack(0x00000004e9b00000,0x00000004e9c00000)]
  0x00000182e0d05000 JavaThread "JavaCPP Deallocator" daemon [_thread_blocked, id=5892, stack(0x00000004e9a00000,0x00000004e9b00000)]
  0x00000182df6b6800 JavaThread "Service Thread" daemon [_thread_blocked, id=18532, stack(0x00000004e9800000,0x00000004e9900000)]
  0x00000182df62d800 JavaThread "C1 CompilerThread3" daemon [_thread_blocked, id=11824, stack(0x00000004e9700000,0x00000004e9800000)]
  0x00000182df62c000 JavaThread "C2 CompilerThread2" daemon [_thread_blocked, id=22336, stack(0x00000004e9600000,0x00000004e9700000)]
  0x00000182df62b000 JavaThread "C2 CompilerThread1" daemon [_thread_blocked, id=4484, stack(0x00000004e9500000,0x00000004e9600000)]
  0x00000182df5cf800 JavaThread "C2 CompilerThread0" daemon [_thread_blocked, id=792, stack(0x00000004e9400000,0x00000004e9500000)]
  0x00000182dd29e800 JavaThread "JDWP Command Reader" daemon [_thread_in_native, id=3568, stack(0x00000004e9300000,0x00000004e9400000)]
  0x00000182dd297800 JavaThread "JDWP Event Helper Thread" daemon [_thread_blocked, id=17768, stack(0x00000004e9200000,0x00000004e9300000)]
  0x00000182dd289000 JavaThread "JDWP Transport Listener: dt_socket" daemon [_thread_blocked, id=21024, stack(0x00000004e9100000,0x00000004e9200000)]
  0x00000182dd27f000 JavaThread "Attach Listener" daemon [_thread_blocked, id=20940, stack(0x00000004e9000000,0x00000004e9100000)]
  0x00000182dd27c000 JavaThread "Signal Dispatcher" daemon [_thread_blocked, id=16124, stack(0x00000004e8f00000,0x00000004e9000000)]
  0x00000182b8ec7000 JavaThread "Finalizer" daemon [_thread_blocked, id=7756, stack(0x00000004e8e00000,0x00000004e8f00000)]
  0x00000182dd258800 JavaThread "Reference Handler" daemon [_thread_blocked, id=5832, stack(0x00000004e8d00000,0x00000004e8e00000)]

Other Threads:
  0x00000182dd231800 VMThread [stack: 0x00000004e8c00000,0x00000004e8d00000] [id=16224]
  0x00000182df73e800 WatcherThread [stack: 0x00000004e9900000,0x00000004e9a00000] [id=21104]

VM state:not at safepoint (normal execution)

VM Mutex/Monitor currently owned by a thread: None

heap address: 0x00000005c3800000, size: 8136 MB, Compressed Oops mode: Zero based, Oop shift amount: 3
Narrow klass base: 0x0000000000000000, Narrow klass shift: 3
Compressed class space size: 1073741824 Address: 0x00000007c0000000

Heap:
 PSYoungGen      total 540160K, used 238767K [0x0000000716800000, 0x0000000747900000, 0x00000007c0000000)
  eden space 474112K, 36% used [0x0000000716800000,0x00000007210abeb8,0x0000000733700000)
  from space 66048K, 100% used [0x0000000733700000,0x0000000737780000,0x0000000737780000)
  to   space 77312K, 0% used [0x0000000742d80000,0x0000000742d80000,0x0000000747900000)
 ParOldGen       total 240640K, used 39627K [0x00000005c3800000, 0x00000005d2300000, 0x0000000716800000)
  object space 240640K, 16% used [0x00000005c3800000,0x00000005c5eb2d90,0x00000005d2300000)
 Metaspace       used 29419K, capacity 29912K, committed 30208K, reserved 1077248K
  class space    used 3166K, capacity 3310K, committed 3328K, reserved 1048576K

Card table byte_map: [0x00000182c9d00000,0x00000182cacf0000] byte_map_base: 0x00000182c6ee4000

Marking Bits: (ParMarkBitMap*) 0x00000000709cd980
 Begin Bits: [0x00000182cb790000, 0x00000182d36b0000)
 End Bits:   [0x00000182d36b0000, 0x00000182db5d0000)

Polling page: 0x00000182b9070000

CodeCache: size=245760Kb used=12844Kb max_used=12846Kb free=232915Kb
 bounds [0x00000182ba940000, 0x00000182bb5f0000, 0x00000182c9940000]
 total_blobs=4606 nmethods=3393 adapters=1133
 compilation: enabled

Compilation events (10 events):
Event: 13.205 Thread 0x00000182df62d800 3416       1       ru.BouH.engine.physics.world.object.WorldItem::canBeDestroyed (2 bytes)
Event: 13.206 Thread 0x00000182df62d800 nmethod 3416 0x00000182baa7e5d0 code [0x00000182baa7e720, 0x00000182baa7e838]
Event: 13.206 Thread 0x00000182df62d800 3420       3       java.util.ArrayList::forEach (75 bytes)
Event: 13.206 Thread 0x00000182df62d800 nmethod 3420 0x00000182baab1250 code [0x00000182baab1420, 0x00000182baab19f0]
Event: 13.206 Thread 0x00000182df62d800 3419       3       ru.BouH.engine.physics.world.World::removeItem (12 bytes)
Event: 13.206 Thread 0x00000182df62d800 nmethod 3419 0x00000182baa68d10 code [0x00000182baa68e80, 0x00000182baa690b0]
Event: 13.206 Thread 0x00000182df62d800 3417       3       ru.BouH.engine.physics.world.World$$Lambda$99/1924004660::accept (8 bytes)
Event: 13.207 Thread 0x00000182df62d800 nmethod 3417 0x00000182baad27d0 code [0x00000182baad2960, 0x00000182baad2fe0]
Event: 13.207 Thread 0x00000182df62d800 3418       3       ru.BouH.engine.physics.world.object.WorldItem::setDead (21 bytes)
Event: 13.207 Thread 0x00000182df62d800 nmethod 3418 0x00000182bb5ca210 code [0x00000182bb5ca3a0, 0x00000182bb5ca840]

GC Heap History (10 events):
Event: 8.018 GC heap before
{Heap before GC invocations=10 (full 1):
 PSYoungGen      total 285184K, used 285181K [0x0000000716800000, 0x000000072b480000, 0x00000007c0000000)
  eden space 258560K, 100% used [0x0000000716800000,0x0000000726480000,0x0000000726480000)
  from space 26624K, 99% used [0x0000000728280000,0x0000000729c7f760,0x0000000729c80000)
  to   space 30720K, 0% used [0x0000000726480000,0x0000000726480000,0x0000000728280000)
 ParOldGen       total 240640K, used 7890K [0x00000005c3800000, 0x00000005d2300000, 0x0000000716800000)
  object space 240640K, 3% used [0x00000005c3800000,0x00000005c3fb4a88,0x00000005d2300000)
 Metaspace       used 29407K, capacity 29904K, committed 30208K, reserved 1077248K
  class space    used 3165K, capacity 3308K, committed 3328K, reserved 1048576K
Event: 8.105 GC heap after
Heap after GC invocations=10 (full 1):
 PSYoungGen      total 289280K, used 30701K [0x0000000716800000, 0x0000000730e80000, 0x00000007c0000000)
  eden space 258560K, 0% used [0x0000000716800000,0x0000000716800000,0x0000000726480000)
  from space 30720K, 99% used [0x0000000726480000,0x000000072827b770,0x0000000728280000)
  to   space 40448K, 0% used [0x000000072e700000,0x000000072e700000,0x0000000730e80000)
 ParOldGen       total 240640K, used 20066K [0x00000005c3800000, 0x00000005d2300000, 0x0000000716800000)
  object space 240640K, 8% used [0x00000005c3800000,0x00000005c4b98a88,0x00000005d2300000)
 Metaspace       used 29407K, capacity 29904K, committed 30208K, reserved 1077248K
  class space    used 3165K, capacity 3308K, committed 3328K, reserved 1048576K
}
Event: 9.019 GC heap before
{Heap before GC invocations=11 (full 1):
 PSYoungGen      total 289280K, used 289261K [0x0000000716800000, 0x0000000730e80000, 0x00000007c0000000)
  eden space 258560K, 100% used [0x0000000716800000,0x0000000726480000,0x0000000726480000)
  from space 30720K, 99% used [0x0000000726480000,0x000000072827b770,0x0000000728280000)
  to   space 40448K, 0% used [0x000000072e700000,0x000000072e700000,0x0000000730e80000)
 ParOldGen       total 240640K, used 20066K [0x00000005c3800000, 0x00000005d2300000, 0x0000000716800000)
  object space 240640K, 8% used [0x00000005c3800000,0x00000005c4b98a88,0x00000005d2300000)
 Metaspace       used 29407K, capacity 29904K, committed 30208K, reserved 1077248K
  class space    used 3165K, capacity 3308K, committed 3328K, reserved 1048576K
Event: 9.124 GC heap after
Heap after GC invocations=11 (full 1):
 PSYoungGen      total 384512K, used 40448K [0x0000000716800000, 0x0000000732980000, 0x00000007c0000000)
  eden space 344064K, 0% used [0x0000000716800000,0x0000000716800000,0x000000072b800000)
  from space 40448K, 100% used [0x000000072e700000,0x0000000730e80000,0x0000000730e80000)
  to   space 48128K, 0% used [0x000000072b800000,0x000000072b800000,0x000000072e700000)
 ParOldGen       total 240640K, used 25451K [0x00000005c3800000, 0x00000005d2300000, 0x0000000716800000)
  object space 240640K, 10% used [0x00000005c3800000,0x00000005c50dad90,0x00000005d2300000)
 Metaspace       used 29407K, capacity 29904K, committed 30208K, reserved 1077248K
  class space    used 3165K, capacity 3308K, committed 3328K, reserved 1048576K
}
Event: 10.312 GC heap before
{Heap before GC invocations=12 (full 1):
 PSYoungGen      total 384512K, used 384512K [0x0000000716800000, 0x0000000732980000, 0x00000007c0000000)
  eden space 344064K, 100% used [0x0000000716800000,0x000000072b800000,0x000000072b800000)
  from space 40448K, 100% used [0x000000072e700000,0x0000000730e80000,0x0000000730e80000)
  to   space 48128K, 0% used [0x000000072b800000,0x000000072b800000,0x000000072e700000)
 ParOldGen       total 240640K, used 25451K [0x00000005c3800000, 0x00000005d2300000, 0x0000000716800000)
  object space 240640K, 10% used [0x00000005c3800000,0x00000005c50dad90,0x00000005d2300000)
 Metaspace       used 29413K, capacity 29904K, committed 30208K, reserved 1077248K
  class space    used 3165K, capacity 3308K, committed 3328K, reserved 1048576K
Event: 10.354 GC heap after
Heap after GC invocations=12 (full 1):
 PSYoungGen      total 392192K, used 48128K [0x0000000716800000, 0x000000073b280000, 0x00000007c0000000)
  eden space 344064K, 0% used [0x0000000716800000,0x0000000716800000,0x000000072b800000)
  from space 48128K, 100% used [0x000000072b800000,0x000000072e700000,0x000000072e700000)
  to   space 60416K, 0% used [0x0000000737780000,0x0000000737780000,0x000000073b280000)
 ParOldGen       total 240640K, used 37979K [0x00000005c3800000, 0x00000005d2300000, 0x0000000716800000)
  object space 240640K, 15% used [0x00000005c3800000,0x00000005c5d16d90,0x00000005d2300000)
 Metaspace       used 29413K, capacity 29904K, committed 30208K, reserved 1077248K
  class space    used 3165K, capacity 3308K, committed 3328K, reserved 1048576K
}
Event: 11.413 GC heap before
{Heap before GC invocations=13 (full 1):
 PSYoungGen      total 392192K, used 392192K [0x0000000716800000, 0x000000073b280000, 0x00000007c0000000)
  eden space 344064K, 100% used [0x0000000716800000,0x000000072b800000,0x000000072b800000)
  from space 48128K, 100% used [0x000000072b800000,0x000000072e700000,0x000000072e700000)
  to   space 60416K, 0% used [0x0000000737780000,0x0000000737780000,0x000000073b280000)
 ParOldGen       total 240640K, used 37979K [0x00000005c3800000, 0x00000005d2300000, 0x0000000716800000)
  object space 240640K, 15% used [0x00000005c3800000,0x00000005c5d16d90,0x00000005d2300000)
 Metaspace       used 29413K, capacity 29904K, committed 30208K, reserved 1077248K
  class space    used 3165K, capacity 3308K, committed 3328K, reserved 1048576K
Event: 11.446 GC heap after
Heap after GC invocations=13 (full 1):
 PSYoungGen      total 534528K, used 49984K [0x0000000716800000, 0x000000073b880000, 0x00000007c0000000)
  eden space 474112K, 0% used [0x0000000716800000,0x0000000716800000,0x0000000733700000)
  from space 60416K, 82% used [0x0000000737780000,0x000000073a850000,0x000000073b280000)
  to   space 66048K, 0% used [0x0000000733700000,0x0000000733700000,0x0000000737780000)
 ParOldGen       total 240640K, used 38131K [0x00000005c3800000, 0x00000005d2300000, 0x0000000716800000)
  object space 240640K, 15% used [0x00000005c3800000,0x00000005c5d3cd90,0x00000005d2300000)
 Metaspace       used 29413K, capacity 29904K, committed 30208K, reserved 1077248K
  class space    used 3165K, capacity 3308K, committed 3328K, reserved 1048576K
}
Event: 12.786 GC heap before
{Heap before GC invocations=14 (full 1):
 PSYoungGen      total 534528K, used 524096K [0x0000000716800000, 0x000000073b880000, 0x00000007c0000000)
  eden space 474112K, 100% used [0x0000000716800000,0x0000000733700000,0x0000000733700000)
  from space 60416K, 82% used [0x0000000737780000,0x000000073a850000,0x000000073b280000)
  to   space 66048K, 0% used [0x0000000733700000,0x0000000733700000,0x0000000737780000)
 ParOldGen       total 240640K, used 38131K [0x00000005c3800000, 0x00000005d2300000, 0x0000000716800000)
  object space 240640K, 15% used [0x00000005c3800000,0x00000005c5d3cd90,0x00000005d2300000)
 Metaspace       used 29413K, capacity 29904K, committed 30208K, reserved 1077248K
  class space    used 3165K, capacity 3308K, committed 3328K, reserved 1048576K
Event: 12.833 GC heap after
Heap after GC invocations=14 (full 1):
 PSYoungGen      total 540160K, used 66048K [0x0000000716800000, 0x0000000747900000, 0x00000007c0000000)
  eden space 474112K, 0% used [0x0000000716800000,0x0000000716800000,0x0000000733700000)
  from space 66048K, 100% used [0x0000000733700000,0x0000000737780000,0x0000000737780000)
  to   space 77312K, 0% used [0x0000000742d80000,0x0000000742d80000,0x0000000747900000)
 ParOldGen       total 240640K, used 39627K [0x00000005c3800000, 0x00000005d2300000, 0x0000000716800000)
  object space 240640K, 16% used [0x00000005c3800000,0x00000005c5eb2d90,0x00000005d2300000)
 Metaspace       used 29413K, capacity 29904K, committed 30208K, reserved 1077248K
  class space    used 3165K, capacity 3308K, committed 3328K, reserved 1048576K
}

Deoptimization events (10 events):
Event: 4.722 Thread 0x00000182e258d000 Uncommon trap: reason=unstable_if action=reinterpret pc=0x00000182bb444410 method=org.joml.FrustumIntersection.testAab(FFFFFF)Z @ 210
Event: 4.857 Thread 0x00000182e1188000 Uncommon trap: reason=unstable_if action=reinterpret pc=0x00000182bb3ac8f0 method=ru.BouH.engine.physics.entities.PhysEntity.getVelocityVector()Lorg/joml/Vector3d; @ 16
Event: 6.168 Thread 0x00000182e258d000 Uncommon trap: reason=unstable_if action=reinterpret pc=0x00000182bb4704ac method=org.joml.FrustumIntersection.testAab(FFFFFF)Z @ 281
Event: 6.177 Thread 0x00000182e258d000 Uncommon trap: reason=unstable_if action=reinterpret pc=0x00000182bb2dc084 method=java.lang.Integer.getChars(II[C)V @ 7
Event: 6.254 Thread 0x00000182e258d000 Uncommon trap: reason=unstable_if action=reinterpret pc=0x00000182bb449fe8 method=ru.BouH.engine.game.controller.components.Key.refreshState(Z)V @ 28
Event: 8.853 Thread 0x00000182e258d000 Uncommon trap: reason=unstable_if action=reinterpret pc=0x00000182bb5326b0 method=org.joml.FrustumIntersection.testAab(FFFFFF)Z @ 152
Event: 13.203 Thread 0x00000182e258d000 Uncommon trap: reason=unstable_if action=reinterpret pc=0x00000182bb576574 method=ru.BouH.engine.game.controller.components.FunctionalKey.refreshState(Z)V @ 9
Event: 13.203 Thread 0x00000182e3228800 Uncommon trap: reason=unstable_if action=reinterpret pc=0x00000182bb57eac0 method=ru.BouH.engine.physics.world.World.onWorldUpdate()V @ 197
Event: 13.206 Thread 0x00000182e3228800 Uncommon trap: reason=bimorphic action=maybe_recompile pc=0x00000182bb432344 method=java.util.ArrayList.forEach(Ljava/util/function/Consumer;)V @ 47
Event: 13.206 Thread 0x00000182e3228800 Uncommon trap: reason=unstable_if action=reinterpret pc=0x00000182bb37c0d0 method=org.bytedeco.javacpp.Pointer$DeallocatorReference.clear()V @ 8

Classes redefined (0 events):
No events

Internal exceptions (10 events):
Event: 0.965 Thread 0x00000182e258d000 Exception <a 'java/io/FileNotFoundException'> (0x0000000718d735c8) thrown at [C:\jenkins\workspace\8-2-build-windows-x64-cygwin\jdk8u371\3355\hotspot\src\share\vm\prims\jni.cpp, line 710]
Event: 1.114 Thread 0x00000182e258d000 Implicit null exception at 0x00000182bac2a459 to 0x00000182bac2a959
Event: 1.114 Thread 0x00000182e258d000 Implicit null exception at 0x00000182babb17d6 to 0x00000182babb1c99
Event: 1.115 Thread 0x00000182e258d000 Implicit null exception at 0x00000182bace6614 to 0x00000182bace68c1
Event: 1.115 Thread 0x00000182e258d000 Implicit null exception at 0x00000182bad07a1b to 0x00000182bad08219
Event: 1.284 Thread 0x00000182e258d000 Exception <a 'sun/nio/fs/WindowsException'> (0x0000000717591b20) thrown at [C:\jenkins\workspace\8-2-build-windows-x64-cygwin\jdk8u371\3355\hotspot\src\share\vm\prims\jni.cpp, line 710]
Event: 1.285 Thread 0x00000182e258d000 Exception <a 'sun/nio/fs/WindowsException'> (0x0000000717592258) thrown at [C:\jenkins\workspace\8-2-build-windows-x64-cygwin\jdk8u371\3355\hotspot\src\share\vm\prims\jni.cpp, line 710]
Event: 1.286 Thread 0x00000182e258d000 Exception <a 'sun/nio/fs/WindowsException'> (0x00000007175a7ee0) thrown at [C:\jenkins\workspace\8-2-build-windows-x64-cygwin\jdk8u371\3355\hotspot\src\share\vm\prims\jni.cpp, line 710]
Event: 1.286 Thread 0x00000182e258d000 Exception <a 'sun/nio/fs/WindowsException'> (0x00000007175a84d0) thrown at [C:\jenkins\workspace\8-2-build-windows-x64-cygwin\jdk8u371\3355\hotspot\src\share\vm\prims\jni.cpp, line 710]
Event: 2.664 Thread 0x00000182e258d000 Exception <a 'java/lang/NoSuchMethodError': java.lang.Object.lambda$comparing$77a9974f$1(Ljava/util/function/Function;Ljava/lang/Object;Ljava/lang/Object;)I> (0x00000007195ca3f8) thrown at [C:\jenkins\workspace\8-2-build-windows-x64-cygwin\jdk8u371\3355\h

Events (10 events):
Event: 13.203 Thread 0x00000182e3228800 DEOPT PACKING pc=0x00000182bb57eac0 sp=0x00000004e9dfea10
Event: 13.203 Thread 0x00000182e3228800 DEOPT UNPACKING pc=0x00000182ba9858c3 sp=0x00000004e9dfeaf8 mode 2
Event: 13.205 loading class ru/BouH/engine/physics/world/object/WorldItem
Event: 13.205 loading class ru/BouH/engine/physics/world/object/WorldItem done
Event: 13.206 Thread 0x00000182e3228800 Uncommon trap: trap_request=0xffffffc6 fr.pc=0x00000182bb432344
Event: 13.206 Thread 0x00000182e3228800 DEOPT PACKING pc=0x00000182bb432344 sp=0x00000004e9dfea10
Event: 13.206 Thread 0x00000182e3228800 DEOPT UNPACKING pc=0x00000182ba9858c3 sp=0x00000004e9dfea10 mode 2
Event: 13.206 Thread 0x00000182e3228800 Uncommon trap: trap_request=0xffffff65 fr.pc=0x00000182bb37c0d0
Event: 13.206 Thread 0x00000182e3228800 DEOPT PACKING pc=0x00000182bb37c0d0 sp=0x00000004e9dfe9d0
Event: 13.206 Thread 0x00000182e3228800 DEOPT UNPACKING pc=0x00000182ba9858c3 sp=0x00000004e9dfe978 mode 2


Dynamic libraries:
0x00007ff7efbe0000 - 0x00007ff7efc2a000 	C:\Program Files\Java\jdk-1.8\bin\java.exe
0x00007fff4e510000 - 0x00007fff4e724000 	C:\Windows\SYSTEM32\ntdll.dll
0x00007fff4d680000 - 0x00007fff4d744000 	C:\Windows\System32\KERNEL32.DLL
0x00007fff4bdd0000 - 0x00007fff4c174000 	C:\Windows\System32\KERNELBASE.dll
0x00007fff4dbc0000 - 0x00007fff4dc70000 	C:\Windows\System32\ADVAPI32.dll
0x00007fff4da20000 - 0x00007fff4dac7000 	C:\Windows\System32\msvcrt.dll
0x00007fff4cfd0000 - 0x00007fff4d076000 	C:\Windows\System32\sechost.dll
0x00007fff4d390000 - 0x00007fff4d4a7000 	C:\Windows\System32\RPCRT4.dll
0x00007fff4d4b0000 - 0x00007fff4d65e000 	C:\Windows\System32\USER32.dll
0x00007fff4c180000 - 0x00007fff4c1a6000 	C:\Windows\System32\win32u.dll
0x00007fff4d9f0000 - 0x00007fff4da19000 	C:\Windows\System32\GDI32.dll
0x00007fff4bad0000 - 0x00007fff4bbe8000 	C:\Windows\System32\gdi32full.dll
0x00007fff4ba30000 - 0x00007fff4baca000 	C:\Windows\System32\msvcp_win.dll
0x00007fff4bbf0000 - 0x00007fff4bd01000 	C:\Windows\System32\ucrtbase.dll
0x00007fff2a720000 - 0x00007fff2a9b3000 	C:\Windows\WinSxS\amd64_microsoft.windows.common-controls_6595b64144ccf1df_6.0.22621.2215_none_270d72677387dfc3\COMCTL32.dll
0x00007fff4db80000 - 0x00007fff4dbb1000 	C:\Windows\System32\IMM32.DLL
0x00007fff44380000 - 0x00007fff4439b000 	C:\Program Files\Java\jdk-1.8\jre\bin\vcruntime140.dll
0x00007fff44770000 - 0x00007fff4477c000 	C:\Program Files\Java\jdk-1.8\jre\bin\vcruntime140_1.dll
0x00007fff3ac00000 - 0x00007fff3ac8e000 	C:\Program Files\Java\jdk-1.8\jre\bin\msvcp140.dll
0x00000000701a0000 - 0x0000000070a47000 	C:\Program Files\Java\jdk-1.8\jre\bin\server\jvm.dll
0x00007fff4e4c0000 - 0x00007fff4e4c8000 	C:\Windows\System32\PSAPI.DLL
0x00007fff44760000 - 0x00007fff44769000 	C:\Windows\SYSTEM32\WSOCK32.dll
0x00007fff3c390000 - 0x00007fff3c3c4000 	C:\Windows\SYSTEM32\WINMM.dll
0x00007fff46cc0000 - 0x00007fff46cca000 	C:\Windows\SYSTEM32\VERSION.dll
0x00007fff4d7e0000 - 0x00007fff4d851000 	C:\Windows\System32\WS2_32.dll
0x00007fff4aa00000 - 0x00007fff4aa18000 	C:\Windows\SYSTEM32\kernel.appcore.dll
0x00007fff442e0000 - 0x00007fff442f0000 	C:\Program Files\Java\jdk-1.8\jre\bin\verify.dll
0x00007fff43910000 - 0x00007fff4393b000 	C:\Program Files\Java\jdk-1.8\jre\bin\java.dll
0x00007fff3e710000 - 0x00007fff3e746000 	C:\Program Files\Java\jdk-1.8\jre\bin\jdwp.dll
0x00007fff442d0000 - 0x00007fff442d9000 	C:\Program Files\Java\jdk-1.8\jre\bin\npt.dll
0x00007fff3aa90000 - 0x00007fff3aac4000 	C:\Program Files\Java\jdk-1.8\jre\bin\instrument.dll
0x00007fff3b1d0000 - 0x00007fff3b1e8000 	C:\Program Files\Java\jdk-1.8\jre\bin\zip.dll
0x00007fff4c2a0000 - 0x00007fff4cac3000 	C:\Windows\System32\SHELL32.dll
0x00007fff49860000 - 0x00007fff4a14a000 	C:\Windows\SYSTEM32\windows.storage.dll
0x00007fff4de90000 - 0x00007fff4e21a000 	C:\Windows\System32\combase.dll
0x00007fff49720000 - 0x00007fff4985e000 	C:\Windows\SYSTEM32\wintypes.dll
0x00007fff4d8d0000 - 0x00007fff4d9c3000 	C:\Windows\System32\SHCORE.dll
0x00007fff4dc90000 - 0x00007fff4dcee000 	C:\Windows\System32\shlwapi.dll
0x00007fff4b7f0000 - 0x00007fff4b816000 	C:\Windows\SYSTEM32\profapi.dll
0x00007fff442c0000 - 0x00007fff442ca000 	C:\Program Files\Java\jdk-1.8\jre\bin\dt_socket.dll
0x00007fff4ae80000 - 0x00007fff4aee9000 	C:\Windows\system32\mswsock.dll
0x00007fff42990000 - 0x00007fff4299d000 	C:\Program Files\Java\jdk-1.8\jre\bin\management.dll
0x00007fff3aa70000 - 0x00007fff3aa8c000 	C:\Program Files\Java\jdk-1.8\jre\bin\net.dll
0x00007fff2de10000 - 0x00007fff2de27000 	C:\Windows\system32\napinsp.dll
0x00007fff2dc10000 - 0x00007fff2dc2b000 	C:\Windows\system32\pnrpnsp.dll
0x00007fff4a490000 - 0x00007fff4a582000 	C:\Windows\SYSTEM32\DNSAPI.dll
0x00007fff4a420000 - 0x00007fff4a44d000 	C:\Windows\SYSTEM32\IPHLPAPI.DLL
0x00007fff4d9e0000 - 0x00007fff4d9e9000 	C:\Windows\System32\NSI.dll
0x00007fff2dbf0000 - 0x00007fff2dc01000 	C:\Windows\System32\winrnr.dll
0x00007fff45660000 - 0x00007fff45675000 	C:\Windows\system32\wshbth.dll
0x00007fff2b650000 - 0x00007fff2b671000 	C:\Windows\system32\nlansp_c.dll
0x00007fff43780000 - 0x00007fff4378a000 	C:\Windows\System32\rasadhlp.dll
0x00007fff44b60000 - 0x00007fff44be4000 	C:\Windows\System32\fwpuclnt.dll
0x00007fff3aa10000 - 0x00007fff3aa23000 	C:\Program Files\Java\jdk-1.8\jre\bin\nio.dll
0x00000182b9150000 - 0x00000182b9154000 	C:\Users\hardm\.javacpp\cache\javacpp-1.5.9-windows-x86_64.jar\org\bytedeco\javacpp\windows-x86_64\api-ms-win-crt-locale-l1-1-0.dll
0x00000182b9160000 - 0x00000182b9165000 	C:\Users\hardm\.javacpp\cache\javacpp-1.5.9-windows-x86_64.jar\org\bytedeco\javacpp\windows-x86_64\api-ms-win-crt-string-l1-1-0.dll
0x00000182b9170000 - 0x00000182b9175000 	C:\Users\hardm\.javacpp\cache\javacpp-1.5.9-windows-x86_64.jar\org\bytedeco\javacpp\windows-x86_64\api-ms-win-crt-stdio-l1-1-0.dll
0x00000182b9180000 - 0x00000182b9186000 	C:\Users\hardm\.javacpp\cache\javacpp-1.5.9-windows-x86_64.jar\org\bytedeco\javacpp\windows-x86_64\api-ms-win-crt-math-l1-1-0.dll
0x00000182dcfd0000 - 0x00000182dcfd4000 	C:\Users\hardm\.javacpp\cache\javacpp-1.5.9-windows-x86_64.jar\org\bytedeco\javacpp\windows-x86_64\api-ms-win-crt-heap-l1-1-0.dll
0x00000182dcfe0000 - 0x00000182dcfe5000 	C:\Users\hardm\.javacpp\cache\javacpp-1.5.9-windows-x86_64.jar\org\bytedeco\javacpp\windows-x86_64\api-ms-win-crt-runtime-l1-1-0.dll
0x00000182dcff0000 - 0x00000182dcff5000 	C:\Users\hardm\.javacpp\cache\javacpp-1.5.9-windows-x86_64.jar\org\bytedeco\javacpp\windows-x86_64\api-ms-win-crt-convert-l1-1-0.dll
0x00000182dd000000 - 0x00000182dd004000 	C:\Users\hardm\.javacpp\cache\javacpp-1.5.9-windows-x86_64.jar\org\bytedeco\javacpp\windows-x86_64\api-ms-win-crt-environment-l1-1-0.dll
0x00000182dd010000 - 0x00000182dd014000 	C:\Users\hardm\.javacpp\cache\javacpp-1.5.9-windows-x86_64.jar\org\bytedeco\javacpp\windows-x86_64\api-ms-win-crt-time-l1-1-0.dll
0x00000182dd020000 - 0x00000182dd024000 	C:\Users\hardm\.javacpp\cache\javacpp-1.5.9-windows-x86_64.jar\org\bytedeco\javacpp\windows-x86_64\api-ms-win-crt-filesystem-l1-1-0.dll
0x00000182dd030000 - 0x00000182dd034000 	C:\Users\hardm\.javacpp\cache\javacpp-1.5.9-windows-x86_64.jar\org\bytedeco\javacpp\windows-x86_64\api-ms-win-crt-utility-l1-1-0.dll
0x00000182dd040000 - 0x00000182dd046000 	C:\Users\hardm\.javacpp\cache\javacpp-1.5.9-windows-x86_64.jar\org\bytedeco\javacpp\windows-x86_64\api-ms-win-crt-multibyte-l1-1-0.dll
0x00000182dd050000 - 0x00000182dd054000 	C:\Users\hardm\.javacpp\cache\javacpp-1.5.9-windows-x86_64.jar\org\bytedeco\javacpp\windows-x86_64\api-ms-win-crt-conio-l1-1-0.dll
0x00000182dd060000 - 0x00000182dd071000 	C:\Users\hardm\.javacpp\cache\javacpp-1.5.9-windows-x86_64.jar\org\bytedeco\javacpp\windows-x86_64\api-ms-win-crt-private-l1-1-0.dll
0x00000182dd080000 - 0x00000182dd084000 	C:\Users\hardm\.javacpp\cache\javacpp-1.5.9-windows-x86_64.jar\org\bytedeco\javacpp\windows-x86_64\api-ms-win-crt-process-l1-1-0.dll
0x00000182dd090000 - 0x00000182dd094000 	C:\Users\hardm\.javacpp\cache\javacpp-1.5.9-windows-x86_64.jar\org\bytedeco\javacpp\windows-x86_64\api-ms-win-core-console-l1-2-0.dll
0x00000182e18d0000 - 0x00000182e18d4000 	C:\Users\hardm\.javacpp\cache\javacpp-1.5.9-windows-x86_64.jar\org\bytedeco\javacpp\windows-x86_64\api-ms-win-core-string-l1-1-0.dll
0x00000182e18e0000 - 0x00000182e18e4000 	C:\Users\hardm\.javacpp\cache\javacpp-1.5.9-windows-x86_64.jar\org\bytedeco\javacpp\windows-x86_64\api-ms-win-core-errorhandling-l1-1-0.dll
0x00000182e18f0000 - 0x00000182e18f4000 	C:\Users\hardm\.javacpp\cache\javacpp-1.5.9-windows-x86_64.jar\org\bytedeco\javacpp\windows-x86_64\api-ms-win-core-timezone-l1-1-0.dll
0x00000182e1900000 - 0x00000182e1905000 	C:\Users\hardm\.javacpp\cache\javacpp-1.5.9-windows-x86_64.jar\org\bytedeco\javacpp\windows-x86_64\api-ms-win-core-file-l1-1-0.dll
0x00000182e1910000 - 0x00000182e1914000 	C:\Users\hardm\.javacpp\cache\javacpp-1.5.9-windows-x86_64.jar\org\bytedeco\javacpp\windows-x86_64\api-ms-win-core-namedpipe-l1-1-0.dll
0x00000182e1920000 - 0x00000182e1924000 	C:\Users\hardm\.javacpp\cache\javacpp-1.5.9-windows-x86_64.jar\org\bytedeco\javacpp\windows-x86_64\api-ms-win-core-handle-l1-1-0.dll
0x00000182e1930000 - 0x00000182e1934000 	C:\Users\hardm\.javacpp\cache\javacpp-1.5.9-windows-x86_64.jar\org\bytedeco\javacpp\windows-x86_64\api-ms-win-core-file-l2-1-0.dll
0x00000182e1940000 - 0x00000182e1944000 	C:\Users\hardm\.javacpp\cache\javacpp-1.5.9-windows-x86_64.jar\org\bytedeco\javacpp\windows-x86_64\api-ms-win-core-heap-l1-1-0.dll
0x00000182e1950000 - 0x00000182e1954000 	C:\Users\hardm\.javacpp\cache\javacpp-1.5.9-windows-x86_64.jar\org\bytedeco\javacpp\windows-x86_64\api-ms-win-core-libraryloader-l1-1-0.dll
0x00000182e1960000 - 0x00000182e1964000 	C:\Users\hardm\.javacpp\cache\javacpp-1.5.9-windows-x86_64.jar\org\bytedeco\javacpp\windows-x86_64\api-ms-win-core-synch-l1-1-0.dll
0x00000182e1970000 - 0x00000182e1974000 	C:\Users\hardm\.javacpp\cache\javacpp-1.5.9-windows-x86_64.jar\org\bytedeco\javacpp\windows-x86_64\api-ms-win-core-processthreads-l1-1-0.dll
0x00000182e1980000 - 0x00000182e1984000 	C:\Users\hardm\.javacpp\cache\javacpp-1.5.9-windows-x86_64.jar\org\bytedeco\javacpp\windows-x86_64\api-ms-win-core-processenvironment-l1-1-0.dll
0x00000182e1990000 - 0x00000182e1994000 	C:\Users\hardm\.javacpp\cache\javacpp-1.5.9-windows-x86_64.jar\org\bytedeco\javacpp\windows-x86_64\api-ms-win-core-datetime-l1-1-0.dll
0x00000182e19a0000 - 0x00000182e19a4000 	C:\Users\hardm\.javacpp\cache\javacpp-1.5.9-windows-x86_64.jar\org\bytedeco\javacpp\windows-x86_64\api-ms-win-core-localization-l1-2-0.dll
0x00000182e2980000 - 0x00000182e2984000 	C:\Users\hardm\.javacpp\cache\javacpp-1.5.9-windows-x86_64.jar\org\bytedeco\javacpp\windows-x86_64\api-ms-win-core-sysinfo-l1-1-0.dll
0x00000182e2990000 - 0x00000182e2994000 	C:\Users\hardm\.javacpp\cache\javacpp-1.5.9-windows-x86_64.jar\org\bytedeco\javacpp\windows-x86_64\api-ms-win-core-synch-l1-2-0.dll
0x00000182e29a0000 - 0x00000182e29a4000 	C:\Users\hardm\.javacpp\cache\javacpp-1.5.9-windows-x86_64.jar\org\bytedeco\javacpp\windows-x86_64\api-ms-win-core-console-l1-1-0.dll
0x00000182e29b0000 - 0x00000182e29b4000 	C:\Users\hardm\.javacpp\cache\javacpp-1.5.9-windows-x86_64.jar\org\bytedeco\javacpp\windows-x86_64\api-ms-win-core-debug-l1-1-0.dll
0x00000182e29c0000 - 0x00000182e29c4000 	C:\Users\hardm\.javacpp\cache\javacpp-1.5.9-windows-x86_64.jar\org\bytedeco\javacpp\windows-x86_64\api-ms-win-core-rtlsupport-l1-1-0.dll
0x00000182e29d0000 - 0x00000182e29d4000 	C:\Users\hardm\.javacpp\cache\javacpp-1.5.9-windows-x86_64.jar\org\bytedeco\javacpp\windows-x86_64\api-ms-win-core-processthreads-l1-1-1.dll
0x00000182e29e0000 - 0x00000182e29e4000 	C:\Users\hardm\.javacpp\cache\javacpp-1.5.9-windows-x86_64.jar\org\bytedeco\javacpp\windows-x86_64\api-ms-win-core-file-l1-2-0.dll
0x00000182e29f0000 - 0x00000182e29f4000 	C:\Users\hardm\.javacpp\cache\javacpp-1.5.9-windows-x86_64.jar\org\bytedeco\javacpp\windows-x86_64\api-ms-win-core-profile-l1-1-0.dll
0x00000182e2a00000 - 0x00000182e2a04000 	C:\Users\hardm\.javacpp\cache\javacpp-1.5.9-windows-x86_64.jar\org\bytedeco\javacpp\windows-x86_64\api-ms-win-core-memory-l1-1-0.dll
0x00000182e2a10000 - 0x00000182e2a14000 	C:\Users\hardm\.javacpp\cache\javacpp-1.5.9-windows-x86_64.jar\org\bytedeco\javacpp\windows-x86_64\api-ms-win-core-util-l1-1-0.dll
0x00000182e2a20000 - 0x00000182e2a24000 	C:\Users\hardm\.javacpp\cache\javacpp-1.5.9-windows-x86_64.jar\org\bytedeco\javacpp\windows-x86_64\api-ms-win-core-interlocked-l1-1-0.dll
0x00007fff1d730000 - 0x00007fff1d841000 	C:\Users\hardm\.javacpp\cache\javacpp-1.5.9-windows-x86_64.jar\org\bytedeco\javacpp\windows-x86_64\ucrtbase.dll
0x00007fff37730000 - 0x00007fff3774b000 	C:\Users\hardm\.javacpp\cache\javacpp-1.5.9-windows-x86_64.jar\org\bytedeco\javacpp\windows-x86_64\vcruntime140.dll
0x00007fff3fe50000 - 0x00007fff3fe5c000 	C:\Users\hardm\.javacpp\cache\javacpp-1.5.9-windows-x86_64.jar\org\bytedeco\javacpp\windows-x86_64\vcruntime140_1.dll
0x00007fff2dff0000 - 0x00007fff2e07d000 	C:\Users\hardm\.javacpp\cache\javacpp-1.5.9-windows-x86_64.jar\org\bytedeco\javacpp\windows-x86_64\msvcp140.dll
0x00007fff3e700000 - 0x00007fff3e709000 	C:\Users\hardm\.javacpp\cache\javacpp-1.5.9-windows-x86_64.jar\org\bytedeco\javacpp\windows-x86_64\msvcp140_1.dll
0x00007fff36c00000 - 0x00007fff36c4e000 	C:\Users\hardm\.javacpp\cache\javacpp-1.5.9-windows-x86_64.jar\org\bytedeco\javacpp\windows-x86_64\concrt140.dll
0x00007fff2c5a0000 - 0x00007fff2c5d1000 	C:\Users\hardm\.javacpp\cache\javacpp-1.5.9-windows-x86_64.jar\org\bytedeco\javacpp\windows-x86_64\vcomp140.dll
0x00007fff3e6c0000 - 0x00007fff3e6cf000 	C:\Users\hardm\.javacpp\cache\javacpp-1.5.9-windows-x86_64.jar\org\bytedeco\javacpp\windows-x86_64\jnijavacpp.dll
0x00007fff29160000 - 0x00007fff29240000 	C:\Users\hardm\.javacpp\cache\bullet-3.25-1.5.9-windows-x86_64.jar\org\bytedeco\bullet\windows-x86_64\jniLinearMath.dll
0x00007fff01430000 - 0x00007fff01690000 	C:\Users\hardm\.javacpp\cache\bullet-3.25-1.5.9-windows-x86_64.jar\org\bytedeco\bullet\windows-x86_64\jniBulletCollision.dll
0x00007ffee89c0000 - 0x00007ffee8c00000 	C:\Users\hardm\.javacpp\cache\bullet-3.25-1.5.9-windows-x86_64.jar\org\bytedeco\bullet\windows-x86_64\jniBulletDynamics.dll
0x00007fff2c520000 - 0x00007fff2c595000 	C:\Users\hardm\AppData\Local\Temp\lwjglhardm\3.3.1-build-7\lwjgl.dll
0x00007fff2a550000 - 0x00007fff2a5b1000 	C:\Users\hardm\AppData\Local\Temp\lwjglhardm\3.3.1-build-7\glfw.dll
0x00007fff0c190000 - 0x00007fff0c30e000 	C:\Program Files\Java\jdk-1.8\jre\bin\awt.dll
0x00007fff4e3e0000 - 0x00007fff4e4b7000 	C:\Windows\System32\OLEAUT32.dll
0x00007fff471b0000 - 0x00007fff47247000 	C:\Windows\SYSTEM32\apphelp.dll
0x00007fff49020000 - 0x00007fff4904b000 	C:\Windows\system32\DWMAPI.DLL
0x00007fff48da0000 - 0x00007fff48e4b000 	C:\Windows\system32\uxtheme.dll
0x00007fff2d0b0000 - 0x00007fff2d1b0000 	C:\Windows\system32\opengl32.dll
0x00007fff3ff00000 - 0x00007fff3ff2d000 	C:\Windows\SYSTEM32\GLU32.dll
0x00007fff49090000 - 0x00007fff490c8000 	C:\Windows\SYSTEM32\dxcore.dll
0x00007fff4e290000 - 0x00007fff4e3d9000 	C:\Windows\System32\MSCTF.dll
0x00007fff4dcf0000 - 0x00007fff4de8e000 	C:\Windows\System32\ole32.dll
0x00007fff4c220000 - 0x00007fff4c29a000 	C:\Windows\System32\bcryptPrimitives.dll
0x00007fff21cd0000 - 0x00007fff21e79000 	C:\Windows\system32\d3d9.dll
0x00007fff34490000 - 0x00007fff3454c000 	C:\Windows\System32\DriverStore\FileRepository\nv_dispi.inf_amd64_3c2bd4a1ec6d228e\nvldumdx.dll
0x00007fff4b560000 - 0x00007fff4b572000 	C:\Windows\SYSTEM32\msasn1.dll
0x00007fff465b0000 - 0x00007fff465e2000 	C:\Windows\SYSTEM32\cryptnet.dll
0x00007fff4b8c0000 - 0x00007fff4ba26000 	C:\Windows\System32\CRYPT32.dll
0x00007fff45680000 - 0x00007fff457d8000 	C:\Windows\SYSTEM32\drvstore.dll
0x00007fff4b580000 - 0x00007fff4b5ac000 	C:\Windows\SYSTEM32\devobj.dll
0x00007fff4b5b0000 - 0x00007fff4b5fe000 	C:\Windows\SYSTEM32\cfgmgr32.dll
0x00007fff4b180000 - 0x00007fff4b1cb000 	C:\Windows\SYSTEM32\wldp.dll

VM Arguments:
jvm_args: -agentlib:jdwp=transport=dt_socket,address=127.0.0.1:59836,suspend=y,server=n -javaagent:C:\Users\hardm\AppData\Local\JetBrains\IdeaIC2023.2\captureAgent\debugger-agent.jar=file:/C:/Users/hardm/AppData/Local/Temp/capture.props -Dfile.encoding=UTF-8 
java_command: ru.BouH.engine.game.Game
java_class_path (initial): C:\Program Files\Java\jdk-1.8\jre\lib\charsets.jar;C:\Program Files\Java\jdk-1.8\jre\lib\deploy.jar;C:\Program Files\Java\jdk-1.8\jre\lib\ext\access-bridge-64.jar;C:\Program Files\Java\jdk-1.8\jre\lib\ext\cldrdata.jar;C:\Program Files\Java\jdk-1.8\jre\lib\ext\dnsns.jar;C:\Program Files\Java\jdk-1.8\jre\lib\ext\jaccess.jar;C:\Program Files\Java\jdk-1.8\jre\lib\ext\jfxrt.jar;C:\Program Files\Java\jdk-1.8\jre\lib\ext\localedata.jar;C:\Program Files\Java\jdk-1.8\jre\lib\ext\nashorn.jar;C:\Program Files\Java\jdk-1.8\jre\lib\ext\sunec.jar;C:\Program Files\Java\jdk-1.8\jre\lib\ext\sunjce_provider.jar;C:\Program Files\Java\jdk-1.8\jre\lib\ext\sunmscapi.jar;C:\Program Files\Java\jdk-1.8\jre\lib\ext\sunpkcs11.jar;C:\Program Files\Java\jdk-1.8\jre\lib\ext\zipfs.jar;C:\Program Files\Java\jdk-1.8\jre\lib\javaws.jar;C:\Program Files\Java\jdk-1.8\jre\lib\jce.jar;C:\Program Files\Java\jdk-1.8\jre\lib\jfr.jar;C:\Program Files\Java\jdk-1.8\jre\lib\jfxswt.jar;C:\Program Files\Java\jdk-1.8\jre\lib\jsse.jar;C:\Program Files\Java\jdk-1.8\jre\lib\management-agent.jar;C:\Program Files\Java\jdk-1.8\jre\lib\plugin.jar;C:\Program Files\Java\jdk-1.8\jre\lib\resources.jar;C:\Program Files\Java\jdk-1.8\jre\lib\rt.jar;F:\game_test1\target\classes;C:\Users\hardm\.m2\repository\org\bytedeco\bullet-platform\3.25-1.5.9\bullet-platform-3.25-1.5.9.jar;C:\Users\hardm\.m2\repository\org\bytedeco\javacpp-platform\1.5.9\javacpp-platform-1.5.9.jar;C:\Users\hardm\.m2\repository\org\bytedeco\javacpp\1.5.9\javacpp-1.5.9-android-arm.jar;C:\Users\hardm\.m2\repository\org\bytedeco\javacpp\1.5.9\javacpp-1.5.9-android-arm64.jar;C:\Users\hardm\.m2\repository\org\bytedeco\javacpp\1.5.9\javacpp-1.5.9-android-x86.jar;C:\Users\hardm\.m2\repository\org\bytedeco\javacpp\1.5.9\javacpp-1.5.9-android-x86_64.jar;C:\Users\hardm\.m2\repository\org\bytedeco\javacpp\1.5.9\javacpp-1.5.9-ios-arm64.jar;C:\Users\hardm\.m2\repository\org\bytedeco\javacpp\1.5.9\javacpp-1.5.9-ios-x86_64.jar;C:\Users\hardm\.m
Launcher Type: SUN_STANDARD

Environment Variables:
JAVA_HOME=C:\Program Files\Java\jdk-1.8
PATH=C:\Program Files (x86)\Common Files\Oracle\Java\javapath;C:\Windows\system32;C:\Windows;C:\Windows\System32\Wbem;C:\Windows\System32\WindowsPowerShell\v1.0\;C:\Windows\System32\OpenSSH\;C:\Program Files\NVIDIA Corporation\NVIDIA NvDLISR;C:\Program Files\Git\cmd;C:\Program Files (x86)\NVIDIA Corporation\PhysX\Common;C:\Program Files\dotnet\;C:\Program Files\Java\jdk-1.8\bin;C:\Users\hardm\AppData\Local\Microsoft\WindowsApps;C:\Users\hardm\.dotnet\tools
USERNAME=hardm
OS=Windows_NT
PROCESSOR_IDENTIFIER=Intel64 Family 6 Model 151 Stepping 5, GenuineIntel



---------------  S Y S T E M  ---------------

OS: Windows 11 , 64 bit Build 22621 (10.0.22621.2215)

CPU:total 12 (initial active 12) (6 cores per cpu, 2 threads per core) family 6 model 151 stepping 5, cmov, cx8, fxsr, mmx, sse, sse2, sse3, ssse3, sse4.1, sse4.2, popcnt, avx, avx2, aes, clmul, erms, 3dnowpref, lzcnt, ht, tsc, tscinvbit, bmi1, bmi2, adx

Memory: 4k page, physical 33317992k(11120400k free), swap 39883748k(7189508k free)

vm_info: Java HotSpot(TM) 64-Bit Server VM (25.371-b11) for windows-amd64 JRE (1.8.0_371-b11), built on Mar 17 2023 04:03:45 by "java_re" with MS VC++ 17.1 (VS2022)

time: Fri Sep 15 00:42:59 2023
timezone: RTZ 2 ( Family 6 Model 151 Stepping 5, GenuineIntel
elapsed time: 13.235442 seconds (0d 0h 0m 13s)

