#
# A fatal error has been detected by the Java Runtime Environment:
#
#  EXCEPTION_ACCESS_VIOLATION (0xc0000005) at pc=0x00007ff8c043c2c3, pid=10232, tid=0x00000000000010a8
#
# JRE version: Java(TM) SE Runtime Environment (8.0_371) (build 1.8.0_371-b11)
# Java VM: Java HotSpot(TM) 64-Bit Server VM (25.371-b11 mixed mode windows-amd64 compressed oops)
# Problematic frame:
# C  0x00007ff8c043c2c3
#
# Failed to write core dump. Minidumps are not enabled by default on client versions of Windows
#
# If you would like to submit a bug report, please visit:
#   http://bugreport.java.com/bugreport/crash.jsp
# The crash happened outside the Java Virtual Machine in native code.
# See problematic frame for where to report the bug.
#

---------------  T H R E A D  ---------------

Current thread (0x0000029050469000):  JavaThread "game" [_thread_in_native, id=4264, stack(0x000000a3b7100000,0x000000a3b7200000)]

siginfo: ExceptionCode=0xc0000005, reading address 0x0000000000000014

Registers:
RAX=0x0000021945ee12ed, RBX=0x0000000000000001, RCX=0x000832b929f9f084, RDX=0x0000021945ee12ed
RSP=0x000000a3b71fe920, RBP=0x0000000000000006, RSI=0x0000000000000006, RDI=0x0000000000000000
R8 =0x00000000000000e7, R9 =0x0000000000000000, R10=0x00000000546c6148, R11=0x000009f22f820a93
R12=0x0000000000000004, R13=0x000002905c1d4080, R14=0x0000000000000000, R15=0x0000000000001405
RIP=0x00007ff8c043c2c3, EFLAGS=0x0000000000010246

Top of Stack: (sp=0x000000a3b71fe920)
0x000000a3b71fe920:   0000000000000001 000000a3b71fea00
0x000000a3b71fe930:   000000005cb2bda0 000002904fa03c40
0x000000a3b71fe940:   000000055d298fb8 00007ff9201ec6e0
0x000000a3b71fe950:   000002905d298fb8 0000029050469000
0x000000a3b71fe960:   0000000200000005 0000000000000004
0x000000a3b71fe970:   000002905c1e11c8 0000003800000003
0x000000a3b71fe980:   000002905d298fb8 0000029050469000
0x000000a3b71fe990:   0000029050469000 0000000000000000
0x000000a3b71fe9a0:   000000a3b71feb38 0000000000001405
0x000000a3b71fe9b0:   0000000000000004 000002905c1d4080
0x000000a3b71fe9c0:   0000000000000006 000000a3b71feaf8
0x000000a3b71fe9d0:   0000000000000000 00007ff8c009c9f6
0x000000a3b71fe9e0:   000000a3b71fea10 0000029000000004
0x000000a3b71fe9f0:   0000029000000000 0000029000000000
0x000000a3b71fea00:   0000029000000018 0000029000001405
0x000000a3b71fea10:   0000000000000000 0000029000000000 

Instructions: (pc=0x00007ff8c043c2c3)
0x00007ff8c043c2a3:   e9 07 00 00 bb 01 00 00 00 49 8d 8d 40 0c 8e 00
0x00007ff8c043c2b3:   8b d3 e8 e6 a1 e7 ff 41 81 ff 05 14 00 00 75 18
0x00007ff8c043c2c3:   41 8b 44 ae fc 4c 8d 65 ff 41 8b 0e 8b f8 3b c8
0x00007ff8c043c2d3:   0f 47 f9 0f 42 c1 eb 5d 41 81 ff 03 14 00 00 75 


Register to memory mapping:

RAX=0x0000021945ee12ed is an unknown value
RBX=0x0000000000000001 is an unknown value
RCX=0x000832b929f9f084 is an unknown value
RDX=0x0000021945ee12ed is an unknown value
RSP=0x000000a3b71fe920 is pointing into the stack for thread: 0x0000029050469000
RBP=0x0000000000000006 is an unknown value
RSI=0x0000000000000006 is an unknown value
RDI=0x0000000000000000 is an unknown value
R8 =0x00000000000000e7 is an unknown value
R9 =0x0000000000000000 is an unknown value
R10=0x00000000546c6148 is an unknown value
R11=0x000009f22f820a93 is an unknown value
R12=0x0000000000000004 is an unknown value
R13=0x000002905c1d4080 is an unknown value
R14=0x0000000000000000 is an unknown value
R15=0x0000000000001405 is an unknown value


Stack: [0x000000a3b7100000,0x000000a3b7200000],  sp=0x000000a3b71fe920,  free space=1018k
Native frames: (J=compiled Java code, j=interpreted, Vv=VM code, C=native code)
C  0x00007ff8c043c2c3
C  0x00007ff8c009c9f6
C  0x0000029029f64d27

Java frames: (J=compiled Java code, j=interpreted, Vv=VM code)
j  org.lwjgl.opengl.GL11C.nglDrawElements(IIIJ)V+0
j  org.lwjgl.opengl.GL11C.glDrawElements(IIIJ)V+4
j  org.lwjgl.opengl.GL11.glDrawElements(IIIJ)V+4
j  ru.BouH.engine.render.scene.Scene$SceneRenderConveyor.renderTexture(Lru/BouH/engine/game/resource/assets/models/Mesh;)V+30
j  ru.BouH.engine.render.scene.Scene$SceneRenderConveyor.renderMixedScene(DLru/BouH/engine/game/resource/assets/models/Mesh;)V+105
j  ru.BouH.engine.render.scene.Scene$SceneRenderConveyor.onRender(DLjava/util/List;Ljava/util/List;)V+62
J 3052 C2 ru.BouH.engine.render.screen.Screen.inLoop(D)V (66 bytes) @ 0x000002902a0b035c [0x000002902a0ae9e0+0x197c]
j  ru.BouH.engine.render.screen.Screen.renderLoop()V+134
j  ru.BouH.engine.render.screen.Screen.updateScreen()V+44
j  ru.BouH.engine.render.screen.Screen.startScreen()V+1
j  ru.BouH.engine.game.Game$EngineSystem.lambda$startSystem$0()V+31
j  ru.BouH.engine.game.Game$EngineSystem$$Lambda$36.run()V+4
j  java.lang.Thread.run()V+11
v  ~StubRoutines::call_stub

---------------  P R O C E S S  ---------------

Java Threads: ( => current thread )
  0x000002904f9b3800 JavaThread "D3D Screen Updater" daemon [_thread_blocked, id=34676, stack(0x000000a3b7990000,0x000000a3b7a90000)]
  0x0000029051682000 JavaThread "AWT-Windows" daemon [_thread_in_native, id=38344, stack(0x000000a3b7500000,0x000000a3b7600000)]
  0x000002905277b800 JavaThread "Java2D Disposer" daemon [_thread_blocked, id=42720, stack(0x000000a3b7300000,0x000000a3b7400000)]
  0x0000029050fcd800 JavaThread "physics" [_thread_blocked, id=25676, stack(0x000000a3b7200000,0x000000a3b7300000)]
  0x00000290283b6000 JavaThread "DestroyJavaVM" [_thread_blocked, id=18328, stack(0x000000a3b5700000,0x000000a3b5800000)]
=>0x0000029050469000 JavaThread "game" [_thread_in_native, id=4264, stack(0x000000a3b7100000,0x000000a3b7200000)]
  0x000002904f7b2800 JavaThread "JavaCPP Deallocator" daemon [_thread_blocked, id=50324, stack(0x000000a3b7000000,0x000000a3b7100000)]
  0x000002904ecbf000 JavaThread "Service Thread" daemon [_thread_blocked, id=20232, stack(0x000000a3b6e00000,0x000000a3b6f00000)]
  0x000002904ec36800 JavaThread "C1 CompilerThread3" daemon [_thread_blocked, id=16612, stack(0x000000a3b6d00000,0x000000a3b6e00000)]
  0x000002904ec35800 JavaThread "C2 CompilerThread2" daemon [_thread_blocked, id=26780, stack(0x000000a3b6c00000,0x000000a3b6d00000)]
  0x000002904ec34000 JavaThread "C2 CompilerThread1" daemon [_thread_blocked, id=2868, stack(0x000000a3b6b00000,0x000000a3b6c00000)]
  0x000002904ec32800 JavaThread "C2 CompilerThread0" daemon [_thread_blocked, id=44700, stack(0x000000a3b6a00000,0x000000a3b6b00000)]
  0x000002904ebca000 JavaThread "JDWP Command Reader" daemon [_thread_in_native, id=34832, stack(0x000000a3b6900000,0x000000a3b6a00000)]
  0x000002904ebc5000 JavaThread "JDWP Event Helper Thread" daemon [_thread_blocked, id=31836, stack(0x000000a3b6800000,0x000000a3b6900000)]
  0x000002904c8a7800 JavaThread "JDWP Transport Listener: dt_socket" daemon [_thread_blocked, id=41964, stack(0x000000a3b6700000,0x000000a3b6800000)]
  0x000002904c898000 JavaThread "Attach Listener" daemon [_thread_blocked, id=43520, stack(0x000000a3b6600000,0x000000a3b6700000)]
  0x000002904c897000 JavaThread "Signal Dispatcher" daemon [_thread_blocked, id=15716, stack(0x000000a3b6500000,0x000000a3b6600000)]
  0x000002904c86e000 JavaThread "Finalizer" daemon [_thread_blocked, id=49400, stack(0x000000a3b6400000,0x000000a3b6500000)]
  0x000002902845e000 JavaThread "Reference Handler" daemon [_thread_blocked, id=47284, stack(0x000000a3b6300000,0x000000a3b6400000)]

Other Threads:
  0x000002904c843800 VMThread [stack: 0x000000a3b6200000,0x000000a3b6300000] [id=46776]
  0x000002904ed0b800 WatcherThread [stack: 0x000000a3b6f00000,0x000000a3b7000000] [id=15656]

VM state:not at safepoint (normal execution)

VM Mutex/Monitor currently owned by a thread: None

heap address: 0x00000005c3800000, size: 8136 MB, Compressed Oops mode: Zero based, Oop shift amount: 3
Narrow klass base: 0x0000000000000000, Narrow klass shift: 3
Compressed class space size: 1073741824 Address: 0x00000007c0000000

Heap:
 PSYoungGen      total 181760K, used 119374K [0x0000000716800000, 0x0000000723100000, 0x00000007c0000000)
  eden space 172544K, 67% used [0x0000000716800000,0x000000071da10ab0,0x0000000721080000)
  from space 9216K, 27% used [0x0000000721080000,0x0000000721303020,0x0000000721980000)
  to   space 8704K, 0% used [0x0000000722880000,0x0000000722880000,0x0000000723100000)
 ParOldGen       total 229376K, used 5010K [0x00000005c3800000, 0x00000005d1800000, 0x0000000716800000)
  object space 229376K, 2% used [0x00000005c3800000,0x00000005c3ce48a8,0x00000005d1800000)
 Metaspace       used 29378K, capacity 29846K, committed 30208K, reserved 1077248K
  class space    used 3175K, capacity 3319K, committed 3328K, reserved 1048576K

Card table byte_map: [0x0000029039300000,0x000002903a2f0000] byte_map_base: 0x00000290364e4000

Marking Bits: (ParMarkBitMap*) 0x000000005cd6d980
 Begin Bits: [0x000002903ad90000, 0x0000029042cb0000)
 End Bits:   [0x0000029042cb0000, 0x000002904abd0000)

Polling page: 0x0000029028650000

CodeCache: size=245760Kb used=9187Kb max_used=10378Kb free=236572Kb
 bounds [0x0000029029f40000, 0x000002902a970000, 0x0000029038f40000]
 total_blobs=3969 nmethods=2697 adapters=1192
 compilation: enabled

Compilation events (10 events):
Event: 61.165 Thread 0x000002904ec35800 3061       4       ru.BouH.engine.game.controller.binding.BindingList$$Lambda$94/1836164058::onTrigger (5 bytes)
Event: 61.165 Thread 0x000002904ec32800 3062       4       ru.BouH.engine.game.controller.binding.BindingList$$Lambda$96/1913112045::onTrigger (5 bytes)
Event: 61.165 Thread 0x000002904ec34000 3060       4       ru.BouH.engine.game.controller.binding.BindingList$$Lambda$99/1832456863::onTrigger (5 bytes)
Event: 61.166 Thread 0x000002904ec32800 nmethod 3062 0x000002902a788690 code [0x000002902a7887c0, 0x000002902a788858]
Event: 61.166 Thread 0x000002904ec35800 nmethod 3061 0x000002902a0eccd0 code [0x000002902a0ece00, 0x000002902a0ece98]
Event: 61.166 Thread 0x000002904ec34000 nmethod 3060 0x000002902a1bd790 code [0x000002902a1bd8c0, 0x000002902a1bd958]
Event: 64.462 Thread 0x000002904ec35800 3063       4       ru.BouH.engine.game.Game::glfwTime (4 bytes)
Event: 64.462 Thread 0x000002904ec35800 nmethod 3063 0x000002902a2d3b10 code [0x000002902a2d3c60, 0x000002902a2d3cc8]
Event: 67.771 Thread 0x000002904ec34000 3064       4       ru.BouH.engine.game.controller.binding.BindingList$$Lambda$97/157235195::onTrigger (5 bytes)
Event: 67.772 Thread 0x000002904ec34000 nmethod 3064 0x000002902a507c10 code [0x000002902a507d40, 0x000002902a507dd8]

GC Heap History (10 events):
Event: 4.781 GC heap before
{Heap before GC invocations=4 (full 1):
 PSYoungGen      total 152576K, used 131072K [0x0000000716800000, 0x0000000721200000, 0x00000007c0000000)
  eden space 131072K, 100% used [0x0000000716800000,0x000000071e800000,0x000000071e800000)
  from space 21504K, 0% used [0x000000071fd00000,0x000000071fd00000,0x0000000721200000)
  to   space 21504K, 0% used [0x000000071e800000,0x000000071e800000,0x000000071fd00000)
 ParOldGen       total 229376K, used 4929K [0x00000005c3800000, 0x00000005d1800000, 0x0000000716800000)
  object space 229376K, 2% used [0x00000005c3800000,0x00000005c3cd0518,0x00000005d1800000)
 Metaspace       used 28959K, capacity 29366K, committed 29696K, reserved 1075200K
  class space    used 3170K, capacity 3319K, committed 3328K, reserved 1048576K
Event: 4.783 GC heap after
Heap after GC invocations=4 (full 1):
 PSYoungGen      total 152576K, used 4047K [0x0000000716800000, 0x0000000722e80000, 0x00000007c0000000)
  eden space 131072K, 0% used [0x0000000716800000,0x0000000716800000,0x000000071e800000)
  from space 21504K, 18% used [0x000000071e800000,0x000000071ebf3e60,0x000000071fd00000)
  to   space 21504K, 0% used [0x0000000721980000,0x0000000721980000,0x0000000722e80000)
 ParOldGen       total 229376K, used 4960K [0x00000005c3800000, 0x00000005d1800000, 0x0000000716800000)
  object space 229376K, 2% used [0x00000005c3800000,0x00000005c3cd8158,0x00000005d1800000)
 Metaspace       used 28959K, capacity 29366K, committed 29696K, reserved 1075200K
  class space    used 3170K, capacity 3319K, committed 3328K, reserved 1048576K
}
Event: 9.608 GC heap before
{Heap before GC invocations=5 (full 1):
 PSYoungGen      total 152576K, used 135119K [0x0000000716800000, 0x0000000722e80000, 0x00000007c0000000)
  eden space 131072K, 100% used [0x0000000716800000,0x000000071e800000,0x000000071e800000)
  from space 21504K, 18% used [0x000000071e800000,0x000000071ebf3e60,0x000000071fd00000)
  to   space 21504K, 0% used [0x0000000721980000,0x0000000721980000,0x0000000722e80000)
 ParOldGen       total 229376K, used 4960K [0x00000005c3800000, 0x00000005d1800000, 0x0000000716800000)
  object space 229376K, 2% used [0x00000005c3800000,0x00000005c3cd8158,0x00000005d1800000)
 Metaspace       used 29118K, capacity 29566K, committed 29952K, reserved 1075200K
  class space    used 3170K, capacity 3319K, committed 3328K, reserved 1048576K
Event: 9.610 GC heap after
Heap after GC invocations=5 (full 1):
 PSYoungGen      total 170496K, used 2556K [0x0000000716800000, 0x0000000722900000, 0x00000007c0000000)
  eden space 154624K, 0% used [0x0000000716800000,0x0000000716800000,0x000000071ff00000)
  from space 15872K, 16% used [0x0000000721980000,0x0000000721bff010,0x0000000722900000)
  to   space 21504K, 0% used [0x000000071ff00000,0x000000071ff00000,0x0000000721400000)
 ParOldGen       total 229376K, used 4986K [0x00000005c3800000, 0x00000005d1800000, 0x0000000716800000)
  object space 229376K, 2% used [0x00000005c3800000,0x00000005c3cde8a8,0x00000005d1800000)
 Metaspace       used 29118K, capacity 29566K, committed 29952K, reserved 1075200K
  class space    used 3170K, capacity 3319K, committed 3328K, reserved 1048576K
}
Event: 15.350 GC heap before
{Heap before GC invocations=6 (full 1):
 PSYoungGen      total 170496K, used 157180K [0x0000000716800000, 0x0000000722900000, 0x00000007c0000000)
  eden space 154624K, 100% used [0x0000000716800000,0x000000071ff00000,0x000000071ff00000)
  from space 15872K, 16% used [0x0000000721980000,0x0000000721bff010,0x0000000722900000)
  to   space 21504K, 0% used [0x000000071ff00000,0x000000071ff00000,0x0000000721400000)
 ParOldGen       total 229376K, used 4986K [0x00000005c3800000, 0x00000005d1800000, 0x0000000716800000)
  object space 229376K, 2% used [0x00000005c3800000,0x00000005c3cde8a8,0x00000005d1800000)
 Metaspace       used 29247K, capacity 29782K, committed 30208K, reserved 1077248K
  class space    used 3171K, capacity 3319K, committed 3328K, reserved 1048576K
Event: 15.352 GC heap after
Heap after GC invocations=6 (full 1):
 PSYoungGen      total 176128K, used 2460K [0x0000000716800000, 0x0000000722680000, 0x00000007c0000000)
  eden space 154624K, 0% used [0x0000000716800000,0x0000000716800000,0x000000071ff00000)
  from space 21504K, 11% used [0x000000071ff00000,0x0000000720167010,0x0000000721400000)
  to   space 9216K, 0% used [0x0000000721d80000,0x0000000721d80000,0x0000000722680000)
 ParOldGen       total 229376K, used 4994K [0x00000005c3800000, 0x00000005d1800000, 0x0000000716800000)
  object space 229376K, 2% used [0x00000005c3800000,0x00000005c3ce08a8,0x00000005d1800000)
 Metaspace       used 29247K, capacity 29782K, committed 30208K, reserved 1077248K
  class space    used 3171K, capacity 3319K, committed 3328K, reserved 1048576K
}
Event: 21.038 GC heap before
{Heap before GC invocations=7 (full 1):
 PSYoungGen      total 176128K, used 157084K [0x0000000716800000, 0x0000000722680000, 0x00000007c0000000)
  eden space 154624K, 100% used [0x0000000716800000,0x000000071ff00000,0x000000071ff00000)
  from space 21504K, 11% used [0x000000071ff00000,0x0000000720167010,0x0000000721400000)
  to   space 9216K, 0% used [0x0000000721d80000,0x0000000721d80000,0x0000000722680000)
 ParOldGen       total 229376K, used 4994K [0x00000005c3800000, 0x00000005d1800000, 0x0000000716800000)
  object space 229376K, 2% used [0x00000005c3800000,0x00000005c3ce08a8,0x00000005d1800000)
 Metaspace       used 29262K, capacity 29782K, committed 30208K, reserved 1077248K
  class space    used 3171K, capacity 3319K, committed 3328K, reserved 1048576K
Event: 21.040 GC heap after
Heap after GC invocations=7 (full 1):
 PSYoungGen      total 177664K, used 2508K [0x0000000716800000, 0x0000000722280000, 0x00000007c0000000)
  eden space 172544K, 0% used [0x0000000716800000,0x0000000716800000,0x0000000721080000)
  from space 5120K, 48% used [0x0000000721d80000,0x0000000721ff3020,0x0000000722280000)
  to   space 9216K, 0% used [0x0000000721080000,0x0000000721080000,0x0000000721980000)
 ParOldGen       total 229376K, used 5002K [0x00000005c3800000, 0x00000005d1800000, 0x0000000716800000)
  object space 229376K, 2% used [0x00000005c3800000,0x00000005c3ce28a8,0x00000005d1800000)
 Metaspace       used 29262K, capacity 29782K, committed 30208K, reserved 1077248K
  class space    used 3171K, capacity 3319K, committed 3328K, reserved 1048576K
}
Event: 27.378 GC heap before
{Heap before GC invocations=8 (full 1):
 PSYoungGen      total 177664K, used 175052K [0x0000000716800000, 0x0000000722280000, 0x00000007c0000000)
  eden space 172544K, 100% used [0x0000000716800000,0x0000000721080000,0x0000000721080000)
  from space 5120K, 48% used [0x0000000721d80000,0x0000000721ff3020,0x0000000722280000)
  to   space 9216K, 0% used [0x0000000721080000,0x0000000721080000,0x0000000721980000)
 ParOldGen       total 229376K, used 5002K [0x00000005c3800000, 0x00000005d1800000, 0x0000000716800000)
  object space 229376K, 2% used [0x00000005c3800000,0x00000005c3ce28a8,0x00000005d1800000)
 Metaspace       used 29323K, capacity 29846K, committed 30208K, reserved 1077248K
  class space    used 3173K, capacity 3319K, committed 3328K, reserved 1048576K
Event: 27.381 GC heap after
Heap after GC invocations=8 (full 1):
 PSYoungGen      total 181760K, used 2572K [0x0000000716800000, 0x0000000723100000, 0x00000007c0000000)
  eden space 172544K, 0% used [0x0000000716800000,0x0000000716800000,0x0000000721080000)
  from space 9216K, 27% used [0x0000000721080000,0x0000000721303020,0x0000000721980000)
  to   space 8704K, 0% used [0x0000000722880000,0x0000000722880000,0x0000000723100000)
 ParOldGen       total 229376K, used 5010K [0x00000005c3800000, 0x00000005d1800000, 0x0000000716800000)
  object space 229376K, 2% used [0x00000005c3800000,0x00000005c3ce48a8,0x00000005d1800000)
 Metaspace       used 29323K, capacity 29846K, committed 30208K, reserved 1077248K
  class space    used 3173K, capacity 3319K, committed 3328K, reserved 1048576K
}

Deoptimization events (10 events):
Event: 1.691 Thread 0x0000029050469000 Uncommon trap: reason=unstable_if action=reinterpret pc=0x000002902a09d398 method=sun.nio.cs.SingleByte$Encoder.encode(C)I @ 13
Event: 1.693 Thread 0x0000029050469000 Uncommon trap: reason=unstable_if action=reinterpret pc=0x000002902a6304a0 method=java.lang.Character.isSurrogate(C)Z @ 3
Event: 1.694 Thread 0x0000029050469000 Uncommon trap: reason=unstable_if action=reinterpret pc=0x000002902a62bef0 method=java.lang.Character.isSurrogate(C)Z @ 3
Event: 1.697 Thread 0x0000029050469000 Uncommon trap: reason=unstable_if action=reinterpret pc=0x000002902a4754bc method=java.io.File.getParent()Ljava/lang/String; @ 16
Event: 1.699 Thread 0x0000029050469000 Uncommon trap: reason=unstable_if action=reinterpret pc=0x000002902a1c3f18 method=java.lang.CharacterData.of(I)Ljava/lang/CharacterData; @ 4
Event: 1.763 Thread 0x0000029050469000 Uncommon trap: reason=class_check action=maybe_recompile pc=0x000002902a51502c method=java.util.AbstractList$Itr.hasNext()Z @ 8
Event: 1.763 Thread 0x0000029050469000 Uncommon trap: reason=class_check action=maybe_recompile pc=0x000002902a5063f8 method=java.util.AbstractList$Itr.next()Ljava/lang/Object; @ 14
Event: 3.301 Thread 0x0000029050469000 Uncommon trap: reason=unstable_if action=reinterpret pc=0x000002902a615d48 method=jdk.internal.org.objectweb.asm.Type.getArgumentsAndReturnSizes(Ljava/lang/String;)I @ 88
Event: 3.356 Thread 0x000002904f9b5000 Uncommon trap: reason=unstable_if action=reinterpret pc=0x000002902a771204 method=java.util.concurrent.atomic.AtomicBoolean.get()Z @ 4
Event: 3.458 Thread 0x0000029050469000 Uncommon trap: reason=unstable_if action=reinterpret pc=0x000002902a7707d8 method=java.util.concurrent.atomic.AtomicBoolean.get()Z @ 4

Classes redefined (6 events):
Event: 13.252 Thread 0x000002904c843800 redefined class name=ru.BouH.engine.render.scene.Scene, count=1
Event: 13.258 Thread 0x000002904c843800 redefined class name=ru.BouH.engine.render.scene.Scene$SceneRenderConveyor, count=1
Event: 21.569 Thread 0x000002904c843800 redefined class name=ru.BouH.engine.render.scene.Scene, count=2
Event: 21.575 Thread 0x000002904c843800 redefined class name=ru.BouH.engine.render.scene.Scene$SceneRenderConveyor, count=2
Event: 143.682 Thread 0x000002904c843800 redefined class name=ru.BouH.engine.render.scene.Scene, count=3
Event: 143.688 Thread 0x000002904c843800 redefined class name=ru.BouH.engine.render.scene.Scene$SceneRenderConveyor, count=3

Internal exceptions (10 events):
Event: 1.345 Thread 0x0000029050469000 Exception <a 'java/security/PrivilegedActionException'> (0x00000007174b09e8) thrown at [C:\jenkins\workspace\8-2-build-windows-x64-cygwin\jdk8u371\3355\hotspot\src\share\vm\prims\jvm.cpp, line 1513]
Event: 1.345 Thread 0x0000029050469000 Exception <a 'java/security/PrivilegedActionException'> (0x00000007174b23f0) thrown at [C:\jenkins\workspace\8-2-build-windows-x64-cygwin\jdk8u371\3355\hotspot\src\share\vm\prims\jvm.cpp, line 1513]
Event: 1.345 Thread 0x0000029050469000 Exception <a 'java/security/PrivilegedActionException'> (0x00000007174b2600) thrown at [C:\jenkins\workspace\8-2-build-windows-x64-cygwin\jdk8u371\3355\hotspot\src\share\vm\prims\jvm.cpp, line 1513]
Event: 1.384 Thread 0x0000029050469000 Exception <a 'sun/nio/fs/WindowsException'> (0x00000007178b1c28) thrown at [C:\jenkins\workspace\8-2-build-windows-x64-cygwin\jdk8u371\3355\hotspot\src\share\vm\prims\jni.cpp, line 710]
Event: 1.384 Thread 0x0000029050469000 Exception <a 'sun/nio/fs/WindowsException'> (0x00000007178b22f0) thrown at [C:\jenkins\workspace\8-2-build-windows-x64-cygwin\jdk8u371\3355\hotspot\src\share\vm\prims\jni.cpp, line 710]
Event: 1.579 Thread 0x0000029050469000 Exception <a 'sun/nio/fs/WindowsException'> (0x0000000717a05ea0) thrown at [C:\jenkins\workspace\8-2-build-windows-x64-cygwin\jdk8u371\3355\hotspot\src\share\vm\prims\jni.cpp, line 710]
Event: 1.579 Thread 0x0000029050469000 Exception <a 'sun/nio/fs/WindowsException'> (0x0000000717a065d0) thrown at [C:\jenkins\workspace\8-2-build-windows-x64-cygwin\jdk8u371\3355\hotspot\src\share\vm\prims\jni.cpp, line 710]
Event: 1.582 Thread 0x0000029050469000 Exception <a 'sun/nio/fs/WindowsException'> (0x0000000717a296d0) thrown at [C:\jenkins\workspace\8-2-build-windows-x64-cygwin\jdk8u371\3355\hotspot\src\share\vm\prims\jni.cpp, line 710]
Event: 1.582 Thread 0x0000029050469000 Exception <a 'sun/nio/fs/WindowsException'> (0x0000000717a29cb0) thrown at [C:\jenkins\workspace\8-2-build-windows-x64-cygwin\jdk8u371\3355\hotspot\src\share\vm\prims\jni.cpp, line 710]
Event: 3.301 Thread 0x0000029050469000 Exception <a 'java/lang/NoSuchMethodError': java.lang.Object.lambda$comparingInt$7b0bb60$1(Ljava/util/function/ToIntFunction;Ljava/lang/Object;Ljava/lang/Object;)I> (0x0000000719de9ef8) thrown at [C:\jenkins\workspace\8-2-build-windows-x64-cygwin\jdk8u371

Events (10 events):
Event: 143.631 Thread 0x000002904f9b8000 Thread added: 0x000002904f9b8000
Event: 143.631 Thread 0x000002904f9b8000 Thread exited: 0x000002904f9b8000
Event: 143.644 Thread 0x000002904f9b5000 Thread added: 0x000002904f9b5000
Event: 143.644 Thread 0x000002904f9b5000 Thread exited: 0x000002904f9b5000
Event: 143.672 Thread 0x000002904f9b8000 Thread added: 0x000002904f9b8000
Event: 143.672 Thread 0x000002904f9b8000 Thread exited: 0x000002904f9b8000
Event: 143.674 Executing VM operation: RedefineClasses
Event: 143.688 Executing VM operation: RedefineClasses done
Event: 143.688 Thread 0x0000029050469000 DEOPT PACKING pc=0x000002902a1c3f6c sp=0x000000a3b71fec50
Event: 143.688 Thread 0x0000029050469000 DEOPT UNPACKING pc=0x0000029029f87918 sp=0x000000a3b71fe9d0 mode 0


Dynamic libraries:
0x00007ff776620000 - 0x00007ff77666a000 	C:\Program Files\Java\jdk-1.8\bin\java.exe
0x00007ff973f10000 - 0x00007ff974127000 	C:\Windows\SYSTEM32\ntdll.dll
0x00007ff9721f0000 - 0x00007ff9722b4000 	C:\Windows\System32\KERNEL32.DLL
0x00007ff971790000 - 0x00007ff971b36000 	C:\Windows\System32\KERNELBASE.dll
0x00007ff972680000 - 0x00007ff972731000 	C:\Windows\System32\ADVAPI32.dll
0x00007ff971e30000 - 0x00007ff971ed7000 	C:\Windows\System32\msvcrt.dll
0x00007ff972b90000 - 0x00007ff972c35000 	C:\Windows\System32\sechost.dll
0x00007ff971c60000 - 0x00007ff971d77000 	C:\Windows\System32\RPCRT4.dll
0x00007ff972c40000 - 0x00007ff972dee000 	C:\Windows\System32\USER32.dll
0x00007ff971590000 - 0x00007ff9715b6000 	C:\Windows\System32\win32u.dll
0x00007ff9724f0000 - 0x00007ff972519000 	C:\Windows\System32\GDI32.dll
0x00007ff971b40000 - 0x00007ff971c58000 	C:\Windows\System32\gdi32full.dll
0x00007ff9715c0000 - 0x00007ff97165a000 	C:\Windows\System32\msvcp_win.dll
0x00007ff971280000 - 0x00007ff971391000 	C:\Windows\System32\ucrtbase.dll
0x00007ff947120000 - 0x00007ff9473b3000 	C:\Windows\WinSxS\amd64_microsoft.windows.common-controls_6595b64144ccf1df_6.0.22621.2506_none_270c5ae97388e100\COMCTL32.dll
0x00007ff971ee0000 - 0x00007ff971f11000 	C:\Windows\System32\IMM32.DLL
0x00007ff9454a0000 - 0x00007ff9454bb000 	C:\Program Files\Java\jdk-1.8\jre\bin\vcruntime140.dll
0x00007ff95c440000 - 0x00007ff95c44c000 	C:\Program Files\Java\jdk-1.8\jre\bin\vcruntime140_1.dll
0x00007ff900b70000 - 0x00007ff900bfe000 	C:\Program Files\Java\jdk-1.8\jre\bin\msvcp140.dll
0x000000005c540000 - 0x000000005cde7000 	C:\Program Files\Java\jdk-1.8\jre\bin\server\jvm.dll
0x00007ff972b80000 - 0x00007ff972b88000 	C:\Windows\System32\PSAPI.DLL
0x00007ff8f6f30000 - 0x00007ff8f6f39000 	C:\Windows\SYSTEM32\WSOCK32.dll
0x00007ff966ff0000 - 0x00007ff967024000 	C:\Windows\SYSTEM32\WINMM.dll
0x00007ff96ab20000 - 0x00007ff96ab2a000 	C:\Windows\SYSTEM32\VERSION.dll
0x00007ff9722c0000 - 0x00007ff972331000 	C:\Windows\System32\WS2_32.dll
0x00007ff970370000 - 0x00007ff970388000 	C:\Windows\SYSTEM32\kernel.appcore.dll
0x00007ff95c240000 - 0x00007ff95c250000 	C:\Program Files\Java\jdk-1.8\jre\bin\verify.dll
0x00007ff943210000 - 0x00007ff94323b000 	C:\Program Files\Java\jdk-1.8\jre\bin\java.dll
0x00007ff951ee0000 - 0x00007ff951f16000 	C:\Program Files\Java\jdk-1.8\jre\bin\jdwp.dll
0x00007ff967fa0000 - 0x00007ff967fa9000 	C:\Program Files\Java\jdk-1.8\jre\bin\npt.dll
0x00007ff93e280000 - 0x00007ff93e2b4000 	C:\Program Files\Java\jdk-1.8\jre\bin\instrument.dll
0x00007ff945480000 - 0x00007ff945498000 	C:\Program Files\Java\jdk-1.8\jre\bin\zip.dll
0x00007ff973050000 - 0x00007ff9738aa000 	C:\Windows\System32\SHELL32.dll
0x00007ff96f1b0000 - 0x00007ff96faa6000 	C:\Windows\SYSTEM32\windows.storage.dll
0x00007ff972740000 - 0x00007ff972ac9000 	C:\Windows\System32\combase.dll
0x00007ff96f070000 - 0x00007ff96f1ae000 	C:\Windows\SYSTEM32\wintypes.dll
0x00007ff972580000 - 0x00007ff972673000 	C:\Windows\System32\SHCORE.dll
0x00007ff972f60000 - 0x00007ff972fbe000 	C:\Windows\System32\shlwapi.dll
0x00007ff9711b0000 - 0x00007ff9711d6000 	C:\Windows\SYSTEM32\profapi.dll
0x00007ff95b740000 - 0x00007ff95b74a000 	C:\Program Files\Java\jdk-1.8\jre\bin\dt_socket.dll
0x00007ff9707f0000 - 0x00007ff970859000 	C:\Windows\system32\mswsock.dll
0x00007ff955250000 - 0x00007ff95525d000 	C:\Program Files\Java\jdk-1.8\jre\bin\management.dll
0x00007ff945220000 - 0x00007ff94523c000 	C:\Program Files\Java\jdk-1.8\jre\bin\net.dll
0x00007ff951eb0000 - 0x00007ff951ec7000 	C:\Windows\system32\napinsp.dll
0x00007ff951e90000 - 0x00007ff951eab000 	C:\Windows\system32\pnrpnsp.dll
0x00007ff96fdf0000 - 0x00007ff96fee9000 	C:\Windows\SYSTEM32\DNSAPI.dll
0x00007ff96fd80000 - 0x00007ff96fdad000 	C:\Windows\SYSTEM32\IPHLPAPI.DLL
0x00007ff972570000 - 0x00007ff972579000 	C:\Windows\System32\NSI.dll
0x00007ff951e70000 - 0x00007ff951e81000 	C:\Windows\System32\winrnr.dll
0x00007ff96a8e0000 - 0x00007ff96a8f5000 	C:\Windows\system32\wshbth.dll
0x00007ff951df0000 - 0x00007ff951e11000 	C:\Windows\system32\nlansp_c.dll
0x00007ff969320000 - 0x00007ff96932a000 	C:\Windows\System32\rasadhlp.dll
0x00007ff96a900000 - 0x00007ff96a983000 	C:\Windows\System32\fwpuclnt.dll
0x00007ff945050000 - 0x00007ff945063000 	C:\Program Files\Java\jdk-1.8\jre\bin\nio.dll
0x0000029028730000 - 0x0000029028734000 	C:\Users\hardm\.javacpp\cache\javacpp-1.5.9-windows-x86_64.jar\org\bytedeco\javacpp\windows-x86_64\api-ms-win-crt-locale-l1-1-0.dll
0x0000029028740000 - 0x0000029028745000 	C:\Users\hardm\.javacpp\cache\javacpp-1.5.9-windows-x86_64.jar\org\bytedeco\javacpp\windows-x86_64\api-ms-win-crt-string-l1-1-0.dll
0x0000029028750000 - 0x0000029028755000 	C:\Users\hardm\.javacpp\cache\javacpp-1.5.9-windows-x86_64.jar\org\bytedeco\javacpp\windows-x86_64\api-ms-win-crt-stdio-l1-1-0.dll
0x0000029028760000 - 0x0000029028766000 	C:\Users\hardm\.javacpp\cache\javacpp-1.5.9-windows-x86_64.jar\org\bytedeco\javacpp\windows-x86_64\api-ms-win-crt-math-l1-1-0.dll
0x0000029028770000 - 0x0000029028774000 	C:\Users\hardm\.javacpp\cache\javacpp-1.5.9-windows-x86_64.jar\org\bytedeco\javacpp\windows-x86_64\api-ms-win-crt-heap-l1-1-0.dll
0x0000029028780000 - 0x0000029028785000 	C:\Users\hardm\.javacpp\cache\javacpp-1.5.9-windows-x86_64.jar\org\bytedeco\javacpp\windows-x86_64\api-ms-win-crt-runtime-l1-1-0.dll
0x000002904c5d0000 - 0x000002904c5d5000 	C:\Users\hardm\.javacpp\cache\javacpp-1.5.9-windows-x86_64.jar\org\bytedeco\javacpp\windows-x86_64\api-ms-win-crt-convert-l1-1-0.dll
0x000002904c5e0000 - 0x000002904c5e4000 	C:\Users\hardm\.javacpp\cache\javacpp-1.5.9-windows-x86_64.jar\org\bytedeco\javacpp\windows-x86_64\api-ms-win-crt-environment-l1-1-0.dll
0x000002904c5f0000 - 0x000002904c5f4000 	C:\Users\hardm\.javacpp\cache\javacpp-1.5.9-windows-x86_64.jar\org\bytedeco\javacpp\windows-x86_64\api-ms-win-crt-time-l1-1-0.dll
0x000002904c600000 - 0x000002904c604000 	C:\Users\hardm\.javacpp\cache\javacpp-1.5.9-windows-x86_64.jar\org\bytedeco\javacpp\windows-x86_64\api-ms-win-crt-filesystem-l1-1-0.dll
0x000002904c610000 - 0x000002904c614000 	C:\Users\hardm\.javacpp\cache\javacpp-1.5.9-windows-x86_64.jar\org\bytedeco\javacpp\windows-x86_64\api-ms-win-crt-utility-l1-1-0.dll
0x000002904c620000 - 0x000002904c626000 	C:\Users\hardm\.javacpp\cache\javacpp-1.5.9-windows-x86_64.jar\org\bytedeco\javacpp\windows-x86_64\api-ms-win-crt-multibyte-l1-1-0.dll
0x000002904c630000 - 0x000002904c634000 	C:\Users\hardm\.javacpp\cache\javacpp-1.5.9-windows-x86_64.jar\org\bytedeco\javacpp\windows-x86_64\api-ms-win-crt-conio-l1-1-0.dll
0x000002904c640000 - 0x000002904c651000 	C:\Users\hardm\.javacpp\cache\javacpp-1.5.9-windows-x86_64.jar\org\bytedeco\javacpp\windows-x86_64\api-ms-win-crt-private-l1-1-0.dll
0x000002904c660000 - 0x000002904c664000 	C:\Users\hardm\.javacpp\cache\javacpp-1.5.9-windows-x86_64.jar\org\bytedeco\javacpp\windows-x86_64\api-ms-win-crt-process-l1-1-0.dll
0x000002904c670000 - 0x000002904c674000 	C:\Users\hardm\.javacpp\cache\javacpp-1.5.9-windows-x86_64.jar\org\bytedeco\javacpp\windows-x86_64\api-ms-win-core-console-l1-2-0.dll
0x000002904c680000 - 0x000002904c684000 	C:\Users\hardm\.javacpp\cache\javacpp-1.5.9-windows-x86_64.jar\org\bytedeco\javacpp\windows-x86_64\api-ms-win-core-string-l1-1-0.dll
0x000002904c690000 - 0x000002904c694000 	C:\Users\hardm\.javacpp\cache\javacpp-1.5.9-windows-x86_64.jar\org\bytedeco\javacpp\windows-x86_64\api-ms-win-core-errorhandling-l1-1-0.dll
0x000002904c6a0000 - 0x000002904c6a4000 	C:\Users\hardm\.javacpp\cache\javacpp-1.5.9-windows-x86_64.jar\org\bytedeco\javacpp\windows-x86_64\api-ms-win-core-timezone-l1-1-0.dll
0x0000029050ed0000 - 0x0000029050ed5000 	C:\Users\hardm\.javacpp\cache\javacpp-1.5.9-windows-x86_64.jar\org\bytedeco\javacpp\windows-x86_64\api-ms-win-core-file-l1-1-0.dll
0x0000029050ee0000 - 0x0000029050ee4000 	C:\Users\hardm\.javacpp\cache\javacpp-1.5.9-windows-x86_64.jar\org\bytedeco\javacpp\windows-x86_64\api-ms-win-core-namedpipe-l1-1-0.dll
0x0000029050ef0000 - 0x0000029050ef4000 	C:\Users\hardm\.javacpp\cache\javacpp-1.5.9-windows-x86_64.jar\org\bytedeco\javacpp\windows-x86_64\api-ms-win-core-handle-l1-1-0.dll
0x0000029050f00000 - 0x0000029050f04000 	C:\Users\hardm\.javacpp\cache\javacpp-1.5.9-windows-x86_64.jar\org\bytedeco\javacpp\windows-x86_64\api-ms-win-core-file-l2-1-0.dll
0x0000029050f10000 - 0x0000029050f14000 	C:\Users\hardm\.javacpp\cache\javacpp-1.5.9-windows-x86_64.jar\org\bytedeco\javacpp\windows-x86_64\api-ms-win-core-heap-l1-1-0.dll
0x0000029050f20000 - 0x0000029050f24000 	C:\Users\hardm\.javacpp\cache\javacpp-1.5.9-windows-x86_64.jar\org\bytedeco\javacpp\windows-x86_64\api-ms-win-core-libraryloader-l1-1-0.dll
0x0000029050f30000 - 0x0000029050f34000 	C:\Users\hardm\.javacpp\cache\javacpp-1.5.9-windows-x86_64.jar\org\bytedeco\javacpp\windows-x86_64\api-ms-win-core-synch-l1-1-0.dll
0x0000029050f40000 - 0x0000029050f44000 	C:\Users\hardm\.javacpp\cache\javacpp-1.5.9-windows-x86_64.jar\org\bytedeco\javacpp\windows-x86_64\api-ms-win-core-processthreads-l1-1-0.dll
0x0000029050f50000 - 0x0000029050f54000 	C:\Users\hardm\.javacpp\cache\javacpp-1.5.9-windows-x86_64.jar\org\bytedeco\javacpp\windows-x86_64\api-ms-win-core-processenvironment-l1-1-0.dll
0x0000029051f30000 - 0x0000029051f34000 	C:\Users\hardm\.javacpp\cache\javacpp-1.5.9-windows-x86_64.jar\org\bytedeco\javacpp\windows-x86_64\api-ms-win-core-datetime-l1-1-0.dll
0x0000029051f40000 - 0x0000029051f44000 	C:\Users\hardm\.javacpp\cache\javacpp-1.5.9-windows-x86_64.jar\org\bytedeco\javacpp\windows-x86_64\api-ms-win-core-localization-l1-2-0.dll
0x0000029051f50000 - 0x0000029051f54000 	C:\Users\hardm\.javacpp\cache\javacpp-1.5.9-windows-x86_64.jar\org\bytedeco\javacpp\windows-x86_64\api-ms-win-core-sysinfo-l1-1-0.dll
0x0000029051f60000 - 0x0000029051f64000 	C:\Users\hardm\.javacpp\cache\javacpp-1.5.9-windows-x86_64.jar\org\bytedeco\javacpp\windows-x86_64\api-ms-win-core-synch-l1-2-0.dll
0x0000029051f70000 - 0x0000029051f74000 	C:\Users\hardm\.javacpp\cache\javacpp-1.5.9-windows-x86_64.jar\org\bytedeco\javacpp\windows-x86_64\api-ms-win-core-console-l1-1-0.dll
0x0000029051f80000 - 0x0000029051f84000 	C:\Users\hardm\.javacpp\cache\javacpp-1.5.9-windows-x86_64.jar\org\bytedeco\javacpp\windows-x86_64\api-ms-win-core-debug-l1-1-0.dll
0x0000029051f90000 - 0x0000029051f94000 	C:\Users\hardm\.javacpp\cache\javacpp-1.5.9-windows-x86_64.jar\org\bytedeco\javacpp\windows-x86_64\api-ms-win-core-rtlsupport-l1-1-0.dll
0x0000029051fa0000 - 0x0000029051fa4000 	C:\Users\hardm\.javacpp\cache\javacpp-1.5.9-windows-x86_64.jar\org\bytedeco\javacpp\windows-x86_64\api-ms-win-core-processthreads-l1-1-1.dll
0x0000029051fb0000 - 0x0000029051fb4000 	C:\Users\hardm\.javacpp\cache\javacpp-1.5.9-windows-x86_64.jar\org\bytedeco\javacpp\windows-x86_64\api-ms-win-core-file-l1-2-0.dll
0x0000029051fc0000 - 0x0000029051fc4000 	C:\Users\hardm\.javacpp\cache\javacpp-1.5.9-windows-x86_64.jar\org\bytedeco\javacpp\windows-x86_64\api-ms-win-core-profile-l1-1-0.dll
0x0000029051fd0000 - 0x0000029051fd4000 	C:\Users\hardm\.javacpp\cache\javacpp-1.5.9-windows-x86_64.jar\org\bytedeco\javacpp\windows-x86_64\api-ms-win-core-memory-l1-1-0.dll
0x0000029051fe0000 - 0x0000029051fe4000 	C:\Users\hardm\.javacpp\cache\javacpp-1.5.9-windows-x86_64.jar\org\bytedeco\javacpp\windows-x86_64\api-ms-win-core-util-l1-1-0.dll
0x0000029051ff0000 - 0x0000029051ff4000 	C:\Users\hardm\.javacpp\cache\javacpp-1.5.9-windows-x86_64.jar\org\bytedeco\javacpp\windows-x86_64\api-ms-win-core-interlocked-l1-1-0.dll
0x00007ff9012a0000 - 0x00007ff9013b1000 	C:\Users\hardm\.javacpp\cache\javacpp-1.5.9-windows-x86_64.jar\org\bytedeco\javacpp\windows-x86_64\ucrtbase.dll
0x00007ff955ba0000 - 0x00007ff955bbb000 	C:\Users\hardm\.javacpp\cache\javacpp-1.5.9-windows-x86_64.jar\org\bytedeco\javacpp\windows-x86_64\vcruntime140.dll
0x00007ff952360000 - 0x00007ff95236c000 	C:\Users\hardm\.javacpp\cache\javacpp-1.5.9-windows-x86_64.jar\org\bytedeco\javacpp\windows-x86_64\vcruntime140_1.dll
0x00007ff900ae0000 - 0x00007ff900b6d000 	C:\Users\hardm\.javacpp\cache\javacpp-1.5.9-windows-x86_64.jar\org\bytedeco\javacpp\windows-x86_64\msvcp140.dll
0x00007ff951ed0000 - 0x00007ff951ed9000 	C:\Users\hardm\.javacpp\cache\javacpp-1.5.9-windows-x86_64.jar\org\bytedeco\javacpp\windows-x86_64\msvcp140_1.dll
0x00007ff93d480000 - 0x00007ff93d4ce000 	C:\Users\hardm\.javacpp\cache\javacpp-1.5.9-windows-x86_64.jar\org\bytedeco\javacpp\windows-x86_64\concrt140.dll
0x00007ff93cab0000 - 0x00007ff93cae1000 	C:\Users\hardm\.javacpp\cache\javacpp-1.5.9-windows-x86_64.jar\org\bytedeco\javacpp\windows-x86_64\vcomp140.dll
0x00007ff947100000 - 0x00007ff94710f000 	C:\Users\hardm\.javacpp\cache\javacpp-1.5.9-windows-x86_64.jar\org\bytedeco\javacpp\windows-x86_64\jnijavacpp.dll
0x00007ff9005b0000 - 0x00007ff900690000 	C:\Users\hardm\.javacpp\cache\bullet-3.25-1.5.9-windows-x86_64.jar\org\bytedeco\bullet\windows-x86_64\jniLinearMath.dll
0x00007ff8f34c0000 - 0x00007ff8f3720000 	C:\Users\hardm\.javacpp\cache\bullet-3.25-1.5.9-windows-x86_64.jar\org\bytedeco\bullet\windows-x86_64\jniBulletCollision.dll
0x00007ff8df6c0000 - 0x00007ff8df900000 	C:\Users\hardm\.javacpp\cache\bullet-3.25-1.5.9-windows-x86_64.jar\org\bytedeco\bullet\windows-x86_64\jniBulletDynamics.dll
0x00007ff8dc340000 - 0x00007ff8dc4be000 	C:\Program Files\Java\jdk-1.8\jre\bin\awt.dll
0x00007ff972340000 - 0x00007ff972417000 	C:\Windows\System32\OLEAUT32.dll
0x00007ff96e5a0000 - 0x00007ff96e637000 	C:\Windows\SYSTEM32\apphelp.dll
0x00007ff96e970000 - 0x00007ff96e99b000 	C:\Windows\system32\DWMAPI.DLL
0x00007ff96e6f0000 - 0x00007ff96e79b000 	C:\Windows\system32\uxtheme.dll
0x00007ff908a30000 - 0x00007ff908b30000 	C:\Windows\system32\opengl32.dll
0x00007ff908a00000 - 0x00007ff908a2d000 	C:\Windows\SYSTEM32\GLU32.dll
0x00007ff96e9e0000 - 0x00007ff96ea16000 	C:\Windows\SYSTEM32\dxcore.dll
0x00007ff972e10000 - 0x00007ff972f60000 	C:\Windows\System32\MSCTF.dll
0x00007ff973d30000 - 0x00007ff973ed0000 	C:\Windows\System32\ole32.dll
0x00007ff9713a0000 - 0x00007ff97141a000 	C:\Windows\System32\bcryptPrimitives.dll
0x00007ff940b80000 - 0x00007ff940d29000 	C:\Windows\system32\d3d9.dll
0x00007ff951750000 - 0x00007ff95180c000 	C:\Windows\System32\DriverStore\FileRepository\nv_dispi.inf_amd64_1fea8972dc2f0a69\nvldumdx.dll
0x00007ff970f20000 - 0x00007ff970f32000 	C:\Windows\SYSTEM32\msasn1.dll
0x00007ff96a8a0000 - 0x00007ff96a8d2000 	C:\Windows\SYSTEM32\cryptnet.dll
0x00007ff971420000 - 0x00007ff971586000 	C:\Windows\System32\CRYPT32.dll
0x00007ff96a6f0000 - 0x00007ff96a848000 	C:\Windows\SYSTEM32\drvstore.dll
0x00007ff970f40000 - 0x00007ff970f6c000 	C:\Windows\SYSTEM32\devobj.dll
0x00007ff970f70000 - 0x00007ff970fbe000 	C:\Windows\SYSTEM32\CFGMGR32.dll
0x00007ff970af0000 - 0x00007ff970b3b000 	C:\Windows\SYSTEM32\wldp.dll
0x00007ff970a60000 - 0x00007ff970a6c000 	C:\Windows\SYSTEM32\cryptbase.dll
0x00007ff971720000 - 0x00007ff97178b000 	C:\Windows\System32\wintrust.dll

VM Arguments:
jvm_args: -agentlib:jdwp=transport=dt_socket,address=127.0.0.1:54437,suspend=y,server=n -Dvisualvm.id=2307426886744200 -javaagent:C:\Users\hardm\AppData\Local\JetBrains\IdeaIC2023.2\captureAgent\debugger-agent.jar=file:/C:/Users/hardm/AppData/Local/Temp/capture.props -Dfile.encoding=UTF-8 
java_command: ru.BouH.engine.game.Game
java_class_path (initial): C:\Program Files\Java\jdk-1.8\jre\lib\charsets.jar;C:\Program Files\Java\jdk-1.8\jre\lib\deploy.jar;C:\Program Files\Java\jdk-1.8\jre\lib\ext\access-bridge-64.jar;C:\Program Files\Java\jdk-1.8\jre\lib\ext\cldrdata.jar;C:\Program Files\Java\jdk-1.8\jre\lib\ext\dnsns.jar;C:\Program Files\Java\jdk-1.8\jre\lib\ext\jaccess.jar;C:\Program Files\Java\jdk-1.8\jre\lib\ext\jfxrt.jar;C:\Program Files\Java\jdk-1.8\jre\lib\ext\localedata.jar;C:\Program Files\Java\jdk-1.8\jre\lib\ext\nashorn.jar;C:\Program Files\Java\jdk-1.8\jre\lib\ext\sunec.jar;C:\Program Files\Java\jdk-1.8\jre\lib\ext\sunjce_provider.jar;C:\Program Files\Java\jdk-1.8\jre\lib\ext\sunmscapi.jar;C:\Program Files\Java\jdk-1.8\jre\lib\ext\sunpkcs11.jar;C:\Program Files\Java\jdk-1.8\jre\lib\ext\zipfs.jar;C:\Program Files\Java\jdk-1.8\jre\lib\javaws.jar;C:\Program Files\Java\jdk-1.8\jre\lib\jce.jar;C:\Program Files\Java\jdk-1.8\jre\lib\jfr.jar;C:\Program Files\Java\jdk-1.8\jre\lib\jfxswt.jar;C:\Program Files\Java\jdk-1.8\jre\lib\jsse.jar;C:\Program Files\Java\jdk-1.8\jre\lib\management-agent.jar;C:\Program Files\Java\jdk-1.8\jre\lib\plugin.jar;C:\Program Files\Java\jdk-1.8\jre\lib\resources.jar;C:\Program Files\Java\jdk-1.8\jre\lib\rt.jar;F:\game_test1\target\classes;C:\Users\hardm\.m2\repository\org\bytedeco\bullet-platform\3.25-1.5.9\bullet-platform-3.25-1.5.9.jar;C:\Users\hardm\.m2\repository\org\bytedeco\javacpp-platform\1.5.9\javacpp-platform-1.5.9.jar;C:\Users\hardm\.m2\repository\org\bytedeco\javacpp\1.5.9\javacpp-1.5.9-android-arm.jar;C:\Users\hardm\.m2\repository\org\bytedeco\javacpp\1.5.9\javacpp-1.5.9-android-arm64.jar;C:\Users\hardm\.m2\repository\org\bytedeco\javacpp\1.5.9\javacpp-1.5.9-android-x86.jar;C:\Users\hardm\.m2\repository\org\bytedeco\javacpp\1.5.9\javacpp-1.5.9-android-x86_64.jar;C:\Users\hardm\.m2\repository\org\bytedeco\javacpp\1.5.9\javacpp-1.5.9-ios-arm64.jar;C:\Users\hardm\.m2\repository\org\bytedeco\javacpp\1.5.9\javacpp-1.5.9-ios-x86_64.jar;C:\Users\hardm\.m
Launcher Type: SUN_STANDARD

Environment Variables:
JAVA_HOME=C:\Program Files\Java\jdk-1.8
PATH=C:\Program Files\Common Files\Oracle\Java\javapath;C:\Program Files (x86)\Common Files\Oracle\Java\javapath;C:\Windows\system32;C:\Windows;C:\Windows\System32\Wbem;C:\Windows\System32\WindowsPowerShell\v1.0\;C:\Windows\System32\OpenSSH\;C:\Program Files\NVIDIA Corporation\NVIDIA NvDLISR;C:\Program Files\Git\cmd;C:\Program Files (x86)\NVIDIA Corporation\PhysX\Common;C:\Program Files\Java\jdk-1.8\bin;C:\Program Files\dotnet\;C:\Program Files (x86)\Windows Kits\10\Windows Performance Toolkit\;C:\Program Files\nodejs\;C:\Program Files\Java\jdk-1.8\;C:\Program Files\Common Files\Oracle\Java\javapath;C:\Program Files (x86)\Common Files\Oracle\Java\javapath;C:\Windows\system32;C:\Windows;C:\Windows\System32\Wbem;C:\Windows\System32\WindowsPowerShell\v1.0\;C:\Windows\System32\OpenSSH\;C:\Program Files\NVIDIA Corporation\NVIDIA NvDLISR;C:\Program Files\Git\cmd;C:\Program Files (x86)\NVIDIA Corporation\PhysX\Common;C:\Program Files\Java\jdk-1.8\bin;C:\Program Files\dotnet\;C:\Program Files (x86)\Windows Kits\10\Windows Performance Toolkit\;C:\Program Files\nodejs\;C:\Users\hardm\AppData\Local\Microsoft\WindowsApps;C:\Users\hardm\.dotnet\tools;C:\Users\hardm\AppData\Local\JetBrains\Toolbox\scripts;C:\Users\hardm\.dotnet\tools;C:\Users\hardm\AppData\Local\Programs\Microsoft VS Code\bin;C:\Users\hardm\AppData\Roaming\npm
USERNAME=hardm
OS=Windows_NT
PROCESSOR_IDENTIFIER=Intel64 Family 6 Model 151 Stepping 5, GenuineIntel



---------------  S Y S T E M  ---------------

OS: Windows 11 , 64 bit Build 22621 (10.0.22621.2506)

CPU:total 12 (initial active 12) (6 cores per cpu, 2 threads per core) family 6 model 151 stepping 5, cmov, cx8, fxsr, mmx, sse, sse2, sse3, ssse3, sse4.1, sse4.2, popcnt, avx, avx2, aes, clmul, erms, 3dnowpref, lzcnt, ht, tsc, tscinvbit, bmi1, bmi2, adx

Memory: 4k page, physical 33317992k(10989552k free), swap 68449880k(10933464k free)

vm_info: Java HotSpot(TM) 64-Bit Server VM (25.371-b11) for windows-amd64 JRE (1.8.0_371-b11), built on Mar 17 2023 04:03:45 by "java_re" with MS VC++ 17.1 (VS2022)

time: Tue Jan  9 21:32:38 2024
timezone: RTZ 2 ( Family 6 Model 151 Stepping 5, GenuineIntel
elapsed time: 143.729182 seconds (0d 0h 2m 23s)

