#
# A fatal error has been detected by the Java Runtime Environment:
#
#  EXCEPTION_ACCESS_VIOLATION (0xc0000005) at pc=0x00007ffc60a8c4a9, pid=26460, tid=0x000000000000221c
#
# JRE version: Java(TM) SE Runtime Environment (8.0_371) (build 1.8.0_371-b11)
# Java VM: Java HotSpot(TM) 64-Bit Server VM (25.371-b11 mixed mode windows-amd64 compressed oops)
# Problematic frame:
# C  [lwjgl_opengl.dll+0xc4a9]
#
# Failed to write core dump. Minidumps are not enabled by default on client versions of Windows
#
# If you would like to submit a bug report, please visit:
#   http://bugreport.java.com/bugreport/crash.jsp
# The crash happened outside the Java Virtual Machine in native code.
# See problematic frame for where to report the bug.
#

---------------  T H R E A D  ---------------

Current thread (0x00000203bebbc000):  JavaThread "main" [_thread_in_native, id=8732, stack(0x000000553ee00000,0x000000553ef00000)]

siginfo: ExceptionCode=0xc0000005, reading address 0x0000000000000070

Registers:
RAX=0x00000203e5a457c0, RBX=0x00000203e87e5c58, RCX=0x0000000000000000, RDX=0x000000553eeff210
RSP=0x000000553eeff178, RBP=0x000000553eeff200, RSI=0x0000000000000148, RDI=0x00000203c06384bd
R8 =0x0000000000000004, R9 =0x0000000000000004, R10=0x00000203c0654cfb, R11=0x00000000586da5b0
R12=0x0000000000000000, R13=0x00000203e87e5c50, R14=0x000000553eeff238, R15=0x00000203bebbc000
RIP=0x00007ffc60a8c4a9, EFLAGS=0x0000000000010202

Top of Stack: (sp=0x000000553eeff178)
0x000000553eeff178:   00000203c0654d27 00000203c06384bd
0x000000553eeff188:   00000203c0654665 00000203e87e5c58
0x000000553eeff198:   000000553eeff200 0000000000000000
0x000000553eeff1a8:   000002033f800000 000000553eeff2a8
0x000000553eeff1b8:   00000203c0654622 000000553eeff1c0
0x000000553eeff1c8:   00000203e87e5c50 000000553eeff238
0x000000553eeff1d8:   00000203e87f0e68 0000000000000000
0x000000553eeff1e8:   00000203e87e5c58 0000000000000000
0x000000553eeff1f8:   000000553eeff220 000000553eeff280
0x000000553eeff208:   00000203c06384bd 000000071b889b30
0x000000553eeff218:   00000203c0649778 000000003f800000
0x000000553eeff228:   0000020300000000 0000000000000000
0x000000553eeff238:   0000020300000000 000000553eeff240
0x000000553eeff248:   00000203e8776d14 000000553eeff2a8
0x000000553eeff258:   00000203e87a8ee0 0000000000000000
0x000000553eeff268:   00000203e8776d58 000000553eeff220 

Instructions: (pc=0x00007ffc60a8c4a9)
0x00007ffc60a8c489:   18 48 ff 62 60 cc cc 48 8b 01 0f 28 cb f3 0f 10
0x00007ffc60a8c499:   5c 24 30 0f 28 c2 f3 0f 10 54 24 28 48 8b 48 18
0x00007ffc60a8c4a9:   48 ff 61 70 cc cc cc 48 8b 01 0f 28 c2 48 8b 48
0x00007ffc60a8c4b9:   18 48 ff 61 78 cc cc 48 8b 01 41 8b c8 48 8b 50 


Register to memory mapping:

RAX=0x00000203e5a457c0 is an unknown value
RBX={method} {0x00000203e87e5c60} 'glClearColor' '(FFFF)V' in 'org/lwjgl/opengl/GL11C'
RCX=0x0000000000000000 is an unknown value
RDX=0x000000553eeff210 is pointing into the stack for thread: 0x00000203bebbc000
RSP=0x000000553eeff178 is pointing into the stack for thread: 0x00000203bebbc000
RBP=0x000000553eeff200 is pointing into the stack for thread: 0x00000203bebbc000
RSI=0x0000000000000148 is an unknown value
RDI=0x00000203c06384bd is at code_begin+2301 in an Interpreter codelet
invoke return entry points  [0x00000203c0637bc0, 0x00000203c06385a0]  2528 bytes
R8 =0x0000000000000004 is an unknown value
R9 =0x0000000000000004 is an unknown value
R10=0x00000203c0654cfb is at code_begin+1915 in an Interpreter codelet
method entry point (kind = native)  [0x00000203c0654580, 0x00000203c0655860]  4832 bytes
R11=0x00000000586da5b0 is an unknown value
R12=0x0000000000000000 is an unknown value
R13=0x00000203e87e5c50 is pointing into metadata
R14=0x000000553eeff238 is pointing into the stack for thread: 0x00000203bebbc000
R15=0x00000203bebbc000 is a thread


Stack: [0x000000553ee00000,0x000000553ef00000],  sp=0x000000553eeff178,  free space=1020k
Native frames: (J=compiled Java code, j=interpreted, Vv=VM code, C=native code)
C  [lwjgl_opengl.dll+0xc4a9]

Java frames: (J=compiled Java code, j=interpreted, Vv=VM code)
j  org.lwjgl.opengl.GL11C.glClearColor(FFFF)V+0
j  org.lwjgl.opengl.GL11.glClearColor(FFFF)V+4
j  ru.BouH.engine.render.screen.Screen.updateScreen()V+4
j  ru.BouH.engine.render.screen.Screen.startScreen()V+1
j  ru.BouH.engine.game.Game.main([Ljava/lang/String;)V+44
v  ~StubRoutines::call_stub

---------------  P R O C E S S  ---------------

Java Threads: ( => current thread )
  0x00000203e63a3800 JavaThread "physics" [_thread_blocked, id=28604, stack(0x0000005540800000,0x0000005540900000)]
  0x00000203e6380000 JavaThread "physics" [_thread_blocked, id=33140, stack(0x0000005540700000,0x0000005540800000)]
  0x00000203e529b000 JavaThread "Service Thread" daemon [_thread_blocked, id=27768, stack(0x0000005540500000,0x0000005540600000)]
  0x00000203e5282000 JavaThread "C1 CompilerThread3" daemon [_thread_blocked, id=26552, stack(0x0000005540400000,0x0000005540500000)]
  0x00000203e527d800 JavaThread "C2 CompilerThread2" daemon [_thread_blocked, id=22764, stack(0x0000005540300000,0x0000005540400000)]
  0x00000203e5226000 JavaThread "C2 CompilerThread1" daemon [_thread_blocked, id=33232, stack(0x0000005540200000,0x0000005540300000)]
  0x00000203e5229800 JavaThread "C2 CompilerThread0" daemon [_thread_blocked, id=26764, stack(0x0000005540100000,0x0000005540200000)]
  0x00000203e2dae800 JavaThread "JDWP Command Reader" daemon [_thread_in_native, id=16244, stack(0x0000005540000000,0x0000005540100000)]
  0x00000203e2da9800 JavaThread "JDWP Event Helper Thread" daemon [_thread_blocked, id=15492, stack(0x000000553ff00000,0x0000005540000000)]
  0x00000203e2d9d000 JavaThread "JDWP Transport Listener: dt_socket" daemon [_thread_blocked, id=16292, stack(0x000000553fe00000,0x000000553ff00000)]
  0x00000203e2d94000 JavaThread "Attach Listener" daemon [_thread_blocked, id=33540, stack(0x000000553fd00000,0x000000553fe00000)]
  0x00000203e2d93000 JavaThread "Signal Dispatcher" daemon [_thread_blocked, id=23416, stack(0x000000553fc00000,0x000000553fd00000)]
  0x00000203e2d65800 JavaThread "Finalizer" daemon [_thread_blocked, id=8464, stack(0x000000553fb00000,0x000000553fc00000)]
  0x00000203e2d5a800 JavaThread "Reference Handler" daemon [_thread_blocked, id=28164, stack(0x000000553fa00000,0x000000553fb00000)]
=>0x00000203bebbc000 JavaThread "main" [_thread_in_native, id=8732, stack(0x000000553ee00000,0x000000553ef00000)]

Other Threads:
  0x00000203e2d35000 VMThread [stack: 0x000000553f900000,0x000000553fa00000] [id=31824]
  0x00000203e5384800 WatcherThread [stack: 0x0000005540600000,0x0000005540700000] [id=20844]

VM state:not at safepoint (normal execution)

VM Mutex/Monitor currently owned by a thread: None

heap address: 0x00000005c3800000, size: 8136 MB, Compressed Oops mode: Zero based, Oop shift amount: 3
Narrow klass base: 0x0000000000000000, Narrow klass shift: 3
Compressed class space size: 1073741824 Address: 0x00000007c0000000

Heap:
 PSYoungGen      total 152576K, used 84079K [0x0000000716800000, 0x0000000721200000, 0x00000007c0000000)
  eden space 131072K, 64% used [0x0000000716800000,0x000000071ba1bea0,0x000000071e800000)
  from space 21504K, 0% used [0x000000071fd00000,0x000000071fd00000,0x0000000721200000)
  to   space 21504K, 0% used [0x000000071e800000,0x000000071e800000,0x000000071fd00000)
 ParOldGen       total 348160K, used 0K [0x00000005c3800000, 0x00000005d8c00000, 0x0000000716800000)
  object space 348160K, 0% used [0x00000005c3800000,0x00000005c3800000,0x00000005d8c00000)
 Metaspace       used 15688K, capacity 16092K, committed 16384K, reserved 1062912K
  class space    used 1815K, capacity 1948K, committed 2048K, reserved 1048576K

Card table byte_map: [0x00000203cf9f0000,0x00000203d09e0000] byte_map_base: 0x00000203ccbd4000

Marking Bits: (ParMarkBitMap*) 0x0000000058ccd980
 Begin Bits: [0x00000203d1480000, 0x00000203d93a0000)
 End Bits:   [0x00000203d93a0000, 0x00000203e12c0000)

Polling page: 0x00000203bed40000

CodeCache: size=245760Kb used=4678Kb max_used=4678Kb free=241081Kb
 bounds [0x00000203c0630000, 0x00000203c0ad0000, 0x00000203cf630000]
 total_blobs=2178 nmethods=1243 adapters=855
 compilation: enabled

Compilation events (10 events):
Event: 0.690 Thread 0x00000203e5282000 1237       3       java.util.regex.Pattern$Curly::match (86 bytes)
Event: 0.690 Thread 0x00000203e5282000 nmethod 1237 0x00000203c0ac0850 code [0x00000203c0ac0a00, 0x00000203c0ac1080]
Event: 0.690 Thread 0x00000203e5282000 1238       3       java.util.Formatter$Flags::contains (22 bytes)
Event: 0.690 Thread 0x00000203e5282000 nmethod 1238 0x00000203c0ac1250 code [0x00000203c0ac13c0, 0x00000203c0ac15d8]
Event: 0.693 Thread 0x00000203e5282000 1240       3       java.util.regex.Matcher::group (112 bytes)
Event: 0.693 Thread 0x00000203e5282000 nmethod 1240 0x00000203c0ac1cd0 code [0x00000203c0ac1f20, 0x00000203c0ac2d30]
Event: 0.694 Thread 0x00000203e5282000 1242       3       org.lwjgl.system.MemoryUtil::memPutAddress (29 bytes)
Event: 0.694 Thread 0x00000203e5282000 nmethod 1242 0x00000203c0ac3790 code [0x00000203c0ac38e0, 0x00000203c0ac3a58]
Event: 0.694 Thread 0x00000203e5282000 1243       1       java.lang.Integer::toUnsignedLong (7 bytes)
Event: 0.695 Thread 0x00000203e5282000 nmethod 1243 0x00000203c0ac3ad0 code [0x00000203c0ac3c20, 0x00000203c0ac3d18]

GC Heap History (0 events):
No events

Deoptimization events (9 events):
Event: 0.093 Thread 0x00000203bebbc000 Uncommon trap: reason=unstable_if action=reinterpret pc=0x00000203c0742f84 method=java.lang.String.hashCode()I @ 14
Event: 0.139 Thread 0x00000203bebbc000 Uncommon trap: reason=unstable_if action=reinterpret pc=0x00000203c07b4f00 method=java.lang.String.lastIndexOf([CII[CIII)I @ 66
Event: 0.197 Thread 0x00000203bebbc000 Uncommon trap: reason=unstable_if action=reinterpret pc=0x00000203c07e8920 method=java.util.HashMap.getNode(ILjava/lang/Object;)Ljava/util/HashMap$Node; @ 116
Event: 0.382 Thread 0x00000203bebbc000 Uncommon trap: reason=unstable_if action=reinterpret pc=0x00000203c0857a10 method=java.util.HashMap.getNode(ILjava/lang/Object;)Ljava/util/HashMap$Node; @ 62
Event: 0.401 Thread 0x00000203bebbc000 Uncommon trap: reason=unstable_if action=reinterpret pc=0x00000203c08702bc method=sun.misc.MetaIndex.mayContain(Ljava/lang/String;)Z @ 38
Event: 0.402 Thread 0x00000203bebbc000 Uncommon trap: reason=unstable_if action=reinterpret pc=0x00000203c0942f30 method=sun.net.www.ParseUtil.encodePath(Ljava/lang/String;Z)Ljava/lang/String; @ 109
Event: 0.499 Thread 0x00000203bebbc000 Uncommon trap: reason=unstable_if action=reinterpret pc=0x00000203c09c1d1c method=java.util.HashMap.getNode(ILjava/lang/Object;)Ljava/util/HashMap$Node; @ 129
Event: 0.502 Thread 0x00000203bebbc000 Uncommon trap: reason=unstable_if action=reinterpret pc=0x00000203c0968564 method=sun.reflect.generics.parser.SignatureParser.current()C @ 39
Event: 0.544 Thread 0x00000203bebbc000 Uncommon trap: reason=unstable_if action=reinterpret pc=0x00000203c080fccc method=java.lang.String.indexOf([CII[CIII)I @ 3

Classes redefined (0 events):
No events

Internal exceptions (10 events):
Event: 0.221 Thread 0x00000203bebbc000 Exception <a 'java/security/PrivilegedActionException'> (0x0000000717a46f58) thrown at [C:\jenkins\workspace\8-2-build-windows-x64-cygwin\jdk8u371\3355\hotspot\src\share\vm\prims\jvm.cpp, line 1513]
Event: 0.620 Thread 0x00000203bebbc000 Exception <a 'java/lang/NoSuchMethodError': java.lang.Object.lambda$static$0(Ljava/lang/String;)Ljava/lang/Boolean;> (0x000000071ad42440) thrown at [C:\jenkins\workspace\8-2-build-windows-x64-cygwin\jdk8u371\3355\hotspot\src\share\vm\interpreter\linkResol
Event: 0.646 Thread 0x00000203bebbc000 Exception <a 'sun/nio/fs/WindowsException'> (0x000000071af1e680) thrown at [C:\jenkins\workspace\8-2-build-windows-x64-cygwin\jdk8u371\3355\hotspot\src\share\vm\prims\jni.cpp, line 710]
Event: 0.646 Thread 0x00000203bebbc000 Exception <a 'sun/nio/fs/WindowsException'> (0x000000071af21348) thrown at [C:\jenkins\workspace\8-2-build-windows-x64-cygwin\jdk8u371\3355\hotspot\src\share\vm\prims\jni.cpp, line 710]
Event: 0.651 Thread 0x00000203bebbc000 Exception <a 'sun/nio/fs/WindowsException'> (0x000000071af38a60) thrown at [C:\jenkins\workspace\8-2-build-windows-x64-cygwin\jdk8u371\3355\hotspot\src\share\vm\prims\jni.cpp, line 710]
Event: 0.651 Thread 0x00000203bebbc000 Exception <a 'sun/nio/fs/WindowsException'> (0x000000071af39130) thrown at [C:\jenkins\workspace\8-2-build-windows-x64-cygwin\jdk8u371\3355\hotspot\src\share\vm\prims\jni.cpp, line 710]
Event: 0.689 Thread 0x00000203bebbc000 Exception <a 'sun/nio/fs/WindowsException'> (0x000000071b7d0168) thrown at [C:\jenkins\workspace\8-2-build-windows-x64-cygwin\jdk8u371\3355\hotspot\src\share\vm\prims\jni.cpp, line 710]
Event: 0.689 Thread 0x00000203bebbc000 Exception <a 'sun/nio/fs/WindowsException'> (0x000000071b7d08a0) thrown at [C:\jenkins\workspace\8-2-build-windows-x64-cygwin\jdk8u371\3355\hotspot\src\share\vm\prims\jni.cpp, line 710]
Event: 0.690 Thread 0x00000203bebbc000 Exception <a 'sun/nio/fs/WindowsException'> (0x000000071b7e3350) thrown at [C:\jenkins\workspace\8-2-build-windows-x64-cygwin\jdk8u371\3355\hotspot\src\share\vm\prims\jni.cpp, line 710]
Event: 0.691 Thread 0x00000203bebbc000 Exception <a 'sun/nio/fs/WindowsException'> (0x000000071b7e3940) thrown at [C:\jenkins\workspace\8-2-build-windows-x64-cygwin\jdk8u371\3355\hotspot\src\share\vm\prims\jni.cpp, line 710]

Events (10 events):
Event: 0.694 Thread 0x00000203bebbc000 DEOPT PACKING pc=0x00000203c0825764 sp=0x000000553eefa8e0
Event: 0.694 Thread 0x00000203bebbc000 DEOPT UNPACKING pc=0x00000203c0677918 sp=0x000000553eefa700 mode 1
Event: 0.695 loading class org/lwjgl/opengl/GL11C
Event: 0.695 loading class org/lwjgl/opengl/GL11C done
Event: 0.695 Thread 0x00000203bebbc000 DEOPT PACKING pc=0x00000203c08c6ef9 sp=0x000000553eefdcd0
Event: 0.695 Thread 0x00000203bebbc000 DEOPT UNPACKING pc=0x00000203c0677918 sp=0x000000553eefda20 mode 1
Event: 0.695 Thread 0x00000203bebbc000 DEOPT PACKING pc=0x00000203c08259d4 sp=0x000000553eefdd50
Event: 0.695 Thread 0x00000203bebbc000 DEOPT UNPACKING pc=0x00000203c0677918 sp=0x000000553eefdb70 mode 1
Event: 0.695 Thread 0x00000203bebbc000 DEOPT PACKING pc=0x00000203c0825764 sp=0x000000553eefdee0
Event: 0.695 Thread 0x00000203bebbc000 DEOPT UNPACKING pc=0x00000203c0677918 sp=0x000000553eefdd00 mode 1


Dynamic libraries:
0x00007ff7dcb40000 - 0x00007ff7dcb8a000 	C:\Program Files\Java\jdk-1.8\bin\java.exe
0x00007ffc926d0000 - 0x00007ffc928e4000 	C:\Windows\SYSTEM32\ntdll.dll
0x00007ffc908e0000 - 0x00007ffc909a4000 	C:\Windows\System32\KERNEL32.DLL
0x00007ffc8fd40000 - 0x00007ffc900e4000 	C:\Windows\System32\KERNELBASE.dll
0x00007ffc925e0000 - 0x00007ffc92690000 	C:\Windows\System32\ADVAPI32.dll
0x00007ffc90ee0000 - 0x00007ffc90f87000 	C:\Windows\System32\msvcrt.dll
0x00007ffc90ab0000 - 0x00007ffc90b56000 	C:\Windows\System32\sechost.dll
0x00007ffc90fa0000 - 0x00007ffc910b7000 	C:\Windows\System32\RPCRT4.dll
0x00007ffc906d0000 - 0x00007ffc9087a000 	C:\Windows\System32\USER32.dll
0x00007ffc90290000 - 0x00007ffc902b6000 	C:\Windows\System32\win32u.dll
0x00007ffc92560000 - 0x00007ffc92589000 	C:\Windows\System32\GDI32.dll
0x00007ffc90170000 - 0x00007ffc90289000 	C:\Windows\System32\gdi32full.dll
0x00007ffc90380000 - 0x00007ffc9041a000 	C:\Windows\System32\msvcp_win.dll
0x00007ffc8fc20000 - 0x00007ffc8fd31000 	C:\Windows\System32\ucrtbase.dll
0x00007ffc83e70000 - 0x00007ffc840ff000 	C:\Windows\WinSxS\amd64_microsoft.windows.common-controls_6595b64144ccf1df_6.0.22621.2070_none_2713e6537381f706\COMCTL32.dll
0x00007ffc90ea0000 - 0x00007ffc90ed1000 	C:\Windows\System32\IMM32.DLL
0x00007ffc73140000 - 0x00007ffc7315b000 	C:\Program Files\Java\jdk-1.8\jre\bin\vcruntime140.dll
0x00007ffc8a550000 - 0x00007ffc8a55c000 	C:\Program Files\Java\jdk-1.8\jre\bin\vcruntime140_1.dll
0x00007ffc609c0000 - 0x00007ffc60a4e000 	C:\Program Files\Java\jdk-1.8\jre\bin\msvcp140.dll
0x00000000584a0000 - 0x0000000058d47000 	C:\Program Files\Java\jdk-1.8\jre\bin\server\jvm.dll
0x00007ffc90cf0000 - 0x00007ffc90cf8000 	C:\Windows\System32\PSAPI.DLL
0x00007ffc8ce60000 - 0x00007ffc8ce69000 	C:\Windows\SYSTEM32\WSOCK32.dll
0x00007ffc7eb20000 - 0x00007ffc7eb54000 	C:\Windows\SYSTEM32\WINMM.dll
0x00007ffc89090000 - 0x00007ffc8909a000 	C:\Windows\SYSTEM32\VERSION.dll
0x00007ffc92470000 - 0x00007ffc924e1000 	C:\Windows\System32\WS2_32.dll
0x00007ffc8eb90000 - 0x00007ffc8eba8000 	C:\Windows\SYSTEM32\kernel.appcore.dll
0x00007ffc81b10000 - 0x00007ffc81b20000 	C:\Program Files\Java\jdk-1.8\jre\bin\verify.dll
0x00007ffc6ed20000 - 0x00007ffc6ed4b000 	C:\Program Files\Java\jdk-1.8\jre\bin\java.dll
0x00007ffc632f0000 - 0x00007ffc63326000 	C:\Program Files\Java\jdk-1.8\jre\bin\jdwp.dll
0x00007ffc7f1d0000 - 0x00007ffc7f1d9000 	C:\Program Files\Java\jdk-1.8\jre\bin\npt.dll
0x00007ffc60b20000 - 0x00007ffc60b54000 	C:\Program Files\Java\jdk-1.8\jre\bin\instrument.dll
0x00007ffc73090000 - 0x00007ffc730a8000 	C:\Program Files\Java\jdk-1.8\jre\bin\zip.dll
0x00007ffc918c0000 - 0x00007ffc920d6000 	C:\Windows\System32\SHELL32.dll
0x00007ffc8da90000 - 0x00007ffc8e37a000 	C:\Windows\SYSTEM32\windows.storage.dll
0x00007ffc920e0000 - 0x00007ffc9246a000 	C:\Windows\System32\combase.dll
0x00007ffc8d950000 - 0x00007ffc8da8e000 	C:\Windows\SYSTEM32\wintypes.dll
0x00007ffc910e0000 - 0x00007ffc911d3000 	C:\Windows\System32\SHCORE.dll
0x00007ffc90b60000 - 0x00007ffc90bbe000 	C:\Windows\System32\shlwapi.dll
0x00007ffc8f9e0000 - 0x00007ffc8fa06000 	C:\Windows\SYSTEM32\profapi.dll
0x00007ffc73510000 - 0x00007ffc7351a000 	C:\Program Files\Java\jdk-1.8\jre\bin\dt_socket.dll
0x00007ffc8f060000 - 0x00007ffc8f0c9000 	C:\Windows\system32\mswsock.dll
0x00007ffc72cd0000 - 0x00007ffc72cdd000 	C:\Program Files\Java\jdk-1.8\jre\bin\management.dll
0x00007ffc68180000 - 0x00007ffc6819c000 	C:\Program Files\Java\jdk-1.8\jre\bin\net.dll
0x00007ffc61820000 - 0x00007ffc61837000 	C:\Windows\system32\napinsp.dll
0x00007ffc51020000 - 0x00007ffc5103b000 	C:\Windows\system32\pnrpnsp.dll
0x00007ffc8e6c0000 - 0x00007ffc8e7b3000 	C:\Windows\SYSTEM32\DNSAPI.dll
0x00007ffc8e650000 - 0x00007ffc8e67d000 	C:\Windows\SYSTEM32\IPHLPAPI.DLL
0x00007ffc90f90000 - 0x00007ffc90f99000 	C:\Windows\System32\NSI.dll
0x00007ffc51000000 - 0x00007ffc51011000 	C:\Windows\System32\winrnr.dll
0x00007ffc88ad0000 - 0x00007ffc88ae5000 	C:\Windows\system32\wshbth.dll
0x00007ffc50fd0000 - 0x00007ffc50ff1000 	C:\Windows\system32\nlansp_c.dll
0x00007ffc889d0000 - 0x00007ffc889da000 	C:\Windows\System32\rasadhlp.dll
0x00007ffc883c0000 - 0x00007ffc88444000 	C:\Windows\System32\fwpuclnt.dll
0x00007ffc632d0000 - 0x00007ffc632e3000 	C:\Program Files\Java\jdk-1.8\jre\bin\nio.dll
0x00007ffc5f0a0000 - 0x00007ffc5f115000 	C:\Users\hardm\AppData\Local\Temp\lwjglhardm\3.3.1-build-7\lwjgl.dll
0x00007ffc5fe60000 - 0x00007ffc5fec1000 	C:\Users\hardm\AppData\Local\Temp\lwjglhardm\3.3.1-build-7\glfw.dll
0x00007ffc60a80000 - 0x00007ffc60add000 	C:\Users\hardm\AppData\Local\Temp\lwjglhardm\3.3.1-build-7\lwjgl_opengl.dll
0x00007ffc731f0000 - 0x00007ffc732f0000 	C:\Windows\SYSTEM32\opengl32.dll
0x00007ffc89f30000 - 0x00007ffc89f5d000 	C:\Windows\SYSTEM32\GLU32.dll
0x00007ffc8d2c0000 - 0x00007ffc8d2f8000 	C:\Windows\SYSTEM32\dxcore.dll
0x00007ffc7c8f0000 - 0x00007ffc7cb1e000 	C:\Windows\SYSTEM32\dbghelp.dll
0x00007ffc909b0000 - 0x00007ffc90a87000 	C:\Windows\System32\OLEAUT32.dll
0x00007ffc900f0000 - 0x00007ffc9016a000 	C:\Windows\System32\bcryptPrimitives.dll

VM Arguments:
jvm_args: -agentlib:jdwp=transport=dt_socket,address=127.0.0.1:60561,suspend=y,server=n -javaagent:C:\Users\hardm\AppData\Local\JetBrains\IdeaIC2023.2\captureAgent\debugger-agent.jar=file:/C:/Users/hardm/AppData/Local/Temp/capture.props -Dfile.encoding=UTF-8 
java_command: ru.BouH.engine.game.Game
java_class_path (initial): C:\Program Files\Java\jdk-1.8\jre\lib\charsets.jar;C:\Program Files\Java\jdk-1.8\jre\lib\deploy.jar;C:\Program Files\Java\jdk-1.8\jre\lib\ext\access-bridge-64.jar;C:\Program Files\Java\jdk-1.8\jre\lib\ext\cldrdata.jar;C:\Program Files\Java\jdk-1.8\jre\lib\ext\dnsns.jar;C:\Program Files\Java\jdk-1.8\jre\lib\ext\jaccess.jar;C:\Program Files\Java\jdk-1.8\jre\lib\ext\jfxrt.jar;C:\Program Files\Java\jdk-1.8\jre\lib\ext\localedata.jar;C:\Program Files\Java\jdk-1.8\jre\lib\ext\nashorn.jar;C:\Program Files\Java\jdk-1.8\jre\lib\ext\sunec.jar;C:\Program Files\Java\jdk-1.8\jre\lib\ext\sunjce_provider.jar;C:\Program Files\Java\jdk-1.8\jre\lib\ext\sunmscapi.jar;C:\Program Files\Java\jdk-1.8\jre\lib\ext\sunpkcs11.jar;C:\Program Files\Java\jdk-1.8\jre\lib\ext\zipfs.jar;C:\Program Files\Java\jdk-1.8\jre\lib\javaws.jar;C:\Program Files\Java\jdk-1.8\jre\lib\jce.jar;C:\Program Files\Java\jdk-1.8\jre\lib\jfr.jar;C:\Program Files\Java\jdk-1.8\jre\lib\jfxswt.jar;C:\Program Files\Java\jdk-1.8\jre\lib\jsse.jar;C:\Program Files\Java\jdk-1.8\jre\lib\management-agent.jar;C:\Program Files\Java\jdk-1.8\jre\lib\plugin.jar;C:\Program Files\Java\jdk-1.8\jre\lib\resources.jar;C:\Program Files\Java\jdk-1.8\jre\lib\rt.jar;F:\game_test1\target\classes;C:\Users\hardm\.m2\repository\io\imgui\java\binding\1.76-0.9\binding-1.76-0.9.jar;C:\Users\hardm\.m2\repository\io\imgui\java\lwjgl3\1.76-0.9\lwjgl3-1.76-0.9.jar;C:\Users\hardm\.m2\repository\io\imgui\java\natives-windows\1.76-0.9\natives-windows-1.76-0.9.jar;C:\Users\hardm\.m2\repository\javax\vecmath\vecmath\1.5.2\vecmath-1.5.2.jar;C:\Users\hardm\.m2\repository\com\github\stephengold\jbullet\1.0.2\jbullet-1.0.2.jar;C:\Users\hardm\.m2\repository\com\github\stephengold\stack-alloc\1.0.2\stack-alloc-1.0.2.jar;C:\Users\hardm\.m2\repository\io\netty\netty-all\4.1.89.Final\netty-all-4.1.89.Final.jar;C:\Users\hardm\.m2\repository\io\netty\netty-buffer\4.1.89.Final\netty-buffer-4.1.89.Final.jar;C:\Users\hardm\.m2\repository\io\nett
Launcher Type: SUN_STANDARD

Environment Variables:
JAVA_HOME=C:\Program Files\Java\jdk-1.8
PATH=C:\Program Files (x86)\Common Files\Oracle\Java\javapath;C:\Windows\system32;C:\Windows;C:\Windows\System32\Wbem;C:\Windows\System32\WindowsPowerShell\v1.0\;C:\Windows\System32\OpenSSH\;C:\Program Files\NVIDIA Corporation\NVIDIA NvDLISR;C:\Program Files\Git\cmd;C:\Program Files (x86)\NVIDIA Corporation\PhysX\Common;C:\Program Files\dotnet\;C:\Program Files\Java\jdk-1.8\bin;C:\Users\hardm\AppData\Local\Microsoft\WindowsApps;C:\Users\hardm\.dotnet\tools
USERNAME=hardm
OS=Windows_NT
PROCESSOR_IDENTIFIER=Intel64 Family 6 Model 151 Stepping 5, GenuineIntel



---------------  S Y S T E M  ---------------

OS: Windows 11 , 64 bit Build 22621 (10.0.22621.2070)

CPU:total 12 (initial active 12) (6 cores per cpu, 2 threads per core) family 6 model 151 stepping 5, cmov, cx8, fxsr, mmx, sse, sse2, sse3, ssse3, sse4.1, sse4.2, popcnt, avx, avx2, aes, clmul, erms, 3dnowpref, lzcnt, ht, tsc, tscinvbit, bmi1, bmi2, adx

Memory: 4k page, physical 33317992k(16492420k free), swap 42653652k(7815888k free)

vm_info: Java HotSpot(TM) 64-Bit Server VM (25.371-b11) for windows-amd64 JRE (1.8.0_371-b11), built on Mar 17 2023 04:03:45 by "java_re" with MS VC++ 17.1 (VS2022)

time: Wed Sep  6 14:54:01 2023
timezone: RTZ 2 ( Family 6 Model 151 Stepping 5, GenuineIntel
elapsed time: 0.705858 seconds (0d 0h 0m 0s)

