#
# A fatal error has been detected by the Java Runtime Environment:
#
#  EXCEPTION_ACCESS_VIOLATION (0xc0000005) at pc=0x00007ff8c043c2c3, pid=50516, tid=0x0000000000007ae4
#
# JRE version: Java(TM) SE Runtime Environment (8.0_371) (build 1.8.0_371-b11)
# Java VM: Java HotSpot(TM) 64-Bit Server VM (25.371-b11 mixed mode windows-amd64 compressed oops)
# Problematic frame:
# C  0x00007ff8c043c2c3
#
# Failed to write core dump. Minidumps are not enabled by default on client versions of Windows
#
# If you would like to submit a bug report, please visit:
#   http://bugreport.java.com/bugreport/crash.jsp
# The crash happened outside the Java Virtual Machine in native code.
# See problematic frame for where to report the bug.
#

---------------  T H R E A D  ---------------

Current thread (0x0000024e1628b800):  JavaThread "game" [_thread_in_native, id=31460, stack(0x0000006d26200000,0x0000006d26300000)]

siginfo: ExceptionCode=0xc0000005, reading address 0x0000000000000014

Registers:
RAX=0x00000218b4c01dd2, RBX=0x0000000000000001, RCX=0x000830820e747f70, RDX=0x00000218b4c01dd2
RSP=0x0000006d262fedf0, RBP=0x0000000000000006, RSI=0x0000000000000006, RDI=0x0000000000000000
R8 =0x000000000000004d, R9 =0x0000000000000000, R10=0x00000000546c6148, R11=0x000009f22f820a93
R12=0x0000000000000004, R13=0x0000024e1f6f3080, R14=0x0000000000000000, R15=0x0000000000001405
RIP=0x00007ff8c043c2c3, EFLAGS=0x0000000000010246

Top of Stack: (sp=0x0000006d262fedf0)
0x0000006d262fedf0:   0000000000000001 0000006d262feed0
0x0000006d262fee00:   000000005cb2bda0 0000024e157c1920
0x0000006d262fee10:   0000000521758e98 00007ff9201ec6e0
0x0000006d262fee20:   0000024e21758e98 0000024e1628b800
0x0000006d262fee30:   0000000200000005 0000000000000004
0x0000006d262fee40:   0000024e1f7001c8 0000003800000003
0x0000006d262fee50:   0000024e21758e98 0000024e1628b800
0x0000006d262fee60:   0000024e1628b800 0000000000000000
0x0000006d262fee70:   0000006d262ff010 0000000000001405
0x0000006d262fee80:   0000000000000004 0000024e1f6f3080
0x0000006d262fee90:   0000000000000006 0000006d262fefd0
0x0000006d262feea0:   0000000000000000 00007ff8c009c9f6
0x0000006d262feeb0:   0000006d262feee0 0000024e00000004
0x0000006d262feec0:   0000024e00000000 0000024e00000000
0x0000006d262feed0:   0000024e00000018 0000024e00001405
0x0000006d262feee0:   0000000000000000 0000024e00000000 

Instructions: (pc=0x00007ff8c043c2c3)
0x00007ff8c043c2a3:   e9 07 00 00 bb 01 00 00 00 49 8d 8d 40 0c 8e 00
0x00007ff8c043c2b3:   8b d3 e8 e6 a1 e7 ff 41 81 ff 05 14 00 00 75 18
0x00007ff8c043c2c3:   41 8b 44 ae fc 4c 8d 65 ff 41 8b 0e 8b f8 3b c8
0x00007ff8c043c2d3:   0f 47 f9 0f 42 c1 eb 5d 41 81 ff 03 14 00 00 75 


Register to memory mapping:

RAX=0x00000218b4c01dd2 is an unknown value
RBX=0x0000000000000001 is an unknown value
RCX=0x000830820e747f70 is an unknown value
RDX=0x00000218b4c01dd2 is an unknown value
RSP=0x0000006d262fedf0 is pointing into the stack for thread: 0x0000024e1628b800
RBP=0x0000000000000006 is an unknown value
RSI=0x0000000000000006 is an unknown value
RDI=0x0000000000000000 is an unknown value
R8 =0x000000000000004d is an unknown value
R9 =0x0000000000000000 is an unknown value
R10=0x00000000546c6148 is an unknown value
R11=0x000009f22f820a93 is an unknown value
R12=0x0000000000000004 is an unknown value
R13=0x0000024e1f6f3080 is an unknown value
R14=0x0000000000000000 is an unknown value
R15=0x0000000000001405 is an unknown value


Stack: [0x0000006d26200000,0x0000006d26300000],  sp=0x0000006d262fedf0,  free space=1019k
Native frames: (J=compiled Java code, j=interpreted, Vv=VM code, C=native code)
C  0x00007ff8c043c2c3
C  0x00007ff8c009c9f6
C  0x0000024e6e294d27

Java frames: (J=compiled Java code, j=interpreted, Vv=VM code)
j  org.lwjgl.opengl.GL11C.nglDrawElements(IIIJ)V+0
j  org.lwjgl.opengl.GL11C.glDrawElements(IIIJ)V+4
j  org.lwjgl.opengl.GL11.glDrawElements(IIIJ)V+4
j  ru.BouH.engine.render.scene.Scene$SceneRenderConveyor.renderTexture(Lru/BouH/engine/game/resource/assets/models/Mesh;)V+30
j  ru.BouH.engine.render.scene.Scene$SceneRenderConveyor.twoPassBlurShader(DLru/BouH/engine/game/resource/assets/models/Mesh;)V+75
j  ru.BouH.engine.render.scene.Scene$SceneRenderConveyor.onRender(DLjava/util/List;Ljava/util/List;)V+62
j  ru.BouH.engine.render.scene.Scene.renderSceneInterpolated(D)V+64
j  ru.BouH.engine.render.scene.Scene.renderScene(D)V+92
j  ru.BouH.engine.render.screen.Screen.inLoop(D)V+62
j  ru.BouH.engine.render.screen.Screen.renderLoop()V+134
j  ru.BouH.engine.render.screen.Screen.updateScreen()V+44
j  ru.BouH.engine.render.screen.Screen.startScreen()V+1
j  ru.BouH.engine.game.Game$EngineSystem.lambda$startSystem$0()V+31
j  ru.BouH.engine.game.Game$EngineSystem$$Lambda$36.run()V+4
j  java.lang.Thread.run()V+11
v  ~StubRoutines::call_stub

---------------  P R O C E S S  ---------------

Java Threads: ( => current thread )
  0x0000024e14927800 JavaThread "D3D Screen Updater" daemon [_thread_blocked, id=34356, stack(0x0000006d26ac0000,0x0000006d26bc0000)]
  0x0000024e1492a800 JavaThread "AWT-EventQueue-0" [_thread_blocked, id=31156, stack(0x0000006d269c0000,0x0000006d26ac0000)]
  0x0000024e15760800 JavaThread "AWT-Windows" daemon [_thread_in_native, id=27940, stack(0x0000006d26600000,0x0000006d26700000)]
  0x0000024e14412800 JavaThread "AWT-Shutdown" [_thread_blocked, id=50692, stack(0x0000006d26500000,0x0000006d26600000)]
  0x0000024e16cf5800 JavaThread "Java2D Disposer" daemon [_thread_blocked, id=16616, stack(0x0000006d26400000,0x0000006d26500000)]
  0x0000024e16ac3000 JavaThread "physics" [_thread_blocked, id=3612, stack(0x0000006d26300000,0x0000006d26400000)]
  0x0000024e6c6e6800 JavaThread "DestroyJavaVM" [_thread_blocked, id=42660, stack(0x0000006d24800000,0x0000006d24900000)]
=>0x0000024e1628b800 JavaThread "game" [_thread_in_native, id=31460, stack(0x0000006d26200000,0x0000006d26300000)]
  0x0000024e140ee000 JavaThread "JavaCPP Deallocator" daemon [_thread_blocked, id=4460, stack(0x0000006d26100000,0x0000006d26200000)]
  0x0000024e13040000 JavaThread "Service Thread" daemon [_thread_blocked, id=38412, stack(0x0000006d25f00000,0x0000006d26000000)]
  0x0000024e12fb3800 JavaThread "C1 CompilerThread3" daemon [_thread_blocked, id=2324, stack(0x0000006d25e00000,0x0000006d25f00000)]
  0x0000024e12fb0800 JavaThread "C2 CompilerThread2" daemon [_thread_blocked, id=8136, stack(0x0000006d25d00000,0x0000006d25e00000)]
  0x0000024e12faf000 JavaThread "C2 CompilerThread1" daemon [_thread_blocked, id=19880, stack(0x0000006d25c00000,0x0000006d25d00000)]
  0x0000024e12fad000 JavaThread "C2 CompilerThread0" daemon [_thread_blocked, id=9480, stack(0x0000006d25b00000,0x0000006d25c00000)]
  0x0000024e12f44800 JavaThread "JDWP Command Reader" daemon [_thread_in_native, id=12884, stack(0x0000006d25a00000,0x0000006d25b00000)]
  0x0000024e7fda9800 JavaThread "JDWP Event Helper Thread" daemon [_thread_blocked, id=44116, stack(0x0000006d25900000,0x0000006d25a00000)]
  0x0000024e7fda7000 JavaThread "JDWP Transport Listener: dt_socket" daemon [_thread_blocked, id=17312, stack(0x0000006d25800000,0x0000006d25900000)]
  0x0000024e7fd90000 JavaThread "Attach Listener" daemon [_thread_blocked, id=10212, stack(0x0000006d25700000,0x0000006d25800000)]
  0x0000024e7fd8f000 JavaThread "Signal Dispatcher" daemon [_thread_blocked, id=38484, stack(0x0000006d25600000,0x0000006d25700000)]
  0x0000024e6c787800 JavaThread "Finalizer" daemon [_thread_blocked, id=19836, stack(0x0000006d25500000,0x0000006d25600000)]
  0x0000024e6c780000 JavaThread "Reference Handler" daemon [_thread_blocked, id=28140, stack(0x0000006d25400000,0x0000006d25500000)]

Other Threads:
  0x0000024e7fd42800 VMThread [stack: 0x0000006d25300000,0x0000006d25400000] [id=10784]
  0x0000024e1306c000 WatcherThread [stack: 0x0000006d26000000,0x0000006d26100000] [id=11240]

VM state:not at safepoint (normal execution)

VM Mutex/Monitor currently owned by a thread: None

heap address: 0x00000005c3800000, size: 8136 MB, Compressed Oops mode: Zero based, Oop shift amount: 3
Narrow klass base: 0x0000000000000000, Narrow klass shift: 3
Compressed class space size: 1073741824 Address: 0x00000007c0000000

Heap:
 PSYoungGen      total 152576K, used 66374K [0x0000000716800000, 0x0000000721200000, 0x00000007c0000000)
  eden space 131072K, 50% used [0x0000000716800000,0x000000071a8d1ac8,0x000000071e800000)
  from space 21504K, 0% used [0x000000071fd00000,0x000000071fd00000,0x0000000721200000)
  to   space 21504K, 0% used [0x000000071e800000,0x000000071e800000,0x000000071fd00000)
 ParOldGen       total 235520K, used 4931K [0x00000005c3800000, 0x00000005d1e00000, 0x0000000716800000)
  object space 235520K, 2% used [0x00000005c3800000,0x00000005c3cd0cb0,0x00000005d1e00000)
 Metaspace       used 28799K, capacity 29230K, committed 29696K, reserved 1075200K
  class space    used 3168K, capacity 3319K, committed 3328K, reserved 1048576K

Card table byte_map: [0x0000024e7d630000,0x0000024e7e620000] byte_map_base: 0x0000024e7a814000

Marking Bits: (ParMarkBitMap*) 0x000000005cd6d980
 Begin Bits: [0x0000024e00000000, 0x0000024e07f20000)
 End Bits:   [0x0000024e07f20000, 0x0000024e0fe40000)

Polling page: 0x0000024e6c9c0000

CodeCache: size=245760Kb used=8531Kb max_used=8531Kb free=237228Kb
 bounds [0x0000024e6e270000, 0x0000024e6ead0000, 0x0000024e7d270000]
 total_blobs=3391 nmethods=2119 adapters=1192
 compilation: enabled

Compilation events (10 events):
Event: 3.275 Thread 0x0000024e12fb3800 2113       3       ru.BouH.engine.game.resource.assets.shaders.ShaderManager::performUniformBuffer (20 bytes)
Event: 3.276 Thread 0x0000024e12fb3800 nmethod 2113 0x0000024e6eac0510 code [0x0000024e6eac0700, 0x0000024e6eac0f80]
Event: 3.276 Thread 0x0000024e12fb3800 2114       3       ru.BouH.engine.render.scene.programs.UniformBufferProgram::setUniformBufferData (24 bytes)
Event: 3.276 Thread 0x0000024e12fb3800 nmethod 2114 0x0000024e6eac3690 code [0x0000024e6eac3860, 0x0000024e6eac3f70]
Event: 3.276 Thread 0x0000024e12fb3800 2115       3       org.lwjgl.opengl.GL15::glBufferSubData (7 bytes)
Event: 3.276 Thread 0x0000024e12fb3800 nmethod 2115 0x0000024e6eac5d90 code [0x0000024e6eac5f20, 0x0000024e6eac6490]
Event: 3.276 Thread 0x0000024e12fb3800 2116       3       org.lwjgl.opengl.GL15C::glBufferSubData (19 bytes)
Event: 3.276 Thread 0x0000024e12fb3800 nmethod 2116 0x0000024e6eac2d90 code [0x0000024e6eac2f20, 0x0000024e6eac3430]
Event: 3.307 Thread 0x0000024e12fb3800 2119       3       java.lang.Class::searchMethods (90 bytes)
Event: 3.308 Thread 0x0000024e12fb3800 nmethod 2119 0x0000024e6eac7a90 code [0x0000024e6eac7ce0, 0x0000024e6eac8c80]

GC Heap History (6 events):
Event: 0.813 GC heap before
{Heap before GC invocations=1 (full 0):
 PSYoungGen      total 152576K, used 131072K [0x0000000716800000, 0x0000000721200000, 0x00000007c0000000)
  eden space 131072K, 100% used [0x0000000716800000,0x000000071e800000,0x000000071e800000)
  from space 21504K, 0% used [0x000000071fd00000,0x000000071fd00000,0x0000000721200000)
  to   space 21504K, 0% used [0x000000071e800000,0x000000071e800000,0x000000071fd00000)
 ParOldGen       total 348160K, used 0K [0x00000005c3800000, 0x00000005d8c00000, 0x0000000716800000)
  object space 348160K, 0% used [0x00000005c3800000,0x00000005c3800000,0x00000005d8c00000)
 Metaspace       used 15473K, capacity 15732K, committed 15872K, reserved 1062912K
  class space    used 1915K, capacity 2010K, committed 2048K, reserved 1048576K
Event: 0.817 GC heap after
Heap after GC invocations=1 (full 0):
 PSYoungGen      total 152576K, used 8166K [0x0000000716800000, 0x0000000721200000, 0x00000007c0000000)
  eden space 131072K, 0% used [0x0000000716800000,0x0000000716800000,0x000000071e800000)
  from space 21504K, 37% used [0x000000071e800000,0x000000071eff9aa0,0x000000071fd00000)
  to   space 21504K, 0% used [0x000000071fd00000,0x000000071fd00000,0x0000000721200000)
 ParOldGen       total 348160K, used 16K [0x00000005c3800000, 0x00000005d8c00000, 0x0000000716800000)
  object space 348160K, 0% used [0x00000005c3800000,0x00000005c3804000,0x00000005d8c00000)
 Metaspace       used 15473K, capacity 15732K, committed 15872K, reserved 1062912K
  class space    used 1915K, capacity 2010K, committed 2048K, reserved 1048576K
}
Event: 1.195 GC heap before
{Heap before GC invocations=2 (full 0):
 PSYoungGen      total 152576K, used 52460K [0x0000000716800000, 0x0000000721200000, 0x00000007c0000000)
  eden space 131072K, 33% used [0x0000000716800000,0x0000000719341740,0x000000071e800000)
  from space 21504K, 37% used [0x000000071e800000,0x000000071eff9aa0,0x000000071fd00000)
  to   space 21504K, 0% used [0x000000071fd00000,0x000000071fd00000,0x0000000721200000)
 ParOldGen       total 348160K, used 16K [0x00000005c3800000, 0x00000005d8c00000, 0x0000000716800000)
  object space 348160K, 0% used [0x00000005c3800000,0x00000005c3804000,0x00000005d8c00000)
 Metaspace       used 20719K, capacity 21030K, committed 21296K, reserved 1069056K
  class space    used 2545K, capacity 2642K, committed 2688K, reserved 1048576K
Event: 1.198 GC heap after
Heap after GC invocations=2 (full 0):
 PSYoungGen      total 152576K, used 5133K [0x0000000716800000, 0x0000000721200000, 0x00000007c0000000)
  eden space 131072K, 0% used [0x0000000716800000,0x0000000716800000,0x000000071e800000)
  from space 21504K, 23% used [0x000000071fd00000,0x00000007202036b0,0x0000000721200000)
  to   space 21504K, 0% used [0x000000071e800000,0x000000071e800000,0x000000071fd00000)
 ParOldGen       total 348160K, used 24K [0x00000005c3800000, 0x00000005d8c00000, 0x0000000716800000)
  object space 348160K, 0% used [0x00000005c3800000,0x00000005c3806000,0x00000005d8c00000)
 Metaspace       used 20719K, capacity 21030K, committed 21296K, reserved 1069056K
  class space    used 2545K, capacity 2642K, committed 2688K, reserved 1048576K
}
Event: 1.198 GC heap before
{Heap before GC invocations=3 (full 1):
 PSYoungGen      total 152576K, used 5133K [0x0000000716800000, 0x0000000721200000, 0x00000007c0000000)
  eden space 131072K, 0% used [0x0000000716800000,0x0000000716800000,0x000000071e800000)
  from space 21504K, 23% used [0x000000071fd00000,0x00000007202036b0,0x0000000721200000)
  to   space 21504K, 0% used [0x000000071e800000,0x000000071e800000,0x000000071fd00000)
 ParOldGen       total 348160K, used 24K [0x00000005c3800000, 0x00000005d8c00000, 0x0000000716800000)
  object space 348160K, 0% used [0x00000005c3800000,0x00000005c3806000,0x00000005d8c00000)
 Metaspace       used 20719K, capacity 21030K, committed 21296K, reserved 1069056K
  class space    used 2545K, capacity 2642K, committed 2688K, reserved 1048576K
Event: 1.224 GC heap after
Heap after GC invocations=3 (full 1):
 PSYoungGen      total 152576K, used 0K [0x0000000716800000, 0x0000000721200000, 0x00000007c0000000)
  eden space 131072K, 0% used [0x0000000716800000,0x0000000716800000,0x000000071e800000)
  from space 21504K, 0% used [0x000000071fd00000,0x000000071fd00000,0x0000000721200000)
  to   space 21504K, 0% used [0x000000071e800000,0x000000071e800000,0x000000071fd00000)
 ParOldGen       total 235520K, used 4931K [0x00000005c3800000, 0x00000005d1e00000, 0x0000000716800000)
  object space 235520K, 2% used [0x00000005c3800000,0x00000005c3cd0cb0,0x00000005d1e00000)
 Metaspace       used 20703K, capacity 20982K, committed 21296K, reserved 1069056K
  class space    used 2540K, capacity 2634K, committed 2688K, reserved 1048576K
}

Deoptimization events (10 events):
Event: 1.187 Thread 0x0000024e15760800 Uncommon trap: reason=unstable_if action=reinterpret pc=0x0000024e6e87a5e4 method=com.intellij.rt.debugger.agent.CaptureAgent$CaptureTransformer.transform(Ljava/lang/ClassLoader;Ljava/lang/String;Ljava/lang/Class;Ljava/security/ProtectionDomain;[B)[B @ 36
Event: 1.633 Thread 0x0000024e1628b800 Uncommon trap: reason=unstable_if action=reinterpret pc=0x0000024e6e3d7898 method=sun.nio.cs.SingleByte$Encoder.encode(C)I @ 13
Event: 1.635 Thread 0x0000024e1628b800 Uncommon trap: reason=unstable_if action=reinterpret pc=0x0000024e6e977ae0 method=java.lang.Character.isSurrogate(C)Z @ 3
Event: 1.636 Thread 0x0000024e1628b800 Uncommon trap: reason=unstable_if action=reinterpret pc=0x0000024e6e9726b0 method=java.lang.Character.isSurrogate(C)Z @ 3
Event: 1.639 Thread 0x0000024e1628b800 Uncommon trap: reason=unstable_if action=reinterpret pc=0x0000024e6e7a67bc method=java.io.File.getParent()Ljava/lang/String; @ 16
Event: 1.640 Thread 0x0000024e1628b800 Uncommon trap: reason=unstable_if action=reinterpret pc=0x0000024e6e6bd0a8 method=java.lang.CharacterData.of(I)Ljava/lang/CharacterData; @ 4
Event: 1.701 Thread 0x0000024e1628b800 Uncommon trap: reason=class_check action=maybe_recompile pc=0x0000024e6e7c58ac method=java.util.AbstractList$Itr.hasNext()Z @ 8
Event: 1.701 Thread 0x0000024e1628b800 Uncommon trap: reason=class_check action=maybe_recompile pc=0x0000024e6e859bf8 method=java.util.AbstractList$Itr.next()Ljava/lang/Object; @ 14
Event: 3.167 Thread 0x0000024e1628b800 Uncommon trap: reason=unstable_if action=reinterpret pc=0x0000024e6e976388 method=jdk.internal.org.objectweb.asm.Type.getArgumentsAndReturnSizes(Ljava/lang/String;)I @ 88
Event: 3.217 Thread 0x0000024e17305800 Uncommon trap: reason=unstable_if action=reinterpret pc=0x0000024e6eaa6944 method=java.util.concurrent.atomic.AtomicBoolean.get()Z @ 4

Classes redefined (0 events):
No events

Internal exceptions (10 events):
Event: 1.290 Thread 0x0000024e1628b800 Exception <a 'java/security/PrivilegedActionException'> (0x00000007174b09e8) thrown at [C:\jenkins\workspace\8-2-build-windows-x64-cygwin\jdk8u371\3355\hotspot\src\share\vm\prims\jvm.cpp, line 1513]
Event: 1.291 Thread 0x0000024e1628b800 Exception <a 'java/security/PrivilegedActionException'> (0x00000007174b23f0) thrown at [C:\jenkins\workspace\8-2-build-windows-x64-cygwin\jdk8u371\3355\hotspot\src\share\vm\prims\jvm.cpp, line 1513]
Event: 1.291 Thread 0x0000024e1628b800 Exception <a 'java/security/PrivilegedActionException'> (0x00000007174b2600) thrown at [C:\jenkins\workspace\8-2-build-windows-x64-cygwin\jdk8u371\3355\hotspot\src\share\vm\prims\jvm.cpp, line 1513]
Event: 1.322 Thread 0x0000024e1628b800 Exception <a 'sun/nio/fs/WindowsException'> (0x00000007178b1c28) thrown at [C:\jenkins\workspace\8-2-build-windows-x64-cygwin\jdk8u371\3355\hotspot\src\share\vm\prims\jni.cpp, line 710]
Event: 1.322 Thread 0x0000024e1628b800 Exception <a 'sun/nio/fs/WindowsException'> (0x00000007178b22f0) thrown at [C:\jenkins\workspace\8-2-build-windows-x64-cygwin\jdk8u371\3355\hotspot\src\share\vm\prims\jni.cpp, line 710]
Event: 1.517 Thread 0x0000024e1628b800 Exception <a 'sun/nio/fs/WindowsException'> (0x0000000717a05ea0) thrown at [C:\jenkins\workspace\8-2-build-windows-x64-cygwin\jdk8u371\3355\hotspot\src\share\vm\prims\jni.cpp, line 710]
Event: 1.517 Thread 0x0000024e1628b800 Exception <a 'sun/nio/fs/WindowsException'> (0x0000000717a065d0) thrown at [C:\jenkins\workspace\8-2-build-windows-x64-cygwin\jdk8u371\3355\hotspot\src\share\vm\prims\jni.cpp, line 710]
Event: 1.522 Thread 0x0000024e1628b800 Exception <a 'sun/nio/fs/WindowsException'> (0x0000000717a296d0) thrown at [C:\jenkins\workspace\8-2-build-windows-x64-cygwin\jdk8u371\3355\hotspot\src\share\vm\prims\jni.cpp, line 710]
Event: 1.522 Thread 0x0000024e1628b800 Exception <a 'sun/nio/fs/WindowsException'> (0x0000000717a29cb0) thrown at [C:\jenkins\workspace\8-2-build-windows-x64-cygwin\jdk8u371\3355\hotspot\src\share\vm\prims\jni.cpp, line 710]
Event: 3.167 Thread 0x0000024e1628b800 Exception <a 'java/lang/NoSuchMethodError': java.lang.Object.lambda$comparingInt$7b0bb60$1(Ljava/util/function/ToIntFunction;Ljava/lang/Object;Ljava/lang/Object;)I> (0x0000000719deddf0) thrown at [C:\jenkins\workspace\8-2-build-windows-x64-cygwin\jdk8u371

Events (10 events):
Event: 3.304 Thread 0x0000024e1628b800 DEOPT PACKING pc=0x0000024e6e43ece4 sp=0x0000006d262fd370
Event: 3.304 Thread 0x0000024e1628b800 DEOPT UNPACKING pc=0x0000024e6e2b7918 sp=0x0000006d262fd190 mode 1
Event: 3.304 loading class org/joml/Quaternionfc
Event: 3.304 loading class org/joml/Quaternionfc done
Event: 3.304 Thread 0x0000024e1628b800 DEOPT PACKING pc=0x0000024e6e5383f9 sp=0x0000006d262faaf0
Event: 3.304 Thread 0x0000024e1628b800 DEOPT UNPACKING pc=0x0000024e6e2b7918 sp=0x0000006d262fa840 mode 1
Event: 3.304 Thread 0x0000024e1628b800 DEOPT PACKING pc=0x0000024e6e43ef54 sp=0x0000006d262fab70
Event: 3.304 Thread 0x0000024e1628b800 DEOPT UNPACKING pc=0x0000024e6e2b7918 sp=0x0000006d262fa990 mode 1
Event: 3.304 Thread 0x0000024e1628b800 DEOPT PACKING pc=0x0000024e6e43ece4 sp=0x0000006d262fad00
Event: 3.304 Thread 0x0000024e1628b800 DEOPT UNPACKING pc=0x0000024e6e2b7918 sp=0x0000006d262fab20 mode 1


Dynamic libraries:
0x00007ff776620000 - 0x00007ff77666a000 	C:\Program Files\Java\jdk-1.8\bin\java.exe
0x00007ff973f10000 - 0x00007ff974127000 	C:\Windows\SYSTEM32\ntdll.dll
0x00007ff9721f0000 - 0x00007ff9722b4000 	C:\Windows\System32\KERNEL32.DLL
0x00007ff971790000 - 0x00007ff971b36000 	C:\Windows\System32\KERNELBASE.dll
0x00007ff972680000 - 0x00007ff972731000 	C:\Windows\System32\ADVAPI32.dll
0x00007ff971e30000 - 0x00007ff971ed7000 	C:\Windows\System32\msvcrt.dll
0x00007ff972b90000 - 0x00007ff972c35000 	C:\Windows\System32\sechost.dll
0x00007ff971c60000 - 0x00007ff971d77000 	C:\Windows\System32\RPCRT4.dll
0x00007ff972c40000 - 0x00007ff972dee000 	C:\Windows\System32\USER32.dll
0x00007ff971590000 - 0x00007ff9715b6000 	C:\Windows\System32\win32u.dll
0x00007ff9724f0000 - 0x00007ff972519000 	C:\Windows\System32\GDI32.dll
0x00007ff971b40000 - 0x00007ff971c58000 	C:\Windows\System32\gdi32full.dll
0x00007ff9715c0000 - 0x00007ff97165a000 	C:\Windows\System32\msvcp_win.dll
0x00007ff971280000 - 0x00007ff971391000 	C:\Windows\System32\ucrtbase.dll
0x00007ff947120000 - 0x00007ff9473b3000 	C:\Windows\WinSxS\amd64_microsoft.windows.common-controls_6595b64144ccf1df_6.0.22621.2506_none_270c5ae97388e100\COMCTL32.dll
0x00007ff971ee0000 - 0x00007ff971f11000 	C:\Windows\System32\IMM32.DLL
0x00007ff9454a0000 - 0x00007ff9454bb000 	C:\Program Files\Java\jdk-1.8\jre\bin\vcruntime140.dll
0x00007ff95c440000 - 0x00007ff95c44c000 	C:\Program Files\Java\jdk-1.8\jre\bin\vcruntime140_1.dll
0x00007ff900b70000 - 0x00007ff900bfe000 	C:\Program Files\Java\jdk-1.8\jre\bin\msvcp140.dll
0x000000005c540000 - 0x000000005cde7000 	C:\Program Files\Java\jdk-1.8\jre\bin\server\jvm.dll
0x00007ff972b80000 - 0x00007ff972b88000 	C:\Windows\System32\PSAPI.DLL
0x00007ff96ab20000 - 0x00007ff96ab2a000 	C:\Windows\SYSTEM32\VERSION.dll
0x00007ff8f6f30000 - 0x00007ff8f6f39000 	C:\Windows\SYSTEM32\WSOCK32.dll
0x00007ff966ff0000 - 0x00007ff967024000 	C:\Windows\SYSTEM32\WINMM.dll
0x00007ff9722c0000 - 0x00007ff972331000 	C:\Windows\System32\WS2_32.dll
0x00007ff970370000 - 0x00007ff970388000 	C:\Windows\SYSTEM32\kernel.appcore.dll
0x00007ff95c240000 - 0x00007ff95c250000 	C:\Program Files\Java\jdk-1.8\jre\bin\verify.dll
0x00007ff943210000 - 0x00007ff94323b000 	C:\Program Files\Java\jdk-1.8\jre\bin\java.dll
0x00007ff951ee0000 - 0x00007ff951f16000 	C:\Program Files\Java\jdk-1.8\jre\bin\jdwp.dll
0x00007ff969180000 - 0x00007ff969189000 	C:\Program Files\Java\jdk-1.8\jre\bin\npt.dll
0x00007ff945320000 - 0x00007ff945354000 	C:\Program Files\Java\jdk-1.8\jre\bin\instrument.dll
0x00007ff945480000 - 0x00007ff945498000 	C:\Program Files\Java\jdk-1.8\jre\bin\zip.dll
0x00007ff973050000 - 0x00007ff9738aa000 	C:\Windows\System32\SHELL32.dll
0x00007ff96f1b0000 - 0x00007ff96faa6000 	C:\Windows\SYSTEM32\windows.storage.dll
0x00007ff972740000 - 0x00007ff972ac9000 	C:\Windows\System32\combase.dll
0x00007ff96f070000 - 0x00007ff96f1ae000 	C:\Windows\SYSTEM32\wintypes.dll
0x00007ff972580000 - 0x00007ff972673000 	C:\Windows\System32\SHCORE.dll
0x00007ff972f60000 - 0x00007ff972fbe000 	C:\Windows\System32\shlwapi.dll
0x00007ff9711b0000 - 0x00007ff9711d6000 	C:\Windows\SYSTEM32\profapi.dll
0x00007ff967fa0000 - 0x00007ff967faa000 	C:\Program Files\Java\jdk-1.8\jre\bin\dt_socket.dll
0x00007ff9707f0000 - 0x00007ff970859000 	C:\Windows\system32\mswsock.dll
0x00007ff955250000 - 0x00007ff95525d000 	C:\Program Files\Java\jdk-1.8\jre\bin\management.dll
0x00007ff945220000 - 0x00007ff94523c000 	C:\Program Files\Java\jdk-1.8\jre\bin\net.dll
0x00007ff951eb0000 - 0x00007ff951ec7000 	C:\Windows\system32\napinsp.dll
0x00007ff951e90000 - 0x00007ff951eab000 	C:\Windows\system32\pnrpnsp.dll
0x00007ff96fdf0000 - 0x00007ff96fee9000 	C:\Windows\SYSTEM32\DNSAPI.dll
0x00007ff96fd80000 - 0x00007ff96fdad000 	C:\Windows\SYSTEM32\IPHLPAPI.DLL
0x00007ff972570000 - 0x00007ff972579000 	C:\Windows\System32\NSI.dll
0x00007ff951e70000 - 0x00007ff951e81000 	C:\Windows\System32\winrnr.dll
0x00007ff96a8e0000 - 0x00007ff96a8f5000 	C:\Windows\system32\wshbth.dll
0x00007ff951df0000 - 0x00007ff951e11000 	C:\Windows\system32\nlansp_c.dll
0x00007ff969320000 - 0x00007ff96932a000 	C:\Windows\System32\rasadhlp.dll
0x00007ff96a900000 - 0x00007ff96a983000 	C:\Windows\System32\fwpuclnt.dll
0x00007ff945050000 - 0x00007ff945063000 	C:\Program Files\Java\jdk-1.8\jre\bin\nio.dll
0x0000024e15250000 - 0x0000024e15254000 	C:\Users\hardm\.javacpp\cache\javacpp-1.5.9-windows-x86_64.jar\org\bytedeco\javacpp\windows-x86_64\api-ms-win-crt-locale-l1-1-0.dll
0x0000024e15260000 - 0x0000024e15265000 	C:\Users\hardm\.javacpp\cache\javacpp-1.5.9-windows-x86_64.jar\org\bytedeco\javacpp\windows-x86_64\api-ms-win-crt-string-l1-1-0.dll
0x0000024e15270000 - 0x0000024e15275000 	C:\Users\hardm\.javacpp\cache\javacpp-1.5.9-windows-x86_64.jar\org\bytedeco\javacpp\windows-x86_64\api-ms-win-crt-stdio-l1-1-0.dll
0x0000024e15280000 - 0x0000024e15286000 	C:\Users\hardm\.javacpp\cache\javacpp-1.5.9-windows-x86_64.jar\org\bytedeco\javacpp\windows-x86_64\api-ms-win-crt-math-l1-1-0.dll
0x0000024e15290000 - 0x0000024e15294000 	C:\Users\hardm\.javacpp\cache\javacpp-1.5.9-windows-x86_64.jar\org\bytedeco\javacpp\windows-x86_64\api-ms-win-crt-heap-l1-1-0.dll
0x0000024e152a0000 - 0x0000024e152a5000 	C:\Users\hardm\.javacpp\cache\javacpp-1.5.9-windows-x86_64.jar\org\bytedeco\javacpp\windows-x86_64\api-ms-win-crt-runtime-l1-1-0.dll
0x0000024e152b0000 - 0x0000024e152b5000 	C:\Users\hardm\.javacpp\cache\javacpp-1.5.9-windows-x86_64.jar\org\bytedeco\javacpp\windows-x86_64\api-ms-win-crt-convert-l1-1-0.dll
0x0000024e152c0000 - 0x0000024e152c4000 	C:\Users\hardm\.javacpp\cache\javacpp-1.5.9-windows-x86_64.jar\org\bytedeco\javacpp\windows-x86_64\api-ms-win-crt-environment-l1-1-0.dll
0x0000024e152d0000 - 0x0000024e152d4000 	C:\Users\hardm\.javacpp\cache\javacpp-1.5.9-windows-x86_64.jar\org\bytedeco\javacpp\windows-x86_64\api-ms-win-crt-time-l1-1-0.dll
0x0000024e152e0000 - 0x0000024e152e4000 	C:\Users\hardm\.javacpp\cache\javacpp-1.5.9-windows-x86_64.jar\org\bytedeco\javacpp\windows-x86_64\api-ms-win-crt-filesystem-l1-1-0.dll
0x0000024e152f0000 - 0x0000024e152f4000 	C:\Users\hardm\.javacpp\cache\javacpp-1.5.9-windows-x86_64.jar\org\bytedeco\javacpp\windows-x86_64\api-ms-win-crt-utility-l1-1-0.dll
0x0000024e15300000 - 0x0000024e15306000 	C:\Users\hardm\.javacpp\cache\javacpp-1.5.9-windows-x86_64.jar\org\bytedeco\javacpp\windows-x86_64\api-ms-win-crt-multibyte-l1-1-0.dll
0x0000024e15310000 - 0x0000024e15314000 	C:\Users\hardm\.javacpp\cache\javacpp-1.5.9-windows-x86_64.jar\org\bytedeco\javacpp\windows-x86_64\api-ms-win-crt-conio-l1-1-0.dll
0x0000024e15320000 - 0x0000024e15331000 	C:\Users\hardm\.javacpp\cache\javacpp-1.5.9-windows-x86_64.jar\org\bytedeco\javacpp\windows-x86_64\api-ms-win-crt-private-l1-1-0.dll
0x0000024e15340000 - 0x0000024e15344000 	C:\Users\hardm\.javacpp\cache\javacpp-1.5.9-windows-x86_64.jar\org\bytedeco\javacpp\windows-x86_64\api-ms-win-crt-process-l1-1-0.dll
0x0000024e15350000 - 0x0000024e15354000 	C:\Users\hardm\.javacpp\cache\javacpp-1.5.9-windows-x86_64.jar\org\bytedeco\javacpp\windows-x86_64\api-ms-win-core-console-l1-2-0.dll
0x0000024e15360000 - 0x0000024e15364000 	C:\Users\hardm\.javacpp\cache\javacpp-1.5.9-windows-x86_64.jar\org\bytedeco\javacpp\windows-x86_64\api-ms-win-core-string-l1-1-0.dll
0x0000024e15370000 - 0x0000024e15374000 	C:\Users\hardm\.javacpp\cache\javacpp-1.5.9-windows-x86_64.jar\org\bytedeco\javacpp\windows-x86_64\api-ms-win-core-errorhandling-l1-1-0.dll
0x0000024e15380000 - 0x0000024e15384000 	C:\Users\hardm\.javacpp\cache\javacpp-1.5.9-windows-x86_64.jar\org\bytedeco\javacpp\windows-x86_64\api-ms-win-core-timezone-l1-1-0.dll
0x0000024e15390000 - 0x0000024e15395000 	C:\Users\hardm\.javacpp\cache\javacpp-1.5.9-windows-x86_64.jar\org\bytedeco\javacpp\windows-x86_64\api-ms-win-core-file-l1-1-0.dll
0x0000024e153a0000 - 0x0000024e153a4000 	C:\Users\hardm\.javacpp\cache\javacpp-1.5.9-windows-x86_64.jar\org\bytedeco\javacpp\windows-x86_64\api-ms-win-core-namedpipe-l1-1-0.dll
0x0000024e153b0000 - 0x0000024e153b4000 	C:\Users\hardm\.javacpp\cache\javacpp-1.5.9-windows-x86_64.jar\org\bytedeco\javacpp\windows-x86_64\api-ms-win-core-handle-l1-1-0.dll
0x0000024e153c0000 - 0x0000024e153c4000 	C:\Users\hardm\.javacpp\cache\javacpp-1.5.9-windows-x86_64.jar\org\bytedeco\javacpp\windows-x86_64\api-ms-win-core-file-l2-1-0.dll
0x0000024e153d0000 - 0x0000024e153d4000 	C:\Users\hardm\.javacpp\cache\javacpp-1.5.9-windows-x86_64.jar\org\bytedeco\javacpp\windows-x86_64\api-ms-win-core-heap-l1-1-0.dll
0x0000024e153e0000 - 0x0000024e153e4000 	C:\Users\hardm\.javacpp\cache\javacpp-1.5.9-windows-x86_64.jar\org\bytedeco\javacpp\windows-x86_64\api-ms-win-core-libraryloader-l1-1-0.dll
0x0000024e163c0000 - 0x0000024e163c4000 	C:\Users\hardm\.javacpp\cache\javacpp-1.5.9-windows-x86_64.jar\org\bytedeco\javacpp\windows-x86_64\api-ms-win-core-synch-l1-1-0.dll
0x0000024e163d0000 - 0x0000024e163d4000 	C:\Users\hardm\.javacpp\cache\javacpp-1.5.9-windows-x86_64.jar\org\bytedeco\javacpp\windows-x86_64\api-ms-win-core-processthreads-l1-1-0.dll
0x0000024e163e0000 - 0x0000024e163e4000 	C:\Users\hardm\.javacpp\cache\javacpp-1.5.9-windows-x86_64.jar\org\bytedeco\javacpp\windows-x86_64\api-ms-win-core-processenvironment-l1-1-0.dll
0x0000024e163f0000 - 0x0000024e163f4000 	C:\Users\hardm\.javacpp\cache\javacpp-1.5.9-windows-x86_64.jar\org\bytedeco\javacpp\windows-x86_64\api-ms-win-core-datetime-l1-1-0.dll
0x0000024e16400000 - 0x0000024e16404000 	C:\Users\hardm\.javacpp\cache\javacpp-1.5.9-windows-x86_64.jar\org\bytedeco\javacpp\windows-x86_64\api-ms-win-core-localization-l1-2-0.dll
0x0000024e16410000 - 0x0000024e16414000 	C:\Users\hardm\.javacpp\cache\javacpp-1.5.9-windows-x86_64.jar\org\bytedeco\javacpp\windows-x86_64\api-ms-win-core-sysinfo-l1-1-0.dll
0x0000024e16420000 - 0x0000024e16424000 	C:\Users\hardm\.javacpp\cache\javacpp-1.5.9-windows-x86_64.jar\org\bytedeco\javacpp\windows-x86_64\api-ms-win-core-synch-l1-2-0.dll
0x0000024e16430000 - 0x0000024e16434000 	C:\Users\hardm\.javacpp\cache\javacpp-1.5.9-windows-x86_64.jar\org\bytedeco\javacpp\windows-x86_64\api-ms-win-core-console-l1-1-0.dll
0x0000024e16440000 - 0x0000024e16444000 	C:\Users\hardm\.javacpp\cache\javacpp-1.5.9-windows-x86_64.jar\org\bytedeco\javacpp\windows-x86_64\api-ms-win-core-debug-l1-1-0.dll
0x0000024e16450000 - 0x0000024e16454000 	C:\Users\hardm\.javacpp\cache\javacpp-1.5.9-windows-x86_64.jar\org\bytedeco\javacpp\windows-x86_64\api-ms-win-core-rtlsupport-l1-1-0.dll
0x0000024e16460000 - 0x0000024e16464000 	C:\Users\hardm\.javacpp\cache\javacpp-1.5.9-windows-x86_64.jar\org\bytedeco\javacpp\windows-x86_64\api-ms-win-core-processthreads-l1-1-1.dll
0x0000024e16470000 - 0x0000024e16474000 	C:\Users\hardm\.javacpp\cache\javacpp-1.5.9-windows-x86_64.jar\org\bytedeco\javacpp\windows-x86_64\api-ms-win-core-file-l1-2-0.dll
0x0000024e16480000 - 0x0000024e16484000 	C:\Users\hardm\.javacpp\cache\javacpp-1.5.9-windows-x86_64.jar\org\bytedeco\javacpp\windows-x86_64\api-ms-win-core-profile-l1-1-0.dll
0x0000024e16490000 - 0x0000024e16494000 	C:\Users\hardm\.javacpp\cache\javacpp-1.5.9-windows-x86_64.jar\org\bytedeco\javacpp\windows-x86_64\api-ms-win-core-memory-l1-1-0.dll
0x0000024e164a0000 - 0x0000024e164a4000 	C:\Users\hardm\.javacpp\cache\javacpp-1.5.9-windows-x86_64.jar\org\bytedeco\javacpp\windows-x86_64\api-ms-win-core-util-l1-1-0.dll
0x0000024e164b0000 - 0x0000024e164b4000 	C:\Users\hardm\.javacpp\cache\javacpp-1.5.9-windows-x86_64.jar\org\bytedeco\javacpp\windows-x86_64\api-ms-win-core-interlocked-l1-1-0.dll
0x00007ff9012a0000 - 0x00007ff9013b1000 	C:\Users\hardm\.javacpp\cache\javacpp-1.5.9-windows-x86_64.jar\org\bytedeco\javacpp\windows-x86_64\ucrtbase.dll
0x00007ff95c450000 - 0x00007ff95c46b000 	C:\Users\hardm\.javacpp\cache\javacpp-1.5.9-windows-x86_64.jar\org\bytedeco\javacpp\windows-x86_64\vcruntime140.dll
0x00007ff955bb0000 - 0x00007ff955bbc000 	C:\Users\hardm\.javacpp\cache\javacpp-1.5.9-windows-x86_64.jar\org\bytedeco\javacpp\windows-x86_64\vcruntime140_1.dll
0x00007ff902540000 - 0x00007ff9025cd000 	C:\Users\hardm\.javacpp\cache\javacpp-1.5.9-windows-x86_64.jar\org\bytedeco\javacpp\windows-x86_64\msvcp140.dll
0x00007ff955ba0000 - 0x00007ff955ba9000 	C:\Users\hardm\.javacpp\cache\javacpp-1.5.9-windows-x86_64.jar\org\bytedeco\javacpp\windows-x86_64\msvcp140_1.dll
0x00007ff93d480000 - 0x00007ff93d4ce000 	C:\Users\hardm\.javacpp\cache\javacpp-1.5.9-windows-x86_64.jar\org\bytedeco\javacpp\windows-x86_64\concrt140.dll
0x00007ff93e280000 - 0x00007ff93e2b1000 	C:\Users\hardm\.javacpp\cache\javacpp-1.5.9-windows-x86_64.jar\org\bytedeco\javacpp\windows-x86_64\vcomp140.dll
0x00007ff952360000 - 0x00007ff95236f000 	C:\Users\hardm\.javacpp\cache\javacpp-1.5.9-windows-x86_64.jar\org\bytedeco\javacpp\windows-x86_64\jnijavacpp.dll
0x00007ff900a90000 - 0x00007ff900b70000 	C:\Users\hardm\.javacpp\cache\bullet-3.25-1.5.9-windows-x86_64.jar\org\bytedeco\bullet\windows-x86_64\jniLinearMath.dll
0x00007ff8dfb50000 - 0x00007ff8dfdb0000 	C:\Users\hardm\.javacpp\cache\bullet-3.25-1.5.9-windows-x86_64.jar\org\bytedeco\bullet\windows-x86_64\jniBulletCollision.dll
0x00007ff8df6c0000 - 0x00007ff8df900000 	C:\Users\hardm\.javacpp\cache\bullet-3.25-1.5.9-windows-x86_64.jar\org\bytedeco\bullet\windows-x86_64\jniBulletDynamics.dll
0x00007ff8dc340000 - 0x00007ff8dc4be000 	C:\Program Files\Java\jdk-1.8\jre\bin\awt.dll
0x00007ff972340000 - 0x00007ff972417000 	C:\Windows\System32\OLEAUT32.dll
0x00007ff96e5a0000 - 0x00007ff96e637000 	C:\Windows\SYSTEM32\apphelp.dll
0x00007ff96e970000 - 0x00007ff96e99b000 	C:\Windows\system32\DWMAPI.DLL
0x00007ff96e6f0000 - 0x00007ff96e79b000 	C:\Windows\system32\uxtheme.dll
0x00007ff908a30000 - 0x00007ff908b30000 	C:\Windows\system32\opengl32.dll
0x00007ff908a00000 - 0x00007ff908a2d000 	C:\Windows\SYSTEM32\GLU32.dll
0x00007ff96e9e0000 - 0x00007ff96ea16000 	C:\Windows\SYSTEM32\dxcore.dll
0x00007ff972e10000 - 0x00007ff972f60000 	C:\Windows\System32\MSCTF.dll
0x00007ff973d30000 - 0x00007ff973ed0000 	C:\Windows\System32\ole32.dll
0x00007ff9713a0000 - 0x00007ff97141a000 	C:\Windows\System32\bcryptPrimitives.dll
0x00007ff940b80000 - 0x00007ff940d29000 	C:\Windows\system32\d3d9.dll
0x00007ff951750000 - 0x00007ff95180c000 	C:\Windows\System32\DriverStore\FileRepository\nv_dispi.inf_amd64_1fea8972dc2f0a69\nvldumdx.dll
0x00007ff970f20000 - 0x00007ff970f32000 	C:\Windows\SYSTEM32\msasn1.dll
0x00007ff96a8a0000 - 0x00007ff96a8d2000 	C:\Windows\SYSTEM32\cryptnet.dll
0x00007ff971420000 - 0x00007ff971586000 	C:\Windows\System32\CRYPT32.dll
0x00007ff96a6f0000 - 0x00007ff96a848000 	C:\Windows\SYSTEM32\drvstore.dll
0x00007ff970f40000 - 0x00007ff970f6c000 	C:\Windows\SYSTEM32\devobj.dll
0x00007ff970f70000 - 0x00007ff970fbe000 	C:\Windows\SYSTEM32\cfgmgr32.dll
0x00007ff970af0000 - 0x00007ff970b3b000 	C:\Windows\SYSTEM32\wldp.dll
0x00007ff970a60000 - 0x00007ff970a6c000 	C:\Windows\SYSTEM32\cryptbase.dll
0x00007ff971720000 - 0x00007ff97178b000 	C:\Windows\System32\wintrust.dll

VM Arguments:
jvm_args: -agentlib:jdwp=transport=dt_socket,address=127.0.0.1:50919,suspend=y,server=n -Dvisualvm.id=2305131556649100 -javaagent:C:\Users\hardm\AppData\Local\JetBrains\IdeaIC2023.2\captureAgent\debugger-agent.jar=file:/C:/Users/hardm/AppData/Local/Temp/capture.props -Dfile.encoding=UTF-8 
java_command: ru.BouH.engine.game.Game
java_class_path (initial): C:\Program Files\Java\jdk-1.8\jre\lib\charsets.jar;C:\Program Files\Java\jdk-1.8\jre\lib\deploy.jar;C:\Program Files\Java\jdk-1.8\jre\lib\ext\access-bridge-64.jar;C:\Program Files\Java\jdk-1.8\jre\lib\ext\cldrdata.jar;C:\Program Files\Java\jdk-1.8\jre\lib\ext\dnsns.jar;C:\Program Files\Java\jdk-1.8\jre\lib\ext\jaccess.jar;C:\Program Files\Java\jdk-1.8\jre\lib\ext\jfxrt.jar;C:\Program Files\Java\jdk-1.8\jre\lib\ext\localedata.jar;C:\Program Files\Java\jdk-1.8\jre\lib\ext\nashorn.jar;C:\Program Files\Java\jdk-1.8\jre\lib\ext\sunec.jar;C:\Program Files\Java\jdk-1.8\jre\lib\ext\sunjce_provider.jar;C:\Program Files\Java\jdk-1.8\jre\lib\ext\sunmscapi.jar;C:\Program Files\Java\jdk-1.8\jre\lib\ext\sunpkcs11.jar;C:\Program Files\Java\jdk-1.8\jre\lib\ext\zipfs.jar;C:\Program Files\Java\jdk-1.8\jre\lib\javaws.jar;C:\Program Files\Java\jdk-1.8\jre\lib\jce.jar;C:\Program Files\Java\jdk-1.8\jre\lib\jfr.jar;C:\Program Files\Java\jdk-1.8\jre\lib\jfxswt.jar;C:\Program Files\Java\jdk-1.8\jre\lib\jsse.jar;C:\Program Files\Java\jdk-1.8\jre\lib\management-agent.jar;C:\Program Files\Java\jdk-1.8\jre\lib\plugin.jar;C:\Program Files\Java\jdk-1.8\jre\lib\resources.jar;C:\Program Files\Java\jdk-1.8\jre\lib\rt.jar;F:\game_test1\target\classes;C:\Users\hardm\.m2\repository\org\bytedeco\bullet-platform\3.25-1.5.9\bullet-platform-3.25-1.5.9.jar;C:\Users\hardm\.m2\repository\org\bytedeco\javacpp-platform\1.5.9\javacpp-platform-1.5.9.jar;C:\Users\hardm\.m2\repository\org\bytedeco\javacpp\1.5.9\javacpp-1.5.9-android-arm.jar;C:\Users\hardm\.m2\repository\org\bytedeco\javacpp\1.5.9\javacpp-1.5.9-android-arm64.jar;C:\Users\hardm\.m2\repository\org\bytedeco\javacpp\1.5.9\javacpp-1.5.9-android-x86.jar;C:\Users\hardm\.m2\repository\org\bytedeco\javacpp\1.5.9\javacpp-1.5.9-android-x86_64.jar;C:\Users\hardm\.m2\repository\org\bytedeco\javacpp\1.5.9\javacpp-1.5.9-ios-arm64.jar;C:\Users\hardm\.m2\repository\org\bytedeco\javacpp\1.5.9\javacpp-1.5.9-ios-x86_64.jar;C:\Users\hardm\.m
Launcher Type: SUN_STANDARD

Environment Variables:
JAVA_HOME=C:\Program Files\Java\jdk-1.8
PATH=C:\Program Files\Common Files\Oracle\Java\javapath;C:\Program Files (x86)\Common Files\Oracle\Java\javapath;C:\Windows\system32;C:\Windows;C:\Windows\System32\Wbem;C:\Windows\System32\WindowsPowerShell\v1.0\;C:\Windows\System32\OpenSSH\;C:\Program Files\NVIDIA Corporation\NVIDIA NvDLISR;C:\Program Files\Git\cmd;C:\Program Files (x86)\NVIDIA Corporation\PhysX\Common;C:\Program Files\Java\jdk-1.8\bin;C:\Program Files\dotnet\;C:\Program Files (x86)\Windows Kits\10\Windows Performance Toolkit\;C:\Program Files\nodejs\;C:\Program Files\Java\jdk-1.8\;C:\Program Files\Common Files\Oracle\Java\javapath;C:\Program Files (x86)\Common Files\Oracle\Java\javapath;C:\Windows\system32;C:\Windows;C:\Windows\System32\Wbem;C:\Windows\System32\WindowsPowerShell\v1.0\;C:\Windows\System32\OpenSSH\;C:\Program Files\NVIDIA Corporation\NVIDIA NvDLISR;C:\Program Files\Git\cmd;C:\Program Files (x86)\NVIDIA Corporation\PhysX\Common;C:\Program Files\Java\jdk-1.8\bin;C:\Program Files\dotnet\;C:\Program Files (x86)\Windows Kits\10\Windows Performance Toolkit\;C:\Program Files\nodejs\;C:\Users\hardm\AppData\Local\Microsoft\WindowsApps;C:\Users\hardm\.dotnet\tools;C:\Users\hardm\AppData\Local\JetBrains\Toolbox\scripts;C:\Users\hardm\.dotnet\tools;C:\Users\hardm\AppData\Local\Programs\Microsoft VS Code\bin;C:\Users\hardm\AppData\Roaming\npm
USERNAME=hardm
OS=Windows_NT
PROCESSOR_IDENTIFIER=Intel64 Family 6 Model 151 Stepping 5, GenuineIntel



---------------  S Y S T E M  ---------------

OS: Windows 11 , 64 bit Build 22621 (10.0.22621.2506)

CPU:total 12 (initial active 12) (6 cores per cpu, 2 threads per core) family 6 model 151 stepping 5, cmov, cx8, fxsr, mmx, sse, sse2, sse3, ssse3, sse4.1, sse4.2, popcnt, avx, avx2, aes, clmul, erms, 3dnowpref, lzcnt, ht, tsc, tscinvbit, bmi1, bmi2, adx

Memory: 4k page, physical 33317992k(10876896k free), swap 68449880k(11710704k free)

vm_info: Java HotSpot(TM) 64-Bit Server VM (25.371-b11) for windows-amd64 JRE (1.8.0_371-b11), built on Mar 17 2023 04:03:45 by "java_re" with MS VC++ 17.1 (VS2022)

time: Tue Jan  9 20:52:02 2024
timezone: RTZ 2 ( Family 6 Model 151 Stepping 5, GenuineIntel
elapsed time: 3.343413 seconds (0d 0h 0m 3s)

