#
# A fatal error has been detected by the Java Runtime Environment:
#
#  EXCEPTION_ACCESS_VIOLATION (0xc0000005) at pc=0x00007ffc5ceec4a9, pid=25260, tid=0x0000000000007578
#
# JRE version: Java(TM) SE Runtime Environment (8.0_371) (build 1.8.0_371-b11)
# Java VM: Java HotSpot(TM) 64-Bit Server VM (25.371-b11 mixed mode windows-amd64 compressed oops)
# Problematic frame:
# C  [lwjgl_opengl.dll+0xc4a9]
#
# Failed to write core dump. Minidumps are not enabled by default on client versions of Windows
#
# If you would like to submit a bug report, please visit:
#   http://bugreport.java.com/bugreport/crash.jsp
# The crash happened outside the Java Virtual Machine in native code.
# See problematic frame for where to report the bug.
#

---------------  T H R E A D  ---------------

Current thread (0x000001bc46bec000):  JavaThread "main" [_thread_in_native, id=30072, stack(0x00000067f2800000,0x00000067f2900000)]

siginfo: ExceptionCode=0xc0000005, reading address 0x0000000000000070

Registers:
RAX=0x000001bc6dec45a0, RBX=0x000001bc6f7035b0, RCX=0x0000000000000000, RDX=0x00000067f28ff530
RSP=0x00000067f28ff498, RBP=0x00000067f28ff520, RSI=0x0000000000000148, RDI=0x000001bc485b84bd
R8 =0x0000000000000004, R9 =0x0000000000000004, R10=0x000001bc485d4cfb, R11=0x00000000586da5b0
R12=0x0000000000000000, R13=0x000001bc6f7035a8, R14=0x00000067f28ff558, R15=0x000001bc46bec000
RIP=0x00007ffc5ceec4a9, EFLAGS=0x0000000000010202

Top of Stack: (sp=0x00000067f28ff498)
0x00000067f28ff498:   000001bc485d4d27 000001bc485b84bd
0x00000067f28ff4a8:   000001bc485d4665 000001bc6f7035b0
0x00000067f28ff4b8:   00000067f28ff520 0000000000000000
0x00000067f28ff4c8:   000001bc3f800000 00000067f28ff5c8
0x00000067f28ff4d8:   000001bc485d4622 00000067f28ff4e0
0x00000067f28ff4e8:   000001bc6f7035a8 00000067f28ff558
0x00000067f28ff4f8:   000001bc6f70e790 0000000000000000
0x00000067f28ff508:   000001bc6f7035b0 0000000000000000
0x00000067f28ff518:   00000067f28ff540 00000067f28ff5a0
0x00000067f28ff528:   000001bc485b84bd 000000071b889b00
0x00000067f28ff538:   000001bc485c9778 000000003f800000
0x00000067f28ff548:   000001bc00000000 0000000000000000
0x00000067f28ff558:   000001bc00000000 00000067f28ff560
0x00000067f28ff568:   000001bc6f696f64 00000067f28ff5c8
0x00000067f28ff578:   000001bc6f6c1030 0000000000000000
0x00000067f28ff588:   000001bc6f696fa8 00000067f28ff540 

Instructions: (pc=0x00007ffc5ceec4a9)
0x00007ffc5ceec489:   18 48 ff 62 60 cc cc 48 8b 01 0f 28 cb f3 0f 10
0x00007ffc5ceec499:   5c 24 30 0f 28 c2 f3 0f 10 54 24 28 48 8b 48 18
0x00007ffc5ceec4a9:   48 ff 61 70 cc cc cc 48 8b 01 0f 28 c2 48 8b 48
0x00007ffc5ceec4b9:   18 48 ff 61 78 cc cc 48 8b 01 41 8b c8 48 8b 50 


Register to memory mapping:

RAX=0x000001bc6dec45a0 is an unknown value
RBX={method} {0x000001bc6f7035b8} 'glClearColor' '(FFFF)V' in 'org/lwjgl/opengl/GL11C'
RCX=0x0000000000000000 is an unknown value
RDX=0x00000067f28ff530 is pointing into the stack for thread: 0x000001bc46bec000
RSP=0x00000067f28ff498 is pointing into the stack for thread: 0x000001bc46bec000
RBP=0x00000067f28ff520 is pointing into the stack for thread: 0x000001bc46bec000
RSI=0x0000000000000148 is an unknown value
RDI=0x000001bc485b84bd is at code_begin+2301 in an Interpreter codelet
invoke return entry points  [0x000001bc485b7bc0, 0x000001bc485b85a0]  2528 bytes
R8 =0x0000000000000004 is an unknown value
R9 =0x0000000000000004 is an unknown value
R10=0x000001bc485d4cfb is at code_begin+1915 in an Interpreter codelet
method entry point (kind = native)  [0x000001bc485d4580, 0x000001bc485d5860]  4832 bytes
R11=0x00000000586da5b0 is an unknown value
R12=0x0000000000000000 is an unknown value
R13=0x000001bc6f7035a8 is pointing into metadata
R14=0x00000067f28ff558 is pointing into the stack for thread: 0x000001bc46bec000
R15=0x000001bc46bec000 is a thread


Stack: [0x00000067f2800000,0x00000067f2900000],  sp=0x00000067f28ff498,  free space=1021k
Native frames: (J=compiled Java code, j=interpreted, Vv=VM code, C=native code)
C  [lwjgl_opengl.dll+0xc4a9]

Java frames: (J=compiled Java code, j=interpreted, Vv=VM code)
j  org.lwjgl.opengl.GL11C.glClearColor(FFFF)V+0
j  org.lwjgl.opengl.GL11.glClearColor(FFFF)V+4
j  ru.BouH.engine.render.screen.Screen.updateScreen()V+4
j  ru.BouH.engine.render.screen.Screen.startScreen()V+1
j  ru.BouH.engine.game.Game.main([Ljava/lang/String;)V+44
v  ~StubRoutines::call_stub

---------------  P R O C E S S  ---------------

Java Threads: ( => current thread )
  0x000001bc6e411800 JavaThread "physics" [_thread_blocked, id=22388, stack(0x00000067f4200000,0x00000067f4300000)]
  0x000001bc6e149800 JavaThread "physics" [_thread_blocked, id=31320, stack(0x00000067f4100000,0x00000067f4200000)]
  0x000001bc6d35e800 JavaThread "Service Thread" daemon [_thread_blocked, id=26936, stack(0x00000067f3f00000,0x00000067f4000000)]
  0x000001bc6d2a2000 JavaThread "C1 CompilerThread3" daemon [_thread_blocked, id=17384, stack(0x00000067f3e00000,0x00000067f3f00000)]
  0x000001bc6d29f800 JavaThread "C2 CompilerThread2" daemon [_thread_blocked, id=32796, stack(0x00000067f3d00000,0x00000067f3e00000)]
  0x000001bc6d29d800 JavaThread "C2 CompilerThread1" daemon [_thread_blocked, id=21084, stack(0x00000067f3c00000,0x00000067f3d00000)]
  0x000001bc6d24a800 JavaThread "C2 CompilerThread0" daemon [_thread_blocked, id=33320, stack(0x00000067f3b00000,0x00000067f3c00000)]
  0x000001bc6d236000 JavaThread "JDWP Command Reader" daemon [_thread_in_native, id=32860, stack(0x00000067f3a00000,0x00000067f3b00000)]
  0x000001bc6d231800 JavaThread "JDWP Event Helper Thread" daemon [_thread_blocked, id=30960, stack(0x00000067f3900000,0x00000067f3a00000)]
  0x000001bc6adcb000 JavaThread "JDWP Transport Listener: dt_socket" daemon [_thread_blocked, id=32700, stack(0x00000067f3800000,0x00000067f3900000)]
  0x000001bc6adb7000 JavaThread "Attach Listener" daemon [_thread_blocked, id=12084, stack(0x00000067f3700000,0x00000067f3800000)]
  0x000001bc6adb6000 JavaThread "Signal Dispatcher" daemon [_thread_blocked, id=29180, stack(0x00000067f3600000,0x00000067f3700000)]
  0x000001bc6ad89000 JavaThread "Finalizer" daemon [_thread_blocked, id=22252, stack(0x00000067f3500000,0x00000067f3600000)]
  0x000001bc6ad78000 JavaThread "Reference Handler" daemon [_thread_blocked, id=28572, stack(0x00000067f3400000,0x00000067f3500000)]
=>0x000001bc46bec000 JavaThread "main" [_thread_in_native, id=30072, stack(0x00000067f2800000,0x00000067f2900000)]

Other Threads:
  0x000001bc6ad52800 VMThread [stack: 0x00000067f3300000,0x00000067f3400000] [id=30968]
  0x000001bc6d395800 WatcherThread [stack: 0x00000067f4000000,0x00000067f4100000] [id=33416]

VM state:not at safepoint (normal execution)

VM Mutex/Monitor currently owned by a thread: None

heap address: 0x00000005c3800000, size: 8136 MB, Compressed Oops mode: Zero based, Oop shift amount: 3
Narrow klass base: 0x0000000000000000, Narrow klass shift: 3
Compressed class space size: 1073741824 Address: 0x00000007c0000000

Heap:
 PSYoungGen      total 152576K, used 84079K [0x0000000716800000, 0x0000000721200000, 0x00000007c0000000)
  eden space 131072K, 64% used [0x0000000716800000,0x000000071ba1be70,0x000000071e800000)
  from space 21504K, 0% used [0x000000071fd00000,0x000000071fd00000,0x0000000721200000)
  to   space 21504K, 0% used [0x000000071e800000,0x000000071e800000,0x000000071fd00000)
 ParOldGen       total 348160K, used 0K [0x00000005c3800000, 0x00000005d8c00000, 0x0000000716800000)
  object space 348160K, 0% used [0x00000005c3800000,0x00000005c3800000,0x00000005d8c00000)
 Metaspace       used 15683K, capacity 16020K, committed 16384K, reserved 1062912K
  class space    used 1815K, capacity 1948K, committed 2048K, reserved 1048576K

Card table byte_map: [0x000001bc57970000,0x000001bc58960000] byte_map_base: 0x000001bc54b54000

Marking Bits: (ParMarkBitMap*) 0x0000000058ccd980
 Begin Bits: [0x000001bc59400000, 0x000001bc61320000)
 End Bits:   [0x000001bc61320000, 0x000001bc69240000)

Polling page: 0x000001bc46b90000

CodeCache: size=245760Kb used=4703Kb max_used=4703Kb free=241056Kb
 bounds [0x000001bc485b0000, 0x000001bc48a50000, 0x000001bc575b0000]
 total_blobs=2179 nmethods=1245 adapters=855
 compilation: enabled

Compilation events (10 events):
Event: 0.688 Thread 0x000001bc6d2a2000 1239       3       java.util.regex.Pattern$Curly::match (86 bytes)
Event: 0.689 Thread 0x000001bc6d2a2000 nmethod 1239 0x000001bc48a46350 code [0x000001bc48a46500, 0x000001bc48a46b80]
Event: 0.689 Thread 0x000001bc6d2a2000 1240       3       java.util.Formatter$Flags::contains (22 bytes)
Event: 0.689 Thread 0x000001bc6d2a2000 nmethod 1240 0x000001bc48a46d50 code [0x000001bc48a46ec0, 0x000001bc48a470d8]
Event: 0.691 Thread 0x000001bc6d2a2000 1242       3       java.util.regex.Matcher::group (112 bytes)
Event: 0.692 Thread 0x000001bc6d2a2000 nmethod 1242 0x000001bc48a477d0 code [0x000001bc48a47a20, 0x000001bc48a48830]
Event: 0.693 Thread 0x000001bc6d2a2000 1244       3       org.lwjgl.system.MemoryUtil::memPutAddress (29 bytes)
Event: 0.693 Thread 0x000001bc6d2a2000 nmethod 1244 0x000001bc48a49290 code [0x000001bc48a493e0, 0x000001bc48a49558]
Event: 0.693 Thread 0x000001bc6d2a2000 1245       1       java.lang.Integer::toUnsignedLong (7 bytes)
Event: 0.693 Thread 0x000001bc6d2a2000 nmethod 1245 0x000001bc48a495d0 code [0x000001bc48a49720, 0x000001bc48a49818]

GC Heap History (0 events):
No events

Deoptimization events (9 events):
Event: 0.094 Thread 0x000001bc46bec000 Uncommon trap: reason=unstable_if action=reinterpret pc=0x000001bc486bfec4 method=java.lang.String.hashCode()I @ 14
Event: 0.150 Thread 0x000001bc46bec000 Uncommon trap: reason=unstable_if action=reinterpret pc=0x000001bc487326c0 method=java.lang.String.lastIndexOf([CII[CIII)I @ 66
Event: 0.212 Thread 0x000001bc46bec000 Uncommon trap: reason=unstable_if action=reinterpret pc=0x000001bc4876cce8 method=java.util.HashMap.getNode(ILjava/lang/Object;)Ljava/util/HashMap$Node; @ 116
Event: 0.397 Thread 0x000001bc46bec000 Uncommon trap: reason=unstable_if action=reinterpret pc=0x000001bc487d3708 method=java.util.HashMap.getNode(ILjava/lang/Object;)Ljava/util/HashMap$Node; @ 62
Event: 0.416 Thread 0x000001bc46bec000 Uncommon trap: reason=unstable_if action=reinterpret pc=0x000001bc48801dbc method=sun.misc.MetaIndex.mayContain(Ljava/lang/String;)Z @ 38
Event: 0.416 Thread 0x000001bc46bec000 Uncommon trap: reason=unstable_if action=reinterpret pc=0x000001bc488c8830 method=sun.net.www.ParseUtil.encodePath(Ljava/lang/String;Z)Ljava/lang/String; @ 109
Event: 0.495 Thread 0x000001bc46bec000 Uncommon trap: reason=unstable_if action=reinterpret pc=0x000001bc4894addc method=java.util.HashMap.getNode(ILjava/lang/Object;)Ljava/util/HashMap$Node; @ 129
Event: 0.498 Thread 0x000001bc46bec000 Uncommon trap: reason=unstable_if action=reinterpret pc=0x000001bc488f2d64 method=sun.reflect.generics.parser.SignatureParser.current()C @ 39
Event: 0.542 Thread 0x000001bc46bec000 Uncommon trap: reason=unstable_if action=reinterpret pc=0x000001bc4879540c method=java.lang.String.indexOf([CII[CIII)I @ 3

Classes redefined (0 events):
No events

Internal exceptions (10 events):
Event: 0.238 Thread 0x000001bc46bec000 Exception <a 'java/security/PrivilegedActionException'> (0x0000000717a46f18) thrown at [C:\jenkins\workspace\8-2-build-windows-x64-cygwin\jdk8u371\3355\hotspot\src\share\vm\prims\jvm.cpp, line 1513]
Event: 0.619 Thread 0x000001bc46bec000 Exception <a 'java/lang/NoSuchMethodError': java.lang.Object.lambda$static$0(Ljava/lang/String;)Ljava/lang/Boolean;> (0x000000071ad42410) thrown at [C:\jenkins\workspace\8-2-build-windows-x64-cygwin\jdk8u371\3355\hotspot\src\share\vm\interpreter\linkResol
Event: 0.646 Thread 0x000001bc46bec000 Exception <a 'sun/nio/fs/WindowsException'> (0x000000071af1e650) thrown at [C:\jenkins\workspace\8-2-build-windows-x64-cygwin\jdk8u371\3355\hotspot\src\share\vm\prims\jni.cpp, line 710]
Event: 0.647 Thread 0x000001bc46bec000 Exception <a 'sun/nio/fs/WindowsException'> (0x000000071af21318) thrown at [C:\jenkins\workspace\8-2-build-windows-x64-cygwin\jdk8u371\3355\hotspot\src\share\vm\prims\jni.cpp, line 710]
Event: 0.651 Thread 0x000001bc46bec000 Exception <a 'sun/nio/fs/WindowsException'> (0x000000071af38a30) thrown at [C:\jenkins\workspace\8-2-build-windows-x64-cygwin\jdk8u371\3355\hotspot\src\share\vm\prims\jni.cpp, line 710]
Event: 0.651 Thread 0x000001bc46bec000 Exception <a 'sun/nio/fs/WindowsException'> (0x000000071af39100) thrown at [C:\jenkins\workspace\8-2-build-windows-x64-cygwin\jdk8u371\3355\hotspot\src\share\vm\prims\jni.cpp, line 710]
Event: 0.688 Thread 0x000001bc46bec000 Exception <a 'sun/nio/fs/WindowsException'> (0x000000071b7d0138) thrown at [C:\jenkins\workspace\8-2-build-windows-x64-cygwin\jdk8u371\3355\hotspot\src\share\vm\prims\jni.cpp, line 710]
Event: 0.688 Thread 0x000001bc46bec000 Exception <a 'sun/nio/fs/WindowsException'> (0x000000071b7d0870) thrown at [C:\jenkins\workspace\8-2-build-windows-x64-cygwin\jdk8u371\3355\hotspot\src\share\vm\prims\jni.cpp, line 710]
Event: 0.689 Thread 0x000001bc46bec000 Exception <a 'sun/nio/fs/WindowsException'> (0x000000071b7e3320) thrown at [C:\jenkins\workspace\8-2-build-windows-x64-cygwin\jdk8u371\3355\hotspot\src\share\vm\prims\jni.cpp, line 710]
Event: 0.689 Thread 0x000001bc46bec000 Exception <a 'sun/nio/fs/WindowsException'> (0x000000071b7e3910) thrown at [C:\jenkins\workspace\8-2-build-windows-x64-cygwin\jdk8u371\3355\hotspot\src\share\vm\prims\jni.cpp, line 710]

Events (10 events):
Event: 0.692 Thread 0x000001bc46bec000 DEOPT PACKING pc=0x000001bc487afea4 sp=0x00000067f28fac00
Event: 0.692 Thread 0x000001bc46bec000 DEOPT UNPACKING pc=0x000001bc485f7918 sp=0x00000067f28faa20 mode 1
Event: 0.693 loading class org/lwjgl/opengl/GL11C
Event: 0.693 loading class org/lwjgl/opengl/GL11C done
Event: 0.693 Thread 0x000001bc46bec000 DEOPT PACKING pc=0x000001bc4883cbb9 sp=0x00000067f28fdff0
Event: 0.693 Thread 0x000001bc46bec000 DEOPT UNPACKING pc=0x000001bc485f7918 sp=0x00000067f28fdd40 mode 1
Event: 0.693 Thread 0x000001bc46bec000 DEOPT PACKING pc=0x000001bc487b0114 sp=0x00000067f28fe070
Event: 0.693 Thread 0x000001bc46bec000 DEOPT UNPACKING pc=0x000001bc485f7918 sp=0x00000067f28fde90 mode 1
Event: 0.693 Thread 0x000001bc46bec000 DEOPT PACKING pc=0x000001bc487afea4 sp=0x00000067f28fe200
Event: 0.693 Thread 0x000001bc46bec000 DEOPT UNPACKING pc=0x000001bc485f7918 sp=0x00000067f28fe020 mode 1


Dynamic libraries:
0x00007ff7dcb40000 - 0x00007ff7dcb8a000 	C:\Program Files\Java\jdk-1.8\bin\java.exe
0x00007ffc926d0000 - 0x00007ffc928e4000 	C:\Windows\SYSTEM32\ntdll.dll
0x00007ffc908e0000 - 0x00007ffc909a4000 	C:\Windows\System32\KERNEL32.DLL
0x00007ffc8fd40000 - 0x00007ffc900e4000 	C:\Windows\System32\KERNELBASE.dll
0x00007ffc925e0000 - 0x00007ffc92690000 	C:\Windows\System32\ADVAPI32.dll
0x00007ffc90ee0000 - 0x00007ffc90f87000 	C:\Windows\System32\msvcrt.dll
0x00007ffc90ab0000 - 0x00007ffc90b56000 	C:\Windows\System32\sechost.dll
0x00007ffc90fa0000 - 0x00007ffc910b7000 	C:\Windows\System32\RPCRT4.dll
0x00007ffc906d0000 - 0x00007ffc9087a000 	C:\Windows\System32\USER32.dll
0x00007ffc90290000 - 0x00007ffc902b6000 	C:\Windows\System32\win32u.dll
0x00007ffc92560000 - 0x00007ffc92589000 	C:\Windows\System32\GDI32.dll
0x00007ffc90170000 - 0x00007ffc90289000 	C:\Windows\System32\gdi32full.dll
0x00007ffc90380000 - 0x00007ffc9041a000 	C:\Windows\System32\msvcp_win.dll
0x00007ffc8fc20000 - 0x00007ffc8fd31000 	C:\Windows\System32\ucrtbase.dll
0x00007ffc83e70000 - 0x00007ffc840ff000 	C:\Windows\WinSxS\amd64_microsoft.windows.common-controls_6595b64144ccf1df_6.0.22621.2070_none_2713e6537381f706\COMCTL32.dll
0x00007ffc90ea0000 - 0x00007ffc90ed1000 	C:\Windows\System32\IMM32.DLL
0x00007ffc6ed70000 - 0x00007ffc6ed8b000 	C:\Program Files\Java\jdk-1.8\jre\bin\vcruntime140.dll
0x00007ffc8a990000 - 0x00007ffc8a99c000 	C:\Program Files\Java\jdk-1.8\jre\bin\vcruntime140_1.dll
0x00007ffc5f090000 - 0x00007ffc5f11e000 	C:\Program Files\Java\jdk-1.8\jre\bin\msvcp140.dll
0x00000000584a0000 - 0x0000000058d47000 	C:\Program Files\Java\jdk-1.8\jre\bin\server\jvm.dll
0x00007ffc90cf0000 - 0x00007ffc90cf8000 	C:\Windows\System32\PSAPI.DLL
0x00007ffc8ce60000 - 0x00007ffc8ce69000 	C:\Windows\SYSTEM32\WSOCK32.dll
0x00007ffc7eb20000 - 0x00007ffc7eb54000 	C:\Windows\SYSTEM32\WINMM.dll
0x00007ffc89090000 - 0x00007ffc8909a000 	C:\Windows\SYSTEM32\VERSION.dll
0x00007ffc92470000 - 0x00007ffc924e1000 	C:\Windows\System32\WS2_32.dll
0x00007ffc8eb90000 - 0x00007ffc8eba8000 	C:\Windows\SYSTEM32\kernel.appcore.dll
0x00007ffc81b10000 - 0x00007ffc81b20000 	C:\Program Files\Java\jdk-1.8\jre\bin\verify.dll
0x00007ffc6ed20000 - 0x00007ffc6ed4b000 	C:\Program Files\Java\jdk-1.8\jre\bin\java.dll
0x00007ffc632f0000 - 0x00007ffc63326000 	C:\Program Files\Java\jdk-1.8\jre\bin\jdwp.dll
0x00007ffc7fa80000 - 0x00007ffc7fa89000 	C:\Program Files\Java\jdk-1.8\jre\bin\npt.dll
0x00007ffc60b20000 - 0x00007ffc60b54000 	C:\Program Files\Java\jdk-1.8\jre\bin\instrument.dll
0x00007ffc68180000 - 0x00007ffc68198000 	C:\Program Files\Java\jdk-1.8\jre\bin\zip.dll
0x00007ffc918c0000 - 0x00007ffc920d6000 	C:\Windows\System32\SHELL32.dll
0x00007ffc8da90000 - 0x00007ffc8e37a000 	C:\Windows\SYSTEM32\windows.storage.dll
0x00007ffc920e0000 - 0x00007ffc9246a000 	C:\Windows\System32\combase.dll
0x00007ffc8d950000 - 0x00007ffc8da8e000 	C:\Windows\SYSTEM32\wintypes.dll
0x00007ffc910e0000 - 0x00007ffc911d3000 	C:\Windows\System32\SHCORE.dll
0x00007ffc90b60000 - 0x00007ffc90bbe000 	C:\Windows\System32\shlwapi.dll
0x00007ffc8f9e0000 - 0x00007ffc8fa06000 	C:\Windows\SYSTEM32\profapi.dll
0x00007ffc73510000 - 0x00007ffc7351a000 	C:\Program Files\Java\jdk-1.8\jre\bin\dt_socket.dll
0x00007ffc8f060000 - 0x00007ffc8f0c9000 	C:\Windows\system32\mswsock.dll
0x00007ffc689c0000 - 0x00007ffc689cd000 	C:\Program Files\Java\jdk-1.8\jre\bin\management.dll
0x00007ffc63200000 - 0x00007ffc6321c000 	C:\Program Files\Java\jdk-1.8\jre\bin\net.dll
0x00007ffc61820000 - 0x00007ffc61837000 	C:\Windows\system32\napinsp.dll
0x00007ffc51020000 - 0x00007ffc5103b000 	C:\Windows\system32\pnrpnsp.dll
0x00007ffc8e6c0000 - 0x00007ffc8e7b3000 	C:\Windows\SYSTEM32\DNSAPI.dll
0x00007ffc8e650000 - 0x00007ffc8e67d000 	C:\Windows\SYSTEM32\IPHLPAPI.DLL
0x00007ffc90f90000 - 0x00007ffc90f99000 	C:\Windows\System32\NSI.dll
0x00007ffc51000000 - 0x00007ffc51011000 	C:\Windows\System32\winrnr.dll
0x00007ffc88ad0000 - 0x00007ffc88ae5000 	C:\Windows\system32\wshbth.dll
0x00007ffc50fd0000 - 0x00007ffc50ff1000 	C:\Windows\system32\nlansp_c.dll
0x00007ffc889d0000 - 0x00007ffc889da000 	C:\Windows\System32\rasadhlp.dll
0x00007ffc883c0000 - 0x00007ffc88444000 	C:\Windows\System32\fwpuclnt.dll
0x00007ffc62000000 - 0x00007ffc62013000 	C:\Program Files\Java\jdk-1.8\jre\bin\nio.dll
0x00007ffc5cf40000 - 0x00007ffc5cfb5000 	C:\Users\hardm\AppData\Local\Temp\lwjglhardm\3.3.1-build-7\lwjgl.dll
0x00007ffc5ddb0000 - 0x00007ffc5de11000 	C:\Users\hardm\AppData\Local\Temp\lwjglhardm\3.3.1-build-7\glfw.dll
0x00007ffc5cee0000 - 0x00007ffc5cf3d000 	C:\Users\hardm\AppData\Local\Temp\lwjglhardm\3.3.1-build-7\lwjgl_opengl.dll
0x00007ffc731f0000 - 0x00007ffc732f0000 	C:\Windows\SYSTEM32\opengl32.dll
0x00007ffc89f30000 - 0x00007ffc89f5d000 	C:\Windows\SYSTEM32\GLU32.dll
0x00007ffc8d2c0000 - 0x00007ffc8d2f8000 	C:\Windows\SYSTEM32\dxcore.dll
0x00007ffc7c8f0000 - 0x00007ffc7cb1e000 	C:\Windows\SYSTEM32\dbghelp.dll
0x00007ffc909b0000 - 0x00007ffc90a87000 	C:\Windows\System32\OLEAUT32.dll
0x00007ffc900f0000 - 0x00007ffc9016a000 	C:\Windows\System32\bcryptPrimitives.dll

VM Arguments:
jvm_args: -agentlib:jdwp=transport=dt_socket,address=127.0.0.1:60488,suspend=y,server=n -javaagent:C:\Users\hardm\AppData\Local\JetBrains\IdeaIC2023.2\captureAgent\debugger-agent.jar=file:/C:/Users/hardm/AppData/Local/Temp/capture.props -Dfile.encoding=UTF-8 
java_command: ru.BouH.engine.game.Game
java_class_path (initial): C:\Program Files\Java\jdk-1.8\jre\lib\charsets.jar;C:\Program Files\Java\jdk-1.8\jre\lib\deploy.jar;C:\Program Files\Java\jdk-1.8\jre\lib\ext\access-bridge-64.jar;C:\Program Files\Java\jdk-1.8\jre\lib\ext\cldrdata.jar;C:\Program Files\Java\jdk-1.8\jre\lib\ext\dnsns.jar;C:\Program Files\Java\jdk-1.8\jre\lib\ext\jaccess.jar;C:\Program Files\Java\jdk-1.8\jre\lib\ext\jfxrt.jar;C:\Program Files\Java\jdk-1.8\jre\lib\ext\localedata.jar;C:\Program Files\Java\jdk-1.8\jre\lib\ext\nashorn.jar;C:\Program Files\Java\jdk-1.8\jre\lib\ext\sunec.jar;C:\Program Files\Java\jdk-1.8\jre\lib\ext\sunjce_provider.jar;C:\Program Files\Java\jdk-1.8\jre\lib\ext\sunmscapi.jar;C:\Program Files\Java\jdk-1.8\jre\lib\ext\sunpkcs11.jar;C:\Program Files\Java\jdk-1.8\jre\lib\ext\zipfs.jar;C:\Program Files\Java\jdk-1.8\jre\lib\javaws.jar;C:\Program Files\Java\jdk-1.8\jre\lib\jce.jar;C:\Program Files\Java\jdk-1.8\jre\lib\jfr.jar;C:\Program Files\Java\jdk-1.8\jre\lib\jfxswt.jar;C:\Program Files\Java\jdk-1.8\jre\lib\jsse.jar;C:\Program Files\Java\jdk-1.8\jre\lib\management-agent.jar;C:\Program Files\Java\jdk-1.8\jre\lib\plugin.jar;C:\Program Files\Java\jdk-1.8\jre\lib\resources.jar;C:\Program Files\Java\jdk-1.8\jre\lib\rt.jar;F:\game_test1\target\classes;C:\Users\hardm\.m2\repository\io\imgui\java\binding\1.76-0.9\binding-1.76-0.9.jar;C:\Users\hardm\.m2\repository\io\imgui\java\lwjgl3\1.76-0.9\lwjgl3-1.76-0.9.jar;C:\Users\hardm\.m2\repository\io\imgui\java\natives-windows\1.76-0.9\natives-windows-1.76-0.9.jar;C:\Users\hardm\.m2\repository\javax\vecmath\vecmath\1.5.2\vecmath-1.5.2.jar;C:\Users\hardm\.m2\repository\com\github\stephengold\jbullet\1.0.2\jbullet-1.0.2.jar;C:\Users\hardm\.m2\repository\com\github\stephengold\stack-alloc\1.0.2\stack-alloc-1.0.2.jar;C:\Users\hardm\.m2\repository\io\netty\netty-all\4.1.89.Final\netty-all-4.1.89.Final.jar;C:\Users\hardm\.m2\repository\io\netty\netty-buffer\4.1.89.Final\netty-buffer-4.1.89.Final.jar;C:\Users\hardm\.m2\repository\io\nett
Launcher Type: SUN_STANDARD

Environment Variables:
JAVA_HOME=C:\Program Files\Java\jdk-1.8
PATH=C:\Program Files (x86)\Common Files\Oracle\Java\javapath;C:\Windows\system32;C:\Windows;C:\Windows\System32\Wbem;C:\Windows\System32\WindowsPowerShell\v1.0\;C:\Windows\System32\OpenSSH\;C:\Program Files\NVIDIA Corporation\NVIDIA NvDLISR;C:\Program Files\Git\cmd;C:\Program Files (x86)\NVIDIA Corporation\PhysX\Common;C:\Program Files\dotnet\;C:\Program Files\Java\jdk-1.8\bin;C:\Users\hardm\AppData\Local\Microsoft\WindowsApps;C:\Users\hardm\.dotnet\tools
USERNAME=hardm
OS=Windows_NT
PROCESSOR_IDENTIFIER=Intel64 Family 6 Model 151 Stepping 5, GenuineIntel



---------------  S Y S T E M  ---------------

OS: Windows 11 , 64 bit Build 22621 (10.0.22621.2070)

CPU:total 12 (initial active 12) (6 cores per cpu, 2 threads per core) family 6 model 151 stepping 5, cmov, cx8, fxsr, mmx, sse, sse2, sse3, ssse3, sse4.1, sse4.2, popcnt, avx, avx2, aes, clmul, erms, 3dnowpref, lzcnt, ht, tsc, tscinvbit, bmi1, bmi2, adx

Memory: 4k page, physical 33317992k(16227988k free), swap 42653652k(7707512k free)

vm_info: Java HotSpot(TM) 64-Bit Server VM (25.371-b11) for windows-amd64 JRE (1.8.0_371-b11), built on Mar 17 2023 04:03:45 by "java_re" with MS VC++ 17.1 (VS2022)

time: Wed Sep  6 14:53:13 2023
timezone: RTZ 2 ( Family 6 Model 151 Stepping 5, GenuineIntel
elapsed time: 0.704754 seconds (0d 0h 0m 0s)

