#
# A fatal error has been detected by the Java Runtime Environment:
#
#  EXCEPTION_ACCESS_VIOLATION (0xc0000005) at pc=0x00007ff8c043c2c3, pid=48184, tid=0x00000000000036d8
#
# JRE version: Java(TM) SE Runtime Environment (8.0_371) (build 1.8.0_371-b11)
# Java VM: Java HotSpot(TM) 64-Bit Server VM (25.371-b11 mixed mode windows-amd64 compressed oops)
# Problematic frame:
# C  0x00007ff8c043c2c3
#
# Failed to write core dump. Minidumps are not enabled by default on client versions of Windows
#
# If you would like to submit a bug report, please visit:
#   http://bugreport.java.com/bugreport/crash.jsp
# The crash happened outside the Java Virtual Machine in native code.
# See problematic frame for where to report the bug.
#

---------------  T H R E A D  ---------------

Current thread (0x000001ad39a6b800):  JavaThread "game" [_thread_in_native, id=14040, stack(0x000000ab90b00000,0x000000ab90c00000)]

siginfo: ExceptionCode=0xc0000005, reading address 0x0000000000000014

Registers:
RAX=0x0000021949e4e523, RBX=0x0000000000000001, RCX=0x000832c8a61f12ac, RDX=0x0000021949e4e523
RSP=0x000000ab90bfeee0, RBP=0x0000000000000006, RSI=0x0000000000000006, RDI=0x0000000000000000
R8 =0x000000000000005d, R9 =0x0000000000000000, R10=0x00000000546c6148, R11=0x000009f22f820a93
R12=0x0000000000000004, R13=0x000001ad43a85080, R14=0x0000000000000000, R15=0x0000000000001405
RIP=0x00007ff8c043c2c3, EFLAGS=0x0000000000010246

Top of Stack: (sp=0x000000ab90bfeee0)
0x000000ab90bfeee0:   0000000000000001 000000ab90bfefc0
0x000000ab90bfeef0:   000000005cb2bda0 000001ad39a6c6b0
0x000000ab90bfef00:   0000000545b190c0 00007ff9201ec6e0
0x000000ab90bfef10:   000001ad45b190c0 000001ad39a6b800
0x000000ab90bfef20:   0000000200000005 0000000000000004
0x000000ab90bfef30:   000001ad43a921c8 0000003800000003
0x000000ab90bfef40:   000001ad45b190c0 000001ad39a6b800
0x000000ab90bfef50:   000001ad39a6b800 0000000000000000
0x000000ab90bfef60:   000000ab90bff100 0000000000001405
0x000000ab90bfef70:   0000000000000004 000001ad43a85080
0x000000ab90bfef80:   0000000000000006 000000ab90bff0c0
0x000000ab90bfef90:   0000000000000000 00007ff8c009c9f6
0x000000ab90bfefa0:   000000ab90bfefd0 000001ad00000004
0x000000ab90bfefb0:   000001ad00000000 000001ad00000000
0x000000ab90bfefc0:   000001ad00000018 000001ad00001405
0x000000ab90bfefd0:   0000000000000000 000001ad00000000 

Instructions: (pc=0x00007ff8c043c2c3)
0x00007ff8c043c2a3:   e9 07 00 00 bb 01 00 00 00 49 8d 8d 40 0c 8e 00
0x00007ff8c043c2b3:   8b d3 e8 e6 a1 e7 ff 41 81 ff 05 14 00 00 75 18
0x00007ff8c043c2c3:   41 8b 44 ae fc 4c 8d 65 ff 41 8b 0e 8b f8 3b c8
0x00007ff8c043c2d3:   0f 47 f9 0f 42 c1 eb 5d 41 81 ff 03 14 00 00 75 


Register to memory mapping:

RAX=0x0000021949e4e523 is an unknown value
RBX=0x0000000000000001 is an unknown value
RCX=0x000832c8a61f12ac is an unknown value
RDX=0x0000021949e4e523 is an unknown value
RSP=0x000000ab90bfeee0 is pointing into the stack for thread: 0x000001ad39a6b800
RBP=0x0000000000000006 is an unknown value
RSI=0x0000000000000006 is an unknown value
RDI=0x0000000000000000 is an unknown value
R8 =0x000000000000005d is an unknown value
R9 =0x0000000000000000 is an unknown value
R10=0x00000000546c6148 is an unknown value
R11=0x000009f22f820a93 is an unknown value
R12=0x0000000000000004 is an unknown value
R13=0x000001ad43a85080 is an unknown value
R14=0x0000000000000000 is an unknown value
R15=0x0000000000001405 is an unknown value


Stack: [0x000000ab90b00000,0x000000ab90c00000],  sp=0x000000ab90bfeee0,  free space=1019k
Native frames: (J=compiled Java code, j=interpreted, Vv=VM code, C=native code)
C  0x00007ff8c043c2c3
C  0x00007ff8c009c9f6
C  0x000001ad127d4d27

Java frames: (J=compiled Java code, j=interpreted, Vv=VM code)
j  org.lwjgl.opengl.GL11C.nglDrawElements(IIIJ)V+0
j  org.lwjgl.opengl.GL11C.glDrawElements(IIIJ)V+4
j  org.lwjgl.opengl.GL11.glDrawElements(IIIJ)V+4
j  ru.BouH.engine.render.scene.Scene$SceneRenderConveyor.renderTexture(Lru/BouH/engine/game/resource/assets/models/Mesh;)V+30
j  ru.BouH.engine.render.scene.Scene$SceneRenderConveyor.renderMixedScene(DLru/BouH/engine/game/resource/assets/models/Mesh;)V+105
j  ru.BouH.engine.render.scene.Scene$SceneRenderConveyor.onRender(DLjava/util/List;Ljava/util/List;)V+62
j  ru.BouH.engine.render.scene.Scene.renderSceneInterpolated(D)V+64
J 2952 C1 ru.BouH.engine.render.scene.Scene.renderScene(D)V (96 bytes) @ 0x000001ad12b53dbc [0x000001ad12b536e0+0x6dc]
J 2758 C1 ru.BouH.engine.render.screen.Screen.inLoop(D)V (66 bytes) @ 0x000001ad13117424 [0x000001ad131170c0+0x364]
j  ru.BouH.engine.render.screen.Screen.renderLoop()V+134
j  ru.BouH.engine.render.screen.Screen.updateScreen()V+44
j  ru.BouH.engine.render.screen.Screen.startScreen()V+1
j  ru.BouH.engine.game.Game$EngineSystem.lambda$startSystem$0()V+31
j  ru.BouH.engine.game.Game$EngineSystem$$Lambda$36.run()V+4
j  java.lang.Thread.run()V+11
v  ~StubRoutines::call_stub

---------------  P R O C E S S  ---------------

Java Threads: ( => current thread )
  0x000001ad3bb79800 JavaThread "D3D Screen Updater" daemon [_thread_blocked, id=7036, stack(0x000000ab91360000,0x000000ab91460000)]
  0x000001ad3aee2800 JavaThread "AWT-Windows" daemon [_thread_in_native, id=42120, stack(0x000000ab90f00000,0x000000ab91000000)]
  0x000001ad385fa000 JavaThread "Java2D Disposer" daemon [_thread_blocked, id=26472, stack(0x000000ab90d00000,0x000000ab90e00000)]
  0x000001ad39beb800 JavaThread "physics" [_thread_blocked, id=37548, stack(0x000000ab90c00000,0x000000ab90d00000)]
  0x000001ad10d86000 JavaThread "DestroyJavaVM" [_thread_blocked, id=12236, stack(0x000000ab8f100000,0x000000ab8f200000)]
=>0x000001ad39a6b800 JavaThread "game" [_thread_in_native, id=14040, stack(0x000000ab90b00000,0x000000ab90c00000)]
  0x000001ad38323000 JavaThread "JavaCPP Deallocator" daemon [_thread_blocked, id=50680, stack(0x000000ab90a00000,0x000000ab90b00000)]
  0x000001ad3754f000 JavaThread "Service Thread" daemon [_thread_blocked, id=35892, stack(0x000000ab90800000,0x000000ab90900000)]
  0x000001ad374bf800 JavaThread "C1 CompilerThread3" daemon [_thread_blocked, id=17688, stack(0x000000ab90700000,0x000000ab90800000)]
  0x000001ad374bc800 JavaThread "C2 CompilerThread2" daemon [_thread_blocked, id=26232, stack(0x000000ab90600000,0x000000ab90700000)]
  0x000001ad374bc000 JavaThread "C2 CompilerThread1" daemon [_thread_blocked, id=31468, stack(0x000000ab90500000,0x000000ab90600000)]
  0x000001ad374ba000 JavaThread "C2 CompilerThread0" daemon [_thread_blocked, id=50424, stack(0x000000ab90400000,0x000000ab90500000)]
  0x000001ad37451800 JavaThread "JDWP Command Reader" daemon [_thread_in_native, id=47944, stack(0x000000ab90300000,0x000000ab90400000)]
  0x000001ad37448800 JavaThread "JDWP Event Helper Thread" daemon [_thread_blocked, id=16328, stack(0x000000ab90200000,0x000000ab90300000)]
  0x000001ad37446800 JavaThread "JDWP Transport Listener: dt_socket" daemon [_thread_blocked, id=48076, stack(0x000000ab90100000,0x000000ab90200000)]
  0x000001ad350fa800 JavaThread "Attach Listener" daemon [_thread_blocked, id=13400, stack(0x000000ab90000000,0x000000ab90100000)]
  0x000001ad350f9800 JavaThread "Signal Dispatcher" daemon [_thread_blocked, id=49948, stack(0x000000ab8ff00000,0x000000ab90000000)]
  0x000001ad350cb000 JavaThread "Finalizer" daemon [_thread_blocked, id=48284, stack(0x000000ab8fe00000,0x000000ab8ff00000)]
  0x000001ad10e28000 JavaThread "Reference Handler" daemon [_thread_blocked, id=5800, stack(0x000000ab8fd00000,0x000000ab8fe00000)]

Other Threads:
  0x000001ad350a4800 VMThread [stack: 0x000000ab8fc00000,0x000000ab8fd00000] [id=22216]
  0x000001ad37594000 WatcherThread [stack: 0x000000ab90900000,0x000000ab90a00000] [id=48672]

VM state:not at safepoint (normal execution)

VM Mutex/Monitor currently owned by a thread: None

heap address: 0x00000005c3800000, size: 8136 MB, Compressed Oops mode: Zero based, Oop shift amount: 3
Narrow klass base: 0x0000000000000000, Narrow klass shift: 3
Compressed class space size: 1073741824 Address: 0x00000007c0000000

Heap:
 PSYoungGen      total 180224K, used 60318K [0x0000000716800000, 0x0000000722580000, 0x00000007c0000000)
  eden space 175616K, 32% used [0x0000000716800000,0x000000071a080a28,0x0000000721380000)
  from space 4608K, 53% used [0x0000000722100000,0x0000000722367010,0x0000000722580000)
  to   space 9216K, 0% used [0x0000000721380000,0x0000000721380000,0x0000000721c80000)
 ParOldGen       total 227328K, used 5006K [0x00000005c3800000, 0x00000005d1600000, 0x0000000716800000)
  object space 227328K, 2% used [0x00000005c3800000,0x00000005c3ce39a8,0x00000005d1600000)
 Metaspace       used 29318K, capacity 29782K, committed 30208K, reserved 1077248K
  class space    used 3174K, capacity 3319K, committed 3328K, reserved 1048576K

Card table byte_map: [0x000001ad21b70000,0x000001ad22b60000] byte_map_base: 0x000001ad1ed54000

Marking Bits: (ParMarkBitMap*) 0x000000005cd6d980
 Begin Bits: [0x000001ad23600000, 0x000001ad2b520000)
 End Bits:   [0x000001ad2b520000, 0x000001ad33440000)

Polling page: 0x000001ad10eb0000

CodeCache: size=245760Kb used=8876Kb max_used=10168Kb free=236883Kb
 bounds [0x000001ad127b0000, 0x000001ad131b0000, 0x000001ad217b0000]
 total_blobs=3889 nmethods=2617 adapters=1192
 compilation: enabled

Compilation events (10 events):
Event: 22.376 Thread 0x000001ad374ba000 nmethod 2950 0x000001ad129ec510 code [0x000001ad129ec6c0, 0x000001ad129ece30]
Event: 22.376 Thread 0x000001ad374bc800 nmethod 2949 0x000001ad12a798d0 code [0x000001ad12a79a80, 0x000001ad12a7a1f0]
Event: 22.386 Thread 0x000001ad374bc000 2951       4       ru.BouH.engine.game.resource.assets.shaders.ShaderManager::performUniform (149 bytes)
Event: 22.421 Thread 0x000001ad374bc000 nmethod 2951 0x000001ad12f85490 code [0x000001ad12f85760, 0x000001ad12f883a0]
Event: 23.916 Thread 0x000001ad374bf800 2952   !   3       ru.BouH.engine.render.scene.Scene::renderScene (96 bytes)
Event: 23.916 Thread 0x000001ad374bf800 nmethod 2952 0x000001ad12b534d0 code [0x000001ad12b536e0, 0x000001ad12b54020]
Event: 23.916 Thread 0x000001ad374bf800 2953       3       ru.BouH.engine.render.scene.Scene::isSceneActive (4 bytes)
Event: 23.916 Thread 0x000001ad374bf800 nmethod 2953 0x000001ad12e2d190 code [0x000001ad12e2d300, 0x000001ad12e2d450]
Event: 23.917 Thread 0x000001ad374bf800 2954       3       ru.BouH.engine.render.scene.Scene$SceneRenderConveyor::onRender (103 bytes)
Event: 23.917 Thread 0x000001ad374bf800 nmethod 2954 0x000001ad12b65bd0 code [0x000001ad12b65ea0, 0x000001ad12b66fb0]

GC Heap History (10 events):
Event: 1.177 GC heap before
{Heap before GC invocations=3 (full 1):
 PSYoungGen      total 152576K, used 5200K [0x0000000716800000, 0x0000000721200000, 0x00000007c0000000)
  eden space 131072K, 0% used [0x0000000716800000,0x0000000716800000,0x000000071e800000)
  from space 21504K, 24% used [0x000000071fd00000,0x00000007202140d8,0x0000000721200000)
  to   space 21504K, 0% used [0x000000071e800000,0x000000071e800000,0x000000071fd00000)
 ParOldGen       total 348160K, used 24K [0x00000005c3800000, 0x00000005d8c00000, 0x0000000716800000)
  object space 348160K, 0% used [0x00000005c3800000,0x00000005c3806000,0x00000005d8c00000)
 Metaspace       used 20719K, capacity 21030K, committed 21296K, reserved 1069056K
  class space    used 2546K, capacity 2642K, committed 2688K, reserved 1048576K
Event: 1.195 GC heap after
Heap after GC invocations=3 (full 1):
 PSYoungGen      total 152576K, used 0K [0x0000000716800000, 0x0000000721200000, 0x00000007c0000000)
  eden space 131072K, 0% used [0x0000000716800000,0x0000000716800000,0x000000071e800000)
  from space 21504K, 0% used [0x000000071fd00000,0x000000071fd00000,0x0000000721200000)
  to   space 21504K, 0% used [0x000000071e800000,0x000000071e800000,0x000000071fd00000)
 ParOldGen       total 227328K, used 4941K [0x00000005c3800000, 0x00000005d1600000, 0x0000000716800000)
  object space 227328K, 2% used [0x00000005c3800000,0x00000005c3cd3618,0x00000005d1600000)
 Metaspace       used 20704K, capacity 20982K, committed 21296K, reserved 1069056K
  class space    used 2541K, capacity 2634K, committed 2688K, reserved 1048576K
}
Event: 5.852 GC heap before
{Heap before GC invocations=4 (full 1):
 PSYoungGen      total 152576K, used 131072K [0x0000000716800000, 0x0000000721200000, 0x00000007c0000000)
  eden space 131072K, 100% used [0x0000000716800000,0x000000071e800000,0x000000071e800000)
  from space 21504K, 0% used [0x000000071fd00000,0x000000071fd00000,0x0000000721200000)
  to   space 21504K, 0% used [0x000000071e800000,0x000000071e800000,0x000000071fd00000)
 ParOldGen       total 227328K, used 4941K [0x00000005c3800000, 0x00000005d1600000, 0x0000000716800000)
  object space 227328K, 2% used [0x00000005c3800000,0x00000005c3cd3618,0x00000005d1600000)
 Metaspace       used 28957K, capacity 29366K, committed 29696K, reserved 1075200K
  class space    used 3170K, capacity 3319K, committed 3328K, reserved 1048576K
Event: 5.854 GC heap after
Heap after GC invocations=4 (full 1):
 PSYoungGen      total 152576K, used 4141K [0x0000000716800000, 0x0000000723000000, 0x00000007c0000000)
  eden space 131072K, 0% used [0x0000000716800000,0x0000000716800000,0x000000071e800000)
  from space 21504K, 19% used [0x000000071e800000,0x000000071ec0b428,0x000000071fd00000)
  to   space 21504K, 0% used [0x0000000721b00000,0x0000000721b00000,0x0000000723000000)
 ParOldGen       total 227328K, used 4972K [0x00000005c3800000, 0x00000005d1600000, 0x0000000716800000)
  object space 227328K, 2% used [0x00000005c3800000,0x00000005c3cdb258,0x00000005d1600000)
 Metaspace       used 28957K, capacity 29366K, committed 29696K, reserved 1075200K
  class space    used 3170K, capacity 3319K, committed 3328K, reserved 1048576K
}
Event: 10.567 GC heap before
{Heap before GC invocations=5 (full 1):
 PSYoungGen      total 152576K, used 135213K [0x0000000716800000, 0x0000000723000000, 0x00000007c0000000)
  eden space 131072K, 100% used [0x0000000716800000,0x000000071e800000,0x000000071e800000)
  from space 21504K, 19% used [0x000000071e800000,0x000000071ec0b428,0x000000071fd00000)
  to   space 21504K, 0% used [0x0000000721b00000,0x0000000721b00000,0x0000000723000000)
 ParOldGen       total 227328K, used 4972K [0x00000005c3800000, 0x00000005d1600000, 0x0000000716800000)
  object space 227328K, 2% used [0x00000005c3800000,0x00000005c3cdb258,0x00000005d1600000)
 Metaspace       used 29136K, capacity 29630K, committed 29952K, reserved 1075200K
  class space    used 3172K, capacity 3319K, committed 3328K, reserved 1048576K
Event: 10.568 GC heap after
Heap after GC invocations=5 (full 1):
 PSYoungGen      total 172032K, used 2396K [0x0000000716800000, 0x0000000722a80000, 0x00000007c0000000)
  eden space 156160K, 0% used [0x0000000716800000,0x0000000716800000,0x0000000720080000)
  from space 15872K, 15% used [0x0000000721b00000,0x0000000721d57010,0x0000000722a80000)
  to   space 21504K, 0% used [0x0000000720080000,0x0000000720080000,0x0000000721580000)
 ParOldGen       total 227328K, used 4998K [0x00000005c3800000, 0x00000005d1600000, 0x0000000716800000)
  object space 227328K, 2% used [0x00000005c3800000,0x00000005c3ce19a8,0x00000005d1600000)
 Metaspace       used 29136K, capacity 29630K, committed 29952K, reserved 1075200K
  class space    used 3172K, capacity 3319K, committed 3328K, reserved 1048576K
}
Event: 16.351 GC heap before
{Heap before GC invocations=6 (full 1):
 PSYoungGen      total 172032K, used 158556K [0x0000000716800000, 0x0000000722a80000, 0x00000007c0000000)
  eden space 156160K, 100% used [0x0000000716800000,0x0000000720080000,0x0000000720080000)
  from space 15872K, 15% used [0x0000000721b00000,0x0000000721d57010,0x0000000722a80000)
  to   space 21504K, 0% used [0x0000000720080000,0x0000000720080000,0x0000000721580000)
 ParOldGen       total 227328K, used 4998K [0x00000005c3800000, 0x00000005d1600000, 0x0000000716800000)
  object space 227328K, 2% used [0x00000005c3800000,0x00000005c3ce19a8,0x00000005d1600000)
 Metaspace       used 29204K, capacity 29718K, committed 29952K, reserved 1075200K
  class space    used 3172K, capacity 3319K, committed 3328K, reserved 1048576K
Event: 16.353 GC heap after
Heap after GC invocations=6 (full 1):
 PSYoungGen      total 177664K, used 2540K [0x0000000716800000, 0x0000000722a00000, 0x00000007c0000000)
  eden space 156160K, 0% used [0x0000000716800000,0x0000000716800000,0x0000000720080000)
  from space 21504K, 11% used [0x0000000720080000,0x00000007202fb020,0x0000000721580000)
  to   space 9216K, 0% used [0x0000000722100000,0x0000000722100000,0x0000000722a00000)
 ParOldGen       total 227328K, used 5006K [0x00000005c3800000, 0x00000005d1600000, 0x0000000716800000)
  object space 227328K, 2% used [0x00000005c3800000,0x00000005c3ce39a8,0x00000005d1600000)
 Metaspace       used 29204K, capacity 29718K, committed 29952K, reserved 1075200K
  class space    used 3172K, capacity 3319K, committed 3328K, reserved 1048576K
}
Event: 22.039 GC heap before
{Heap before GC invocations=7 (full 1):
 PSYoungGen      total 177664K, used 158700K [0x0000000716800000, 0x0000000722a00000, 0x00000007c0000000)
  eden space 156160K, 100% used [0x0000000716800000,0x0000000720080000,0x0000000720080000)
  from space 21504K, 11% used [0x0000000720080000,0x00000007202fb020,0x0000000721580000)
  to   space 9216K, 0% used [0x0000000722100000,0x0000000722100000,0x0000000722a00000)
 ParOldGen       total 227328K, used 5006K [0x00000005c3800000, 0x00000005d1600000, 0x0000000716800000)
  object space 227328K, 2% used [0x00000005c3800000,0x00000005c3ce39a8,0x00000005d1600000)
 Metaspace       used 29262K, capacity 29718K, committed 29952K, reserved 1075200K
  class space    used 3173K, capacity 3319K, committed 3328K, reserved 1048576K
Event: 22.041 GC heap after
Heap after GC invocations=7 (full 1):
 PSYoungGen      total 180224K, used 2460K [0x0000000716800000, 0x0000000722580000, 0x00000007c0000000)
  eden space 175616K, 0% used [0x0000000716800000,0x0000000716800000,0x0000000721380000)
  from space 4608K, 53% used [0x0000000722100000,0x0000000722367010,0x0000000722580000)
  to   space 9216K, 0% used [0x0000000721380000,0x0000000721380000,0x0000000721c80000)
 ParOldGen       total 227328K, used 5006K [0x00000005c3800000, 0x00000005d1600000, 0x0000000716800000)
  object space 227328K, 2% used [0x00000005c3800000,0x00000005c3ce39a8,0x00000005d1600000)
 Metaspace       used 29262K, capacity 29718K, committed 29952K, reserved 1075200K
  class space    used 3173K, capacity 3319K, committed 3328K, reserved 1048576K
}

Deoptimization events (10 events):
Event: 1.165 Thread 0x000001ad3aee2800 Uncommon trap: reason=unstable_if action=reinterpret pc=0x000001ad12dae4d4 method=com.intellij.rt.debugger.agent.CaptureAgent$CaptureTransformer.transform(Ljava/lang/ClassLoader;Ljava/lang/String;Ljava/lang/Class;Ljava/security/ProtectionDomain;[B)[B @ 36
Event: 1.590 Thread 0x000001ad39a6b800 Uncommon trap: reason=unstable_if action=reinterpret pc=0x000001ad1290d118 method=sun.nio.cs.SingleByte$Encoder.encode(C)I @ 13
Event: 1.592 Thread 0x000001ad39a6b800 Uncommon trap: reason=unstable_if action=reinterpret pc=0x000001ad12eaf720 method=java.lang.Character.isSurrogate(C)Z @ 3
Event: 1.592 Thread 0x000001ad39a6b800 Uncommon trap: reason=unstable_if action=reinterpret pc=0x000001ad12ea1530 method=java.lang.Character.isSurrogate(C)Z @ 3
Event: 1.595 Thread 0x000001ad39a6b800 Uncommon trap: reason=unstable_if action=reinterpret pc=0x000001ad12cd3e7c method=java.io.File.getParent()Ljava/lang/String; @ 16
Event: 1.597 Thread 0x000001ad39a6b800 Uncommon trap: reason=unstable_if action=reinterpret pc=0x000001ad12bf3248 method=java.lang.CharacterData.of(I)Ljava/lang/CharacterData; @ 4
Event: 1.668 Thread 0x000001ad39a6b800 Uncommon trap: reason=class_check action=maybe_recompile pc=0x000001ad12d21b6c method=java.util.AbstractList$Itr.hasNext()Z @ 8
Event: 1.668 Thread 0x000001ad39a6b800 Uncommon trap: reason=class_check action=maybe_recompile pc=0x000001ad12d93378 method=java.util.AbstractList$Itr.next()Ljava/lang/Object; @ 14
Event: 3.219 Thread 0x000001ad39d65800 Uncommon trap: reason=unstable_if action=reinterpret pc=0x000001ad12fdb244 method=java.util.concurrent.atomic.AtomicBoolean.get()Z @ 4
Event: 3.408 Thread 0x000001ad39a6b800 Uncommon trap: reason=unstable_if action=reinterpret pc=0x000001ad12fda818 method=java.util.concurrent.atomic.AtomicBoolean.get()Z @ 4

Classes redefined (6 events):
Event: 9.883 Thread 0x000001ad350a4800 redefined class name=ru.BouH.engine.render.scene.Scene, count=1
Event: 9.888 Thread 0x000001ad350a4800 redefined class name=ru.BouH.engine.render.scene.Scene$SceneRenderConveyor, count=1
Event: 18.592 Thread 0x000001ad350a4800 redefined class name=ru.BouH.engine.render.scene.Scene, count=2
Event: 18.597 Thread 0x000001ad350a4800 redefined class name=ru.BouH.engine.render.scene.Scene$SceneRenderConveyor, count=2
Event: 24.062 Thread 0x000001ad350a4800 redefined class name=ru.BouH.engine.render.scene.Scene, count=3
Event: 24.067 Thread 0x000001ad350a4800 redefined class name=ru.BouH.engine.render.scene.Scene$SceneRenderConveyor, count=3

Internal exceptions (10 events):
Event: 1.258 Thread 0x000001ad39a6b800 Exception <a 'java/security/PrivilegedActionException'> (0x00000007174aca18) thrown at [C:\jenkins\workspace\8-2-build-windows-x64-cygwin\jdk8u371\3355\hotspot\src\share\vm\prims\jvm.cpp, line 1513]
Event: 1.258 Thread 0x000001ad39a6b800 Exception <a 'java/security/PrivilegedActionException'> (0x00000007174ae420) thrown at [C:\jenkins\workspace\8-2-build-windows-x64-cygwin\jdk8u371\3355\hotspot\src\share\vm\prims\jvm.cpp, line 1513]
Event: 1.258 Thread 0x000001ad39a6b800 Exception <a 'java/security/PrivilegedActionException'> (0x00000007174ae630) thrown at [C:\jenkins\workspace\8-2-build-windows-x64-cygwin\jdk8u371\3355\hotspot\src\share\vm\prims\jvm.cpp, line 1513]
Event: 1.293 Thread 0x000001ad39a6b800 Exception <a 'sun/nio/fs/WindowsException'> (0x00000007178ae068) thrown at [C:\jenkins\workspace\8-2-build-windows-x64-cygwin\jdk8u371\3355\hotspot\src\share\vm\prims\jni.cpp, line 710]
Event: 1.293 Thread 0x000001ad39a6b800 Exception <a 'sun/nio/fs/WindowsException'> (0x00000007178ae730) thrown at [C:\jenkins\workspace\8-2-build-windows-x64-cygwin\jdk8u371\3355\hotspot\src\share\vm\prims\jni.cpp, line 710]
Event: 1.476 Thread 0x000001ad39a6b800 Exception <a 'sun/nio/fs/WindowsException'> (0x0000000717a022a0) thrown at [C:\jenkins\workspace\8-2-build-windows-x64-cygwin\jdk8u371\3355\hotspot\src\share\vm\prims\jni.cpp, line 710]
Event: 1.476 Thread 0x000001ad39a6b800 Exception <a 'sun/nio/fs/WindowsException'> (0x0000000717a029d0) thrown at [C:\jenkins\workspace\8-2-build-windows-x64-cygwin\jdk8u371\3355\hotspot\src\share\vm\prims\jni.cpp, line 710]
Event: 1.483 Thread 0x000001ad39a6b800 Exception <a 'sun/nio/fs/WindowsException'> (0x0000000717a25ad0) thrown at [C:\jenkins\workspace\8-2-build-windows-x64-cygwin\jdk8u371\3355\hotspot\src\share\vm\prims\jni.cpp, line 710]
Event: 1.483 Thread 0x000001ad39a6b800 Exception <a 'sun/nio/fs/WindowsException'> (0x0000000717a260b0) thrown at [C:\jenkins\workspace\8-2-build-windows-x64-cygwin\jdk8u371\3355\hotspot\src\share\vm\prims\jni.cpp, line 710]
Event: 3.171 Thread 0x000001ad39a6b800 Exception <a 'java/lang/NoSuchMethodError': java.lang.Object.lambda$comparingInt$7b0bb60$1(Ljava/util/function/ToIntFunction;Ljava/lang/Object;Ljava/lang/Object;)I> (0x0000000719dea248) thrown at [C:\jenkins\workspace\8-2-build-windows-x64-cygwin\jdk8u371

Events (10 events):
Event: 23.999 Thread 0x000001ad39d65800 Thread added: 0x000001ad39d65800
Event: 23.999 Thread 0x000001ad39d65800 Thread exited: 0x000001ad39d65800
Event: 24.027 Thread 0x000001ad39d68000 Thread added: 0x000001ad39d68000
Event: 24.027 Thread 0x000001ad39d68000 Thread exited: 0x000001ad39d68000
Event: 24.041 Thread 0x000001ad39d68000 Thread added: 0x000001ad39d68000
Event: 24.041 Thread 0x000001ad39d68000 Thread exited: 0x000001ad39d68000
Event: 24.054 Executing VM operation: RedefineClasses
Event: 24.067 Executing VM operation: RedefineClasses done
Event: 24.067 Thread 0x000001ad39a6b800 DEOPT PACKING pc=0x000001ad12b6672c sp=0x000000ab90bff1f0
Event: 24.067 Thread 0x000001ad39a6b800 DEOPT UNPACKING pc=0x000001ad127f7918 sp=0x000000ab90bfef98 mode 0


Dynamic libraries:
0x00007ff776620000 - 0x00007ff77666a000 	C:\Program Files\Java\jdk-1.8\bin\java.exe
0x00007ff973f10000 - 0x00007ff974127000 	C:\Windows\SYSTEM32\ntdll.dll
0x00007ff9721f0000 - 0x00007ff9722b4000 	C:\Windows\System32\KERNEL32.DLL
0x00007ff971790000 - 0x00007ff971b36000 	C:\Windows\System32\KERNELBASE.dll
0x00007ff972680000 - 0x00007ff972731000 	C:\Windows\System32\ADVAPI32.dll
0x00007ff971e30000 - 0x00007ff971ed7000 	C:\Windows\System32\msvcrt.dll
0x00007ff972b90000 - 0x00007ff972c35000 	C:\Windows\System32\sechost.dll
0x00007ff971c60000 - 0x00007ff971d77000 	C:\Windows\System32\RPCRT4.dll
0x00007ff972c40000 - 0x00007ff972dee000 	C:\Windows\System32\USER32.dll
0x00007ff971590000 - 0x00007ff9715b6000 	C:\Windows\System32\win32u.dll
0x00007ff9724f0000 - 0x00007ff972519000 	C:\Windows\System32\GDI32.dll
0x00007ff971b40000 - 0x00007ff971c58000 	C:\Windows\System32\gdi32full.dll
0x00007ff9715c0000 - 0x00007ff97165a000 	C:\Windows\System32\msvcp_win.dll
0x00007ff971280000 - 0x00007ff971391000 	C:\Windows\System32\ucrtbase.dll
0x00007ff947120000 - 0x00007ff9473b3000 	C:\Windows\WinSxS\amd64_microsoft.windows.common-controls_6595b64144ccf1df_6.0.22621.2506_none_270c5ae97388e100\COMCTL32.dll
0x00007ff971ee0000 - 0x00007ff971f11000 	C:\Windows\System32\IMM32.DLL
0x00007ff9454a0000 - 0x00007ff9454bb000 	C:\Program Files\Java\jdk-1.8\jre\bin\vcruntime140.dll
0x00007ff95c440000 - 0x00007ff95c44c000 	C:\Program Files\Java\jdk-1.8\jre\bin\vcruntime140_1.dll
0x00007ff900b70000 - 0x00007ff900bfe000 	C:\Program Files\Java\jdk-1.8\jre\bin\msvcp140.dll
0x000000005c540000 - 0x000000005cde7000 	C:\Program Files\Java\jdk-1.8\jre\bin\server\jvm.dll
0x00007ff972b80000 - 0x00007ff972b88000 	C:\Windows\System32\PSAPI.DLL
0x00007ff8f6f30000 - 0x00007ff8f6f39000 	C:\Windows\SYSTEM32\WSOCK32.dll
0x00007ff966ff0000 - 0x00007ff967024000 	C:\Windows\SYSTEM32\WINMM.dll
0x00007ff96ab20000 - 0x00007ff96ab2a000 	C:\Windows\SYSTEM32\VERSION.dll
0x00007ff9722c0000 - 0x00007ff972331000 	C:\Windows\System32\WS2_32.dll
0x00007ff970370000 - 0x00007ff970388000 	C:\Windows\SYSTEM32\kernel.appcore.dll
0x00007ff95c240000 - 0x00007ff95c250000 	C:\Program Files\Java\jdk-1.8\jre\bin\verify.dll
0x00007ff943210000 - 0x00007ff94323b000 	C:\Program Files\Java\jdk-1.8\jre\bin\java.dll
0x00007ff93e280000 - 0x00007ff93e2b6000 	C:\Program Files\Java\jdk-1.8\jre\bin\jdwp.dll
0x00007ff969610000 - 0x00007ff969619000 	C:\Program Files\Java\jdk-1.8\jre\bin\npt.dll
0x00007ff93d490000 - 0x00007ff93d4c4000 	C:\Program Files\Java\jdk-1.8\jre\bin\instrument.dll
0x00007ff945480000 - 0x00007ff945498000 	C:\Program Files\Java\jdk-1.8\jre\bin\zip.dll
0x00007ff973050000 - 0x00007ff9738aa000 	C:\Windows\System32\SHELL32.dll
0x00007ff96f1b0000 - 0x00007ff96faa6000 	C:\Windows\SYSTEM32\windows.storage.dll
0x00007ff972740000 - 0x00007ff972ac9000 	C:\Windows\System32\combase.dll
0x00007ff96f070000 - 0x00007ff96f1ae000 	C:\Windows\SYSTEM32\wintypes.dll
0x00007ff972580000 - 0x00007ff972673000 	C:\Windows\System32\SHCORE.dll
0x00007ff972f60000 - 0x00007ff972fbe000 	C:\Windows\System32\shlwapi.dll
0x00007ff9711b0000 - 0x00007ff9711d6000 	C:\Windows\SYSTEM32\profapi.dll
0x00007ff967fa0000 - 0x00007ff967faa000 	C:\Program Files\Java\jdk-1.8\jre\bin\dt_socket.dll
0x00007ff9707f0000 - 0x00007ff970859000 	C:\Windows\system32\mswsock.dll
0x00007ff955250000 - 0x00007ff95525d000 	C:\Program Files\Java\jdk-1.8\jre\bin\management.dll
0x00007ff945220000 - 0x00007ff94523c000 	C:\Program Files\Java\jdk-1.8\jre\bin\net.dll
0x00007ff951eb0000 - 0x00007ff951ec7000 	C:\Windows\system32\napinsp.dll
0x00007ff951e90000 - 0x00007ff951eab000 	C:\Windows\system32\pnrpnsp.dll
0x00007ff96fdf0000 - 0x00007ff96fee9000 	C:\Windows\SYSTEM32\DNSAPI.dll
0x00007ff96fd80000 - 0x00007ff96fdad000 	C:\Windows\SYSTEM32\IPHLPAPI.DLL
0x00007ff972570000 - 0x00007ff972579000 	C:\Windows\System32\NSI.dll
0x00007ff951e70000 - 0x00007ff951e81000 	C:\Windows\System32\winrnr.dll
0x00007ff96a8e0000 - 0x00007ff96a8f5000 	C:\Windows\system32\wshbth.dll
0x00007ff951df0000 - 0x00007ff951e11000 	C:\Windows\system32\nlansp_c.dll
0x00007ff969320000 - 0x00007ff96932a000 	C:\Windows\System32\rasadhlp.dll
0x00007ff96a900000 - 0x00007ff96a983000 	C:\Windows\System32\fwpuclnt.dll
0x00007ff945050000 - 0x00007ff945063000 	C:\Program Files\Java\jdk-1.8\jre\bin\nio.dll
0x000001ad10f90000 - 0x000001ad10f94000 	C:\Users\hardm\.javacpp\cache\javacpp-1.5.9-windows-x86_64.jar\org\bytedeco\javacpp\windows-x86_64\api-ms-win-crt-locale-l1-1-0.dll
0x000001ad10fa0000 - 0x000001ad10fa5000 	C:\Users\hardm\.javacpp\cache\javacpp-1.5.9-windows-x86_64.jar\org\bytedeco\javacpp\windows-x86_64\api-ms-win-crt-string-l1-1-0.dll
0x000001ad10fb0000 - 0x000001ad10fb5000 	C:\Users\hardm\.javacpp\cache\javacpp-1.5.9-windows-x86_64.jar\org\bytedeco\javacpp\windows-x86_64\api-ms-win-crt-stdio-l1-1-0.dll
0x000001ad10fc0000 - 0x000001ad10fc6000 	C:\Users\hardm\.javacpp\cache\javacpp-1.5.9-windows-x86_64.jar\org\bytedeco\javacpp\windows-x86_64\api-ms-win-crt-math-l1-1-0.dll
0x000001ad10fd0000 - 0x000001ad10fd4000 	C:\Users\hardm\.javacpp\cache\javacpp-1.5.9-windows-x86_64.jar\org\bytedeco\javacpp\windows-x86_64\api-ms-win-crt-heap-l1-1-0.dll
0x000001ad10fe0000 - 0x000001ad10fe5000 	C:\Users\hardm\.javacpp\cache\javacpp-1.5.9-windows-x86_64.jar\org\bytedeco\javacpp\windows-x86_64\api-ms-win-crt-runtime-l1-1-0.dll
0x000001ad10ff0000 - 0x000001ad10ff5000 	C:\Users\hardm\.javacpp\cache\javacpp-1.5.9-windows-x86_64.jar\org\bytedeco\javacpp\windows-x86_64\api-ms-win-crt-convert-l1-1-0.dll
0x000001ad34e40000 - 0x000001ad34e44000 	C:\Users\hardm\.javacpp\cache\javacpp-1.5.9-windows-x86_64.jar\org\bytedeco\javacpp\windows-x86_64\api-ms-win-crt-environment-l1-1-0.dll
0x000001ad34e50000 - 0x000001ad34e54000 	C:\Users\hardm\.javacpp\cache\javacpp-1.5.9-windows-x86_64.jar\org\bytedeco\javacpp\windows-x86_64\api-ms-win-crt-time-l1-1-0.dll
0x000001ad34e60000 - 0x000001ad34e64000 	C:\Users\hardm\.javacpp\cache\javacpp-1.5.9-windows-x86_64.jar\org\bytedeco\javacpp\windows-x86_64\api-ms-win-crt-filesystem-l1-1-0.dll
0x000001ad34e70000 - 0x000001ad34e74000 	C:\Users\hardm\.javacpp\cache\javacpp-1.5.9-windows-x86_64.jar\org\bytedeco\javacpp\windows-x86_64\api-ms-win-crt-utility-l1-1-0.dll
0x000001ad34e80000 - 0x000001ad34e86000 	C:\Users\hardm\.javacpp\cache\javacpp-1.5.9-windows-x86_64.jar\org\bytedeco\javacpp\windows-x86_64\api-ms-win-crt-multibyte-l1-1-0.dll
0x000001ad34e90000 - 0x000001ad34e94000 	C:\Users\hardm\.javacpp\cache\javacpp-1.5.9-windows-x86_64.jar\org\bytedeco\javacpp\windows-x86_64\api-ms-win-crt-conio-l1-1-0.dll
0x000001ad34ea0000 - 0x000001ad34eb1000 	C:\Users\hardm\.javacpp\cache\javacpp-1.5.9-windows-x86_64.jar\org\bytedeco\javacpp\windows-x86_64\api-ms-win-crt-private-l1-1-0.dll
0x000001ad34ec0000 - 0x000001ad34ec4000 	C:\Users\hardm\.javacpp\cache\javacpp-1.5.9-windows-x86_64.jar\org\bytedeco\javacpp\windows-x86_64\api-ms-win-crt-process-l1-1-0.dll
0x000001ad34ed0000 - 0x000001ad34ed4000 	C:\Users\hardm\.javacpp\cache\javacpp-1.5.9-windows-x86_64.jar\org\bytedeco\javacpp\windows-x86_64\api-ms-win-core-console-l1-2-0.dll
0x000001ad34ee0000 - 0x000001ad34ee4000 	C:\Users\hardm\.javacpp\cache\javacpp-1.5.9-windows-x86_64.jar\org\bytedeco\javacpp\windows-x86_64\api-ms-win-core-string-l1-1-0.dll
0x000001ad34ef0000 - 0x000001ad34ef4000 	C:\Users\hardm\.javacpp\cache\javacpp-1.5.9-windows-x86_64.jar\org\bytedeco\javacpp\windows-x86_64\api-ms-win-core-errorhandling-l1-1-0.dll
0x000001ad34f00000 - 0x000001ad34f04000 	C:\Users\hardm\.javacpp\cache\javacpp-1.5.9-windows-x86_64.jar\org\bytedeco\javacpp\windows-x86_64\api-ms-win-core-timezone-l1-1-0.dll
0x000001ad39750000 - 0x000001ad39755000 	C:\Users\hardm\.javacpp\cache\javacpp-1.5.9-windows-x86_64.jar\org\bytedeco\javacpp\windows-x86_64\api-ms-win-core-file-l1-1-0.dll
0x000001ad39760000 - 0x000001ad39764000 	C:\Users\hardm\.javacpp\cache\javacpp-1.5.9-windows-x86_64.jar\org\bytedeco\javacpp\windows-x86_64\api-ms-win-core-namedpipe-l1-1-0.dll
0x000001ad39770000 - 0x000001ad39774000 	C:\Users\hardm\.javacpp\cache\javacpp-1.5.9-windows-x86_64.jar\org\bytedeco\javacpp\windows-x86_64\api-ms-win-core-handle-l1-1-0.dll
0x000001ad39780000 - 0x000001ad39784000 	C:\Users\hardm\.javacpp\cache\javacpp-1.5.9-windows-x86_64.jar\org\bytedeco\javacpp\windows-x86_64\api-ms-win-core-file-l2-1-0.dll
0x000001ad39790000 - 0x000001ad39794000 	C:\Users\hardm\.javacpp\cache\javacpp-1.5.9-windows-x86_64.jar\org\bytedeco\javacpp\windows-x86_64\api-ms-win-core-heap-l1-1-0.dll
0x000001ad397a0000 - 0x000001ad397a4000 	C:\Users\hardm\.javacpp\cache\javacpp-1.5.9-windows-x86_64.jar\org\bytedeco\javacpp\windows-x86_64\api-ms-win-core-libraryloader-l1-1-0.dll
0x000001ad397b0000 - 0x000001ad397b4000 	C:\Users\hardm\.javacpp\cache\javacpp-1.5.9-windows-x86_64.jar\org\bytedeco\javacpp\windows-x86_64\api-ms-win-core-synch-l1-1-0.dll
0x000001ad3a790000 - 0x000001ad3a794000 	C:\Users\hardm\.javacpp\cache\javacpp-1.5.9-windows-x86_64.jar\org\bytedeco\javacpp\windows-x86_64\api-ms-win-core-processthreads-l1-1-0.dll
0x000001ad3a7a0000 - 0x000001ad3a7a4000 	C:\Users\hardm\.javacpp\cache\javacpp-1.5.9-windows-x86_64.jar\org\bytedeco\javacpp\windows-x86_64\api-ms-win-core-processenvironment-l1-1-0.dll
0x000001ad3a7b0000 - 0x000001ad3a7b4000 	C:\Users\hardm\.javacpp\cache\javacpp-1.5.9-windows-x86_64.jar\org\bytedeco\javacpp\windows-x86_64\api-ms-win-core-datetime-l1-1-0.dll
0x000001ad3a7c0000 - 0x000001ad3a7c4000 	C:\Users\hardm\.javacpp\cache\javacpp-1.5.9-windows-x86_64.jar\org\bytedeco\javacpp\windows-x86_64\api-ms-win-core-localization-l1-2-0.dll
0x000001ad3a7d0000 - 0x000001ad3a7d4000 	C:\Users\hardm\.javacpp\cache\javacpp-1.5.9-windows-x86_64.jar\org\bytedeco\javacpp\windows-x86_64\api-ms-win-core-sysinfo-l1-1-0.dll
0x000001ad3a7e0000 - 0x000001ad3a7e4000 	C:\Users\hardm\.javacpp\cache\javacpp-1.5.9-windows-x86_64.jar\org\bytedeco\javacpp\windows-x86_64\api-ms-win-core-synch-l1-2-0.dll
0x000001ad3a7f0000 - 0x000001ad3a7f4000 	C:\Users\hardm\.javacpp\cache\javacpp-1.5.9-windows-x86_64.jar\org\bytedeco\javacpp\windows-x86_64\api-ms-win-core-console-l1-1-0.dll
0x000001ad3a800000 - 0x000001ad3a804000 	C:\Users\hardm\.javacpp\cache\javacpp-1.5.9-windows-x86_64.jar\org\bytedeco\javacpp\windows-x86_64\api-ms-win-core-debug-l1-1-0.dll
0x000001ad3a810000 - 0x000001ad3a814000 	C:\Users\hardm\.javacpp\cache\javacpp-1.5.9-windows-x86_64.jar\org\bytedeco\javacpp\windows-x86_64\api-ms-win-core-rtlsupport-l1-1-0.dll
0x000001ad3a820000 - 0x000001ad3a824000 	C:\Users\hardm\.javacpp\cache\javacpp-1.5.9-windows-x86_64.jar\org\bytedeco\javacpp\windows-x86_64\api-ms-win-core-processthreads-l1-1-1.dll
0x000001ad3a830000 - 0x000001ad3a834000 	C:\Users\hardm\.javacpp\cache\javacpp-1.5.9-windows-x86_64.jar\org\bytedeco\javacpp\windows-x86_64\api-ms-win-core-file-l1-2-0.dll
0x000001ad3a840000 - 0x000001ad3a844000 	C:\Users\hardm\.javacpp\cache\javacpp-1.5.9-windows-x86_64.jar\org\bytedeco\javacpp\windows-x86_64\api-ms-win-core-profile-l1-1-0.dll
0x000001ad3a850000 - 0x000001ad3a854000 	C:\Users\hardm\.javacpp\cache\javacpp-1.5.9-windows-x86_64.jar\org\bytedeco\javacpp\windows-x86_64\api-ms-win-core-memory-l1-1-0.dll
0x000001ad3a860000 - 0x000001ad3a864000 	C:\Users\hardm\.javacpp\cache\javacpp-1.5.9-windows-x86_64.jar\org\bytedeco\javacpp\windows-x86_64\api-ms-win-core-util-l1-1-0.dll
0x000001ad3a870000 - 0x000001ad3a874000 	C:\Users\hardm\.javacpp\cache\javacpp-1.5.9-windows-x86_64.jar\org\bytedeco\javacpp\windows-x86_64\api-ms-win-core-interlocked-l1-1-0.dll
0x00007ff9012a0000 - 0x00007ff9013b1000 	C:\Users\hardm\.javacpp\cache\javacpp-1.5.9-windows-x86_64.jar\org\bytedeco\javacpp\windows-x86_64\ucrtbase.dll
0x00007ff955ba0000 - 0x00007ff955bbb000 	C:\Users\hardm\.javacpp\cache\javacpp-1.5.9-windows-x86_64.jar\org\bytedeco\javacpp\windows-x86_64\vcruntime140.dll
0x00007ff95b740000 - 0x00007ff95b74c000 	C:\Users\hardm\.javacpp\cache\javacpp-1.5.9-windows-x86_64.jar\org\bytedeco\javacpp\windows-x86_64\vcruntime140_1.dll
0x00007ff900ae0000 - 0x00007ff900b6d000 	C:\Users\hardm\.javacpp\cache\javacpp-1.5.9-windows-x86_64.jar\org\bytedeco\javacpp\windows-x86_64\msvcp140.dll
0x00007ff952360000 - 0x00007ff952369000 	C:\Users\hardm\.javacpp\cache\javacpp-1.5.9-windows-x86_64.jar\org\bytedeco\javacpp\windows-x86_64\msvcp140_1.dll
0x00007ff923250000 - 0x00007ff92329e000 	C:\Users\hardm\.javacpp\cache\javacpp-1.5.9-windows-x86_64.jar\org\bytedeco\javacpp\windows-x86_64\concrt140.dll
0x00007ff93cab0000 - 0x00007ff93cae1000 	C:\Users\hardm\.javacpp\cache\javacpp-1.5.9-windows-x86_64.jar\org\bytedeco\javacpp\windows-x86_64\vcomp140.dll
0x00007ff951ed0000 - 0x00007ff951edf000 	C:\Users\hardm\.javacpp\cache\javacpp-1.5.9-windows-x86_64.jar\org\bytedeco\javacpp\windows-x86_64\jnijavacpp.dll
0x00007ff9005b0000 - 0x00007ff900690000 	C:\Users\hardm\.javacpp\cache\bullet-3.25-1.5.9-windows-x86_64.jar\org\bytedeco\bullet\windows-x86_64\jniLinearMath.dll
0x00007ff8f34c0000 - 0x00007ff8f3720000 	C:\Users\hardm\.javacpp\cache\bullet-3.25-1.5.9-windows-x86_64.jar\org\bytedeco\bullet\windows-x86_64\jniBulletCollision.dll
0x00007ff8df6c0000 - 0x00007ff8df900000 	C:\Users\hardm\.javacpp\cache\bullet-3.25-1.5.9-windows-x86_64.jar\org\bytedeco\bullet\windows-x86_64\jniBulletDynamics.dll
0x00007ff8dc340000 - 0x00007ff8dc4be000 	C:\Program Files\Java\jdk-1.8\jre\bin\awt.dll
0x00007ff972340000 - 0x00007ff972417000 	C:\Windows\System32\OLEAUT32.dll
0x00007ff96e5a0000 - 0x00007ff96e637000 	C:\Windows\SYSTEM32\apphelp.dll
0x00007ff96e970000 - 0x00007ff96e99b000 	C:\Windows\system32\DWMAPI.DLL
0x00007ff96e6f0000 - 0x00007ff96e79b000 	C:\Windows\system32\uxtheme.dll
0x00007ff908a30000 - 0x00007ff908b30000 	C:\Windows\system32\opengl32.dll
0x00007ff908a00000 - 0x00007ff908a2d000 	C:\Windows\SYSTEM32\GLU32.dll
0x00007ff96e9e0000 - 0x00007ff96ea16000 	C:\Windows\SYSTEM32\dxcore.dll
0x00007ff972e10000 - 0x00007ff972f60000 	C:\Windows\System32\MSCTF.dll
0x00007ff973d30000 - 0x00007ff973ed0000 	C:\Windows\System32\ole32.dll
0x00007ff9713a0000 - 0x00007ff97141a000 	C:\Windows\System32\bcryptPrimitives.dll
0x00007ff940b80000 - 0x00007ff940d29000 	C:\Windows\system32\d3d9.dll
0x00007ff951750000 - 0x00007ff95180c000 	C:\Windows\System32\DriverStore\FileRepository\nv_dispi.inf_amd64_1fea8972dc2f0a69\nvldumdx.dll
0x00007ff970f20000 - 0x00007ff970f32000 	C:\Windows\SYSTEM32\msasn1.dll
0x00007ff96a8a0000 - 0x00007ff96a8d2000 	C:\Windows\SYSTEM32\cryptnet.dll
0x00007ff971420000 - 0x00007ff971586000 	C:\Windows\System32\CRYPT32.dll
0x00007ff96a6f0000 - 0x00007ff96a848000 	C:\Windows\SYSTEM32\drvstore.dll
0x00007ff970f40000 - 0x00007ff970f6c000 	C:\Windows\SYSTEM32\devobj.dll
0x00007ff970f70000 - 0x00007ff970fbe000 	C:\Windows\SYSTEM32\cfgmgr32.dll
0x00007ff970af0000 - 0x00007ff970b3b000 	C:\Windows\SYSTEM32\wldp.dll
0x00007ff970a60000 - 0x00007ff970a6c000 	C:\Windows\SYSTEM32\cryptbase.dll
0x00007ff971720000 - 0x00007ff97178b000 	C:\Windows\System32\wintrust.dll

VM Arguments:
jvm_args: -agentlib:jdwp=transport=dt_socket,address=127.0.0.1:54719,suspend=y,server=n -Dvisualvm.id=2307613014780400 -javaagent:C:\Users\hardm\AppData\Local\JetBrains\IdeaIC2023.2\captureAgent\debugger-agent.jar=file:/C:/Users/hardm/AppData/Local/Temp/capture.props -Dfile.encoding=UTF-8 
java_command: ru.BouH.engine.game.Game
java_class_path (initial): C:\Program Files\Java\jdk-1.8\jre\lib\charsets.jar;C:\Program Files\Java\jdk-1.8\jre\lib\deploy.jar;C:\Program Files\Java\jdk-1.8\jre\lib\ext\access-bridge-64.jar;C:\Program Files\Java\jdk-1.8\jre\lib\ext\cldrdata.jar;C:\Program Files\Java\jdk-1.8\jre\lib\ext\dnsns.jar;C:\Program Files\Java\jdk-1.8\jre\lib\ext\jaccess.jar;C:\Program Files\Java\jdk-1.8\jre\lib\ext\jfxrt.jar;C:\Program Files\Java\jdk-1.8\jre\lib\ext\localedata.jar;C:\Program Files\Java\jdk-1.8\jre\lib\ext\nashorn.jar;C:\Program Files\Java\jdk-1.8\jre\lib\ext\sunec.jar;C:\Program Files\Java\jdk-1.8\jre\lib\ext\sunjce_provider.jar;C:\Program Files\Java\jdk-1.8\jre\lib\ext\sunmscapi.jar;C:\Program Files\Java\jdk-1.8\jre\lib\ext\sunpkcs11.jar;C:\Program Files\Java\jdk-1.8\jre\lib\ext\zipfs.jar;C:\Program Files\Java\jdk-1.8\jre\lib\javaws.jar;C:\Program Files\Java\jdk-1.8\jre\lib\jce.jar;C:\Program Files\Java\jdk-1.8\jre\lib\jfr.jar;C:\Program Files\Java\jdk-1.8\jre\lib\jfxswt.jar;C:\Program Files\Java\jdk-1.8\jre\lib\jsse.jar;C:\Program Files\Java\jdk-1.8\jre\lib\management-agent.jar;C:\Program Files\Java\jdk-1.8\jre\lib\plugin.jar;C:\Program Files\Java\jdk-1.8\jre\lib\resources.jar;C:\Program Files\Java\jdk-1.8\jre\lib\rt.jar;F:\game_test1\target\classes;C:\Users\hardm\.m2\repository\org\bytedeco\bullet-platform\3.25-1.5.9\bullet-platform-3.25-1.5.9.jar;C:\Users\hardm\.m2\repository\org\bytedeco\javacpp-platform\1.5.9\javacpp-platform-1.5.9.jar;C:\Users\hardm\.m2\repository\org\bytedeco\javacpp\1.5.9\javacpp-1.5.9-android-arm.jar;C:\Users\hardm\.m2\repository\org\bytedeco\javacpp\1.5.9\javacpp-1.5.9-android-arm64.jar;C:\Users\hardm\.m2\repository\org\bytedeco\javacpp\1.5.9\javacpp-1.5.9-android-x86.jar;C:\Users\hardm\.m2\repository\org\bytedeco\javacpp\1.5.9\javacpp-1.5.9-android-x86_64.jar;C:\Users\hardm\.m2\repository\org\bytedeco\javacpp\1.5.9\javacpp-1.5.9-ios-arm64.jar;C:\Users\hardm\.m2\repository\org\bytedeco\javacpp\1.5.9\javacpp-1.5.9-ios-x86_64.jar;C:\Users\hardm\.m
Launcher Type: SUN_STANDARD

Environment Variables:
JAVA_HOME=C:\Program Files\Java\jdk-1.8
PATH=C:\Program Files\Common Files\Oracle\Java\javapath;C:\Program Files (x86)\Common Files\Oracle\Java\javapath;C:\Windows\system32;C:\Windows;C:\Windows\System32\Wbem;C:\Windows\System32\WindowsPowerShell\v1.0\;C:\Windows\System32\OpenSSH\;C:\Program Files\NVIDIA Corporation\NVIDIA NvDLISR;C:\Program Files\Git\cmd;C:\Program Files (x86)\NVIDIA Corporation\PhysX\Common;C:\Program Files\Java\jdk-1.8\bin;C:\Program Files\dotnet\;C:\Program Files (x86)\Windows Kits\10\Windows Performance Toolkit\;C:\Program Files\nodejs\;C:\Program Files\Java\jdk-1.8\;C:\Program Files\Common Files\Oracle\Java\javapath;C:\Program Files (x86)\Common Files\Oracle\Java\javapath;C:\Windows\system32;C:\Windows;C:\Windows\System32\Wbem;C:\Windows\System32\WindowsPowerShell\v1.0\;C:\Windows\System32\OpenSSH\;C:\Program Files\NVIDIA Corporation\NVIDIA NvDLISR;C:\Program Files\Git\cmd;C:\Program Files (x86)\NVIDIA Corporation\PhysX\Common;C:\Program Files\Java\jdk-1.8\bin;C:\Program Files\dotnet\;C:\Program Files (x86)\Windows Kits\10\Windows Performance Toolkit\;C:\Program Files\nodejs\;C:\Users\hardm\AppData\Local\Microsoft\WindowsApps;C:\Users\hardm\.dotnet\tools;C:\Users\hardm\AppData\Local\JetBrains\Toolbox\scripts;C:\Users\hardm\.dotnet\tools;C:\Users\hardm\AppData\Local\Programs\Microsoft VS Code\bin;C:\Users\hardm\AppData\Roaming\npm
USERNAME=hardm
OS=Windows_NT
PROCESSOR_IDENTIFIER=Intel64 Family 6 Model 151 Stepping 5, GenuineIntel



---------------  S Y S T E M  ---------------

OS: Windows 11 , 64 bit Build 22621 (10.0.22621.2506)

CPU:total 12 (initial active 12) (6 cores per cpu, 2 threads per core) family 6 model 151 stepping 5, cmov, cx8, fxsr, mmx, sse, sse2, sse3, ssse3, sse4.1, sse4.2, popcnt, avx, avx2, aes, clmul, erms, 3dnowpref, lzcnt, ht, tsc, tscinvbit, bmi1, bmi2, adx

Memory: 4k page, physical 33317992k(10943428k free), swap 68449880k(11150984k free)

vm_info: Java HotSpot(TM) 64-Bit Server VM (25.371-b11) for windows-amd64 JRE (1.8.0_371-b11), built on Mar 17 2023 04:03:45 by "java_re" with MS VC++ 17.1 (VS2022)

time: Tue Jan  9 21:33:44 2024
timezone: RTZ 2 ( Family 6 Model 151 Stepping 5, GenuineIntel
elapsed time: 24.104406 seconds (0d 0h 0m 24s)

