#
# A fatal error has been detected by the Java Runtime Environment:
#
#  EXCEPTION_ACCESS_VIOLATION (0xc0000005) at pc=0x00007ffc60a8c64d, pid=30092, tid=0x0000000000007978
#
# JRE version: Java(TM) SE Runtime Environment (8.0_371) (build 1.8.0_371-b11)
# Java VM: Java HotSpot(TM) 64-Bit Server VM (25.371-b11 mixed mode windows-amd64 compressed oops)
# Problematic frame:
# C  [lwjgl_opengl.dll+0xc64d]
#
# Failed to write core dump. Minidumps are not enabled by default on client versions of Windows
#
# If you would like to submit a bug report, please visit:
#   http://bugreport.java.com/bugreport/crash.jsp
# The crash happened outside the Java Virtual Machine in native code.
# See problematic frame for where to report the bug.
#

---------------  T H R E A D  ---------------

Current thread (0x00000269837ec800):  JavaThread "main" [_thread_in_native, id=31096, stack(0x000000720ec00000,0x000000720ed00000)]

siginfo: ExceptionCode=0xc0000005, reading address 0x00000000000002d8

Registers:
RAX=0x00000269ab782fc0, RBX=0x00000269ad5ca810, RCX=0x0000000000000001, RDX=0x00000269ab07fb8c
RSP=0x000000720ecfe678, RBP=0x000000720ecfe6f8, RSI=0x0000000716817848, RDI=0x0000026985327fd0
R8 =0x0000000000000001, R9 =0x00000269ab07fb8c, R10=0x0000000000000000, R11=0x00000000586da5b0
R12=0x0000000000000000, R13=0x00000269ad5ca810, R14=0x000000720ecfe728, R15=0x00000269837ec800
RIP=0x00007ffc60a8c64d, EFLAGS=0x0000000000010206

Top of Stack: (sp=0x000000720ecfe678)
0x000000720ecfe678:   0000026985344d27 0000026985327fd0
0x000000720ecfe688:   000002698534467b 00000269ad5ca810
0x000000720ecfe698:   000000720ecfe6f8 0000000716817848
0x000000720ecfe6a8:   00000269837ec800 0000026985344622
0x000000720ecfe6b8:   000000720ecfe6b8 00000269ad5ca810
0x000000720ecfe6c8:   000000720ecfe728 00000269ad9e4b78
0x000000720ecfe6d8:   0000000000000000 00000269ad5ca810
0x000000720ecfe6e8:   0000000000000000 000000720ecfe718
0x000000720ecfe6f8:   000000720ecfe770 00000269853284bd
0x000000720ecfe708:   000000071b9f5170 0000026985339778
0x000000720ecfe718:   00000269ab07fb8c 000000071ba08980
0x000000720ecfe728:   0000000000000001 000000720ecfe730
0x000000720ecfe738:   00000269ad5ca984 000000720ecfe7a0
0x000000720ecfe748:   00000269ad9e4b78 0000000000000000
0x000000720ecfe758:   00000269ad5ca9f0 000000720ecfe718
0x000000720ecfe768:   000000720ecfe7a8 000000720ecfe7e8 

Instructions: (pc=0x00007ffc60a8c64d)
0x00007ffc60a8c62d:   c8 02 00 00 cc cc cc cc cc cc cc cc cc cc cc cc
0x00007ffc60a8c63d:   cc cc cc 48 8b 01 49 8b d1 41 8b c8 4c 8b 50 18
0x00007ffc60a8c64d:   49 ff a2 d8 02 00 00 cc cc cc cc cc cc cc cc cc
0x00007ffc60a8c65d:   cc cc cc 48 8b 01 49 8b d1 41 8b c8 4c 8b 50 18 


Register to memory mapping:

RAX=0x00000269ab782fc0 is an unknown value
RBX={method} {0x00000269ad5ca818} 'nglGenTextures' '(IJ)V' in 'org/lwjgl/opengl/GL11C'
RCX=0x0000000000000001 is an unknown value
RDX=0x00000269ab07fb8c is an unknown value
RSP=0x000000720ecfe678 is pointing into the stack for thread: 0x00000269837ec800
RBP=0x000000720ecfe6f8 is pointing into the stack for thread: 0x00000269837ec800
RSI=0x0000000716817848 is an oop
java.lang.ThreadLocal$ThreadLocalMap 
 - klass: 'java/lang/ThreadLocal$ThreadLocalMap'
 - ---- fields (total size 3 words):
 - private 'size' 'I' @12  22 (16)
 - private 'threshold' 'I' @16  42 (2a)
 - private 'table' '[Ljava/lang/ThreadLocal$ThreadLocalMap$Entry;' @20  a 'java/lang/ThreadLocal$ThreadLocalMap$Entry'[64]  (e36367d1 99a58901)
RDI=0x0000026985327fd0 is at code_begin+1040 in an Interpreter codelet
invoke return entry points  [0x0000026985327bc0, 0x00000269853285a0]  2528 bytes
R8 =0x0000000000000001 is an unknown value
R9 =0x00000269ab07fb8c is an unknown value
R10=0x0000000000000000 is an unknown value
R11=0x00000000586da5b0 is an unknown value
R12=0x0000000000000000 is an unknown value
R13={method} {0x00000269ad5ca818} 'nglGenTextures' '(IJ)V' in 'org/lwjgl/opengl/GL11C'
R14=0x000000720ecfe728 is pointing into the stack for thread: 0x00000269837ec800
R15=0x00000269837ec800 is a thread


Stack: [0x000000720ec00000,0x000000720ed00000],  sp=0x000000720ecfe678,  free space=1017k
Native frames: (J=compiled Java code, j=interpreted, Vv=VM code, C=native code)
C  [lwjgl_opengl.dll+0xc64d]

Java frames: (J=compiled Java code, j=interpreted, Vv=VM code)
j  org.lwjgl.opengl.GL11C.nglGenTextures(IJ)V+0
j  org.lwjgl.opengl.GL11C.glGenTextures()I+20
j  org.lwjgl.opengl.GL11.glGenTextures()I+0
j  ru.BouH.engine.render.scene.objects.texture.samples.PNGTexture.<init>(Ljava/io/InputStream;)V+112
j  ru.BouH.engine.render.scene.objects.texture.samples.PNGTexture.createTexture(Ljava/lang/String;)Lru/BouH/engine/render/scene/objects/texture/samples/PNGTexture;+75
j  ru.BouH.engine.game.g_static.render.ItemRenderList.<clinit>()V+2
v  ~StubRoutines::call_stub
j  ru.BouH.engine.events.WorldEvents.addEntities(Lru/BouH/engine/physx/world/World;)V+40
j  ru.BouH.engine.proxy.Proxy.onSystemStarted()V+7
j  ru.BouH.engine.render.screen.Screen.updateScreen()V+18
j  ru.BouH.engine.render.screen.Screen.startScreen()V+1
j  ru.BouH.engine.game.Game.main([Ljava/lang/String;)V+44
v  ~StubRoutines::call_stub

---------------  P R O C E S S  ---------------

Java Threads: ( => current thread )
  0x00000269ab360800 JavaThread "physics" [_thread_blocked, id=9676, stack(0x0000007210600000,0x0000007210700000)]
  0x00000269ab088000 JavaThread "physics" [_thread_blocked, id=27024, stack(0x0000007210500000,0x0000007210600000)]
  0x00000269aa0b0000 JavaThread "Service Thread" daemon [_thread_blocked, id=17148, stack(0x0000007210300000,0x0000007210400000)]
  0x00000269aa079000 JavaThread "C1 CompilerThread3" daemon [_thread_blocked, id=21088, stack(0x0000007210200000,0x0000007210300000)]
  0x00000269aa06c000 JavaThread "C2 CompilerThread2" daemon [_thread_blocked, id=27936, stack(0x0000007210100000,0x0000007210200000)]
  0x00000269aa02e800 JavaThread "C2 CompilerThread1" daemon [_thread_blocked, id=13160, stack(0x0000007210000000,0x0000007210100000)]
  0x00000269a9fdb000 JavaThread "C2 CompilerThread0" daemon [_thread_blocked, id=1848, stack(0x000000720ff00000,0x0000007210000000)]
  0x00000269a9fc7000 JavaThread "JDWP Command Reader" daemon [_thread_in_native, id=25068, stack(0x000000720fe00000,0x000000720ff00000)]
  0x00000269a9fc4000 JavaThread "JDWP Event Helper Thread" daemon [_thread_blocked, id=5176, stack(0x000000720fd00000,0x000000720fe00000)]
  0x00000269a9fc2800 JavaThread "JDWP Transport Listener: dt_socket" daemon [_thread_blocked, id=29876, stack(0x000000720fc00000,0x000000720fd00000)]
  0x00000269a7c6d000 JavaThread "Attach Listener" daemon [_thread_blocked, id=29944, stack(0x000000720fb00000,0x000000720fc00000)]
  0x00000269a7c6c000 JavaThread "Signal Dispatcher" daemon [_thread_blocked, id=32776, stack(0x000000720fa00000,0x000000720fb00000)]
  0x00000269a7c3e800 JavaThread "Finalizer" daemon [_thread_blocked, id=22476, stack(0x000000720f900000,0x000000720fa00000)]
  0x00000269a7c35800 JavaThread "Reference Handler" daemon [_thread_blocked, id=23336, stack(0x000000720f800000,0x000000720f900000)]
=>0x00000269837ec800 JavaThread "main" [_thread_in_native, id=31096, stack(0x000000720ec00000,0x000000720ed00000)]

Other Threads:
  0x00000269a7c10800 VMThread [stack: 0x000000720f700000,0x000000720f800000] [id=9512]
  0x00000269aa10c800 WatcherThread [stack: 0x0000007210400000,0x0000007210500000] [id=7204]

VM state:not at safepoint (normal execution)

VM Mutex/Monitor currently owned by a thread: None

heap address: 0x00000005c3800000, size: 8136 MB, Compressed Oops mode: Zero based, Oop shift amount: 3
Narrow klass base: 0x0000000000000000, Narrow klass shift: 3
Compressed class space size: 1073741824 Address: 0x00000007c0000000

Heap:
 PSYoungGen      total 152576K, used 86575K [0x0000000716800000, 0x0000000721200000, 0x00000007c0000000)
  eden space 131072K, 66% used [0x0000000716800000,0x000000071bc8be08,0x000000071e800000)
  from space 21504K, 0% used [0x000000071fd00000,0x000000071fd00000,0x0000000721200000)
  to   space 21504K, 0% used [0x000000071e800000,0x000000071e800000,0x000000071fd00000)
 ParOldGen       total 348160K, used 0K [0x00000005c3800000, 0x00000005d8c00000, 0x0000000716800000)
  object space 348160K, 0% used [0x00000005c3800000,0x00000005c3800000,0x00000005d8c00000)
 Metaspace       used 15924K, capacity 16276K, committed 16640K, reserved 1064960K
  class space    used 1824K, capacity 1948K, committed 2048K, reserved 1048576K

Card table byte_map: [0x00000269946e0000,0x00000269956d0000] byte_map_base: 0x00000269918c4000

Marking Bits: (ParMarkBitMap*) 0x0000000058ccd980
 Begin Bits: [0x0000026996170000, 0x000002699e090000)
 End Bits:   [0x000002699e090000, 0x00000269a5fb0000)

Polling page: 0x0000026983a20000

CodeCache: size=245760Kb used=4722Kb max_used=4722Kb free=241037Kb
 bounds [0x0000026985320000, 0x00000269857c0000, 0x0000026994320000]
 total_blobs=2200 nmethods=1265 adapters=855
 compilation: enabled

Compilation events (10 events):
Event: 0.763 Thread 0x00000269aa079000 1258       3       java.util.regex.Pattern$Curly::match (86 bytes)
Event: 0.763 Thread 0x00000269aa079000 nmethod 1258 0x00000269857bb6d0 code [0x00000269857bb880, 0x00000269857bbf00]
Event: 0.763 Thread 0x00000269aa079000 1259       3       java.util.Formatter$Flags::contains (22 bytes)
Event: 0.764 Thread 0x00000269aa079000 nmethod 1259 0x00000269857bc0d0 code [0x00000269857bc240, 0x00000269857bc458]
Event: 0.766 Thread 0x00000269aa079000 1261       3       java.util.regex.Matcher::group (112 bytes)
Event: 0.766 Thread 0x00000269aa079000 nmethod 1261 0x00000269857bc510 code [0x00000269857bc760, 0x00000269857bd570]
Event: 0.767 Thread 0x00000269aa079000 1263       3       org.lwjgl.system.MemoryUtil::memPutAddress (29 bytes)
Event: 0.767 Thread 0x00000269aa079000 nmethod 1263 0x00000269857bdfd0 code [0x00000269857be120, 0x00000269857be298]
Event: 0.767 Thread 0x00000269aa079000 1264       1       java.lang.Integer::toUnsignedLong (7 bytes)
Event: 0.767 Thread 0x00000269aa079000 nmethod 1264 0x00000269857be310 code [0x00000269857be460, 0x00000269857be558]

GC Heap History (0 events):
No events

Deoptimization events (9 events):
Event: 0.093 Thread 0x00000269837ec800 Uncommon trap: reason=unstable_if action=reinterpret pc=0x0000026985427484 method=java.lang.String.hashCode()I @ 14
Event: 0.144 Thread 0x00000269837ec800 Uncommon trap: reason=unstable_if action=reinterpret pc=0x00000269854a29c0 method=java.lang.String.lastIndexOf([CII[CIII)I @ 66
Event: 0.203 Thread 0x00000269837ec800 Uncommon trap: reason=unstable_if action=reinterpret pc=0x00000269854db360 method=java.util.HashMap.getNode(ILjava/lang/Object;)Ljava/util/HashMap$Node; @ 116
Event: 0.395 Thread 0x00000269837ec800 Uncommon trap: reason=unstable_if action=reinterpret pc=0x000002698554ce50 method=java.util.HashMap.getNode(ILjava/lang/Object;)Ljava/util/HashMap$Node; @ 62
Event: 0.416 Thread 0x00000269837ec800 Uncommon trap: reason=unstable_if action=reinterpret pc=0x00000269855622bc method=sun.misc.MetaIndex.mayContain(Ljava/lang/String;)Z @ 38
Event: 0.416 Thread 0x00000269837ec800 Uncommon trap: reason=unstable_if action=reinterpret pc=0x000002698562c170 method=sun.net.www.ParseUtil.encodePath(Ljava/lang/String;Z)Ljava/lang/String; @ 109
Event: 0.493 Thread 0x00000269837ec800 Uncommon trap: reason=unstable_if action=reinterpret pc=0x00000269856af09c method=java.util.HashMap.getNode(ILjava/lang/Object;)Ljava/util/HashMap$Node; @ 129
Event: 0.495 Thread 0x00000269837ec800 Uncommon trap: reason=unstable_if action=reinterpret pc=0x0000026985655124 method=sun.reflect.generics.parser.SignatureParser.current()C @ 39
Event: 0.535 Thread 0x00000269837ec800 Uncommon trap: reason=unstable_if action=reinterpret pc=0x0000026985503ecc method=java.lang.String.indexOf([CII[CIII)I @ 3

Classes redefined (0 events):
No events

Internal exceptions (10 events):
Event: 0.232 Thread 0x00000269837ec800 Exception <a 'java/security/PrivilegedActionException'> (0x0000000717a46e10) thrown at [C:\jenkins\workspace\8-2-build-windows-x64-cygwin\jdk8u371\3355\hotspot\src\share\vm\prims\jvm.cpp, line 1513]
Event: 0.611 Thread 0x00000269837ec800 Exception <a 'java/lang/NoSuchMethodError': java.lang.Object.lambda$static$0(Ljava/lang/String;)Ljava/lang/Boolean;> (0x000000071ad3c100) thrown at [C:\jenkins\workspace\8-2-build-windows-x64-cygwin\jdk8u371\3355\hotspot\src\share\vm\interpreter\linkResol
Event: 0.636 Thread 0x00000269837ec800 Exception <a 'sun/nio/fs/WindowsException'> (0x000000071af18340) thrown at [C:\jenkins\workspace\8-2-build-windows-x64-cygwin\jdk8u371\3355\hotspot\src\share\vm\prims\jni.cpp, line 710]
Event: 0.637 Thread 0x00000269837ec800 Exception <a 'sun/nio/fs/WindowsException'> (0x000000071af1b008) thrown at [C:\jenkins\workspace\8-2-build-windows-x64-cygwin\jdk8u371\3355\hotspot\src\share\vm\prims\jni.cpp, line 710]
Event: 0.641 Thread 0x00000269837ec800 Exception <a 'sun/nio/fs/WindowsException'> (0x000000071af32720) thrown at [C:\jenkins\workspace\8-2-build-windows-x64-cygwin\jdk8u371\3355\hotspot\src\share\vm\prims\jni.cpp, line 710]
Event: 0.641 Thread 0x00000269837ec800 Exception <a 'sun/nio/fs/WindowsException'> (0x000000071af32df0) thrown at [C:\jenkins\workspace\8-2-build-windows-x64-cygwin\jdk8u371\3355\hotspot\src\share\vm\prims\jni.cpp, line 710]
Event: 0.762 Thread 0x00000269837ec800 Exception <a 'sun/nio/fs/WindowsException'> (0x000000071b93b7a8) thrown at [C:\jenkins\workspace\8-2-build-windows-x64-cygwin\jdk8u371\3355\hotspot\src\share\vm\prims\jni.cpp, line 710]
Event: 0.762 Thread 0x00000269837ec800 Exception <a 'sun/nio/fs/WindowsException'> (0x000000071b93bee0) thrown at [C:\jenkins\workspace\8-2-build-windows-x64-cygwin\jdk8u371\3355\hotspot\src\share\vm\prims\jni.cpp, line 710]
Event: 0.764 Thread 0x00000269837ec800 Exception <a 'sun/nio/fs/WindowsException'> (0x000000071b94e990) thrown at [C:\jenkins\workspace\8-2-build-windows-x64-cygwin\jdk8u371\3355\hotspot\src\share\vm\prims\jni.cpp, line 710]
Event: 0.764 Thread 0x00000269837ec800 Exception <a 'sun/nio/fs/WindowsException'> (0x000000071b94ef80) thrown at [C:\jenkins\workspace\8-2-build-windows-x64-cygwin\jdk8u371\3355\hotspot\src\share\vm\prims\jni.cpp, line 710]

Events (10 events):
Event: 0.767 Thread 0x00000269837ec800 DEOPT PACKING pc=0x0000026985519da4 sp=0x000000720ecfd470
Event: 0.767 Thread 0x00000269837ec800 DEOPT UNPACKING pc=0x0000026985367918 sp=0x000000720ecfd290 mode 1
Event: 0.768 loading class org/lwjgl/system/libc/LibCString
Event: 0.768 loading class org/lwjgl/system/libc/LibCString done
Event: 0.768 Thread 0x00000269837ec800 DEOPT PACKING pc=0x00000269855a3a79 sp=0x000000720ecfd0c0
Event: 0.768 Thread 0x00000269837ec800 DEOPT UNPACKING pc=0x0000026985367918 sp=0x000000720ecfce10 mode 1
Event: 0.768 Thread 0x00000269837ec800 DEOPT PACKING pc=0x000002698551a014 sp=0x000000720ecfd140
Event: 0.768 Thread 0x00000269837ec800 DEOPT UNPACKING pc=0x0000026985367918 sp=0x000000720ecfcf60 mode 1
Event: 0.768 Thread 0x00000269837ec800 DEOPT PACKING pc=0x0000026985519da4 sp=0x000000720ecfd2d0
Event: 0.768 Thread 0x00000269837ec800 DEOPT UNPACKING pc=0x0000026985367918 sp=0x000000720ecfd0f0 mode 1


Dynamic libraries:
0x00007ff7dcb40000 - 0x00007ff7dcb8a000 	C:\Program Files\Java\jdk-1.8\bin\java.exe
0x00007ffc926d0000 - 0x00007ffc928e4000 	C:\Windows\SYSTEM32\ntdll.dll
0x00007ffc908e0000 - 0x00007ffc909a4000 	C:\Windows\System32\KERNEL32.DLL
0x00007ffc8fd40000 - 0x00007ffc900e4000 	C:\Windows\System32\KERNELBASE.dll
0x00007ffc925e0000 - 0x00007ffc92690000 	C:\Windows\System32\ADVAPI32.dll
0x00007ffc90ee0000 - 0x00007ffc90f87000 	C:\Windows\System32\msvcrt.dll
0x00007ffc90ab0000 - 0x00007ffc90b56000 	C:\Windows\System32\sechost.dll
0x00007ffc90fa0000 - 0x00007ffc910b7000 	C:\Windows\System32\RPCRT4.dll
0x00007ffc906d0000 - 0x00007ffc9087a000 	C:\Windows\System32\USER32.dll
0x00007ffc90290000 - 0x00007ffc902b6000 	C:\Windows\System32\win32u.dll
0x00007ffc92560000 - 0x00007ffc92589000 	C:\Windows\System32\GDI32.dll
0x00007ffc90170000 - 0x00007ffc90289000 	C:\Windows\System32\gdi32full.dll
0x00007ffc90380000 - 0x00007ffc9041a000 	C:\Windows\System32\msvcp_win.dll
0x00007ffc8fc20000 - 0x00007ffc8fd31000 	C:\Windows\System32\ucrtbase.dll
0x00007ffc83e70000 - 0x00007ffc840ff000 	C:\Windows\WinSxS\amd64_microsoft.windows.common-controls_6595b64144ccf1df_6.0.22621.2070_none_2713e6537381f706\COMCTL32.dll
0x00007ffc90ea0000 - 0x00007ffc90ed1000 	C:\Windows\System32\IMM32.DLL
0x00007ffc73140000 - 0x00007ffc7315b000 	C:\Program Files\Java\jdk-1.8\jre\bin\vcruntime140.dll
0x00007ffc8a550000 - 0x00007ffc8a55c000 	C:\Program Files\Java\jdk-1.8\jre\bin\vcruntime140_1.dll
0x00007ffc609c0000 - 0x00007ffc60a4e000 	C:\Program Files\Java\jdk-1.8\jre\bin\msvcp140.dll
0x00000000584a0000 - 0x0000000058d47000 	C:\Program Files\Java\jdk-1.8\jre\bin\server\jvm.dll
0x00007ffc90cf0000 - 0x00007ffc90cf8000 	C:\Windows\System32\PSAPI.DLL
0x00007ffc8ce60000 - 0x00007ffc8ce69000 	C:\Windows\SYSTEM32\WSOCK32.dll
0x00007ffc7eb20000 - 0x00007ffc7eb54000 	C:\Windows\SYSTEM32\WINMM.dll
0x00007ffc89090000 - 0x00007ffc8909a000 	C:\Windows\SYSTEM32\VERSION.dll
0x00007ffc92470000 - 0x00007ffc924e1000 	C:\Windows\System32\WS2_32.dll
0x00007ffc8eb90000 - 0x00007ffc8eba8000 	C:\Windows\SYSTEM32\kernel.appcore.dll
0x00007ffc81b10000 - 0x00007ffc81b20000 	C:\Program Files\Java\jdk-1.8\jre\bin\verify.dll
0x00007ffc6ed20000 - 0x00007ffc6ed4b000 	C:\Program Files\Java\jdk-1.8\jre\bin\java.dll
0x00007ffc632f0000 - 0x00007ffc63326000 	C:\Program Files\Java\jdk-1.8\jre\bin\jdwp.dll
0x00007ffc7f1d0000 - 0x00007ffc7f1d9000 	C:\Program Files\Java\jdk-1.8\jre\bin\npt.dll
0x00007ffc60b20000 - 0x00007ffc60b54000 	C:\Program Files\Java\jdk-1.8\jre\bin\instrument.dll
0x00007ffc73090000 - 0x00007ffc730a8000 	C:\Program Files\Java\jdk-1.8\jre\bin\zip.dll
0x00007ffc918c0000 - 0x00007ffc920d6000 	C:\Windows\System32\SHELL32.dll
0x00007ffc8da90000 - 0x00007ffc8e37a000 	C:\Windows\SYSTEM32\windows.storage.dll
0x00007ffc920e0000 - 0x00007ffc9246a000 	C:\Windows\System32\combase.dll
0x00007ffc8d950000 - 0x00007ffc8da8e000 	C:\Windows\SYSTEM32\wintypes.dll
0x00007ffc910e0000 - 0x00007ffc911d3000 	C:\Windows\System32\SHCORE.dll
0x00007ffc90b60000 - 0x00007ffc90bbe000 	C:\Windows\System32\shlwapi.dll
0x00007ffc8f9e0000 - 0x00007ffc8fa06000 	C:\Windows\SYSTEM32\profapi.dll
0x00007ffc73510000 - 0x00007ffc7351a000 	C:\Program Files\Java\jdk-1.8\jre\bin\dt_socket.dll
0x00007ffc8f060000 - 0x00007ffc8f0c9000 	C:\Windows\system32\mswsock.dll
0x00007ffc72cd0000 - 0x00007ffc72cdd000 	C:\Program Files\Java\jdk-1.8\jre\bin\management.dll
0x00007ffc68180000 - 0x00007ffc6819c000 	C:\Program Files\Java\jdk-1.8\jre\bin\net.dll
0x00007ffc61820000 - 0x00007ffc61837000 	C:\Windows\system32\napinsp.dll
0x00007ffc51020000 - 0x00007ffc5103b000 	C:\Windows\system32\pnrpnsp.dll
0x00007ffc8e6c0000 - 0x00007ffc8e7b3000 	C:\Windows\SYSTEM32\DNSAPI.dll
0x00007ffc8e650000 - 0x00007ffc8e67d000 	C:\Windows\SYSTEM32\IPHLPAPI.DLL
0x00007ffc90f90000 - 0x00007ffc90f99000 	C:\Windows\System32\NSI.dll
0x00007ffc51000000 - 0x00007ffc51011000 	C:\Windows\System32\winrnr.dll
0x00007ffc88ad0000 - 0x00007ffc88ae5000 	C:\Windows\system32\wshbth.dll
0x00007ffc50fd0000 - 0x00007ffc50ff1000 	C:\Windows\system32\nlansp_c.dll
0x00007ffc889d0000 - 0x00007ffc889da000 	C:\Windows\System32\rasadhlp.dll
0x00007ffc883c0000 - 0x00007ffc88444000 	C:\Windows\System32\fwpuclnt.dll
0x00007ffc632d0000 - 0x00007ffc632e3000 	C:\Program Files\Java\jdk-1.8\jre\bin\nio.dll
0x00007ffc5f0a0000 - 0x00007ffc5f115000 	C:\Users\hardm\AppData\Local\Temp\lwjglhardm\3.3.1-build-7\lwjgl.dll
0x00007ffc5fe60000 - 0x00007ffc5fec1000 	C:\Users\hardm\AppData\Local\Temp\lwjglhardm\3.3.1-build-7\glfw.dll
0x00007ffc60a80000 - 0x00007ffc60add000 	C:\Users\hardm\AppData\Local\Temp\lwjglhardm\3.3.1-build-7\lwjgl_opengl.dll
0x00007ffc731f0000 - 0x00007ffc732f0000 	C:\Windows\SYSTEM32\opengl32.dll
0x00007ffc89f30000 - 0x00007ffc89f5d000 	C:\Windows\SYSTEM32\GLU32.dll
0x00007ffc8d2c0000 - 0x00007ffc8d2f8000 	C:\Windows\SYSTEM32\dxcore.dll
0x00007ffc7c8f0000 - 0x00007ffc7cb1e000 	C:\Windows\SYSTEM32\dbghelp.dll
0x00007ffc909b0000 - 0x00007ffc90a87000 	C:\Windows\System32\OLEAUT32.dll
0x00007ffc900f0000 - 0x00007ffc9016a000 	C:\Windows\System32\bcryptPrimitives.dll

VM Arguments:
jvm_args: -agentlib:jdwp=transport=dt_socket,address=127.0.0.1:60578,suspend=y,server=n -javaagent:C:\Users\hardm\AppData\Local\JetBrains\IdeaIC2023.2\captureAgent\debugger-agent.jar=file:/C:/Users/hardm/AppData/Local/Temp/capture.props -Dfile.encoding=UTF-8 
java_command: ru.BouH.engine.game.Game
java_class_path (initial): C:\Program Files\Java\jdk-1.8\jre\lib\charsets.jar;C:\Program Files\Java\jdk-1.8\jre\lib\deploy.jar;C:\Program Files\Java\jdk-1.8\jre\lib\ext\access-bridge-64.jar;C:\Program Files\Java\jdk-1.8\jre\lib\ext\cldrdata.jar;C:\Program Files\Java\jdk-1.8\jre\lib\ext\dnsns.jar;C:\Program Files\Java\jdk-1.8\jre\lib\ext\jaccess.jar;C:\Program Files\Java\jdk-1.8\jre\lib\ext\jfxrt.jar;C:\Program Files\Java\jdk-1.8\jre\lib\ext\localedata.jar;C:\Program Files\Java\jdk-1.8\jre\lib\ext\nashorn.jar;C:\Program Files\Java\jdk-1.8\jre\lib\ext\sunec.jar;C:\Program Files\Java\jdk-1.8\jre\lib\ext\sunjce_provider.jar;C:\Program Files\Java\jdk-1.8\jre\lib\ext\sunmscapi.jar;C:\Program Files\Java\jdk-1.8\jre\lib\ext\sunpkcs11.jar;C:\Program Files\Java\jdk-1.8\jre\lib\ext\zipfs.jar;C:\Program Files\Java\jdk-1.8\jre\lib\javaws.jar;C:\Program Files\Java\jdk-1.8\jre\lib\jce.jar;C:\Program Files\Java\jdk-1.8\jre\lib\jfr.jar;C:\Program Files\Java\jdk-1.8\jre\lib\jfxswt.jar;C:\Program Files\Java\jdk-1.8\jre\lib\jsse.jar;C:\Program Files\Java\jdk-1.8\jre\lib\management-agent.jar;C:\Program Files\Java\jdk-1.8\jre\lib\plugin.jar;C:\Program Files\Java\jdk-1.8\jre\lib\resources.jar;C:\Program Files\Java\jdk-1.8\jre\lib\rt.jar;F:\game_test1\target\classes;C:\Users\hardm\.m2\repository\io\imgui\java\binding\1.76-0.9\binding-1.76-0.9.jar;C:\Users\hardm\.m2\repository\io\imgui\java\lwjgl3\1.76-0.9\lwjgl3-1.76-0.9.jar;C:\Users\hardm\.m2\repository\io\imgui\java\natives-windows\1.76-0.9\natives-windows-1.76-0.9.jar;C:\Users\hardm\.m2\repository\javax\vecmath\vecmath\1.5.2\vecmath-1.5.2.jar;C:\Users\hardm\.m2\repository\com\github\stephengold\jbullet\1.0.2\jbullet-1.0.2.jar;C:\Users\hardm\.m2\repository\com\github\stephengold\stack-alloc\1.0.2\stack-alloc-1.0.2.jar;C:\Users\hardm\.m2\repository\io\netty\netty-all\4.1.89.Final\netty-all-4.1.89.Final.jar;C:\Users\hardm\.m2\repository\io\netty\netty-buffer\4.1.89.Final\netty-buffer-4.1.89.Final.jar;C:\Users\hardm\.m2\repository\io\nett
Launcher Type: SUN_STANDARD

Environment Variables:
JAVA_HOME=C:\Program Files\Java\jdk-1.8
PATH=C:\Program Files (x86)\Common Files\Oracle\Java\javapath;C:\Windows\system32;C:\Windows;C:\Windows\System32\Wbem;C:\Windows\System32\WindowsPowerShell\v1.0\;C:\Windows\System32\OpenSSH\;C:\Program Files\NVIDIA Corporation\NVIDIA NvDLISR;C:\Program Files\Git\cmd;C:\Program Files (x86)\NVIDIA Corporation\PhysX\Common;C:\Program Files\dotnet\;C:\Program Files\Java\jdk-1.8\bin;C:\Users\hardm\AppData\Local\Microsoft\WindowsApps;C:\Users\hardm\.dotnet\tools
USERNAME=hardm
OS=Windows_NT
PROCESSOR_IDENTIFIER=Intel64 Family 6 Model 151 Stepping 5, GenuineIntel



---------------  S Y S T E M  ---------------

OS: Windows 11 , 64 bit Build 22621 (10.0.22621.2070)

CPU:total 12 (initial active 12) (6 cores per cpu, 2 threads per core) family 6 model 151 stepping 5, cmov, cx8, fxsr, mmx, sse, sse2, sse3, ssse3, sse4.1, sse4.2, popcnt, avx, avx2, aes, clmul, erms, 3dnowpref, lzcnt, ht, tsc, tscinvbit, bmi1, bmi2, adx

Memory: 4k page, physical 33317992k(16464060k free), swap 42653652k(7786696k free)

vm_info: Java HotSpot(TM) 64-Bit Server VM (25.371-b11) for windows-amd64 JRE (1.8.0_371-b11), built on Mar 17 2023 04:03:45 by "java_re" with MS VC++ 17.1 (VS2022)

time: Wed Sep  6 14:54:10 2023
timezone: RTZ 2 ( Family 6 Model 151 Stepping 5, GenuineIntel
elapsed time: 0.779723 seconds (0d 0h 0m 0s)

