#
# A fatal error has been detected by the Java Runtime Environment:
#
#  EXCEPTION_ACCESS_VIOLATION (0xc0000005) at pc=0x00007ffcbf1271e2, pid=25420, tid=0x0000000000005dd0
#
# JRE version: Java(TM) SE Runtime Environment (8.0_371) (build 1.8.0_371-b11)
# Java VM: Java HotSpot(TM) 64-Bit Server VM (25.371-b11 mixed mode windows-amd64 compressed oops)
# Problematic frame:
# C  [jniBulletDynamics.dll+0x1071e2]
#
# Failed to write core dump. Minidumps are not enabled by default on client versions of Windows
#
# If you would like to submit a bug report, please visit:
#   http://bugreport.java.com/bugreport/crash.jsp
# The crash happened outside the Java Virtual Machine in native code.
# See problematic frame for where to report the bug.
#

---------------  T H R E A D  ---------------

Current thread (0x000002a9764bc800):  JavaThread "physics" [_thread_in_native, id=24016, stack(0x000000b33cc00000,0x000000b33cd00000)]

siginfo: ExceptionCode=0xc0000005, reading address 0xffffffffffffffff

Registers:
RAX=0x0000000000000008, RBX=0x000002a975eee740, RCX=0x000002a975eee740, RDX=0x0000000000000008
RSP=0x000000b33ccfeb20, RBP=0x0000000000000000, RSI=0x000002a977ac0aa0, RDI=0x55ecb08b00010021
R8 =0x0000000000000008, R9 =0x0000000000000000, R10=0x000002a9124a4430, R11=0x0000000000000008
R12=0x0000000000000000, R13=0x000002a978099580, R14=0x000002a977ac0b50, R15=0x0000000000000000
RIP=0x00007ffcbf1271e2, EFLAGS=0x0000000000010246

Top of Stack: (sp=0x000000b33ccfeb20)
0x000000b33ccfeb20:   000002a9764bc800 00007ffcbf17fb35
0x000000b33ccfeb30:   0000000000000010 00007ffcbf121ef5
0x000000b33ccfeb40:   000002a9764bc800 0000000000000010
0x000000b33ccfeb50:   0000000000000010 0000000000000010
0x000000b33ccfeb60:   0000000000000010 00007ffcbf125ace
0x000000b33ccfeb70:   000000b33ccfed18 000002a977ac0aa0
0x000000b33ccfeb80:   000002a977ac0aa0 0000000000000010
0x000000b33ccfeb90:   3f547ae140000000 0000000000000000
0x000000b33ccfeba0:   000002a977ac0aa0 00007ffcbf12735f
0x000000b33ccfebb0:   0000000000000010 000002a977ac0aa0
0x000000b33ccfebc0:   000002a978099588 000002a974ed7a10
0x000000b33ccfebd0:   3f947ae140000000 0000000000000000
0x000000b33ccfebe0:   000002a977ac0aa0 00007ffcbf03f770
0x000000b33ccfebf0:   000000b33ccfecd0 000002a9764bca00
0x000000b33ccfec00:   000000b33ccfed18 000002a95ffe4a01
0x000000b33ccfec10:   000002a900000000 000002a978099588 

Instructions: (pc=0x00007ffcbf1271e2)
0x00007ffcbf1271c2:   89 7b 7c 48 8b 4e 28 48 8b 9e c8 01 00 00 48 8b
0x00007ffcbf1271d2:   3b 48 8b 01 ff 50 40 44 8b c0 8b 56 0c 48 8b cb
0x00007ffcbf1271e2:   ff 57 08 4c 8b 8e c0 01 00 00 4c 8b c6 48 8b 56
0x00007ffcbf1271f2:   28 48 8b 8e d0 01 00 00 e8 61 be 05 00 48 8b 8e 


Register to memory mapping:

RAX=0x0000000000000008 is an unknown value
RBX=0x000002a975eee740 is an unknown value
RCX=0x000002a975eee740 is an unknown value
RDX=0x0000000000000008 is an unknown value
RSP=0x000000b33ccfeb20 is pointing into the stack for thread: 0x000002a9764bc800
RBP=0x0000000000000000 is an unknown value
RSI=0x000002a977ac0aa0 is an unknown value
RDI=0x55ecb08b00010021 is an unknown value
R8 =0x0000000000000008 is an unknown value
R9 =0x0000000000000000 is an unknown value
R10=0x000002a9124a4430 is an unknown value
R11=0x0000000000000008 is an unknown value
R12=0x0000000000000000 is an unknown value
R13=0x000002a978099580 is pointing into metadata
R14=0x000002a977ac0b50 is an unknown value
R15=0x0000000000000000 is an unknown value


Stack: [0x000000b33cc00000,0x000000b33cd00000],  sp=0x000000b33ccfeb20,  free space=1018k
Native frames: (J=compiled Java code, j=interpreted, Vv=VM code, C=native code)

Java frames: (J=compiled Java code, j=interpreted, Vv=VM code)
j  org.bytedeco.bullet.BulletDynamics.btDiscreteDynamicsWorld.stepSimulation(DID)I+0
j  ru.BouH.engine.physics.world.timer.BulletWorldTimer.updateTimer(I)V+216
j  ru.BouH.engine.physics.world.timer.PhysicThreadManager.lambda$initService$1()V+8
j  ru.BouH.engine.physics.world.timer.PhysicThreadManager$$Lambda$56.run()V+4
j  java.util.concurrent.ThreadPoolExecutor.runWorker(Ljava/util/concurrent/ThreadPoolExecutor$Worker;)V+95
j  java.util.concurrent.ThreadPoolExecutor$Worker.run()V+5
j  java.lang.Thread.run()V+11
v  ~StubRoutines::call_stub

---------------  P R O C E S S  ---------------

Java Threads: ( => current thread )
  0x000002a978ff1000 JavaThread "D3D Screen Updater" daemon [_thread_blocked, id=8568, stack(0x000000b33d3c0000,0x000000b33d4c0000)]
  0x000002a978fee800 JavaThread "AWT-EventQueue-0" [_thread_blocked, id=30176, stack(0x000000b33d2c0000,0x000000b33d3c0000)]
  0x000002a978df2800 JavaThread "AWT-Windows" daemon [_thread_in_native, id=6724, stack(0x000000b33cf00000,0x000000b33d000000)]
  0x000002a976456000 JavaThread "AWT-Shutdown" [_thread_blocked, id=25556, stack(0x000000b33ce00000,0x000000b33cf00000)]
  0x000002a976455800 JavaThread "Java2D Disposer" daemon [_thread_blocked, id=29180, stack(0x000000b33cd00000,0x000000b33ce00000)]
=>0x000002a9764bc800 JavaThread "physics" [_thread_in_native, id=24016, stack(0x000000b33cc00000,0x000000b33cd00000)]
  0x000002a977255000 JavaThread "physics" [_thread_blocked, id=21116, stack(0x000000b33cb00000,0x000000b33cc00000)]
  0x000002a95e57d000 JavaThread "DestroyJavaVM" [_thread_blocked, id=21328, stack(0x000000b33b000000,0x000000b33b100000)]
  0x000002a976945000 JavaThread "game" [_thread_in_vm, id=22252, stack(0x000000b33ca00000,0x000000b33cb00000)]
  0x000002a97620a000 JavaThread "JavaCPP Deallocator" daemon [_thread_blocked, id=27952, stack(0x000000b33c900000,0x000000b33ca00000)]
  0x000002a974f1f000 JavaThread "Service Thread" daemon [_thread_blocked, id=10492, stack(0x000000b33c700000,0x000000b33c800000)]
  0x000002a974e8e800 JavaThread "C1 CompilerThread3" daemon [_thread_blocked, id=23860, stack(0x000000b33c600000,0x000000b33c700000)]
  0x000002a974e8c000 JavaThread "C2 CompilerThread2" daemon [_thread_blocked, id=15756, stack(0x000000b33c500000,0x000000b33c600000)]
  0x000002a974e8b000 JavaThread "C2 CompilerThread1" daemon [_thread_blocked, id=1980, stack(0x000000b33c400000,0x000000b33c500000)]
  0x000002a974e89800 JavaThread "C2 CompilerThread0" daemon [_thread_blocked, id=17472, stack(0x000000b33c300000,0x000000b33c400000)]
  0x000002a974e1d000 JavaThread "JDWP Command Reader" daemon [_thread_in_native, id=26668, stack(0x000000b33c200000,0x000000b33c300000)]
  0x000002a974e17000 JavaThread "JDWP Event Helper Thread" daemon [_thread_blocked, id=24856, stack(0x000000b33c100000,0x000000b33c200000)]
  0x000002a974e14800 JavaThread "JDWP Transport Listener: dt_socket" daemon [_thread_blocked, id=4336, stack(0x000000b33c000000,0x000000b33c100000)]
  0x000002a972ae1000 JavaThread "Attach Listener" daemon [_thread_blocked, id=25532, stack(0x000000b33bf00000,0x000000b33c000000)]
  0x000002a972ae0000 JavaThread "Signal Dispatcher" daemon [_thread_blocked, id=27348, stack(0x000000b33be00000,0x000000b33bf00000)]
  0x000002a95e61a000 JavaThread "Finalizer" daemon [_thread_blocked, id=3132, stack(0x000000b33bd00000,0x000000b33be00000)]
  0x000002a95e619800 JavaThread "Reference Handler" daemon [_thread_blocked, id=29912, stack(0x000000b33bc00000,0x000000b33bd00000)]

Other Threads:
  0x000002a972a82800 VMThread [stack: 0x000000b33bb00000,0x000000b33bc00000] [id=28800]
  0x000002a974f6c000 WatcherThread [stack: 0x000000b33c800000,0x000000b33c900000] [id=16712]

VM state:not at safepoint (normal execution)

VM Mutex/Monitor currently owned by a thread: None

heap address: 0x00000005c3800000, size: 8136 MB, Compressed Oops mode: Zero based, Oop shift amount: 3
Narrow klass base: 0x0000000000000000, Narrow klass shift: 3
Compressed class space size: 1073741824 Address: 0x00000007c0000000

Heap:
 PSYoungGen      total 152576K, used 53863K [0x0000000716800000, 0x0000000721200000, 0x00000007c0000000)
  eden space 131072K, 41% used [0x0000000716800000,0x0000000719c99c08,0x000000071e800000)
  from space 21504K, 0% used [0x000000071fd00000,0x000000071fd00000,0x0000000721200000)
  to   space 21504K, 0% used [0x000000071e800000,0x000000071e800000,0x000000071fd00000)
 ParOldGen       total 237056K, used 5204K [0x00000005c3800000, 0x00000005d1f80000, 0x0000000716800000)
  object space 237056K, 2% used [0x00000005c3800000,0x00000005c3d152e8,0x00000005d1f80000)
 Metaspace       used 28705K, capacity 29154K, committed 29568K, reserved 1075200K
  class space    used 3164K, capacity 3333K, committed 3456K, reserved 1048576K

Card table byte_map: [0x000002a96f380000,0x000002a970370000] byte_map_base: 0x000002a96c564000

Marking Bits: (ParMarkBitMap*) 0x0000000059ddd980
 Begin Bits: [0x000002a900000000, 0x000002a907f20000)
 End Bits:   [0x000002a907f20000, 0x000002a90fe40000)

Polling page: 0x000002a95e6b0000

CodeCache: size=245760Kb used=8309Kb max_used=8309Kb free=237450Kb
 bounds [0x000002a95ffc0000, 0x000002a9607f0000, 0x000002a96efc0000]
 total_blobs=3265 nmethods=2046 adapters=1139
 compilation: enabled

Compilation events (10 events):
Event: 2.860 Thread 0x000002a974e8e800 2031       3       java.lang.Character::hashCode (2 bytes)
Event: 2.860 Thread 0x000002a974e8e800 nmethod 2031 0x000002a9607d5450 code [0x000002a9607d55a0, 0x000002a9607d56d8]
Event: 2.861 Thread 0x000002a974e8e800 2034       1       java.lang.Float::floatValue (5 bytes)
Event: 2.861 Thread 0x000002a974e8e800 nmethod 2034 0x000002a9607d5750 code [0x000002a9607d58a0, 0x000002a9607d59b8]
Event: 2.861 Thread 0x000002a974e8e800 2032       1       ru.BouH.engine.render.scene.objects.gui.AbstractGui::getzLevel (5 bytes)
Event: 2.861 Thread 0x000002a974e8e800 nmethod 2032 0x000002a9607d5a10 code [0x000002a9607d5b60, 0x000002a9607d5c78]
Event: 2.861 Thread 0x000002a974e8e800 2033       1       ru.BouH.engine.render.scene.objects.gui.font.FontTexture$CharInfo::getStartX (5 bytes)
Event: 2.861 Thread 0x000002a974e8e800 nmethod 2033 0x000002a9607d5cd0 code [0x000002a9607d5e20, 0x000002a9607d5f38]
Event: 2.863 Thread 0x000002a974e8e800 2035       1       java.util.Formatter::access$000 (5 bytes)
Event: 2.863 Thread 0x000002a974e8e800 nmethod 2035 0x000002a9607d6190 code [0x000002a9607d62e0, 0x000002a9607d63d8]

GC Heap History (6 events):
Event: 0.769 GC heap before
{Heap before GC invocations=1 (full 0):
 PSYoungGen      total 152576K, used 131072K [0x0000000716800000, 0x0000000721200000, 0x00000007c0000000)
  eden space 131072K, 100% used [0x0000000716800000,0x000000071e800000,0x000000071e800000)
  from space 21504K, 0% used [0x000000071fd00000,0x000000071fd00000,0x0000000721200000)
  to   space 21504K, 0% used [0x000000071e800000,0x000000071e800000,0x000000071fd00000)
 ParOldGen       total 348160K, used 0K [0x00000005c3800000, 0x00000005d8c00000, 0x0000000716800000)
  object space 348160K, 0% used [0x00000005c3800000,0x00000005c3800000,0x00000005d8c00000)
 Metaspace       used 15505K, capacity 15732K, committed 15872K, reserved 1062912K
  class space    used 1925K, capacity 2010K, committed 2048K, reserved 1048576K
Event: 0.774 GC heap after
Heap after GC invocations=1 (full 0):
 PSYoungGen      total 152576K, used 8083K [0x0000000716800000, 0x0000000721200000, 0x00000007c0000000)
  eden space 131072K, 0% used [0x0000000716800000,0x0000000716800000,0x000000071e800000)
  from space 21504K, 37% used [0x000000071e800000,0x000000071efe4fd0,0x000000071fd00000)
  to   space 21504K, 0% used [0x000000071fd00000,0x000000071fd00000,0x0000000721200000)
 ParOldGen       total 348160K, used 16K [0x00000005c3800000, 0x00000005d8c00000, 0x0000000716800000)
  object space 348160K, 0% used [0x00000005c3800000,0x00000005c3804000,0x00000005d8c00000)
 Metaspace       used 15505K, capacity 15732K, committed 15872K, reserved 1062912K
  class space    used 1925K, capacity 2010K, committed 2048K, reserved 1048576K
}
Event: 1.119 GC heap before
{Heap before GC invocations=2 (full 0):
 PSYoungGen      total 152576K, used 50875K [0x0000000716800000, 0x0000000721200000, 0x00000007c0000000)
  eden space 131072K, 32% used [0x0000000716800000,0x00000007191c9ec8,0x000000071e800000)
  from space 21504K, 37% used [0x000000071e800000,0x000000071efe4fd0,0x000000071fd00000)
  to   space 21504K, 0% used [0x000000071fd00000,0x000000071fd00000,0x0000000721200000)
 ParOldGen       total 348160K, used 16K [0x00000005c3800000, 0x00000005d8c00000, 0x0000000716800000)
  object space 348160K, 0% used [0x00000005c3800000,0x00000005c3804000,0x00000005d8c00000)
 Metaspace       used 20787K, capacity 21140K, committed 21296K, reserved 1069056K
  class space    used 2522K, capacity 2667K, committed 2688K, reserved 1048576K
Event: 1.123 GC heap after
Heap after GC invocations=2 (full 0):
 PSYoungGen      total 152576K, used 5453K [0x0000000716800000, 0x0000000721200000, 0x00000007c0000000)
  eden space 131072K, 0% used [0x0000000716800000,0x0000000716800000,0x000000071e800000)
  from space 21504K, 25% used [0x000000071fd00000,0x0000000720253798,0x0000000721200000)
  to   space 21504K, 0% used [0x000000071e800000,0x000000071e800000,0x000000071fd00000)
 ParOldGen       total 348160K, used 24K [0x00000005c3800000, 0x00000005d8c00000, 0x0000000716800000)
  object space 348160K, 0% used [0x00000005c3800000,0x00000005c3806000,0x00000005d8c00000)
 Metaspace       used 20787K, capacity 21140K, committed 21296K, reserved 1069056K
  class space    used 2522K, capacity 2667K, committed 2688K, reserved 1048576K
}
Event: 1.123 GC heap before
{Heap before GC invocations=3 (full 1):
 PSYoungGen      total 152576K, used 5453K [0x0000000716800000, 0x0000000721200000, 0x00000007c0000000)
  eden space 131072K, 0% used [0x0000000716800000,0x0000000716800000,0x000000071e800000)
  from space 21504K, 25% used [0x000000071fd00000,0x0000000720253798,0x0000000721200000)
  to   space 21504K, 0% used [0x000000071e800000,0x000000071e800000,0x000000071fd00000)
 ParOldGen       total 348160K, used 24K [0x00000005c3800000, 0x00000005d8c00000, 0x0000000716800000)
  object space 348160K, 0% used [0x00000005c3800000,0x00000005c3806000,0x00000005d8c00000)
 Metaspace       used 20787K, capacity 21140K, committed 21296K, reserved 1069056K
  class space    used 2522K, capacity 2667K, committed 2688K, reserved 1048576K
Event: 1.150 GC heap after
Heap after GC invocations=3 (full 1):
 PSYoungGen      total 152576K, used 0K [0x0000000716800000, 0x0000000721200000, 0x00000007c0000000)
  eden space 131072K, 0% used [0x0000000716800000,0x0000000716800000,0x000000071e800000)
  from space 21504K, 0% used [0x000000071fd00000,0x000000071fd00000,0x0000000721200000)
  to   space 21504K, 0% used [0x000000071e800000,0x000000071e800000,0x000000071fd00000)
 ParOldGen       total 237056K, used 5204K [0x00000005c3800000, 0x00000005d1f80000, 0x0000000716800000)
  object space 237056K, 2% used [0x00000005c3800000,0x00000005c3d152e8,0x00000005d1f80000)
 Metaspace       used 20772K, capacity 21092K, committed 21296K, reserved 1069056K
  class space    used 2517K, capacity 2659K, committed 2688K, reserved 1048576K
}

Deoptimization events (10 events):
Event: 1.152 Thread 0x000002a976945000 Uncommon trap: reason=unstable_if action=reinterpret pc=0x000002a9603975f0 method=java.util.HashMap.hash(Ljava/lang/Object;)I @ 1
Event: 1.153 Thread 0x000002a976945000 Uncommon trap: reason=unstable_if action=reinterpret pc=0x000002a96030b3e0 method=java.util.HashMap.hash(Ljava/lang/Object;)I @ 1
Event: 1.175 Thread 0x000002a978df2800 Uncommon trap: reason=unstable_if action=reinterpret pc=0x000002a960609098 method=com.intellij.rt.debugger.agent.CaptureAgent$CaptureTransformer.transform(Ljava/lang/ClassLoader;Ljava/lang/String;Ljava/lang/Class;Ljava/security/ProtectionDomain;[B)[B @ 36
Event: 1.442 Thread 0x000002a976945000 Uncommon trap: reason=unstable_if action=reinterpret pc=0x000002a96012b8d8 method=sun.nio.cs.SingleByte$Encoder.encode(C)I @ 13
Event: 1.445 Thread 0x000002a976945000 Uncommon trap: reason=unstable_if action=reinterpret pc=0x000002a96067b8e0 method=java.lang.Character.isSurrogate(C)Z @ 3
Event: 1.445 Thread 0x000002a976945000 Uncommon trap: reason=unstable_if action=reinterpret pc=0x000002a960678230 method=java.lang.Character.isSurrogate(C)Z @ 3
Event: 1.449 Thread 0x000002a976945000 Uncommon trap: reason=unstable_if action=reinterpret pc=0x000002a9604e4fbc method=java.io.File.getParent()Ljava/lang/String; @ 16
Event: 1.450 Thread 0x000002a976945000 Uncommon trap: reason=unstable_if action=reinterpret pc=0x000002a960246ecc method=java.lang.CharacterData.of(I)Ljava/lang/CharacterData; @ 4
Event: 1.515 Thread 0x000002a976945000 Uncommon trap: reason=class_check action=maybe_recompile pc=0x000002a9605632ac method=java.util.AbstractList$Itr.hasNext()Z @ 8
Event: 2.813 Thread 0x000002a976945000 Uncommon trap: reason=unstable_if action=reinterpret pc=0x000002a960662a8c method=jdk.internal.org.objectweb.asm.Type.getArgumentsAndReturnSizes(Ljava/lang/String;)I @ 88

Classes redefined (0 events):
No events

Internal exceptions (10 events):
Event: 1.119 Thread 0x000002a976945000 Implicit null exception at 0x000002a96031bd19 to 0x000002a96031c219
Event: 1.119 Thread 0x000002a976945000 Implicit null exception at 0x000002a960214556 to 0x000002a960214a19
Event: 1.152 Thread 0x000002a976945000 Implicit null exception at 0x000002a960382c14 to 0x000002a960382ec1
Event: 1.152 Thread 0x000002a976945000 Implicit null exception at 0x000002a960396ddb to 0x000002a9603975d9
Event: 1.153 Thread 0x000002a976945000 Implicit null exception at 0x000002a96030b2ef to 0x000002a96030b3d1
Event: 1.341 Thread 0x000002a976945000 Exception <a 'sun/nio/fs/WindowsException'> (0x00000007172cf580) thrown at [C:\jenkins\workspace\8-2-build-windows-x64-cygwin\jdk8u371\3355\hotspot\src\share\vm\prims\jni.cpp, line 710]
Event: 1.341 Thread 0x000002a976945000 Exception <a 'sun/nio/fs/WindowsException'> (0x00000007172cfcb8) thrown at [C:\jenkins\workspace\8-2-build-windows-x64-cygwin\jdk8u371\3355\hotspot\src\share\vm\prims\jni.cpp, line 710]
Event: 1.342 Thread 0x000002a976945000 Exception <a 'sun/nio/fs/WindowsException'> (0x00000007172e5940) thrown at [C:\jenkins\workspace\8-2-build-windows-x64-cygwin\jdk8u371\3355\hotspot\src\share\vm\prims\jni.cpp, line 710]
Event: 1.342 Thread 0x000002a976945000 Exception <a 'sun/nio/fs/WindowsException'> (0x00000007172e5f30) thrown at [C:\jenkins\workspace\8-2-build-windows-x64-cygwin\jdk8u371\3355\hotspot\src\share\vm\prims\jni.cpp, line 710]
Event: 2.813 Thread 0x000002a976945000 Exception <a 'java/lang/NoSuchMethodError': java.lang.Object.lambda$comparing$77a9974f$1(Ljava/util/function/Function;Ljava/lang/Object;Ljava/lang/Object;)I> (0x000000071952c298) thrown at [C:\jenkins\workspace\8-2-build-windows-x64-cygwin\jdk8u371\3355\h

Events (10 events):
Event: 2.860 Thread 0x000002a976945000 DEOPT PACKING pc=0x000002a9601cb024 sp=0x000000b33cafd360
Event: 2.860 Thread 0x000002a976945000 DEOPT UNPACKING pc=0x000002a960007918 sp=0x000000b33cafd180 mode 1
Event: 2.862 loading class sun/misc/FormattedFloatingDecimal$Form
Event: 2.862 loading class sun/misc/FormattedFloatingDecimal$Form done
Event: 2.863 loading class sun/misc/FormattedFloatingDecimal
Event: 2.863 loading class sun/misc/FormattedFloatingDecimal done
Event: 2.863 loading class sun/misc/FormattedFloatingDecimal$1
Event: 2.863 loading class sun/misc/FormattedFloatingDecimal$1 done
Event: 2.863 loading class sun/misc/FormattedFloatingDecimal$2
Event: 2.863 loading class sun/misc/FormattedFloatingDecimal$2 done


Dynamic libraries:
0x00007ff756c70000 - 0x00007ff756cba000 	C:\Program Files\Java\jdk-1.8\bin\java.exe
0x00007ffdea870000 - 0x00007ffdeaa84000 	C:\Windows\SYSTEM32\ntdll.dll
0x00007ffde96c0000 - 0x00007ffde9784000 	C:\Windows\System32\KERNEL32.DLL
0x00007ffde7db0000 - 0x00007ffde8154000 	C:\Windows\System32\KERNELBASE.dll
0x00007ffde5000000 - 0x00007ffde5097000 	C:\Windows\SYSTEM32\apphelp.dll
0x00007ffdea6a0000 - 0x00007ffdea750000 	C:\Windows\System32\ADVAPI32.dll
0x00007ffdea320000 - 0x00007ffdea3c7000 	C:\Windows\System32\msvcrt.dll
0x00007ffde8d20000 - 0x00007ffde8dc6000 	C:\Windows\System32\sechost.dll
0x00007ffde8dd0000 - 0x00007ffde8ee7000 	C:\Windows\System32\RPCRT4.dll
0x00007ffde8600000 - 0x00007ffde87ae000 	C:\Windows\System32\USER32.dll
0x00007ffde8200000 - 0x00007ffde8226000 	C:\Windows\System32\win32u.dll
0x00007ffde8810000 - 0x00007ffde8839000 	C:\Windows\System32\GDI32.dll
0x00007ffde8420000 - 0x00007ffde8538000 	C:\Windows\System32\gdi32full.dll
0x00007ffde8160000 - 0x00007ffde81fa000 	C:\Windows\System32\msvcp_win.dll
0x00007ffde7c90000 - 0x00007ffde7da1000 	C:\Windows\System32\ucrtbase.dll
0x00007ffdd2ae0000 - 0x00007ffdd2d73000 	C:\Windows\WinSxS\amd64_microsoft.windows.common-controls_6595b64144ccf1df_6.0.22621.2215_none_270d72677387dfc3\COMCTL32.dll
0x00007ffde9ab0000 - 0x00007ffde9ae1000 	C:\Windows\System32\IMM32.DLL
0x00007ffdbd890000 - 0x00007ffdbd8ab000 	C:\Program Files\Java\jdk-1.8\jre\bin\vcruntime140.dll
0x00007ffdd6c20000 - 0x00007ffdd6c2c000 	C:\Program Files\Java\jdk-1.8\jre\bin\vcruntime140_1.dll
0x00007ffdbd800000 - 0x00007ffdbd88e000 	C:\Program Files\Java\jdk-1.8\jre\bin\msvcp140.dll
0x00000000595b0000 - 0x0000000059e57000 	C:\Program Files\Java\jdk-1.8\jre\bin\server\jvm.dll
0x00007ffde9060000 - 0x00007ffde9068000 	C:\Windows\System32\PSAPI.DLL
0x00007ffdd6be0000 - 0x00007ffdd6be9000 	C:\Windows\SYSTEM32\WSOCK32.dll
0x00007ffde1260000 - 0x00007ffde126a000 	C:\Windows\SYSTEM32\VERSION.dll
0x00007ffdd67e0000 - 0x00007ffdd6814000 	C:\Windows\SYSTEM32\WINMM.dll
0x00007ffde8fe0000 - 0x00007ffde9051000 	C:\Windows\System32\WS2_32.dll
0x00007ffde6d10000 - 0x00007ffde6d28000 	C:\Windows\SYSTEM32\kernel.appcore.dll
0x00007ffdd6b50000 - 0x00007ffdd6b60000 	C:\Program Files\Java\jdk-1.8\jre\bin\verify.dll
0x00007ffdbd7d0000 - 0x00007ffdbd7fb000 	C:\Program Files\Java\jdk-1.8\jre\bin\java.dll
0x00007ffd634e0000 - 0x00007ffd63516000 	C:\Program Files\Java\jdk-1.8\jre\bin\jdwp.dll
0x00007ffdda310000 - 0x00007ffdda319000 	C:\Program Files\Java\jdk-1.8\jre\bin\npt.dll
0x00007ffd3fb20000 - 0x00007ffd3fb54000 	C:\Program Files\Java\jdk-1.8\jre\bin\instrument.dll
0x00007ffdbd7b0000 - 0x00007ffdbd7c8000 	C:\Program Files\Java\jdk-1.8\jre\bin\zip.dll
0x00007ffde9af0000 - 0x00007ffdea313000 	C:\Windows\System32\SHELL32.dll
0x00007ffde5bc0000 - 0x00007ffde64aa000 	C:\Windows\SYSTEM32\windows.storage.dll
0x00007ffde8840000 - 0x00007ffde8bca000 	C:\Windows\System32\combase.dll
0x00007ffde5a80000 - 0x00007ffde5bbe000 	C:\Windows\SYSTEM32\wintypes.dll
0x00007ffde99b0000 - 0x00007ffde9aa3000 	C:\Windows\System32\SHCORE.dll
0x00007ffdea7d0000 - 0x00007ffdea82e000 	C:\Windows\System32\shlwapi.dll
0x00007ffde7b50000 - 0x00007ffde7b76000 	C:\Windows\SYSTEM32\profapi.dll
0x00007ffdc04a0000 - 0x00007ffdc04aa000 	C:\Program Files\Java\jdk-1.8\jre\bin\dt_socket.dll
0x00007ffde71e0000 - 0x00007ffde7249000 	C:\Windows\system32\mswsock.dll
0x00007ffdbb8e0000 - 0x00007ffdbb8ed000 	C:\Program Files\Java\jdk-1.8\jre\bin\management.dll
0x00007ffdbd320000 - 0x00007ffdbd33c000 	C:\Program Files\Java\jdk-1.8\jre\bin\net.dll
0x00007ffda9220000 - 0x00007ffda9237000 	C:\Windows\system32\napinsp.dll
0x00007ffda9200000 - 0x00007ffda921b000 	C:\Windows\system32\pnrpnsp.dll
0x00007ffde67f0000 - 0x00007ffde68e2000 	C:\Windows\SYSTEM32\DNSAPI.dll
0x00007ffde6780000 - 0x00007ffde67ad000 	C:\Windows\SYSTEM32\IPHLPAPI.DLL
0x00007ffde9230000 - 0x00007ffde9239000 	C:\Windows\System32\NSI.dll
0x00007ffda91e0000 - 0x00007ffda91f1000 	C:\Windows\System32\winrnr.dll
0x00007ffde0d10000 - 0x00007ffde0d25000 	C:\Windows\system32\wshbth.dll
0x00007ffda9170000 - 0x00007ffda9191000 	C:\Windows\system32\nlansp_c.dll
0x00007ffddf050000 - 0x00007ffddf05a000 	C:\Windows\System32\rasadhlp.dll
0x00007ffde07a0000 - 0x00007ffde0824000 	C:\Windows\System32\fwpuclnt.dll
0x00007ffdbd300000 - 0x00007ffdbd313000 	C:\Program Files\Java\jdk-1.8\jre\bin\nio.dll
0x000002a95e790000 - 0x000002a95e794000 	C:\Users\hardm\.javacpp\cache\javacpp-1.5.9-windows-x86_64.jar\org\bytedeco\javacpp\windows-x86_64\api-ms-win-crt-locale-l1-1-0.dll
0x000002a95e7a0000 - 0x000002a95e7a5000 	C:\Users\hardm\.javacpp\cache\javacpp-1.5.9-windows-x86_64.jar\org\bytedeco\javacpp\windows-x86_64\api-ms-win-crt-string-l1-1-0.dll
0x000002a95e7b0000 - 0x000002a95e7b5000 	C:\Users\hardm\.javacpp\cache\javacpp-1.5.9-windows-x86_64.jar\org\bytedeco\javacpp\windows-x86_64\api-ms-win-crt-stdio-l1-1-0.dll
0x000002a95e7c0000 - 0x000002a95e7c6000 	C:\Users\hardm\.javacpp\cache\javacpp-1.5.9-windows-x86_64.jar\org\bytedeco\javacpp\windows-x86_64\api-ms-win-crt-math-l1-1-0.dll
0x000002a95e7d0000 - 0x000002a95e7d4000 	C:\Users\hardm\.javacpp\cache\javacpp-1.5.9-windows-x86_64.jar\org\bytedeco\javacpp\windows-x86_64\api-ms-win-crt-heap-l1-1-0.dll
0x000002a95e7e0000 - 0x000002a95e7e5000 	C:\Users\hardm\.javacpp\cache\javacpp-1.5.9-windows-x86_64.jar\org\bytedeco\javacpp\windows-x86_64\api-ms-win-crt-runtime-l1-1-0.dll
0x000002a95e7f0000 - 0x000002a95e7f5000 	C:\Users\hardm\.javacpp\cache\javacpp-1.5.9-windows-x86_64.jar\org\bytedeco\javacpp\windows-x86_64\api-ms-win-crt-convert-l1-1-0.dll
0x000002a95e800000 - 0x000002a95e804000 	C:\Users\hardm\.javacpp\cache\javacpp-1.5.9-windows-x86_64.jar\org\bytedeco\javacpp\windows-x86_64\api-ms-win-crt-environment-l1-1-0.dll
0x000002a972810000 - 0x000002a972814000 	C:\Users\hardm\.javacpp\cache\javacpp-1.5.9-windows-x86_64.jar\org\bytedeco\javacpp\windows-x86_64\api-ms-win-crt-time-l1-1-0.dll
0x000002a972820000 - 0x000002a972824000 	C:\Users\hardm\.javacpp\cache\javacpp-1.5.9-windows-x86_64.jar\org\bytedeco\javacpp\windows-x86_64\api-ms-win-crt-filesystem-l1-1-0.dll
0x000002a972830000 - 0x000002a972834000 	C:\Users\hardm\.javacpp\cache\javacpp-1.5.9-windows-x86_64.jar\org\bytedeco\javacpp\windows-x86_64\api-ms-win-crt-utility-l1-1-0.dll
0x000002a972840000 - 0x000002a972846000 	C:\Users\hardm\.javacpp\cache\javacpp-1.5.9-windows-x86_64.jar\org\bytedeco\javacpp\windows-x86_64\api-ms-win-crt-multibyte-l1-1-0.dll
0x000002a972850000 - 0x000002a972854000 	C:\Users\hardm\.javacpp\cache\javacpp-1.5.9-windows-x86_64.jar\org\bytedeco\javacpp\windows-x86_64\api-ms-win-crt-conio-l1-1-0.dll
0x000002a972860000 - 0x000002a972871000 	C:\Users\hardm\.javacpp\cache\javacpp-1.5.9-windows-x86_64.jar\org\bytedeco\javacpp\windows-x86_64\api-ms-win-crt-private-l1-1-0.dll
0x000002a972880000 - 0x000002a972884000 	C:\Users\hardm\.javacpp\cache\javacpp-1.5.9-windows-x86_64.jar\org\bytedeco\javacpp\windows-x86_64\api-ms-win-crt-process-l1-1-0.dll
0x000002a972890000 - 0x000002a972894000 	C:\Users\hardm\.javacpp\cache\javacpp-1.5.9-windows-x86_64.jar\org\bytedeco\javacpp\windows-x86_64\api-ms-win-core-console-l1-2-0.dll
0x000002a9728a0000 - 0x000002a9728a4000 	C:\Users\hardm\.javacpp\cache\javacpp-1.5.9-windows-x86_64.jar\org\bytedeco\javacpp\windows-x86_64\api-ms-win-core-string-l1-1-0.dll
0x000002a9728b0000 - 0x000002a9728b4000 	C:\Users\hardm\.javacpp\cache\javacpp-1.5.9-windows-x86_64.jar\org\bytedeco\javacpp\windows-x86_64\api-ms-win-core-errorhandling-l1-1-0.dll
0x000002a9728c0000 - 0x000002a9728c4000 	C:\Users\hardm\.javacpp\cache\javacpp-1.5.9-windows-x86_64.jar\org\bytedeco\javacpp\windows-x86_64\api-ms-win-core-timezone-l1-1-0.dll
0x000002a9728d0000 - 0x000002a9728d5000 	C:\Users\hardm\.javacpp\cache\javacpp-1.5.9-windows-x86_64.jar\org\bytedeco\javacpp\windows-x86_64\api-ms-win-core-file-l1-1-0.dll
0x000002a9728e0000 - 0x000002a9728e4000 	C:\Users\hardm\.javacpp\cache\javacpp-1.5.9-windows-x86_64.jar\org\bytedeco\javacpp\windows-x86_64\api-ms-win-core-namedpipe-l1-1-0.dll
0x000002a976be0000 - 0x000002a976be4000 	C:\Users\hardm\.javacpp\cache\javacpp-1.5.9-windows-x86_64.jar\org\bytedeco\javacpp\windows-x86_64\api-ms-win-core-handle-l1-1-0.dll
0x000002a976bf0000 - 0x000002a976bf4000 	C:\Users\hardm\.javacpp\cache\javacpp-1.5.9-windows-x86_64.jar\org\bytedeco\javacpp\windows-x86_64\api-ms-win-core-file-l2-1-0.dll
0x000002a976c00000 - 0x000002a976c04000 	C:\Users\hardm\.javacpp\cache\javacpp-1.5.9-windows-x86_64.jar\org\bytedeco\javacpp\windows-x86_64\api-ms-win-core-heap-l1-1-0.dll
0x000002a976c10000 - 0x000002a976c14000 	C:\Users\hardm\.javacpp\cache\javacpp-1.5.9-windows-x86_64.jar\org\bytedeco\javacpp\windows-x86_64\api-ms-win-core-libraryloader-l1-1-0.dll
0x000002a978130000 - 0x000002a978134000 	C:\Users\hardm\.javacpp\cache\javacpp-1.5.9-windows-x86_64.jar\org\bytedeco\javacpp\windows-x86_64\api-ms-win-core-synch-l1-1-0.dll
0x000002a978140000 - 0x000002a978144000 	C:\Users\hardm\.javacpp\cache\javacpp-1.5.9-windows-x86_64.jar\org\bytedeco\javacpp\windows-x86_64\api-ms-win-core-processthreads-l1-1-0.dll
0x000002a978150000 - 0x000002a978154000 	C:\Users\hardm\.javacpp\cache\javacpp-1.5.9-windows-x86_64.jar\org\bytedeco\javacpp\windows-x86_64\api-ms-win-core-processenvironment-l1-1-0.dll
0x000002a978160000 - 0x000002a978164000 	C:\Users\hardm\.javacpp\cache\javacpp-1.5.9-windows-x86_64.jar\org\bytedeco\javacpp\windows-x86_64\api-ms-win-core-datetime-l1-1-0.dll
0x000002a978170000 - 0x000002a978174000 	C:\Users\hardm\.javacpp\cache\javacpp-1.5.9-windows-x86_64.jar\org\bytedeco\javacpp\windows-x86_64\api-ms-win-core-localization-l1-2-0.dll
0x000002a978180000 - 0x000002a978184000 	C:\Users\hardm\.javacpp\cache\javacpp-1.5.9-windows-x86_64.jar\org\bytedeco\javacpp\windows-x86_64\api-ms-win-core-sysinfo-l1-1-0.dll
0x000002a978190000 - 0x000002a978194000 	C:\Users\hardm\.javacpp\cache\javacpp-1.5.9-windows-x86_64.jar\org\bytedeco\javacpp\windows-x86_64\api-ms-win-core-synch-l1-2-0.dll
0x000002a9781a0000 - 0x000002a9781a4000 	C:\Users\hardm\.javacpp\cache\javacpp-1.5.9-windows-x86_64.jar\org\bytedeco\javacpp\windows-x86_64\api-ms-win-core-console-l1-1-0.dll
0x000002a9781b0000 - 0x000002a9781b4000 	C:\Users\hardm\.javacpp\cache\javacpp-1.5.9-windows-x86_64.jar\org\bytedeco\javacpp\windows-x86_64\api-ms-win-core-debug-l1-1-0.dll
0x000002a9781c0000 - 0x000002a9781c4000 	C:\Users\hardm\.javacpp\cache\javacpp-1.5.9-windows-x86_64.jar\org\bytedeco\javacpp\windows-x86_64\api-ms-win-core-rtlsupport-l1-1-0.dll
0x000002a9781d0000 - 0x000002a9781d4000 	C:\Users\hardm\.javacpp\cache\javacpp-1.5.9-windows-x86_64.jar\org\bytedeco\javacpp\windows-x86_64\api-ms-win-core-processthreads-l1-1-1.dll
0x000002a9781e0000 - 0x000002a9781e4000 	C:\Users\hardm\.javacpp\cache\javacpp-1.5.9-windows-x86_64.jar\org\bytedeco\javacpp\windows-x86_64\api-ms-win-core-file-l1-2-0.dll
0x000002a9781f0000 - 0x000002a9781f4000 	C:\Users\hardm\.javacpp\cache\javacpp-1.5.9-windows-x86_64.jar\org\bytedeco\javacpp\windows-x86_64\api-ms-win-core-profile-l1-1-0.dll
0x000002a978200000 - 0x000002a978204000 	C:\Users\hardm\.javacpp\cache\javacpp-1.5.9-windows-x86_64.jar\org\bytedeco\javacpp\windows-x86_64\api-ms-win-core-memory-l1-1-0.dll
0x000002a978210000 - 0x000002a978214000 	C:\Users\hardm\.javacpp\cache\javacpp-1.5.9-windows-x86_64.jar\org\bytedeco\javacpp\windows-x86_64\api-ms-win-core-util-l1-1-0.dll
0x000002a978220000 - 0x000002a978224000 	C:\Users\hardm\.javacpp\cache\javacpp-1.5.9-windows-x86_64.jar\org\bytedeco\javacpp\windows-x86_64\api-ms-win-core-interlocked-l1-1-0.dll
0x00007ffd27520000 - 0x00007ffd27631000 	C:\Users\hardm\.javacpp\cache\javacpp-1.5.9-windows-x86_64.jar\org\bytedeco\javacpp\windows-x86_64\ucrtbase.dll
0x00007ffd66860000 - 0x00007ffd6687b000 	C:\Users\hardm\.javacpp\cache\javacpp-1.5.9-windows-x86_64.jar\org\bytedeco\javacpp\windows-x86_64\vcruntime140.dll
0x00007ffdbb8d0000 - 0x00007ffdbb8dc000 	C:\Users\hardm\.javacpp\cache\javacpp-1.5.9-windows-x86_64.jar\org\bytedeco\javacpp\windows-x86_64\vcruntime140_1.dll
0x00007ffcff970000 - 0x00007ffcff9fd000 	C:\Users\hardm\.javacpp\cache\javacpp-1.5.9-windows-x86_64.jar\org\bytedeco\javacpp\windows-x86_64\msvcp140.dll
0x00007ffdbafb0000 - 0x00007ffdbafb9000 	C:\Users\hardm\.javacpp\cache\javacpp-1.5.9-windows-x86_64.jar\org\bytedeco\javacpp\windows-x86_64\msvcp140_1.dll
0x00007ffcc0150000 - 0x00007ffcc019e000 	C:\Users\hardm\.javacpp\cache\javacpp-1.5.9-windows-x86_64.jar\org\bytedeco\javacpp\windows-x86_64\concrt140.dll
0x00007ffcd7390000 - 0x00007ffcd73c1000 	C:\Users\hardm\.javacpp\cache\javacpp-1.5.9-windows-x86_64.jar\org\bytedeco\javacpp\windows-x86_64\vcomp140.dll
0x00007ffda2260000 - 0x00007ffda226f000 	C:\Users\hardm\.javacpp\cache\javacpp-1.5.9-windows-x86_64.jar\org\bytedeco\javacpp\windows-x86_64\jnijavacpp.dll
0x00007ffcc0070000 - 0x00007ffcc0150000 	C:\Users\hardm\.javacpp\cache\bullet-3.25-1.5.9-windows-x86_64.jar\org\bytedeco\bullet\windows-x86_64\jniLinearMath.dll
0x00007ffcbf260000 - 0x00007ffcbf4c0000 	C:\Users\hardm\.javacpp\cache\bullet-3.25-1.5.9-windows-x86_64.jar\org\bytedeco\bullet\windows-x86_64\jniBulletCollision.dll
0x00007ffcbf020000 - 0x00007ffcbf260000 	C:\Users\hardm\.javacpp\cache\bullet-3.25-1.5.9-windows-x86_64.jar\org\bytedeco\bullet\windows-x86_64\jniBulletDynamics.dll
0x00007ffcbfff0000 - 0x00007ffcc0065000 	C:\Users\hardm\AppData\Local\Temp\lwjglhardm\3.3.1-build-7\lwjgl.dll
0x00007ffcbfc30000 - 0x00007ffcbfc91000 	C:\Users\hardm\AppData\Local\Temp\lwjglhardm\3.3.1-build-7\glfw.dll
0x00007ffcbfab0000 - 0x00007ffcbfc2e000 	C:\Program Files\Java\jdk-1.8\jre\bin\awt.dll
0x00007ffde8f00000 - 0x00007ffde8fd7000 	C:\Windows\System32\OLEAUT32.dll
0x00007ffde5380000 - 0x00007ffde53ab000 	C:\Windows\system32\DWMAPI.DLL
0x00007ffde5100000 - 0x00007ffde51ab000 	C:\Windows\system32\uxtheme.dll
0x00007ffdd6d20000 - 0x00007ffdd6e20000 	C:\Windows\system32\opengl32.dll
0x00007ffdd8b50000 - 0x00007ffdd8b7d000 	C:\Windows\SYSTEM32\GLU32.dll
0x00007ffde53f0000 - 0x00007ffde5428000 	C:\Windows\SYSTEM32\dxcore.dll
0x00007ffde9860000 - 0x00007ffde99a9000 	C:\Windows\System32\MSCTF.dll
0x00007ffde9090000 - 0x00007ffde922e000 	C:\Windows\System32\ole32.dll
0x00007ffde8230000 - 0x00007ffde82aa000 	C:\Windows\System32\bcryptPrimitives.dll
0x00007ffdae7a0000 - 0x00007ffdae949000 	C:\Windows\system32\d3d9.dll
0x00007ffddcd50000 - 0x00007ffddce0c000 	C:\Windows\System32\DriverStore\FileRepository\nv_dispi.inf_amd64_3c2bd4a1ec6d228e\nvldumdx.dll
0x00007ffde78c0000 - 0x00007ffde78d2000 	C:\Windows\SYSTEM32\msasn1.dll
0x00007ffde11e0000 - 0x00007ffde1212000 	C:\Windows\SYSTEM32\cryptnet.dll
0x00007ffde82b0000 - 0x00007ffde8416000 	C:\Windows\System32\CRYPT32.dll
0x00007ffde0f30000 - 0x00007ffde1088000 	C:\Windows\SYSTEM32\drvstore.dll
0x00007ffde78e0000 - 0x00007ffde790c000 	C:\Windows\SYSTEM32\devobj.dll
0x00007ffde7910000 - 0x00007ffde795e000 	C:\Windows\SYSTEM32\cfgmgr32.dll
0x00007ffde74e0000 - 0x00007ffde752b000 	C:\Windows\SYSTEM32\wldp.dll

VM Arguments:
jvm_args: -agentlib:jdwp=transport=dt_socket,address=127.0.0.1:58523,suspend=y,server=n -Dvisualvm.id=268642475813400 -javaagent:C:\Users\hardm\AppData\Local\JetBrains\IdeaIC2023.2\captureAgent\debugger-agent.jar=file:/C:/Users/hardm/AppData/Local/Temp/capture.props -Dfile.encoding=UTF-8 
java_command: ru.BouH.engine.game.Game
java_class_path (initial): C:\Program Files\Java\jdk-1.8\jre\lib\charsets.jar;C:\Program Files\Java\jdk-1.8\jre\lib\deploy.jar;C:\Program Files\Java\jdk-1.8\jre\lib\ext\access-bridge-64.jar;C:\Program Files\Java\jdk-1.8\jre\lib\ext\cldrdata.jar;C:\Program Files\Java\jdk-1.8\jre\lib\ext\dnsns.jar;C:\Program Files\Java\jdk-1.8\jre\lib\ext\jaccess.jar;C:\Program Files\Java\jdk-1.8\jre\lib\ext\jfxrt.jar;C:\Program Files\Java\jdk-1.8\jre\lib\ext\localedata.jar;C:\Program Files\Java\jdk-1.8\jre\lib\ext\nashorn.jar;C:\Program Files\Java\jdk-1.8\jre\lib\ext\sunec.jar;C:\Program Files\Java\jdk-1.8\jre\lib\ext\sunjce_provider.jar;C:\Program Files\Java\jdk-1.8\jre\lib\ext\sunmscapi.jar;C:\Program Files\Java\jdk-1.8\jre\lib\ext\sunpkcs11.jar;C:\Program Files\Java\jdk-1.8\jre\lib\ext\zipfs.jar;C:\Program Files\Java\jdk-1.8\jre\lib\javaws.jar;C:\Program Files\Java\jdk-1.8\jre\lib\jce.jar;C:\Program Files\Java\jdk-1.8\jre\lib\jfr.jar;C:\Program Files\Java\jdk-1.8\jre\lib\jfxswt.jar;C:\Program Files\Java\jdk-1.8\jre\lib\jsse.jar;C:\Program Files\Java\jdk-1.8\jre\lib\management-agent.jar;C:\Program Files\Java\jdk-1.8\jre\lib\plugin.jar;C:\Program Files\Java\jdk-1.8\jre\lib\resources.jar;C:\Program Files\Java\jdk-1.8\jre\lib\rt.jar;F:\game_test1\target\classes;C:\Users\hardm\.m2\repository\org\bytedeco\bullet-platform\3.25-1.5.9\bullet-platform-3.25-1.5.9.jar;C:\Users\hardm\.m2\repository\org\bytedeco\javacpp-platform\1.5.9\javacpp-platform-1.5.9.jar;C:\Users\hardm\.m2\repository\org\bytedeco\javacpp\1.5.9\javacpp-1.5.9-android-arm.jar;C:\Users\hardm\.m2\repository\org\bytedeco\javacpp\1.5.9\javacpp-1.5.9-android-arm64.jar;C:\Users\hardm\.m2\repository\org\bytedeco\javacpp\1.5.9\javacpp-1.5.9-android-x86.jar;C:\Users\hardm\.m2\repository\org\bytedeco\javacpp\1.5.9\javacpp-1.5.9-android-x86_64.jar;C:\Users\hardm\.m2\repository\org\bytedeco\javacpp\1.5.9\javacpp-1.5.9-ios-arm64.jar;C:\Users\hardm\.m2\repository\org\bytedeco\javacpp\1.5.9\javacpp-1.5.9-ios-x86_64.jar;C:\Users\hardm\.m
Launcher Type: SUN_STANDARD

Environment Variables:
JAVA_HOME=C:\Program Files\Java\jdk-1.8
PATH=C:\Program Files (x86)\Common Files\Oracle\Java\javapath;C:\Windows\system32;C:\Windows;C:\Windows\System32\Wbem;C:\Windows\System32\WindowsPowerShell\v1.0\;C:\Windows\System32\OpenSSH\;C:\Program Files\NVIDIA Corporation\NVIDIA NvDLISR;C:\Program Files\Git\cmd;C:\Program Files (x86)\NVIDIA Corporation\PhysX\Common;C:\Program Files\dotnet\;C:\Program Files\Java\jdk-1.8\bin;C:\Users\hardm\AppData\Local\Microsoft\WindowsApps;C:\Users\hardm\.dotnet\tools
USERNAME=hardm
OS=Windows_NT
PROCESSOR_IDENTIFIER=Intel64 Family 6 Model 151 Stepping 5, GenuineIntel



---------------  S Y S T E M  ---------------

OS: Windows 11 , 64 bit Build 22621 (10.0.22621.2215)

CPU:total 12 (initial active 12) (6 cores per cpu, 2 threads per core) family 6 model 151 stepping 5, cmov, cx8, fxsr, mmx, sse, sse2, sse3, ssse3, sse4.1, sse4.2, popcnt, avx, avx2, aes, clmul, erms, 3dnowpref, lzcnt, ht, tsc, tscinvbit, bmi1, bmi2, adx

Memory: 4k page, physical 33317992k(16965924k free), swap 42755176k(12251464k free)

vm_info: Java HotSpot(TM) 64-Bit Server VM (25.371-b11) for windows-amd64 JRE (1.8.0_371-b11), built on Mar 17 2023 04:03:45 by "java_re" with MS VC++ 17.1 (VS2022)

time: Sun Sep 24 17:26:38 2023
timezone: RTZ 2 ( Family 6 Model 151 Stepping 5, GenuineIntel
elapsed time: 2.883964 seconds (0d 0h 0m 2s)

