#
# A fatal error has been detected by the Java Runtime Environment:
#
#  EXCEPTION_ACCESS_VIOLATION (0xc0000005) at pc=0x0000000000169e4c, pid=24260, tid=0x0000000000001270
#
# JRE version: Java(TM) SE Runtime Environment (8.0_371) (build 1.8.0_371-b11)
# Java VM: Java HotSpot(TM) 64-Bit Server VM (25.371-b11 mixed mode windows-amd64 compressed oops)
# Problematic frame:
# C  0x0000000000169e4c
#
# Failed to write core dump. Minidumps are not enabled by default on client versions of Windows
#
# If you would like to submit a bug report, please visit:
#   http://bugreport.java.com/bugreport/crash.jsp
# The crash happened outside the Java Virtual Machine in native code.
# See problematic frame for where to report the bug.
#

---------------  T H R E A D  ---------------

Current thread (0x0000016124abc000):  JavaThread "physics" [_thread_in_native, id=4720, stack(0x0000005614200000,0x0000005614300000)]

siginfo: ExceptionCode=0xc0000005, ExceptionInformation=0x0000000000000008 0x0000000000169e4c

Registers:
RAX=0x0000000000000008, RBX=0x0000016123678900, RCX=0x0000016123678900, RDX=0x0000000000000008
RSP=0x00000056142fec68, RBP=0x0000000000000000, RSI=0x0000016124c54540, RDI=0x0000016126b431d0
R8 =0x0000000000000008, R9 =0x0000000000000000, R10=0x000001612fd4bf20, R11=0x0000000000000008
R12=0x0000000000000000, R13=0x0000016125703000, R14=0x0000016124c545f0, R15=0x0000000000000000
RIP=0x0000000000169e4c, EFLAGS=0x0000000000010246

Top of Stack: (sp=0x00000056142fec68)
0x00000056142fec68:   00007ffcc00671e5 0000016124abc000
0x00000056142fec78:   00007ffcc00bfb35 0000000000000010
0x00000056142fec88:   00007ffcc0061ef5 0000016124abc000
0x00000056142fec98:   0000000000000010 0000000000000010
0x00000056142feca8:   0000000000000010 0000000000000010
0x00000056142fecb8:   00007ffcc0065ace 00000056142fee68
0x00000056142fecc8:   0000016124c54540 0000016124c54540
0x00000056142fecd8:   0000000000000010 3f547ae140000000
0x00000056142fece8:   0000000000000000 0000016124c54540
0x00000056142fecf8:   00007ffcc006735f 0000000000000010
0x00000056142fed08:   0000016124c54540 0000016125703008
0x00000056142fed18:   0000016122429d20 3f947ae140000000
0x00000056142fed28:   0000000000000000 0000016124c54540
0x00000056142fed38:   00007ffcbff7f770 00000056142fee20
0x00000056142fed48:   0000016124abc200 00000056142fee68
0x00000056142fed58:   0000016100024a01 0000016100000000 

Instructions: (pc=0x0000000000169e4c)
0x0000000000169e2c:   
[error occurred during error reporting (printing registers, top of stack, instructions near pc), id 0xc0000005]

Register to memory mapping:

RAX=0x0000000000000008 is an unknown value
RBX=0x0000016123678900 is an unknown value
RCX=0x0000016123678900 is an unknown value
RDX=0x0000000000000008 is an unknown value
RSP=0x00000056142fec68 is pointing into the stack for thread: 0x0000016124abc000
RBP=0x0000000000000000 is an unknown value
RSI=0x0000016124c54540 is an unknown value
RDI=0x0000016126b431d0 is an unknown value
R8 =0x0000000000000008 is an unknown value
R9 =0x0000000000000000 is an unknown value
R10=0x000001612fd4bf20 is an unknown value
R11=0x0000000000000008 is an unknown value
R12=0x0000000000000000 is an unknown value
R13=0x0000016125703000 is pointing into metadata
R14=0x0000016124c545f0 is an unknown value
R15=0x0000000000000000 is an unknown value


Stack: [0x0000005614200000,0x0000005614300000],  sp=0x00000056142fec68,  free space=1019k
Native frames: (J=compiled Java code, j=interpreted, Vv=VM code, C=native code)

Java frames: (J=compiled Java code, j=interpreted, Vv=VM code)
j  org.bytedeco.bullet.BulletDynamics.btDiscreteDynamicsWorld.stepSimulation(DID)I+0
j  ru.BouH.engine.physics.world.timer.BulletWorldTimer.updateTimer(I)V+216
j  ru.BouH.engine.physics.world.timer.PhysicThreadManager.lambda$initService$1()V+8
j  ru.BouH.engine.physics.world.timer.PhysicThreadManager$$Lambda$56.run()V+4
j  java.util.concurrent.ThreadPoolExecutor.runWorker(Ljava/util/concurrent/ThreadPoolExecutor$Worker;)V+95
j  java.util.concurrent.ThreadPoolExecutor$Worker.run()V+5
j  java.lang.Thread.run()V+11
v  ~StubRoutines::call_stub

---------------  P R O C E S S  ---------------

Java Threads: ( => current thread )
  0x0000016124b35000 JavaThread "D3D Screen Updater" daemon [_thread_blocked, id=28168, stack(0x0000005614910000,0x0000005614a10000)]
  0x0000016124b37800 JavaThread "AWT-EventQueue-0" [_thread_blocked, id=6632, stack(0x0000005614810000,0x0000005614910000)]
  0x00000161240f5800 JavaThread "AWT-Windows" daemon [_thread_in_native, id=16344, stack(0x0000005614500000,0x0000005614600000)]
  0x00000161240f5000 JavaThread "AWT-Shutdown" [_thread_blocked, id=23308, stack(0x0000005614400000,0x0000005614500000)]
  0x000001612636f000 JavaThread "Java2D Disposer" daemon [_thread_blocked, id=8096, stack(0x0000005614300000,0x0000005614400000)]
=>0x0000016124abc000 JavaThread "physics" [_thread_in_native, id=4720, stack(0x0000005614200000,0x0000005614300000)]
  0x0000016124abb000 JavaThread "physics" [_thread_blocked, id=29404, stack(0x0000005614100000,0x0000005614200000)]
  0x000001617bb0d000 JavaThread "DestroyJavaVM" [_thread_blocked, id=28792, stack(0x0000005612600000,0x0000005612700000)]
  0x0000016124f03800 JavaThread "game" [_thread_in_vm, id=29704, stack(0x0000005614000000,0x0000005614100000)]
  0x00000161239aa000 JavaThread "JavaCPP Deallocator" daemon [_thread_blocked, id=17924, stack(0x0000005613f00000,0x0000005614000000)]
  0x000001612240a800 JavaThread "Service Thread" daemon [_thread_blocked, id=8520, stack(0x0000005613d00000,0x0000005613e00000)]
  0x00000161223fc000 JavaThread "C1 CompilerThread3" daemon [_thread_blocked, id=940, stack(0x0000005613c00000,0x0000005613d00000)]
  0x00000161223fb000 JavaThread "C2 CompilerThread2" daemon [_thread_in_native, id=26268, stack(0x0000005613b00000,0x0000005613c00000)]
  0x00000161223fa000 JavaThread "C2 CompilerThread1" daemon [_thread_blocked, id=17176, stack(0x0000005613a00000,0x0000005613b00000)]
  0x00000161223a0800 JavaThread "C2 CompilerThread0" daemon [_thread_blocked, id=3476, stack(0x0000005613900000,0x0000005613a00000)]
  0x0000016122391000 JavaThread "JDWP Command Reader" daemon [_thread_in_native, id=15648, stack(0x0000005613800000,0x0000005613900000)]
  0x000001612238b000 JavaThread "JDWP Event Helper Thread" daemon [_thread_blocked, id=8388, stack(0x0000005613700000,0x0000005613800000)]
  0x0000016122380800 JavaThread "JDWP Transport Listener: dt_socket" daemon [_thread_blocked, id=23680, stack(0x0000005613600000,0x0000005613700000)]
  0x000001612001e000 JavaThread "Attach Listener" daemon [_thread_blocked, id=12968, stack(0x0000005613500000,0x0000005613600000)]
  0x000001612001d000 JavaThread "Signal Dispatcher" daemon [_thread_blocked, id=26424, stack(0x0000005613400000,0x0000005613500000)]
  0x000001611ffee000 JavaThread "Finalizer" daemon [_thread_blocked, id=22428, stack(0x0000005613300000,0x0000005613400000)]
  0x000001611ffe6800 JavaThread "Reference Handler" daemon [_thread_blocked, id=27812, stack(0x0000005613200000,0x0000005613300000)]

Other Threads:
  0x000001617bbab800 VMThread [stack: 0x0000005613100000,0x0000005613200000] [id=14520]
  0x00000161224cc800 WatcherThread [stack: 0x0000005613e00000,0x0000005613f00000] [id=25680]

VM state:not at safepoint (normal execution)

VM Mutex/Monitor currently owned by a thread: None

heap address: 0x00000005c3800000, size: 8136 MB, Compressed Oops mode: Zero based, Oop shift amount: 3
Narrow klass base: 0x0000000000000000, Narrow klass shift: 3
Compressed class space size: 1073741824 Address: 0x00000007c0000000

Heap:
 PSYoungGen      total 152576K, used 55681K [0x0000000716800000, 0x0000000721200000, 0x00000007c0000000)
  eden space 131072K, 42% used [0x0000000716800000,0x0000000719e60720,0x000000071e800000)
  from space 21504K, 0% used [0x000000071fd00000,0x000000071fd00000,0x0000000721200000)
  to   space 21504K, 0% used [0x000000071e800000,0x000000071e800000,0x000000071fd00000)
 ParOldGen       total 239104K, used 5200K [0x00000005c3800000, 0x00000005d2180000, 0x0000000716800000)
  object space 239104K, 2% used [0x00000005c3800000,0x00000005c3d140f8,0x00000005d2180000)
 Metaspace       used 28717K, capacity 29154K, committed 29568K, reserved 1075200K
  class space    used 3170K, capacity 3333K, committed 3456K, reserved 1048576K

Card table byte_map: [0x000001617d9c0000,0x000001617e9b0000] byte_map_base: 0x000001617aba4000

Marking Bits: (ParMarkBitMap*) 0x0000000059ddd980
 Begin Bits: [0x000001610f000000, 0x0000016116f20000)
 End Bits:   [0x0000016116f20000, 0x000001611ee40000)

Polling page: 0x000001617bdc0000

CodeCache: size=245760Kb used=8353Kb max_used=8365Kb free=237406Kb
 bounds [0x0000016100000000, 0x0000016100830000, 0x000001610f000000]
 total_blobs=3260 nmethods=2041 adapters=1139
 compilation: enabled

Compilation events (10 events):
Event: 2.918 Thread 0x00000161223fc000 2025       3       java.lang.Character::hashCode (2 bytes)
Event: 2.918 Thread 0x00000161223fc000 nmethod 2025 0x0000016100816510 code [0x0000016100816660, 0x0000016100816798]
Event: 2.918 Thread 0x00000161223fc000 2028       1       java.lang.Float::floatValue (5 bytes)
Event: 2.918 Thread 0x00000161223fc000 nmethod 2028 0x000001610081ee90 code [0x000001610081efe0, 0x000001610081f0f8]
Event: 2.918 Thread 0x00000161223fc000 2026       1       ru.BouH.engine.render.scene.objects.gui.AbstractGui::getzLevel (5 bytes)
Event: 2.918 Thread 0x00000161223fc000 nmethod 2026 0x000001610081f150 code [0x000001610081f2a0, 0x000001610081f3b8]
Event: 2.918 Thread 0x00000161223fc000 2027       1       ru.BouH.engine.render.scene.objects.gui.font.FontTexture$CharInfo::getStartX (5 bytes)
Event: 2.918 Thread 0x00000161223fc000 nmethod 2027 0x000001610081f410 code [0x000001610081f560, 0x000001610081f678]
Event: 2.920 Thread 0x00000161223fc000 2029       1       java.util.Formatter::access$000 (5 bytes)
Event: 2.920 Thread 0x00000161223fc000 nmethod 2029 0x000001610081f6d0 code [0x000001610081f820, 0x000001610081f918]

GC Heap History (6 events):
Event: 0.745 GC heap before
{Heap before GC invocations=1 (full 0):
 PSYoungGen      total 152576K, used 131072K [0x0000000716800000, 0x0000000721200000, 0x00000007c0000000)
  eden space 131072K, 100% used [0x0000000716800000,0x000000071e800000,0x000000071e800000)
  from space 21504K, 0% used [0x000000071fd00000,0x000000071fd00000,0x0000000721200000)
  to   space 21504K, 0% used [0x000000071e800000,0x000000071e800000,0x000000071fd00000)
 ParOldGen       total 348160K, used 0K [0x00000005c3800000, 0x00000005d8c00000, 0x0000000716800000)
  object space 348160K, 0% used [0x00000005c3800000,0x00000005c3800000,0x00000005d8c00000)
 Metaspace       used 15507K, capacity 15796K, committed 16128K, reserved 1062912K
  class space    used 1924K, capacity 2010K, committed 2048K, reserved 1048576K
Event: 0.751 GC heap after
Heap after GC invocations=1 (full 0):
 PSYoungGen      total 152576K, used 8012K [0x0000000716800000, 0x0000000721200000, 0x00000007c0000000)
  eden space 131072K, 0% used [0x0000000716800000,0x0000000716800000,0x000000071e800000)
  from space 21504K, 37% used [0x000000071e800000,0x000000071efd3398,0x000000071fd00000)
  to   space 21504K, 0% used [0x000000071fd00000,0x000000071fd00000,0x0000000721200000)
 ParOldGen       total 348160K, used 16K [0x00000005c3800000, 0x00000005d8c00000, 0x0000000716800000)
  object space 348160K, 0% used [0x00000005c3800000,0x00000005c3804000,0x00000005d8c00000)
 Metaspace       used 15507K, capacity 15796K, committed 16128K, reserved 1062912K
  class space    used 1924K, capacity 2010K, committed 2048K, reserved 1048576K
}
Event: 1.092 GC heap before
{Heap before GC invocations=2 (full 0):
 PSYoungGen      total 152576K, used 50787K [0x0000000716800000, 0x0000000721200000, 0x00000007c0000000)
  eden space 131072K, 32% used [0x0000000716800000,0x00000007191c5900,0x000000071e800000)
  from space 21504K, 37% used [0x000000071e800000,0x000000071efd3398,0x000000071fd00000)
  to   space 21504K, 0% used [0x000000071fd00000,0x000000071fd00000,0x0000000721200000)
 ParOldGen       total 348160K, used 16K [0x00000005c3800000, 0x00000005d8c00000, 0x0000000716800000)
  object space 348160K, 0% used [0x00000005c3800000,0x00000005c3804000,0x00000005d8c00000)
 Metaspace       used 20782K, capacity 21108K, committed 21296K, reserved 1069056K
  class space    used 2514K, capacity 2635K, committed 2688K, reserved 1048576K
Event: 1.095 GC heap after
Heap after GC invocations=2 (full 0):
 PSYoungGen      total 152576K, used 5474K [0x0000000716800000, 0x0000000721200000, 0x00000007c0000000)
  eden space 131072K, 0% used [0x0000000716800000,0x0000000716800000,0x000000071e800000)
  from space 21504K, 25% used [0x000000071fd00000,0x0000000720258828,0x0000000721200000)
  to   space 21504K, 0% used [0x000000071e800000,0x000000071e800000,0x000000071fd00000)
 ParOldGen       total 348160K, used 24K [0x00000005c3800000, 0x00000005d8c00000, 0x0000000716800000)
  object space 348160K, 0% used [0x00000005c3800000,0x00000005c3806000,0x00000005d8c00000)
 Metaspace       used 20782K, capacity 21108K, committed 21296K, reserved 1069056K
  class space    used 2514K, capacity 2635K, committed 2688K, reserved 1048576K
}
Event: 1.095 GC heap before
{Heap before GC invocations=3 (full 1):
 PSYoungGen      total 152576K, used 5474K [0x0000000716800000, 0x0000000721200000, 0x00000007c0000000)
  eden space 131072K, 0% used [0x0000000716800000,0x0000000716800000,0x000000071e800000)
  from space 21504K, 25% used [0x000000071fd00000,0x0000000720258828,0x0000000721200000)
  to   space 21504K, 0% used [0x000000071e800000,0x000000071e800000,0x000000071fd00000)
 ParOldGen       total 348160K, used 24K [0x00000005c3800000, 0x00000005d8c00000, 0x0000000716800000)
  object space 348160K, 0% used [0x00000005c3800000,0x00000005c3806000,0x00000005d8c00000)
 Metaspace       used 20782K, capacity 21108K, committed 21296K, reserved 1069056K
  class space    used 2514K, capacity 2635K, committed 2688K, reserved 1048576K
Event: 1.126 GC heap after
Heap after GC invocations=3 (full 1):
 PSYoungGen      total 152576K, used 0K [0x0000000716800000, 0x0000000721200000, 0x00000007c0000000)
  eden space 131072K, 0% used [0x0000000716800000,0x0000000716800000,0x000000071e800000)
  from space 21504K, 0% used [0x000000071fd00000,0x000000071fd00000,0x0000000721200000)
  to   space 21504K, 0% used [0x000000071e800000,0x000000071e800000,0x000000071fd00000)
 ParOldGen       total 239104K, used 5200K [0x00000005c3800000, 0x00000005d2180000, 0x0000000716800000)
  object space 239104K, 2% used [0x00000005c3800000,0x00000005c3d140f8,0x00000005d2180000)
 Metaspace       used 20767K, capacity 21060K, committed 21296K, reserved 1069056K
  class space    used 2510K, capacity 2627K, committed 2688K, reserved 1048576K
}

Deoptimization events (10 events):
Event: 1.128 Thread 0x0000016124f03800 Uncommon trap: reason=unstable_if action=reinterpret pc=0x000001610028639c method=java.lang.AbstractStringBuilder.append(Ljava/lang/String;)Ljava/lang/AbstractStringBuilder; @ 1
Event: 1.130 Thread 0x0000016124f03800 Uncommon trap: reason=unstable_if action=reinterpret pc=0x00000161003b37d8 method=java.util.HashMap.hash(Ljava/lang/Object;)I @ 1
Event: 1.130 Thread 0x0000016124f03800 Uncommon trap: reason=unstable_if action=reinterpret pc=0x00000161003d5670 method=java.util.HashMap.hash(Ljava/lang/Object;)I @ 1
Event: 1.153 Thread 0x00000161240f5800 Uncommon trap: reason=unstable_if action=reinterpret pc=0x0000016100653c98 method=com.intellij.rt.debugger.agent.CaptureAgent$CaptureTransformer.transform(Ljava/lang/ClassLoader;Ljava/lang/String;Ljava/lang/Class;Ljava/security/ProtectionDomain;[B)[B @ 36
Event: 1.435 Thread 0x0000016124f03800 Uncommon trap: reason=unstable_if action=reinterpret pc=0x000001610016b698 method=sun.nio.cs.SingleByte$Encoder.encode(C)I @ 13
Event: 1.437 Thread 0x0000016124f03800 Uncommon trap: reason=unstable_if action=reinterpret pc=0x00000161006c4320 method=java.lang.Character.isSurrogate(C)Z @ 3
Event: 1.437 Thread 0x0000016124f03800 Uncommon trap: reason=unstable_if action=reinterpret pc=0x00000161006a9270 method=java.lang.Character.isSurrogate(C)Z @ 3
Event: 1.441 Thread 0x0000016124f03800 Uncommon trap: reason=unstable_if action=reinterpret pc=0x000001610053bcfc method=java.io.File.getParent()Ljava/lang/String; @ 16
Event: 1.443 Thread 0x0000016124f03800 Uncommon trap: reason=unstable_if action=reinterpret pc=0x0000016100284e98 method=java.lang.CharacterData.of(I)Ljava/lang/CharacterData; @ 4
Event: 1.510 Thread 0x0000016124f03800 Uncommon trap: reason=class_check action=maybe_recompile pc=0x00000161005c3c2c method=java.util.AbstractList$Itr.hasNext()Z @ 8

Classes redefined (0 events):
No events

Internal exceptions (10 events):
Event: 0.967 Thread 0x0000016124f03800 Exception <a 'java/io/FileNotFoundException'> (0x0000000718ea5998) thrown at [C:\jenkins\workspace\8-2-build-windows-x64-cygwin\jdk8u371\3355\hotspot\src\share\vm\prims\jni.cpp, line 710]
Event: 1.091 Thread 0x0000016124f03800 Implicit null exception at 0x000001610035f959 to 0x000001610035fe59
Event: 1.128 Thread 0x0000016124f03800 Implicit null exception at 0x0000016100285ed6 to 0x0000016100286385
Event: 1.130 Thread 0x0000016124f03800 Implicit null exception at 0x00000161003b3514 to 0x00000161003b37c1
Event: 1.130 Thread 0x0000016124f03800 Implicit null exception at 0x00000161003d4e5b to 0x00000161003d5659
Event: 1.336 Thread 0x0000016124f03800 Exception <a 'sun/nio/fs/WindowsException'> (0x000000071755d3d8) thrown at [C:\jenkins\workspace\8-2-build-windows-x64-cygwin\jdk8u371\3355\hotspot\src\share\vm\prims\jni.cpp, line 710]
Event: 1.336 Thread 0x0000016124f03800 Exception <a 'sun/nio/fs/WindowsException'> (0x000000071755db10) thrown at [C:\jenkins\workspace\8-2-build-windows-x64-cygwin\jdk8u371\3355\hotspot\src\share\vm\prims\jni.cpp, line 710]
Event: 1.337 Thread 0x0000016124f03800 Exception <a 'sun/nio/fs/WindowsException'> (0x0000000717573798) thrown at [C:\jenkins\workspace\8-2-build-windows-x64-cygwin\jdk8u371\3355\hotspot\src\share\vm\prims\jni.cpp, line 710]
Event: 1.337 Thread 0x0000016124f03800 Exception <a 'sun/nio/fs/WindowsException'> (0x0000000717573d88) thrown at [C:\jenkins\workspace\8-2-build-windows-x64-cygwin\jdk8u371\3355\hotspot\src\share\vm\prims\jni.cpp, line 710]
Event: 2.853 Thread 0x0000016124f03800 Exception <a 'java/lang/NoSuchMethodError': java.lang.Object.lambda$comparing$77a9974f$1(Ljava/util/function/Function;Ljava/lang/Object;Ljava/lang/Object;)I> (0x000000071977efe0) thrown at [C:\jenkins\workspace\8-2-build-windows-x64-cygwin\jdk8u371\3355\h

Events (10 events):
Event: 2.917 Thread 0x0000016124f03800 DEOPT PACKING pc=0x00000161001cb6a4 sp=0x00000056140fd410
Event: 2.917 Thread 0x0000016124f03800 DEOPT UNPACKING pc=0x0000016100047918 sp=0x00000056140fd230 mode 1
Event: 2.920 loading class sun/misc/FormattedFloatingDecimal$Form
Event: 2.920 loading class sun/misc/FormattedFloatingDecimal$Form done
Event: 2.920 loading class sun/misc/FormattedFloatingDecimal
Event: 2.920 loading class sun/misc/FormattedFloatingDecimal done
Event: 2.920 loading class sun/misc/FormattedFloatingDecimal$1
Event: 2.920 loading class sun/misc/FormattedFloatingDecimal$1 done
Event: 2.920 loading class sun/misc/FormattedFloatingDecimal$2
Event: 2.920 loading class sun/misc/FormattedFloatingDecimal$2 done


Dynamic libraries:
0x00007ff756c70000 - 0x00007ff756cba000 	C:\Program Files\Java\jdk-1.8\bin\java.exe
0x00007ffdea870000 - 0x00007ffdeaa84000 	C:\Windows\SYSTEM32\ntdll.dll
0x00007ffde96c0000 - 0x00007ffde9784000 	C:\Windows\System32\KERNEL32.DLL
0x00007ffde7db0000 - 0x00007ffde8154000 	C:\Windows\System32\KERNELBASE.dll
0x00007ffde5000000 - 0x00007ffde5097000 	C:\Windows\SYSTEM32\apphelp.dll
0x00007ffdea6a0000 - 0x00007ffdea750000 	C:\Windows\System32\ADVAPI32.dll
0x00007ffdea320000 - 0x00007ffdea3c7000 	C:\Windows\System32\msvcrt.dll
0x00007ffde8d20000 - 0x00007ffde8dc6000 	C:\Windows\System32\sechost.dll
0x00007ffde8dd0000 - 0x00007ffde8ee7000 	C:\Windows\System32\RPCRT4.dll
0x00007ffde8600000 - 0x00007ffde87ae000 	C:\Windows\System32\USER32.dll
0x00007ffde8200000 - 0x00007ffde8226000 	C:\Windows\System32\win32u.dll
0x00007ffde8810000 - 0x00007ffde8839000 	C:\Windows\System32\GDI32.dll
0x00007ffde8420000 - 0x00007ffde8538000 	C:\Windows\System32\gdi32full.dll
0x00007ffde8160000 - 0x00007ffde81fa000 	C:\Windows\System32\msvcp_win.dll
0x00007ffde7c90000 - 0x00007ffde7da1000 	C:\Windows\System32\ucrtbase.dll
0x00007ffdd2ae0000 - 0x00007ffdd2d73000 	C:\Windows\WinSxS\amd64_microsoft.windows.common-controls_6595b64144ccf1df_6.0.22621.2215_none_270d72677387dfc3\COMCTL32.dll
0x00007ffde9ab0000 - 0x00007ffde9ae1000 	C:\Windows\System32\IMM32.DLL
0x00007ffdbd890000 - 0x00007ffdbd8ab000 	C:\Program Files\Java\jdk-1.8\jre\bin\vcruntime140.dll
0x00007ffdd6c20000 - 0x00007ffdd6c2c000 	C:\Program Files\Java\jdk-1.8\jre\bin\vcruntime140_1.dll
0x00007ffdbd800000 - 0x00007ffdbd88e000 	C:\Program Files\Java\jdk-1.8\jre\bin\msvcp140.dll
0x00000000595b0000 - 0x0000000059e57000 	C:\Program Files\Java\jdk-1.8\jre\bin\server\jvm.dll
0x00007ffde9060000 - 0x00007ffde9068000 	C:\Windows\System32\PSAPI.DLL
0x00007ffdd67e0000 - 0x00007ffdd6814000 	C:\Windows\SYSTEM32\WINMM.dll
0x00007ffdd6be0000 - 0x00007ffdd6be9000 	C:\Windows\SYSTEM32\WSOCK32.dll
0x00007ffde1260000 - 0x00007ffde126a000 	C:\Windows\SYSTEM32\VERSION.dll
0x00007ffde8fe0000 - 0x00007ffde9051000 	C:\Windows\System32\WS2_32.dll
0x00007ffde6d10000 - 0x00007ffde6d28000 	C:\Windows\SYSTEM32\kernel.appcore.dll
0x00007ffdd6b50000 - 0x00007ffdd6b60000 	C:\Program Files\Java\jdk-1.8\jre\bin\verify.dll
0x00007ffdbd7d0000 - 0x00007ffdbd7fb000 	C:\Program Files\Java\jdk-1.8\jre\bin\java.dll
0x00007ffdbb8f0000 - 0x00007ffdbb926000 	C:\Program Files\Java\jdk-1.8\jre\bin\jdwp.dll
0x00007ffdda310000 - 0x00007ffdda319000 	C:\Program Files\Java\jdk-1.8\jre\bin\npt.dll
0x00007ffd7f3c0000 - 0x00007ffd7f3f4000 	C:\Program Files\Java\jdk-1.8\jre\bin\instrument.dll
0x00007ffdbd7b0000 - 0x00007ffdbd7c8000 	C:\Program Files\Java\jdk-1.8\jre\bin\zip.dll
0x00007ffde9af0000 - 0x00007ffdea313000 	C:\Windows\System32\SHELL32.dll
0x00007ffde5bc0000 - 0x00007ffde64aa000 	C:\Windows\SYSTEM32\windows.storage.dll
0x00007ffde8840000 - 0x00007ffde8bca000 	C:\Windows\System32\combase.dll
0x00007ffde5a80000 - 0x00007ffde5bbe000 	C:\Windows\SYSTEM32\wintypes.dll
0x00007ffde99b0000 - 0x00007ffde9aa3000 	C:\Windows\System32\SHCORE.dll
0x00007ffdea7d0000 - 0x00007ffdea82e000 	C:\Windows\System32\shlwapi.dll
0x00007ffde7b50000 - 0x00007ffde7b76000 	C:\Windows\SYSTEM32\profapi.dll
0x00007ffdc04a0000 - 0x00007ffdc04aa000 	C:\Program Files\Java\jdk-1.8\jre\bin\dt_socket.dll
0x00007ffde71e0000 - 0x00007ffde7249000 	C:\Windows\system32\mswsock.dll
0x00007ffdbb8d0000 - 0x00007ffdbb8dd000 	C:\Program Files\Java\jdk-1.8\jre\bin\management.dll
0x00007ffdbd320000 - 0x00007ffdbd33c000 	C:\Program Files\Java\jdk-1.8\jre\bin\net.dll
0x00007ffda9220000 - 0x00007ffda9237000 	C:\Windows\system32\napinsp.dll
0x00007ffda9200000 - 0x00007ffda921b000 	C:\Windows\system32\pnrpnsp.dll
0x00007ffde67f0000 - 0x00007ffde68e2000 	C:\Windows\SYSTEM32\DNSAPI.dll
0x00007ffde6780000 - 0x00007ffde67ad000 	C:\Windows\SYSTEM32\IPHLPAPI.DLL
0x00007ffde9230000 - 0x00007ffde9239000 	C:\Windows\System32\NSI.dll
0x00007ffda91e0000 - 0x00007ffda91f1000 	C:\Windows\System32\winrnr.dll
0x00007ffde0d10000 - 0x00007ffde0d25000 	C:\Windows\system32\wshbth.dll
0x00007ffda9170000 - 0x00007ffda9191000 	C:\Windows\system32\nlansp_c.dll
0x00007ffddf050000 - 0x00007ffddf05a000 	C:\Windows\System32\rasadhlp.dll
0x00007ffde07a0000 - 0x00007ffde0824000 	C:\Windows\System32\fwpuclnt.dll
0x00007ffdbd300000 - 0x00007ffdbd313000 	C:\Program Files\Java\jdk-1.8\jre\bin\nio.dll
0x0000016123f50000 - 0x0000016123f54000 	C:\Users\hardm\.javacpp\cache\javacpp-1.5.9-windows-x86_64.jar\org\bytedeco\javacpp\windows-x86_64\api-ms-win-crt-locale-l1-1-0.dll
0x0000016123f60000 - 0x0000016123f65000 	C:\Users\hardm\.javacpp\cache\javacpp-1.5.9-windows-x86_64.jar\org\bytedeco\javacpp\windows-x86_64\api-ms-win-crt-string-l1-1-0.dll
0x0000016123f70000 - 0x0000016123f75000 	C:\Users\hardm\.javacpp\cache\javacpp-1.5.9-windows-x86_64.jar\org\bytedeco\javacpp\windows-x86_64\api-ms-win-crt-stdio-l1-1-0.dll
0x0000016123f80000 - 0x0000016123f86000 	C:\Users\hardm\.javacpp\cache\javacpp-1.5.9-windows-x86_64.jar\org\bytedeco\javacpp\windows-x86_64\api-ms-win-crt-math-l1-1-0.dll
0x0000016123f90000 - 0x0000016123f94000 	C:\Users\hardm\.javacpp\cache\javacpp-1.5.9-windows-x86_64.jar\org\bytedeco\javacpp\windows-x86_64\api-ms-win-crt-heap-l1-1-0.dll
0x0000016123fa0000 - 0x0000016123fa5000 	C:\Users\hardm\.javacpp\cache\javacpp-1.5.9-windows-x86_64.jar\org\bytedeco\javacpp\windows-x86_64\api-ms-win-crt-runtime-l1-1-0.dll
0x0000016123fb0000 - 0x0000016123fb5000 	C:\Users\hardm\.javacpp\cache\javacpp-1.5.9-windows-x86_64.jar\org\bytedeco\javacpp\windows-x86_64\api-ms-win-crt-convert-l1-1-0.dll
0x0000016123fc0000 - 0x0000016123fc4000 	C:\Users\hardm\.javacpp\cache\javacpp-1.5.9-windows-x86_64.jar\org\bytedeco\javacpp\windows-x86_64\api-ms-win-crt-environment-l1-1-0.dll
0x0000016123fd0000 - 0x0000016123fd4000 	C:\Users\hardm\.javacpp\cache\javacpp-1.5.9-windows-x86_64.jar\org\bytedeco\javacpp\windows-x86_64\api-ms-win-crt-time-l1-1-0.dll
0x0000016123fe0000 - 0x0000016123fe4000 	C:\Users\hardm\.javacpp\cache\javacpp-1.5.9-windows-x86_64.jar\org\bytedeco\javacpp\windows-x86_64\api-ms-win-crt-filesystem-l1-1-0.dll
0x0000016123ff0000 - 0x0000016123ff4000 	C:\Users\hardm\.javacpp\cache\javacpp-1.5.9-windows-x86_64.jar\org\bytedeco\javacpp\windows-x86_64\api-ms-win-crt-utility-l1-1-0.dll
0x0000016124000000 - 0x0000016124006000 	C:\Users\hardm\.javacpp\cache\javacpp-1.5.9-windows-x86_64.jar\org\bytedeco\javacpp\windows-x86_64\api-ms-win-crt-multibyte-l1-1-0.dll
0x0000016124010000 - 0x0000016124014000 	C:\Users\hardm\.javacpp\cache\javacpp-1.5.9-windows-x86_64.jar\org\bytedeco\javacpp\windows-x86_64\api-ms-win-crt-conio-l1-1-0.dll
0x0000016124020000 - 0x0000016124031000 	C:\Users\hardm\.javacpp\cache\javacpp-1.5.9-windows-x86_64.jar\org\bytedeco\javacpp\windows-x86_64\api-ms-win-crt-private-l1-1-0.dll
0x0000016124040000 - 0x0000016124044000 	C:\Users\hardm\.javacpp\cache\javacpp-1.5.9-windows-x86_64.jar\org\bytedeco\javacpp\windows-x86_64\api-ms-win-crt-process-l1-1-0.dll
0x0000016124050000 - 0x0000016124054000 	C:\Users\hardm\.javacpp\cache\javacpp-1.5.9-windows-x86_64.jar\org\bytedeco\javacpp\windows-x86_64\api-ms-win-core-console-l1-2-0.dll
0x0000016124060000 - 0x0000016124064000 	C:\Users\hardm\.javacpp\cache\javacpp-1.5.9-windows-x86_64.jar\org\bytedeco\javacpp\windows-x86_64\api-ms-win-core-string-l1-1-0.dll
0x0000016124070000 - 0x0000016124074000 	C:\Users\hardm\.javacpp\cache\javacpp-1.5.9-windows-x86_64.jar\org\bytedeco\javacpp\windows-x86_64\api-ms-win-core-errorhandling-l1-1-0.dll
0x0000016124080000 - 0x0000016124084000 	C:\Users\hardm\.javacpp\cache\javacpp-1.5.9-windows-x86_64.jar\org\bytedeco\javacpp\windows-x86_64\api-ms-win-core-timezone-l1-1-0.dll
0x00000161257a0000 - 0x00000161257a5000 	C:\Users\hardm\.javacpp\cache\javacpp-1.5.9-windows-x86_64.jar\org\bytedeco\javacpp\windows-x86_64\api-ms-win-core-file-l1-1-0.dll
0x00000161257b0000 - 0x00000161257b4000 	C:\Users\hardm\.javacpp\cache\javacpp-1.5.9-windows-x86_64.jar\org\bytedeco\javacpp\windows-x86_64\api-ms-win-core-namedpipe-l1-1-0.dll
0x00000161257c0000 - 0x00000161257c4000 	C:\Users\hardm\.javacpp\cache\javacpp-1.5.9-windows-x86_64.jar\org\bytedeco\javacpp\windows-x86_64\api-ms-win-core-handle-l1-1-0.dll
0x00000161257d0000 - 0x00000161257d4000 	C:\Users\hardm\.javacpp\cache\javacpp-1.5.9-windows-x86_64.jar\org\bytedeco\javacpp\windows-x86_64\api-ms-win-core-file-l2-1-0.dll
0x00000161257e0000 - 0x00000161257e4000 	C:\Users\hardm\.javacpp\cache\javacpp-1.5.9-windows-x86_64.jar\org\bytedeco\javacpp\windows-x86_64\api-ms-win-core-heap-l1-1-0.dll
0x00000161257f0000 - 0x00000161257f4000 	C:\Users\hardm\.javacpp\cache\javacpp-1.5.9-windows-x86_64.jar\org\bytedeco\javacpp\windows-x86_64\api-ms-win-core-libraryloader-l1-1-0.dll
0x0000016125800000 - 0x0000016125804000 	C:\Users\hardm\.javacpp\cache\javacpp-1.5.9-windows-x86_64.jar\org\bytedeco\javacpp\windows-x86_64\api-ms-win-core-synch-l1-1-0.dll
0x0000016125810000 - 0x0000016125814000 	C:\Users\hardm\.javacpp\cache\javacpp-1.5.9-windows-x86_64.jar\org\bytedeco\javacpp\windows-x86_64\api-ms-win-core-processthreads-l1-1-0.dll
0x0000016125820000 - 0x0000016125824000 	C:\Users\hardm\.javacpp\cache\javacpp-1.5.9-windows-x86_64.jar\org\bytedeco\javacpp\windows-x86_64\api-ms-win-core-processenvironment-l1-1-0.dll
0x0000016125830000 - 0x0000016125834000 	C:\Users\hardm\.javacpp\cache\javacpp-1.5.9-windows-x86_64.jar\org\bytedeco\javacpp\windows-x86_64\api-ms-win-core-datetime-l1-1-0.dll
0x0000016125840000 - 0x0000016125844000 	C:\Users\hardm\.javacpp\cache\javacpp-1.5.9-windows-x86_64.jar\org\bytedeco\javacpp\windows-x86_64\api-ms-win-core-localization-l1-2-0.dll
0x0000016125850000 - 0x0000016125854000 	C:\Users\hardm\.javacpp\cache\javacpp-1.5.9-windows-x86_64.jar\org\bytedeco\javacpp\windows-x86_64\api-ms-win-core-sysinfo-l1-1-0.dll
0x0000016125860000 - 0x0000016125864000 	C:\Users\hardm\.javacpp\cache\javacpp-1.5.9-windows-x86_64.jar\org\bytedeco\javacpp\windows-x86_64\api-ms-win-core-synch-l1-2-0.dll
0x0000016125870000 - 0x0000016125874000 	C:\Users\hardm\.javacpp\cache\javacpp-1.5.9-windows-x86_64.jar\org\bytedeco\javacpp\windows-x86_64\api-ms-win-core-console-l1-1-0.dll
0x0000016125880000 - 0x0000016125884000 	C:\Users\hardm\.javacpp\cache\javacpp-1.5.9-windows-x86_64.jar\org\bytedeco\javacpp\windows-x86_64\api-ms-win-core-debug-l1-1-0.dll
0x0000016125890000 - 0x0000016125894000 	C:\Users\hardm\.javacpp\cache\javacpp-1.5.9-windows-x86_64.jar\org\bytedeco\javacpp\windows-x86_64\api-ms-win-core-rtlsupport-l1-1-0.dll
0x00000161258a0000 - 0x00000161258a4000 	C:\Users\hardm\.javacpp\cache\javacpp-1.5.9-windows-x86_64.jar\org\bytedeco\javacpp\windows-x86_64\api-ms-win-core-processthreads-l1-1-1.dll
0x00000161258b0000 - 0x00000161258b4000 	C:\Users\hardm\.javacpp\cache\javacpp-1.5.9-windows-x86_64.jar\org\bytedeco\javacpp\windows-x86_64\api-ms-win-core-file-l1-2-0.dll
0x00000161258c0000 - 0x00000161258c4000 	C:\Users\hardm\.javacpp\cache\javacpp-1.5.9-windows-x86_64.jar\org\bytedeco\javacpp\windows-x86_64\api-ms-win-core-profile-l1-1-0.dll
0x00000161258d0000 - 0x00000161258d4000 	C:\Users\hardm\.javacpp\cache\javacpp-1.5.9-windows-x86_64.jar\org\bytedeco\javacpp\windows-x86_64\api-ms-win-core-memory-l1-1-0.dll
0x00000161258e0000 - 0x00000161258e4000 	C:\Users\hardm\.javacpp\cache\javacpp-1.5.9-windows-x86_64.jar\org\bytedeco\javacpp\windows-x86_64\api-ms-win-core-util-l1-1-0.dll
0x00000161258f0000 - 0x00000161258f4000 	C:\Users\hardm\.javacpp\cache\javacpp-1.5.9-windows-x86_64.jar\org\bytedeco\javacpp\windows-x86_64\api-ms-win-core-interlocked-l1-1-0.dll
0x00007ffd634b0000 - 0x00007ffd635c1000 	C:\Users\hardm\.javacpp\cache\javacpp-1.5.9-windows-x86_64.jar\org\bytedeco\javacpp\windows-x86_64\ucrtbase.dll
0x00007ffd66860000 - 0x00007ffd6687b000 	C:\Users\hardm\.javacpp\cache\javacpp-1.5.9-windows-x86_64.jar\org\bytedeco\javacpp\windows-x86_64\vcruntime140.dll
0x00007ffdbafb0000 - 0x00007ffdbafbc000 	C:\Users\hardm\.javacpp\cache\javacpp-1.5.9-windows-x86_64.jar\org\bytedeco\javacpp\windows-x86_64\vcruntime140_1.dll
0x00007ffd27a60000 - 0x00007ffd27aed000 	C:\Users\hardm\.javacpp\cache\javacpp-1.5.9-windows-x86_64.jar\org\bytedeco\javacpp\windows-x86_64\msvcp140.dll
0x00007ffda2260000 - 0x00007ffda2269000 	C:\Users\hardm\.javacpp\cache\javacpp-1.5.9-windows-x86_64.jar\org\bytedeco\javacpp\windows-x86_64\msvcp140_1.dll
0x00007ffd3fb10000 - 0x00007ffd3fb5e000 	C:\Users\hardm\.javacpp\cache\javacpp-1.5.9-windows-x86_64.jar\org\bytedeco\javacpp\windows-x86_64\concrt140.dll
0x00007ffd27a20000 - 0x00007ffd27a51000 	C:\Users\hardm\.javacpp\cache\javacpp-1.5.9-windows-x86_64.jar\org\bytedeco\javacpp\windows-x86_64\vcomp140.dll
0x00007ffda0f40000 - 0x00007ffda0f4f000 	C:\Users\hardm\.javacpp\cache\javacpp-1.5.9-windows-x86_64.jar\org\bytedeco\javacpp\windows-x86_64\jnijavacpp.dll
0x00007ffd27940000 - 0x00007ffd27a20000 	C:\Users\hardm\.javacpp\cache\bullet-3.25-1.5.9-windows-x86_64.jar\org\bytedeco\bullet\windows-x86_64\jniLinearMath.dll
0x00007ffd276e0000 - 0x00007ffd27940000 	C:\Users\hardm\.javacpp\cache\bullet-3.25-1.5.9-windows-x86_64.jar\org\bytedeco\bullet\windows-x86_64\jniBulletCollision.dll
0x00007ffcbff60000 - 0x00007ffcc01a0000 	C:\Users\hardm\.javacpp\cache\bullet-3.25-1.5.9-windows-x86_64.jar\org\bytedeco\bullet\windows-x86_64\jniBulletDynamics.dll
0x00007ffd27660000 - 0x00007ffd276d5000 	C:\Users\hardm\AppData\Local\Temp\lwjglhardm\3.3.1-build-7\lwjgl.dll
0x00007ffd275f0000 - 0x00007ffd27651000 	C:\Users\hardm\AppData\Local\Temp\lwjglhardm\3.3.1-build-7\glfw.dll
0x00007ffcbfde0000 - 0x00007ffcbff5e000 	C:\Program Files\Java\jdk-1.8\jre\bin\awt.dll
0x00007ffde8f00000 - 0x00007ffde8fd7000 	C:\Windows\System32\OLEAUT32.dll
0x00007ffde5380000 - 0x00007ffde53ab000 	C:\Windows\system32\DWMAPI.DLL
0x00007ffde5100000 - 0x00007ffde51ab000 	C:\Windows\system32\uxtheme.dll
0x00007ffdd6d20000 - 0x00007ffdd6e20000 	C:\Windows\system32\opengl32.dll
0x00007ffdd8b50000 - 0x00007ffdd8b7d000 	C:\Windows\SYSTEM32\GLU32.dll
0x00007ffde53f0000 - 0x00007ffde5428000 	C:\Windows\SYSTEM32\dxcore.dll
0x00007ffde9860000 - 0x00007ffde99a9000 	C:\Windows\System32\MSCTF.dll
0x00007ffde9090000 - 0x00007ffde922e000 	C:\Windows\System32\ole32.dll
0x00007ffde8230000 - 0x00007ffde82aa000 	C:\Windows\System32\bcryptPrimitives.dll
0x00007ffdae7a0000 - 0x00007ffdae949000 	C:\Windows\system32\d3d9.dll
0x00007ffddcd50000 - 0x00007ffddce0c000 	C:\Windows\System32\DriverStore\FileRepository\nv_dispi.inf_amd64_3c2bd4a1ec6d228e\nvldumdx.dll
0x00007ffde78c0000 - 0x00007ffde78d2000 	C:\Windows\SYSTEM32\msasn1.dll
0x00007ffde11e0000 - 0x00007ffde1212000 	C:\Windows\SYSTEM32\cryptnet.dll
0x00007ffde82b0000 - 0x00007ffde8416000 	C:\Windows\System32\CRYPT32.dll
0x00007ffde0f30000 - 0x00007ffde1088000 	C:\Windows\SYSTEM32\drvstore.dll
0x00007ffde78e0000 - 0x00007ffde790c000 	C:\Windows\SYSTEM32\devobj.dll
0x00007ffde7910000 - 0x00007ffde795e000 	C:\Windows\SYSTEM32\cfgmgr32.dll
0x00007ffde74e0000 - 0x00007ffde752b000 	C:\Windows\SYSTEM32\wldp.dll

VM Arguments:
jvm_args: -agentlib:jdwp=transport=dt_socket,address=127.0.0.1:58558,suspend=y,server=n -Dvisualvm.id=268699359684400 -javaagent:C:\Users\hardm\AppData\Local\JetBrains\IdeaIC2023.2\captureAgent\debugger-agent.jar=file:/C:/Users/hardm/AppData/Local/Temp/capture.props -Dfile.encoding=UTF-8 
java_command: ru.BouH.engine.game.Game
java_class_path (initial): C:\Program Files\Java\jdk-1.8\jre\lib\charsets.jar;C:\Program Files\Java\jdk-1.8\jre\lib\deploy.jar;C:\Program Files\Java\jdk-1.8\jre\lib\ext\access-bridge-64.jar;C:\Program Files\Java\jdk-1.8\jre\lib\ext\cldrdata.jar;C:\Program Files\Java\jdk-1.8\jre\lib\ext\dnsns.jar;C:\Program Files\Java\jdk-1.8\jre\lib\ext\jaccess.jar;C:\Program Files\Java\jdk-1.8\jre\lib\ext\jfxrt.jar;C:\Program Files\Java\jdk-1.8\jre\lib\ext\localedata.jar;C:\Program Files\Java\jdk-1.8\jre\lib\ext\nashorn.jar;C:\Program Files\Java\jdk-1.8\jre\lib\ext\sunec.jar;C:\Program Files\Java\jdk-1.8\jre\lib\ext\sunjce_provider.jar;C:\Program Files\Java\jdk-1.8\jre\lib\ext\sunmscapi.jar;C:\Program Files\Java\jdk-1.8\jre\lib\ext\sunpkcs11.jar;C:\Program Files\Java\jdk-1.8\jre\lib\ext\zipfs.jar;C:\Program Files\Java\jdk-1.8\jre\lib\javaws.jar;C:\Program Files\Java\jdk-1.8\jre\lib\jce.jar;C:\Program Files\Java\jdk-1.8\jre\lib\jfr.jar;C:\Program Files\Java\jdk-1.8\jre\lib\jfxswt.jar;C:\Program Files\Java\jdk-1.8\jre\lib\jsse.jar;C:\Program Files\Java\jdk-1.8\jre\lib\management-agent.jar;C:\Program Files\Java\jdk-1.8\jre\lib\plugin.jar;C:\Program Files\Java\jdk-1.8\jre\lib\resources.jar;C:\Program Files\Java\jdk-1.8\jre\lib\rt.jar;F:\game_test1\target\classes;C:\Users\hardm\.m2\repository\org\bytedeco\bullet-platform\3.25-1.5.9\bullet-platform-3.25-1.5.9.jar;C:\Users\hardm\.m2\repository\org\bytedeco\javacpp-platform\1.5.9\javacpp-platform-1.5.9.jar;C:\Users\hardm\.m2\repository\org\bytedeco\javacpp\1.5.9\javacpp-1.5.9-android-arm.jar;C:\Users\hardm\.m2\repository\org\bytedeco\javacpp\1.5.9\javacpp-1.5.9-android-arm64.jar;C:\Users\hardm\.m2\repository\org\bytedeco\javacpp\1.5.9\javacpp-1.5.9-android-x86.jar;C:\Users\hardm\.m2\repository\org\bytedeco\javacpp\1.5.9\javacpp-1.5.9-android-x86_64.jar;C:\Users\hardm\.m2\repository\org\bytedeco\javacpp\1.5.9\javacpp-1.5.9-ios-arm64.jar;C:\Users\hardm\.m2\repository\org\bytedeco\javacpp\1.5.9\javacpp-1.5.9-ios-x86_64.jar;C:\Users\hardm\.m
Launcher Type: SUN_STANDARD

Environment Variables:
JAVA_HOME=C:\Program Files\Java\jdk-1.8
PATH=C:\Program Files (x86)\Common Files\Oracle\Java\javapath;C:\Windows\system32;C:\Windows;C:\Windows\System32\Wbem;C:\Windows\System32\WindowsPowerShell\v1.0\;C:\Windows\System32\OpenSSH\;C:\Program Files\NVIDIA Corporation\NVIDIA NvDLISR;C:\Program Files\Git\cmd;C:\Program Files (x86)\NVIDIA Corporation\PhysX\Common;C:\Program Files\dotnet\;C:\Program Files\Java\jdk-1.8\bin;C:\Users\hardm\AppData\Local\Microsoft\WindowsApps;C:\Users\hardm\.dotnet\tools
USERNAME=hardm
OS=Windows_NT
PROCESSOR_IDENTIFIER=Intel64 Family 6 Model 151 Stepping 5, GenuineIntel



---------------  S Y S T E M  ---------------

OS: Windows 11 , 64 bit Build 22621 (10.0.22621.2215)

CPU:total 12 (initial active 12) (6 cores per cpu, 2 threads per core) family 6 model 151 stepping 5, cmov, cx8, fxsr, mmx, sse, sse2, sse3, ssse3, sse4.1, sse4.2, popcnt, avx, avx2, aes, clmul, erms, 3dnowpref, lzcnt, ht, tsc, tscinvbit, bmi1, bmi2, adx

Memory: 4k page, physical 33317992k(17048824k free), swap 42755176k(12462504k free)

vm_info: Java HotSpot(TM) 64-Bit Server VM (25.371-b11) for windows-amd64 JRE (1.8.0_371-b11), built on Mar 17 2023 04:03:45 by "java_re" with MS VC++ 17.1 (VS2022)

time: Sun Sep 24 17:27:35 2023
timezone: RTZ 2 ( Family 6 Model 151 Stepping 5, GenuineIntel
elapsed time: 2.944024 seconds (0d 0h 0m 2s)

