#
# A fatal error has been detected by the Java Runtime Environment:
#
#  EXCEPTION_ACCESS_VIOLATION (0xc0000005) at pc=0x00007ffee8abeb3d, pid=8496, tid=0x000000000000283c
#
# JRE version: Java(TM) SE Runtime Environment (8.0_371) (build 1.8.0_371-b11)
# Java VM: Java HotSpot(TM) 64-Bit Server VM (25.371-b11 mixed mode windows-amd64 compressed oops)
# Problematic frame:
# C  [jniBulletCollision.dll+0x11eb3d]
#
# Failed to write core dump. Minidumps are not enabled by default on client versions of Windows
#
# If you would like to submit a bug report, please visit:
#   http://bugreport.java.com/bugreport/crash.jsp
# The crash happened outside the Java Virtual Machine in native code.
# See problematic frame for where to report the bug.
#

---------------  T H R E A D  ---------------

Current thread (0x000001fdab91a800):  JavaThread "game" [_thread_in_native, id=10300, stack(0x000000ce7b200000,0x000000ce7b300000)]

siginfo: ExceptionCode=0xc0000005, reading address 0x0000000000000000

Registers:
RAX=0x0000000000000004, RBX=0x0000000000000004, RCX=0x000001fda9169e20, RDX=0x000001fda7e0de20
RSP=0x000000ce7b2fe460, RBP=0x0000000000000000, RSI=0x0000000000000040, RDI=0x000000ce7b2fe4e0
R8 =0x0000000000007704, R9 =0x000001fda8c32780, R10=0x0000000000000076, R11=0x0000000000000075
R12=0x000000ce7b2fe7a0, R13=0x000001fda9b5a950, R14=0x000000ce7b2fe8f0, R15=0x0000000000000000
RIP=0x00007ffee8abeb3d, EFLAGS=0x0000000000010202

Top of Stack: (sp=0x000000ce7b2fe460)
0x000000ce7b2fe460:   000000007ef6ddc1 000001fda8c591c0
0x000000ce7b2fe470:   000001fdb6f9f010 0000000000000080
0x000000ce7b2fe480:   00000004b6e73c60 0000000000000040
0x000000ce7b2fe490:   000000ce7b2fe4e0 0000000070309a00
0x000000ce7b2fe4a0:   bfd0000000000000 bfd0000000000000
0x000000ce7b2fe4b0:   bfd0000000000000 0000000000000000
0x000000ce7b2fe4c0:   3fd0000000000000 3fd0000000000000
0x000000ce7b2fe4d0:   3fd0000000000000 0000000000000000
0x000000ce7b2fe4e0:   000001fdb6f90490 000001fdb6f99a10
0x000000ce7b2fe4f0:   000001fdb6f9a910 000001fdb6f90790
0x000000ce7b2fe500:   0000000000000000 000001fdb6f9f010
0x000000ce7b2fe510:   0000000000000000 000000ce7b2fe5c9
0x000000ce7b2fe520:   000001fd810f0000 00007fff4e54c7aa
0x000000ce7b2fe530:   000001fd81040000 000001fd00000000
0x000000ce7b2fe540:   0000000000000077 000001fd00000000
0x000000ce7b2fe550:   000001fd810402c0 0000000000000080 

Instructions: (pc=0x00007ffee8abeb3d)
0x00007ffee8abeb1d:   10 44 24 50 f2 44 0f 10 4c 24 48 f2 44 0f 10 54
0x00007ffee8abeb2d:   24 40 90 ff cb 48 63 c3 48 8b 2c c7 89 5c 24 24
0x00007ffee8abeb3d:   66 44 0f 2f 5d 00 0f 82 a2 01 00 00 66 44 0f 2f
0x00007ffee8abeb4d:   55 20 0f 87 96 01 00 00 66 0f 2f 7d 08 0f 82 8b 


Register to memory mapping:

RAX=0x0000000000000004 is an unknown value
RBX=0x0000000000000004 is an unknown value
RCX=0x000001fda9169e20 is an unknown value
RDX=0x000001fda7e0de20 is an unknown value
RSP=0x000000ce7b2fe460 is pointing into the stack for thread: 0x000001fdab91a800
RBP=0x0000000000000000 is an unknown value
RSI=0x0000000000000040 is an unknown value
RDI=0x000000ce7b2fe4e0 is pointing into the stack for thread: 0x000001fdab91a800
R8 =0x0000000000007704 is an unknown value
R9 =0x000001fda8c32780 is an unknown value
R10=0x0000000000000076 is an unknown value
R11=0x0000000000000075 is an unknown value
R12=0x000000ce7b2fe7a0 is pointing into the stack for thread: 0x000001fdab91a800
R13={method} {0x000001fda9b5a958} 'addRigidBody' '(Lorg/bytedeco/bullet/BulletDynamics/btRigidBody;)V' in 'org/bytedeco/bullet/BulletDynamics/btDiscreteDynamicsWorld'
R14=0x000000ce7b2fe8f0 is pointing into the stack for thread: 0x000001fdab91a800
R15=0x0000000000000000 is an unknown value


Stack: [0x000000ce7b200000,0x000000ce7b300000],  sp=0x000000ce7b2fe460,  free space=1017k
Native frames: (J=compiled Java code, j=interpreted, Vv=VM code, C=native code)

Java frames: (J=compiled Java code, j=interpreted, Vv=VM code)
j  org.bytedeco.bullet.BulletDynamics.btDiscreteDynamicsWorld.addRigidBody(Lorg/bytedeco/bullet/BulletDynamics/btRigidBody;)V+0
j  ru.BouH.engine.physics.world.timer.BulletWorldTimer.addRigidBodyInWorld(Lorg/bytedeco/bullet/BulletDynamics/btRigidBody;)V+19
j  ru.BouH.engine.physics.world.object.CollidableWorldItem.setCollision(Lru/BouH/engine/physics/collision/objects/AbstractCollision;)V+58
j  ru.BouH.engine.physics.world.object.CollidableWorldItem.onCollisionCreate(Lru/BouH/engine/physics/collision/objects/AbstractCollision;)V+10
j  ru.BouH.engine.physics.world.object.CollidableWorldItem.onSpawn(Lru/BouH/engine/proxy/IWorld;)V+14
j  ru.BouH.engine.physics.world.World.addItemInWorld(Lru/BouH/engine/physics/world/object/WorldItem;)V+21
j  ru.BouH.engine.physics.world.World.addItem(Lru/BouH/engine/physics/world/object/WorldItem;)V+2
j  ru.BouH.engine.proxy.Proxy.addItemInWorlds(Lru/BouH/engine/physics/world/object/WorldItem;Lru/BouH/engine/render/scene/objects/data/RenderData;)V+8
j  ru.BouH.engine.physics.entities.player.EntityPlayerSP.performController(Lorg/joml/Vector2d;Lorg/joml/Vector3d;)V+77
j  ru.BouH.engine.game.controller.ControllerDispatcher.performControllerToItem(Lru/BouH/engine/game/controller/IController;Lru/BouH/engine/physics/entities/IRemoteController;)V+45
j  ru.BouH.engine.game.controller.ControllerDispatcher.updateController(ZLru/BouH/engine/render/screen/window/Window;)V+396
j  ru.BouH.engine.render.screen.Screen.renderLoop()V+84
j  ru.BouH.engine.render.screen.Screen.updateScreen()V+50
j  ru.BouH.engine.render.screen.Screen.startScreen()V+1
j  ru.BouH.engine.game.Game$EngineSystem.lambda$startSystem$0()V+91
j  ru.BouH.engine.game.Game$EngineSystem$$Lambda$50.run()V+4
j  java.lang.Thread.run()V+11
v  ~StubRoutines::call_stub

---------------  P R O C E S S  ---------------

Java Threads: ( => current thread )
  0x000001fda8bb6000 JavaThread "D3D Screen Updater" daemon [_thread_blocked, id=19172, stack(0x000000ce7bb00000,0x000000ce7bc00000)]
  0x000001fdaa3b9000 JavaThread "AWT-Windows" daemon [_thread_in_native, id=23924, stack(0x000000ce7b700000,0x000000ce7b800000)]
  0x000001fdaab61000 JavaThread "Java2D Disposer" daemon [_thread_blocked, id=15584, stack(0x000000ce7b500000,0x000000ce7b600000)]
  0x000001fdaa97a800 JavaThread "physics" [_thread_blocked, id=5012, stack(0x000000ce7b400000,0x000000ce7b500000)]
  0x000001fda944b000 JavaThread "physics" [_thread_in_native, id=7468, stack(0x000000ce7b300000,0x000000ce7b400000)]
  0x000001fd81143000 JavaThread "DestroyJavaVM" [_thread_blocked, id=19208, stack(0x000000ce79800000,0x000000ce79900000)]
=>0x000001fdab91a800 JavaThread "game" [_thread_in_native, id=10300, stack(0x000000ce7b200000,0x000000ce7b300000)]
  0x000001fda8c7b000 JavaThread "JavaCPP Deallocator" daemon [_thread_blocked, id=21384, stack(0x000000ce7b100000,0x000000ce7b200000)]
  0x000001fda79d5800 JavaThread "Service Thread" daemon [_thread_blocked, id=3324, stack(0x000000ce7af00000,0x000000ce7b000000)]
  0x000001fda7953000 JavaThread "C1 CompilerThread3" daemon [_thread_blocked, id=20792, stack(0x000000ce7ae00000,0x000000ce7af00000)]
  0x000001fda7952000 JavaThread "C2 CompilerThread2" daemon [_thread_blocked, id=13724, stack(0x000000ce7ad00000,0x000000ce7ae00000)]
  0x000001fda7951000 JavaThread "C2 CompilerThread1" daemon [_thread_blocked, id=11772, stack(0x000000ce7ac00000,0x000000ce7ad00000)]
  0x000001fda794e800 JavaThread "C2 CompilerThread0" daemon [_thread_blocked, id=17544, stack(0x000000ce7ab00000,0x000000ce7ac00000)]
  0x000001fda78f1000 JavaThread "JDWP Command Reader" daemon [_thread_in_native, id=14880, stack(0x000000ce7aa00000,0x000000ce7ab00000)]
  0x000001fda78e4800 JavaThread "JDWP Event Helper Thread" daemon [_thread_blocked, id=21116, stack(0x000000ce7a900000,0x000000ce7aa00000)]
  0x000001fda55ae000 JavaThread "JDWP Transport Listener: dt_socket" daemon [_thread_blocked, id=24572, stack(0x000000ce7a800000,0x000000ce7a900000)]
  0x000001fda5599800 JavaThread "Attach Listener" daemon [_thread_blocked, id=24040, stack(0x000000ce7a700000,0x000000ce7a800000)]
  0x000001fda5599000 JavaThread "Signal Dispatcher" daemon [_thread_blocked, id=22340, stack(0x000000ce7a600000,0x000000ce7a700000)]
  0x000001fda556f800 JavaThread "Finalizer" daemon [_thread_blocked, id=11040, stack(0x000000ce7a500000,0x000000ce7a600000)]
  0x000001fda5567800 JavaThread "Reference Handler" daemon [_thread_blocked, id=16876, stack(0x000000ce7a400000,0x000000ce7a500000)]

Other Threads:
  0x000001fda5541000 VMThread [stack: 0x000000ce7a300000,0x000000ce7a400000] [id=10276]
  0x000001fda7a6b000 WatcherThread [stack: 0x000000ce7b000000,0x000000ce7b100000] [id=1588]

VM state:not at safepoint (normal execution)

VM Mutex/Monitor currently owned by a thread: None

heap address: 0x00000005c3800000, size: 8136 MB, Compressed Oops mode: Zero based, Oop shift amount: 3
Narrow klass base: 0x0000000000000000, Narrow klass shift: 3
Compressed class space size: 1073741824 Address: 0x00000007c0000000

Heap:
 PSYoungGen      total 152576K, used 90738K [0x0000000716800000, 0x0000000721200000, 0x00000007c0000000)
  eden space 131072K, 69% used [0x0000000716800000,0x000000071c09c948,0x000000071e800000)
  from space 21504K, 0% used [0x000000071fd00000,0x000000071fd00000,0x0000000721200000)
  to   space 21504K, 0% used [0x000000071e800000,0x000000071e800000,0x000000071fd00000)
 ParOldGen       total 219648K, used 5180K [0x00000005c3800000, 0x00000005d0e80000, 0x0000000716800000)
  object space 219648K, 2% used [0x00000005c3800000,0x00000005c3d0f360,0x00000005d0e80000)
 Metaspace       used 29072K, capacity 29544K, committed 29952K, reserved 1075200K
  class space    used 3167K, capacity 3308K, committed 3328K, reserved 1048576K

Card table byte_map: [0x000001fd91f60000,0x000001fd92f50000] byte_map_base: 0x000001fd8f144000

Marking Bits: (ParMarkBitMap*) 0x00000000709cd980
 Begin Bits: [0x000001fd939f0000, 0x000001fd9b910000)
 End Bits:   [0x000001fd9b910000, 0x000001fda3830000)

Polling page: 0x000001fd81390000

CodeCache: size=245760Kb used=10351Kb max_used=10351Kb free=235408Kb
 bounds [0x000001fd82ba0000, 0x000001fd835d0000, 0x000001fd91ba0000]
 total_blobs=4055 nmethods=2842 adapters=1133
 compilation: enabled

Compilation events (10 events):
Event: 5.138 Thread 0x000001fda7953000 2841       3       java.io.PrintStream::ensureOpen (18 bytes)
Event: 5.138 Thread 0x000001fda7953000 nmethod 2841 0x000001fd83598390 code [0x000001fd83598500, 0x000001fd83598770]
Event: 5.138 Thread 0x000001fda7953000 2842  s    3       java.io.BufferedOutputStream::flush (12 bytes)
Event: 5.138 Thread 0x000001fda7953000 nmethod 2842 0x000001fd83594d50 code [0x000001fd83594ee0, 0x000001fd835953e0]
Event: 5.138 Thread 0x000001fda7953000 2843       3       java.io.BufferedOutputStream::flushBuffer (29 bytes)
Event: 5.138 Thread 0x000001fda7953000 nmethod 2843 0x000001fd8359b1d0 code [0x000001fd8359b340, 0x000001fd8359b5d0]
Event: 5.138 Thread 0x000001fda7953000 2840       3       org.apache.logging.log4j.core.layout.AbstractStringLayout::trimToMaxSize (8 bytes)
Event: 5.138 Thread 0x000001fda7953000 nmethod 2840 0x000001fd8359a810 code [0x000001fd8359a9c0, 0x000001fd8359af60]
Event: 5.138 Thread 0x000001fda7953000 2836       3       java.util.Locale::hasExtensions (13 bytes)
Event: 5.138 Thread 0x000001fda7953000 nmethod 2836 0x000001fd8359a490 code [0x000001fd8359a5e0, 0x000001fd8359a798]

GC Heap History (6 events):
Event: 0.774 GC heap before
{Heap before GC invocations=1 (full 0):
 PSYoungGen      total 152576K, used 131072K [0x0000000716800000, 0x0000000721200000, 0x00000007c0000000)
  eden space 131072K, 100% used [0x0000000716800000,0x000000071e800000,0x000000071e800000)
  from space 21504K, 0% used [0x000000071fd00000,0x000000071fd00000,0x0000000721200000)
  to   space 21504K, 0% used [0x000000071e800000,0x000000071e800000,0x000000071fd00000)
 ParOldGen       total 348160K, used 0K [0x00000005c3800000, 0x00000005d8c00000, 0x0000000716800000)
  object space 348160K, 0% used [0x00000005c3800000,0x00000005c3800000,0x00000005d8c00000)
 Metaspace       used 15487K, capacity 15732K, committed 15872K, reserved 1062912K
  class space    used 1919K, capacity 2010K, committed 2048K, reserved 1048576K
Event: 0.779 GC heap after
Heap after GC invocations=1 (full 0):
 PSYoungGen      total 152576K, used 8014K [0x0000000716800000, 0x0000000721200000, 0x00000007c0000000)
  eden space 131072K, 0% used [0x0000000716800000,0x0000000716800000,0x000000071e800000)
  from space 21504K, 37% used [0x000000071e800000,0x000000071efd3a20,0x000000071fd00000)
  to   space 21504K, 0% used [0x000000071fd00000,0x000000071fd00000,0x0000000721200000)
 ParOldGen       total 348160K, used 16K [0x00000005c3800000, 0x00000005d8c00000, 0x0000000716800000)
  object space 348160K, 0% used [0x00000005c3800000,0x00000005c3804000,0x00000005d8c00000)
 Metaspace       used 15487K, capacity 15732K, committed 15872K, reserved 1062912K
  class space    used 1919K, capacity 2010K, committed 2048K, reserved 1048576K
}
Event: 1.132 GC heap before
{Heap before GC invocations=2 (full 0):
 PSYoungGen      total 152576K, used 51114K [0x0000000716800000, 0x0000000721200000, 0x00000007c0000000)
  eden space 131072K, 32% used [0x0000000716800000,0x0000000719216f10,0x000000071e800000)
  from space 21504K, 37% used [0x000000071e800000,0x000000071efd3a20,0x000000071fd00000)
  to   space 21504K, 0% used [0x000000071fd00000,0x000000071fd00000,0x0000000721200000)
 ParOldGen       total 348160K, used 16K [0x00000005c3800000, 0x00000005d8c00000, 0x0000000716800000)
  object space 348160K, 0% used [0x00000005c3800000,0x00000005c3804000,0x00000005d8c00000)
 Metaspace       used 20727K, capacity 21102K, committed 21296K, reserved 1069056K
  class space    used 2504K, capacity 2633K, committed 2688K, reserved 1048576K
Event: 1.135 GC heap after
Heap after GC invocations=2 (full 0):
 PSYoungGen      total 152576K, used 5429K [0x0000000716800000, 0x0000000721200000, 0x00000007c0000000)
  eden space 131072K, 0% used [0x0000000716800000,0x0000000716800000,0x000000071e800000)
  from space 21504K, 25% used [0x000000071fd00000,0x000000072024d6d8,0x0000000721200000)
  to   space 21504K, 0% used [0x000000071e800000,0x000000071e800000,0x000000071fd00000)
 ParOldGen       total 348160K, used 24K [0x00000005c3800000, 0x00000005d8c00000, 0x0000000716800000)
  object space 348160K, 0% used [0x00000005c3800000,0x00000005c3806000,0x00000005d8c00000)
 Metaspace       used 20727K, capacity 21102K, committed 21296K, reserved 1069056K
  class space    used 2504K, capacity 2633K, committed 2688K, reserved 1048576K
}
Event: 1.135 GC heap before
{Heap before GC invocations=3 (full 1):
 PSYoungGen      total 152576K, used 5429K [0x0000000716800000, 0x0000000721200000, 0x00000007c0000000)
  eden space 131072K, 0% used [0x0000000716800000,0x0000000716800000,0x000000071e800000)
  from space 21504K, 25% used [0x000000071fd00000,0x000000072024d6d8,0x0000000721200000)
  to   space 21504K, 0% used [0x000000071e800000,0x000000071e800000,0x000000071fd00000)
 ParOldGen       total 348160K, used 24K [0x00000005c3800000, 0x00000005d8c00000, 0x0000000716800000)
  object space 348160K, 0% used [0x00000005c3800000,0x00000005c3806000,0x00000005d8c00000)
 Metaspace       used 20727K, capacity 21102K, committed 21296K, reserved 1069056K
  class space    used 2504K, capacity 2633K, committed 2688K, reserved 1048576K
Event: 1.149 GC heap after
Heap after GC invocations=3 (full 1):
 PSYoungGen      total 152576K, used 0K [0x0000000716800000, 0x0000000721200000, 0x00000007c0000000)
  eden space 131072K, 0% used [0x0000000716800000,0x0000000716800000,0x000000071e800000)
  from space 21504K, 0% used [0x000000071fd00000,0x000000071fd00000,0x0000000721200000)
  to   space 21504K, 0% used [0x000000071e800000,0x000000071e800000,0x000000071fd00000)
 ParOldGen       total 219648K, used 5180K [0x00000005c3800000, 0x00000005d0e80000, 0x0000000716800000)
  object space 219648K, 2% used [0x00000005c3800000,0x00000005c3d0f360,0x00000005d0e80000)
 Metaspace       used 20712K, capacity 21054K, committed 21296K, reserved 1069056K
  class space    used 2499K, capacity 2625K, committed 2688K, reserved 1048576K
}

Deoptimization events (10 events):
Event: 1.154 Thread 0x000001fdab91a800 Uncommon trap: reason=unstable_if action=reinterpret pc=0x000001fd82f66830 method=java.util.HashMap.hash(Ljava/lang/Object;)I @ 1
Event: 1.176 Thread 0x000001fdaa3b9000 Uncommon trap: reason=unstable_if action=reinterpret pc=0x000001fd831edc18 method=com.intellij.rt.debugger.agent.CaptureAgent$CaptureTransformer.transform(Ljava/lang/ClassLoader;Ljava/lang/String;Ljava/lang/Class;Ljava/security/ProtectionDomain;[B)[B @ 36
Event: 1.483 Thread 0x000001fdab91a800 Uncommon trap: reason=unstable_if action=reinterpret pc=0x000001fd82cff498 method=sun.nio.cs.SingleByte$Encoder.encode(C)I @ 13
Event: 1.486 Thread 0x000001fdab91a800 Uncommon trap: reason=unstable_if action=reinterpret pc=0x000001fd83274160 method=java.lang.Character.isSurrogate(C)Z @ 3
Event: 1.486 Thread 0x000001fdab91a800 Uncommon trap: reason=unstable_if action=reinterpret pc=0x000001fd832746f0 method=java.lang.Character.isSurrogate(C)Z @ 3
Event: 1.488 Thread 0x000001fdab91a800 Uncommon trap: reason=unstable_if action=reinterpret pc=0x000001fd830ba53c method=java.io.File.getParent()Ljava/lang/String; @ 16
Event: 1.490 Thread 0x000001fdab91a800 Uncommon trap: reason=unstable_if action=reinterpret pc=0x000001fd82e2ad58 method=java.lang.CharacterData.of(I)Ljava/lang/CharacterData; @ 4
Event: 1.560 Thread 0x000001fdab91a800 Uncommon trap: reason=class_check action=maybe_recompile pc=0x000001fd8310322c method=java.util.AbstractList$Itr.hasNext()Z @ 8
Event: 2.762 Thread 0x000001fdab91a800 Uncommon trap: reason=unstable_if action=reinterpret pc=0x000001fd832375cc method=jdk.internal.org.objectweb.asm.Type.getArgumentsAndReturnSizes(Ljava/lang/String;)I @ 88
Event: 4.596 Thread 0x000001fdab91a800 Uncommon trap: reason=unstable_if action=reinterpret pc=0x000001fd834d2e44 method=java.lang.Integer.getChars(II[C)V @ 7

Classes redefined (0 events):
No events

Internal exceptions (10 events):
Event: 1.011 Thread 0x000001fdab91a800 Exception <a 'java/io/FileNotFoundException'> (0x0000000718daf3f0) thrown at [C:\jenkins\workspace\8-2-build-windows-x64-cygwin\jdk8u371\3355\hotspot\src\share\vm\prims\jni.cpp, line 710]
Event: 1.152 Thread 0x000001fdab91a800 Implicit null exception at 0x000001fd82e76299 to 0x000001fd82e76799
Event: 1.152 Thread 0x000001fdab91a800 Implicit null exception at 0x000001fd82e23e94 to 0x000001fd82e243a1
Event: 1.154 Thread 0x000001fdab91a800 Implicit null exception at 0x000001fd82f43994 to 0x000001fd82f43c41
Event: 1.154 Thread 0x000001fdab91a800 Implicit null exception at 0x000001fd82f6601b to 0x000001fd82f66819
Event: 1.327 Thread 0x000001fdab91a800 Exception <a 'sun/nio/fs/WindowsException'> (0x0000000717591730) thrown at [C:\jenkins\workspace\8-2-build-windows-x64-cygwin\jdk8u371\3355\hotspot\src\share\vm\prims\jni.cpp, line 710]
Event: 1.327 Thread 0x000001fdab91a800 Exception <a 'sun/nio/fs/WindowsException'> (0x0000000717591e68) thrown at [C:\jenkins\workspace\8-2-build-windows-x64-cygwin\jdk8u371\3355\hotspot\src\share\vm\prims\jni.cpp, line 710]
Event: 1.328 Thread 0x000001fdab91a800 Exception <a 'sun/nio/fs/WindowsException'> (0x00000007175a7af0) thrown at [C:\jenkins\workspace\8-2-build-windows-x64-cygwin\jdk8u371\3355\hotspot\src\share\vm\prims\jni.cpp, line 710]
Event: 1.328 Thread 0x000001fdab91a800 Exception <a 'sun/nio/fs/WindowsException'> (0x00000007175a80e0) thrown at [C:\jenkins\workspace\8-2-build-windows-x64-cygwin\jdk8u371\3355\hotspot\src\share\vm\prims\jni.cpp, line 710]
Event: 2.762 Thread 0x000001fdab91a800 Exception <a 'java/lang/NoSuchMethodError': java.lang.Object.lambda$comparing$77a9974f$1(Ljava/util/function/Function;Ljava/lang/Object;Ljava/lang/Object;)I> (0x00000007195c0410) thrown at [C:\jenkins\workspace\8-2-build-windows-x64-cygwin\jdk8u371\3355\h

Events (10 events):
Event: 4.023 loading class sun/awt/AWTAutoShutdown$1 done
Event: 4.023 Thread 0x000001fdaab61800 Thread exited: 0x000001fdaab61800
Event: 4.023 Thread 0x000001fda8bb5000 Thread exited: 0x000001fda8bb5000
Event: 4.116 Executing VM operation: EnableBiasedLocking
Event: 4.116 Executing VM operation: EnableBiasedLocking done
Event: 4.596 Thread 0x000001fdab91a800 Uncommon trap: trap_request=0xffffff65 fr.pc=0x000001fd834d2e44
Event: 4.596 Thread 0x000001fdab91a800 DEOPT PACKING pc=0x000001fd834d2e44 sp=0x000000ce7b2fe8a0
Event: 4.596 Thread 0x000001fdab91a800 DEOPT UNPACKING pc=0x000001fd82be58c3 sp=0x000000ce7b2fe830 mode 2
Event: 4.774 loading class java/util/ArrayDeque$1
Event: 4.774 loading class java/util/ArrayDeque$1 done


Dynamic libraries:
0x00007ff7efbe0000 - 0x00007ff7efc2a000 	C:\Program Files\Java\jdk-1.8\bin\java.exe
0x00007fff4e510000 - 0x00007fff4e724000 	C:\Windows\SYSTEM32\ntdll.dll
0x00007fff4d680000 - 0x00007fff4d744000 	C:\Windows\System32\KERNEL32.DLL
0x00007fff4bdd0000 - 0x00007fff4c174000 	C:\Windows\System32\KERNELBASE.dll
0x00007fff4dbc0000 - 0x00007fff4dc70000 	C:\Windows\System32\ADVAPI32.dll
0x00007fff4da20000 - 0x00007fff4dac7000 	C:\Windows\System32\msvcrt.dll
0x00007fff4cfd0000 - 0x00007fff4d076000 	C:\Windows\System32\sechost.dll
0x00007fff4d390000 - 0x00007fff4d4a7000 	C:\Windows\System32\RPCRT4.dll
0x00007fff4d4b0000 - 0x00007fff4d65e000 	C:\Windows\System32\USER32.dll
0x00007fff4c180000 - 0x00007fff4c1a6000 	C:\Windows\System32\win32u.dll
0x00007fff4d9f0000 - 0x00007fff4da19000 	C:\Windows\System32\GDI32.dll
0x00007fff4bad0000 - 0x00007fff4bbe8000 	C:\Windows\System32\gdi32full.dll
0x00007fff4ba30000 - 0x00007fff4baca000 	C:\Windows\System32\msvcp_win.dll
0x00007fff4bbf0000 - 0x00007fff4bd01000 	C:\Windows\System32\ucrtbase.dll
0x00007fff2a720000 - 0x00007fff2a9b3000 	C:\Windows\WinSxS\amd64_microsoft.windows.common-controls_6595b64144ccf1df_6.0.22621.2215_none_270d72677387dfc3\COMCTL32.dll
0x00007fff4db80000 - 0x00007fff4dbb1000 	C:\Windows\System32\IMM32.DLL
0x00007fff44380000 - 0x00007fff4439b000 	C:\Program Files\Java\jdk-1.8\jre\bin\vcruntime140.dll
0x00007fff44780000 - 0x00007fff4478c000 	C:\Program Files\Java\jdk-1.8\jre\bin\vcruntime140_1.dll
0x00007fff36bf0000 - 0x00007fff36c7e000 	C:\Program Files\Java\jdk-1.8\jre\bin\msvcp140.dll
0x00000000701a0000 - 0x0000000070a47000 	C:\Program Files\Java\jdk-1.8\jre\bin\server\jvm.dll
0x00007fff4e4c0000 - 0x00007fff4e4c8000 	C:\Windows\System32\PSAPI.DLL
0x00007fff44760000 - 0x00007fff44769000 	C:\Windows\SYSTEM32\WSOCK32.dll
0x00007fff3c390000 - 0x00007fff3c3c4000 	C:\Windows\SYSTEM32\WINMM.dll
0x00007fff46cc0000 - 0x00007fff46cca000 	C:\Windows\SYSTEM32\VERSION.dll
0x00007fff4d7e0000 - 0x00007fff4d851000 	C:\Windows\System32\WS2_32.dll
0x00007fff4aa00000 - 0x00007fff4aa18000 	C:\Windows\SYSTEM32\kernel.appcore.dll
0x00007fff442c0000 - 0x00007fff442d0000 	C:\Program Files\Java\jdk-1.8\jre\bin\verify.dll
0x00007fff43910000 - 0x00007fff4393b000 	C:\Program Files\Java\jdk-1.8\jre\bin\java.dll
0x00007fff3e710000 - 0x00007fff3e746000 	C:\Program Files\Java\jdk-1.8\jre\bin\jdwp.dll
0x00007fff437c0000 - 0x00007fff437c9000 	C:\Program Files\Java\jdk-1.8\jre\bin\npt.dll
0x00007fff2e040000 - 0x00007fff2e074000 	C:\Program Files\Java\jdk-1.8\jre\bin\instrument.dll
0x00007fff3c280000 - 0x00007fff3c298000 	C:\Program Files\Java\jdk-1.8\jre\bin\zip.dll
0x00007fff4c2a0000 - 0x00007fff4cac3000 	C:\Windows\System32\SHELL32.dll
0x00007fff49860000 - 0x00007fff4a14a000 	C:\Windows\SYSTEM32\windows.storage.dll
0x00007fff4de90000 - 0x00007fff4e21a000 	C:\Windows\System32\combase.dll
0x00007fff49720000 - 0x00007fff4985e000 	C:\Windows\SYSTEM32\wintypes.dll
0x00007fff4d8d0000 - 0x00007fff4d9c3000 	C:\Windows\System32\SHCORE.dll
0x00007fff4dc90000 - 0x00007fff4dcee000 	C:\Windows\System32\shlwapi.dll
0x00007fff4b7f0000 - 0x00007fff4b816000 	C:\Windows\SYSTEM32\profapi.dll
0x00007fff42d60000 - 0x00007fff42d6a000 	C:\Program Files\Java\jdk-1.8\jre\bin\dt_socket.dll
0x00007fff4ae80000 - 0x00007fff4aee9000 	C:\Windows\system32\mswsock.dll
0x00007fff3e700000 - 0x00007fff3e70d000 	C:\Program Files\Java\jdk-1.8\jre\bin\management.dll
0x00007fff3b1d0000 - 0x00007fff3b1ec000 	C:\Program Files\Java\jdk-1.8\jre\bin\net.dll
0x00007fff2de10000 - 0x00007fff2de27000 	C:\Windows\system32\napinsp.dll
0x00007fff2dc10000 - 0x00007fff2dc2b000 	C:\Windows\system32\pnrpnsp.dll
0x00007fff4a490000 - 0x00007fff4a582000 	C:\Windows\SYSTEM32\DNSAPI.dll
0x00007fff4a420000 - 0x00007fff4a44d000 	C:\Windows\SYSTEM32\IPHLPAPI.DLL
0x00007fff4d9e0000 - 0x00007fff4d9e9000 	C:\Windows\System32\NSI.dll
0x00007fff2dbf0000 - 0x00007fff2dc01000 	C:\Windows\System32\winrnr.dll
0x00007fff45660000 - 0x00007fff45675000 	C:\Windows\system32\wshbth.dll
0x00007fff2b650000 - 0x00007fff2b671000 	C:\Windows\system32\nlansp_c.dll
0x00007fff43780000 - 0x00007fff4378a000 	C:\Windows\System32\rasadhlp.dll
0x00007fff44b60000 - 0x00007fff44be4000 	C:\Windows\System32\fwpuclnt.dll
0x00007fff3ac00000 - 0x00007fff3ac13000 	C:\Program Files\Java\jdk-1.8\jre\bin\nio.dll
0x000001fd813d0000 - 0x000001fd813d4000 	C:\Users\hardm\.javacpp\cache\javacpp-1.5.9-windows-x86_64.jar\org\bytedeco\javacpp\windows-x86_64\api-ms-win-crt-locale-l1-1-0.dll
0x000001fd813e0000 - 0x000001fd813e5000 	C:\Users\hardm\.javacpp\cache\javacpp-1.5.9-windows-x86_64.jar\org\bytedeco\javacpp\windows-x86_64\api-ms-win-crt-string-l1-1-0.dll
0x000001fda52d0000 - 0x000001fda52d5000 	C:\Users\hardm\.javacpp\cache\javacpp-1.5.9-windows-x86_64.jar\org\bytedeco\javacpp\windows-x86_64\api-ms-win-crt-stdio-l1-1-0.dll
0x000001fda52e0000 - 0x000001fda52e6000 	C:\Users\hardm\.javacpp\cache\javacpp-1.5.9-windows-x86_64.jar\org\bytedeco\javacpp\windows-x86_64\api-ms-win-crt-math-l1-1-0.dll
0x000001fda52f0000 - 0x000001fda52f4000 	C:\Users\hardm\.javacpp\cache\javacpp-1.5.9-windows-x86_64.jar\org\bytedeco\javacpp\windows-x86_64\api-ms-win-crt-heap-l1-1-0.dll
0x000001fda5300000 - 0x000001fda5305000 	C:\Users\hardm\.javacpp\cache\javacpp-1.5.9-windows-x86_64.jar\org\bytedeco\javacpp\windows-x86_64\api-ms-win-crt-runtime-l1-1-0.dll
0x000001fda5310000 - 0x000001fda5315000 	C:\Users\hardm\.javacpp\cache\javacpp-1.5.9-windows-x86_64.jar\org\bytedeco\javacpp\windows-x86_64\api-ms-win-crt-convert-l1-1-0.dll
0x000001fda5320000 - 0x000001fda5324000 	C:\Users\hardm\.javacpp\cache\javacpp-1.5.9-windows-x86_64.jar\org\bytedeco\javacpp\windows-x86_64\api-ms-win-crt-environment-l1-1-0.dll
0x000001fda5330000 - 0x000001fda5334000 	C:\Users\hardm\.javacpp\cache\javacpp-1.5.9-windows-x86_64.jar\org\bytedeco\javacpp\windows-x86_64\api-ms-win-crt-time-l1-1-0.dll
0x000001fda5340000 - 0x000001fda5344000 	C:\Users\hardm\.javacpp\cache\javacpp-1.5.9-windows-x86_64.jar\org\bytedeco\javacpp\windows-x86_64\api-ms-win-crt-filesystem-l1-1-0.dll
0x000001fda5350000 - 0x000001fda5354000 	C:\Users\hardm\.javacpp\cache\javacpp-1.5.9-windows-x86_64.jar\org\bytedeco\javacpp\windows-x86_64\api-ms-win-crt-utility-l1-1-0.dll
0x000001fda5360000 - 0x000001fda5366000 	C:\Users\hardm\.javacpp\cache\javacpp-1.5.9-windows-x86_64.jar\org\bytedeco\javacpp\windows-x86_64\api-ms-win-crt-multibyte-l1-1-0.dll
0x000001fda5370000 - 0x000001fda5374000 	C:\Users\hardm\.javacpp\cache\javacpp-1.5.9-windows-x86_64.jar\org\bytedeco\javacpp\windows-x86_64\api-ms-win-crt-conio-l1-1-0.dll
0x000001fda5380000 - 0x000001fda5391000 	C:\Users\hardm\.javacpp\cache\javacpp-1.5.9-windows-x86_64.jar\org\bytedeco\javacpp\windows-x86_64\api-ms-win-crt-private-l1-1-0.dll
0x000001fda53a0000 - 0x000001fda53a4000 	C:\Users\hardm\.javacpp\cache\javacpp-1.5.9-windows-x86_64.jar\org\bytedeco\javacpp\windows-x86_64\api-ms-win-crt-process-l1-1-0.dll
0x000001fda9bf0000 - 0x000001fda9bf4000 	C:\Users\hardm\.javacpp\cache\javacpp-1.5.9-windows-x86_64.jar\org\bytedeco\javacpp\windows-x86_64\api-ms-win-core-console-l1-2-0.dll
0x000001fda9c00000 - 0x000001fda9c04000 	C:\Users\hardm\.javacpp\cache\javacpp-1.5.9-windows-x86_64.jar\org\bytedeco\javacpp\windows-x86_64\api-ms-win-core-string-l1-1-0.dll
0x000001fda9c10000 - 0x000001fda9c14000 	C:\Users\hardm\.javacpp\cache\javacpp-1.5.9-windows-x86_64.jar\org\bytedeco\javacpp\windows-x86_64\api-ms-win-core-errorhandling-l1-1-0.dll
0x000001fda9c20000 - 0x000001fda9c24000 	C:\Users\hardm\.javacpp\cache\javacpp-1.5.9-windows-x86_64.jar\org\bytedeco\javacpp\windows-x86_64\api-ms-win-core-timezone-l1-1-0.dll
0x000001fda9c30000 - 0x000001fda9c35000 	C:\Users\hardm\.javacpp\cache\javacpp-1.5.9-windows-x86_64.jar\org\bytedeco\javacpp\windows-x86_64\api-ms-win-core-file-l1-1-0.dll
0x000001fda9c40000 - 0x000001fda9c44000 	C:\Users\hardm\.javacpp\cache\javacpp-1.5.9-windows-x86_64.jar\org\bytedeco\javacpp\windows-x86_64\api-ms-win-core-namedpipe-l1-1-0.dll
0x000001fda9c50000 - 0x000001fda9c54000 	C:\Users\hardm\.javacpp\cache\javacpp-1.5.9-windows-x86_64.jar\org\bytedeco\javacpp\windows-x86_64\api-ms-win-core-handle-l1-1-0.dll
0x000001fda9c60000 - 0x000001fda9c64000 	C:\Users\hardm\.javacpp\cache\javacpp-1.5.9-windows-x86_64.jar\org\bytedeco\javacpp\windows-x86_64\api-ms-win-core-file-l2-1-0.dll
0x000001fda9c70000 - 0x000001fda9c74000 	C:\Users\hardm\.javacpp\cache\javacpp-1.5.9-windows-x86_64.jar\org\bytedeco\javacpp\windows-x86_64\api-ms-win-core-heap-l1-1-0.dll
0x000001fda9c80000 - 0x000001fda9c84000 	C:\Users\hardm\.javacpp\cache\javacpp-1.5.9-windows-x86_64.jar\org\bytedeco\javacpp\windows-x86_64\api-ms-win-core-libraryloader-l1-1-0.dll
0x000001fda9c90000 - 0x000001fda9c94000 	C:\Users\hardm\.javacpp\cache\javacpp-1.5.9-windows-x86_64.jar\org\bytedeco\javacpp\windows-x86_64\api-ms-win-core-synch-l1-1-0.dll
0x000001fda9ca0000 - 0x000001fda9ca4000 	C:\Users\hardm\.javacpp\cache\javacpp-1.5.9-windows-x86_64.jar\org\bytedeco\javacpp\windows-x86_64\api-ms-win-core-processthreads-l1-1-0.dll
0x000001fda9cb0000 - 0x000001fda9cb4000 	C:\Users\hardm\.javacpp\cache\javacpp-1.5.9-windows-x86_64.jar\org\bytedeco\javacpp\windows-x86_64\api-ms-win-core-processenvironment-l1-1-0.dll
0x000001fdaac90000 - 0x000001fdaac94000 	C:\Users\hardm\.javacpp\cache\javacpp-1.5.9-windows-x86_64.jar\org\bytedeco\javacpp\windows-x86_64\api-ms-win-core-datetime-l1-1-0.dll
0x000001fdaaca0000 - 0x000001fdaaca4000 	C:\Users\hardm\.javacpp\cache\javacpp-1.5.9-windows-x86_64.jar\org\bytedeco\javacpp\windows-x86_64\api-ms-win-core-localization-l1-2-0.dll
0x000001fdaacb0000 - 0x000001fdaacb4000 	C:\Users\hardm\.javacpp\cache\javacpp-1.5.9-windows-x86_64.jar\org\bytedeco\javacpp\windows-x86_64\api-ms-win-core-sysinfo-l1-1-0.dll
0x000001fdaacc0000 - 0x000001fdaacc4000 	C:\Users\hardm\.javacpp\cache\javacpp-1.5.9-windows-x86_64.jar\org\bytedeco\javacpp\windows-x86_64\api-ms-win-core-synch-l1-2-0.dll
0x000001fdaacd0000 - 0x000001fdaacd4000 	C:\Users\hardm\.javacpp\cache\javacpp-1.5.9-windows-x86_64.jar\org\bytedeco\javacpp\windows-x86_64\api-ms-win-core-console-l1-1-0.dll
0x000001fdaace0000 - 0x000001fdaace4000 	C:\Users\hardm\.javacpp\cache\javacpp-1.5.9-windows-x86_64.jar\org\bytedeco\javacpp\windows-x86_64\api-ms-win-core-debug-l1-1-0.dll
0x000001fdaacf0000 - 0x000001fdaacf4000 	C:\Users\hardm\.javacpp\cache\javacpp-1.5.9-windows-x86_64.jar\org\bytedeco\javacpp\windows-x86_64\api-ms-win-core-rtlsupport-l1-1-0.dll
0x000001fdaad00000 - 0x000001fdaad04000 	C:\Users\hardm\.javacpp\cache\javacpp-1.5.9-windows-x86_64.jar\org\bytedeco\javacpp\windows-x86_64\api-ms-win-core-processthreads-l1-1-1.dll
0x000001fdaad10000 - 0x000001fdaad14000 	C:\Users\hardm\.javacpp\cache\javacpp-1.5.9-windows-x86_64.jar\org\bytedeco\javacpp\windows-x86_64\api-ms-win-core-file-l1-2-0.dll
0x000001fdaad20000 - 0x000001fdaad24000 	C:\Users\hardm\.javacpp\cache\javacpp-1.5.9-windows-x86_64.jar\org\bytedeco\javacpp\windows-x86_64\api-ms-win-core-profile-l1-1-0.dll
0x000001fdaad30000 - 0x000001fdaad34000 	C:\Users\hardm\.javacpp\cache\javacpp-1.5.9-windows-x86_64.jar\org\bytedeco\javacpp\windows-x86_64\api-ms-win-core-memory-l1-1-0.dll
0x000001fdaad40000 - 0x000001fdaad44000 	C:\Users\hardm\.javacpp\cache\javacpp-1.5.9-windows-x86_64.jar\org\bytedeco\javacpp\windows-x86_64\api-ms-win-core-util-l1-1-0.dll
0x000001fdaad50000 - 0x000001fdaad54000 	C:\Users\hardm\.javacpp\cache\javacpp-1.5.9-windows-x86_64.jar\org\bytedeco\javacpp\windows-x86_64\api-ms-win-core-interlocked-l1-1-0.dll
0x00007fff2a600000 - 0x00007fff2a711000 	C:\Users\hardm\.javacpp\cache\javacpp-1.5.9-windows-x86_64.jar\org\bytedeco\javacpp\windows-x86_64\ucrtbase.dll
0x00007fff37730000 - 0x00007fff3774b000 	C:\Users\hardm\.javacpp\cache\javacpp-1.5.9-windows-x86_64.jar\org\bytedeco\javacpp\windows-x86_64\vcruntime140.dll
0x00007fff3e6c0000 - 0x00007fff3e6cc000 	C:\Users\hardm\.javacpp\cache\javacpp-1.5.9-windows-x86_64.jar\org\bytedeco\javacpp\windows-x86_64\vcruntime140_1.dll
0x00007fff2c550000 - 0x00007fff2c5dd000 	C:\Users\hardm\.javacpp\cache\javacpp-1.5.9-windows-x86_64.jar\org\bytedeco\javacpp\windows-x86_64\msvcp140.dll
0x00007fff3aa70000 - 0x00007fff3aa79000 	C:\Users\hardm\.javacpp\cache\javacpp-1.5.9-windows-x86_64.jar\org\bytedeco\javacpp\windows-x86_64\msvcp140_1.dll
0x00007fff2dff0000 - 0x00007fff2e03e000 	C:\Users\hardm\.javacpp\cache\javacpp-1.5.9-windows-x86_64.jar\org\bytedeco\javacpp\windows-x86_64\concrt140.dll
0x00007fff2ba60000 - 0x00007fff2ba91000 	C:\Users\hardm\.javacpp\cache\javacpp-1.5.9-windows-x86_64.jar\org\bytedeco\javacpp\windows-x86_64\vcomp140.dll
0x00007fff37460000 - 0x00007fff3746f000 	C:\Users\hardm\.javacpp\cache\javacpp-1.5.9-windows-x86_64.jar\org\bytedeco\javacpp\windows-x86_64\jnijavacpp.dll
0x00007fff2a520000 - 0x00007fff2a600000 	C:\Users\hardm\.javacpp\cache\bullet-3.25-1.5.9-windows-x86_64.jar\org\bytedeco\bullet\windows-x86_64\jniLinearMath.dll
0x00007ffee89a0000 - 0x00007ffee8c00000 	C:\Users\hardm\.javacpp\cache\bullet-3.25-1.5.9-windows-x86_64.jar\org\bytedeco\bullet\windows-x86_64\jniBulletCollision.dll
0x00007ffee7c80000 - 0x00007ffee7ec0000 	C:\Users\hardm\.javacpp\cache\bullet-3.25-1.5.9-windows-x86_64.jar\org\bytedeco\bullet\windows-x86_64\jniBulletDynamics.dll
0x00007fff291c0000 - 0x00007fff29235000 	C:\Users\hardm\AppData\Local\Temp\lwjglhardm\3.3.1-build-7\lwjgl.dll
0x00007fff285d0000 - 0x00007fff28631000 	C:\Users\hardm\AppData\Local\Temp\lwjglhardm\3.3.1-build-7\glfw.dll
0x00007fff01510000 - 0x00007fff0168e000 	C:\Program Files\Java\jdk-1.8\jre\bin\awt.dll
0x00007fff4e3e0000 - 0x00007fff4e4b7000 	C:\Windows\System32\OLEAUT32.dll
0x00007fff471b0000 - 0x00007fff47247000 	C:\Windows\SYSTEM32\apphelp.dll
0x00007fff49020000 - 0x00007fff4904b000 	C:\Windows\system32\DWMAPI.DLL
0x00007fff48da0000 - 0x00007fff48e4b000 	C:\Windows\system32\uxtheme.dll
0x00007fff2d0b0000 - 0x00007fff2d1b0000 	C:\Windows\system32\opengl32.dll
0x00007fff3ff00000 - 0x00007fff3ff2d000 	C:\Windows\SYSTEM32\GLU32.dll
0x00007fff49090000 - 0x00007fff490c8000 	C:\Windows\SYSTEM32\dxcore.dll
0x00007fff4e290000 - 0x00007fff4e3d9000 	C:\Windows\System32\MSCTF.dll
0x00007fff4dcf0000 - 0x00007fff4de8e000 	C:\Windows\System32\ole32.dll
0x00007fff4c220000 - 0x00007fff4c29a000 	C:\Windows\System32\bcryptPrimitives.dll
0x00007fff21cd0000 - 0x00007fff21e79000 	C:\Windows\system32\d3d9.dll
0x00007fff34490000 - 0x00007fff3454c000 	C:\Windows\System32\DriverStore\FileRepository\nv_dispi.inf_amd64_3c2bd4a1ec6d228e\nvldumdx.dll
0x00007fff4b560000 - 0x00007fff4b572000 	C:\Windows\SYSTEM32\msasn1.dll
0x00007fff465b0000 - 0x00007fff465e2000 	C:\Windows\SYSTEM32\cryptnet.dll
0x00007fff4b8c0000 - 0x00007fff4ba26000 	C:\Windows\System32\CRYPT32.dll
0x00007fff45680000 - 0x00007fff457d8000 	C:\Windows\SYSTEM32\drvstore.dll
0x00007fff4b580000 - 0x00007fff4b5ac000 	C:\Windows\SYSTEM32\devobj.dll
0x00007fff4b5b0000 - 0x00007fff4b5fe000 	C:\Windows\SYSTEM32\cfgmgr32.dll
0x00007fff4b180000 - 0x00007fff4b1cb000 	C:\Windows\SYSTEM32\wldp.dll

VM Arguments:
jvm_args: -agentlib:jdwp=transport=dt_socket,address=127.0.0.1:49841,suspend=y,server=n -javaagent:C:\Users\hardm\AppData\Local\JetBrains\IdeaIC2023.2\captureAgent\debugger-agent.jar=file:/C:/Users/hardm/AppData/Local/Temp/capture.props -Dfile.encoding=UTF-8 
java_command: ru.BouH.engine.game.Game
java_class_path (initial): C:\Program Files\Java\jdk-1.8\jre\lib\charsets.jar;C:\Program Files\Java\jdk-1.8\jre\lib\deploy.jar;C:\Program Files\Java\jdk-1.8\jre\lib\ext\access-bridge-64.jar;C:\Program Files\Java\jdk-1.8\jre\lib\ext\cldrdata.jar;C:\Program Files\Java\jdk-1.8\jre\lib\ext\dnsns.jar;C:\Program Files\Java\jdk-1.8\jre\lib\ext\jaccess.jar;C:\Program Files\Java\jdk-1.8\jre\lib\ext\jfxrt.jar;C:\Program Files\Java\jdk-1.8\jre\lib\ext\localedata.jar;C:\Program Files\Java\jdk-1.8\jre\lib\ext\nashorn.jar;C:\Program Files\Java\jdk-1.8\jre\lib\ext\sunec.jar;C:\Program Files\Java\jdk-1.8\jre\lib\ext\sunjce_provider.jar;C:\Program Files\Java\jdk-1.8\jre\lib\ext\sunmscapi.jar;C:\Program Files\Java\jdk-1.8\jre\lib\ext\sunpkcs11.jar;C:\Program Files\Java\jdk-1.8\jre\lib\ext\zipfs.jar;C:\Program Files\Java\jdk-1.8\jre\lib\javaws.jar;C:\Program Files\Java\jdk-1.8\jre\lib\jce.jar;C:\Program Files\Java\jdk-1.8\jre\lib\jfr.jar;C:\Program Files\Java\jdk-1.8\jre\lib\jfxswt.jar;C:\Program Files\Java\jdk-1.8\jre\lib\jsse.jar;C:\Program Files\Java\jdk-1.8\jre\lib\management-agent.jar;C:\Program Files\Java\jdk-1.8\jre\lib\plugin.jar;C:\Program Files\Java\jdk-1.8\jre\lib\resources.jar;C:\Program Files\Java\jdk-1.8\jre\lib\rt.jar;F:\game_test1\target\classes;C:\Users\hardm\.m2\repository\org\bytedeco\bullet-platform\3.25-1.5.9\bullet-platform-3.25-1.5.9.jar;C:\Users\hardm\.m2\repository\org\bytedeco\javacpp-platform\1.5.9\javacpp-platform-1.5.9.jar;C:\Users\hardm\.m2\repository\org\bytedeco\javacpp\1.5.9\javacpp-1.5.9-android-arm.jar;C:\Users\hardm\.m2\repository\org\bytedeco\javacpp\1.5.9\javacpp-1.5.9-android-arm64.jar;C:\Users\hardm\.m2\repository\org\bytedeco\javacpp\1.5.9\javacpp-1.5.9-android-x86.jar;C:\Users\hardm\.m2\repository\org\bytedeco\javacpp\1.5.9\javacpp-1.5.9-android-x86_64.jar;C:\Users\hardm\.m2\repository\org\bytedeco\javacpp\1.5.9\javacpp-1.5.9-ios-arm64.jar;C:\Users\hardm\.m2\repository\org\bytedeco\javacpp\1.5.9\javacpp-1.5.9-ios-x86_64.jar;C:\Users\hardm\.m
Launcher Type: SUN_STANDARD

Environment Variables:
JAVA_HOME=C:\Program Files\Java\jdk-1.8
PATH=C:\Program Files (x86)\Common Files\Oracle\Java\javapath;C:\Windows\system32;C:\Windows;C:\Windows\System32\Wbem;C:\Windows\System32\WindowsPowerShell\v1.0\;C:\Windows\System32\OpenSSH\;C:\Program Files\NVIDIA Corporation\NVIDIA NvDLISR;C:\Program Files\Git\cmd;C:\Program Files (x86)\NVIDIA Corporation\PhysX\Common;C:\Program Files\dotnet\;C:\Program Files\Java\jdk-1.8\bin;C:\Users\hardm\AppData\Local\Microsoft\WindowsApps;C:\Users\hardm\.dotnet\tools
USERNAME=hardm
OS=Windows_NT
PROCESSOR_IDENTIFIER=Intel64 Family 6 Model 151 Stepping 5, GenuineIntel



---------------  S Y S T E M  ---------------

OS: Windows 11 , 64 bit Build 22621 (10.0.22621.2215)

CPU:total 12 (initial active 12) (6 cores per cpu, 2 threads per core) family 6 model 151 stepping 5, cmov, cx8, fxsr, mmx, sse, sse2, sse3, ssse3, sse4.1, sse4.2, popcnt, avx, avx2, aes, clmul, erms, 3dnowpref, lzcnt, ht, tsc, tscinvbit, bmi1, bmi2, adx

Memory: 4k page, physical 33317992k(11106304k free), swap 39883748k(7413220k free)

vm_info: Java HotSpot(TM) 64-Bit Server VM (25.371-b11) for windows-amd64 JRE (1.8.0_371-b11), built on Mar 17 2023 04:03:45 by "java_re" with MS VC++ 17.1 (VS2022)

time: Fri Sep 15 18:14:06 2023
timezone: RTZ 2 ( Family 6 Model 151 Stepping 5, GenuineIntel
elapsed time: 5.159225 seconds (0d 0h 0m 5s)

