#
# A fatal error has been detected by the Java Runtime Environment:
#
#  EXCEPTION_ACCESS_VIOLATION (0xc0000005) at pc=0x00007ffd277571e2, pid=17192, tid=0x0000000000001ad0
#
# JRE version: Java(TM) SE Runtime Environment (8.0_371) (build 1.8.0_371-b11)
# Java VM: Java HotSpot(TM) 64-Bit Server VM (25.371-b11 mixed mode windows-amd64 compressed oops)
# Problematic frame:
# C  [jniBulletDynamics.dll+0x1071e2]
#
# Failed to write core dump. Minidumps are not enabled by default on client versions of Windows
#
# If you would like to submit a bug report, please visit:
#   http://bugreport.java.com/bugreport/crash.jsp
# The crash happened outside the Java Virtual Machine in native code.
# See problematic frame for where to report the bug.
#

---------------  T H R E A D  ---------------

Current thread (0x0000021765d3f000):  JavaThread "physics" [_thread_in_native, id=6864, stack(0x000000a157100000,0x000000a157200000)]

siginfo: ExceptionCode=0xc0000005, reading address 0x0000000000000021

Registers:
RAX=0x0000000000000008, RBX=0x0000021766f97b80, RCX=0x0000021766f97b80, RDX=0x0000000000000008
RSP=0x000000a1571febc0, RBP=0x0000000000000000, RSI=0x0000021767bdd820, RDI=0x0000000000000019
R8 =0x0000000000000008, R9 =0x0000000000000000, R10=0x0000021773617080, R11=0x0000000000000008
R12=0x0000000000000000, R13=0x000002176902b068, R14=0x0000021767bdd8d0, R15=0x0000000000000000
RIP=0x00007ffd277571e2, EFLAGS=0x0000000000010246

Top of Stack: (sp=0x000000a1571febc0)
0x000000a1571febc0:   0000021765d3f000 00007ffd277afb35
0x000000a1571febd0:   0000000000000010 00007ffd27751ef5
0x000000a1571febe0:   0000021765d3f000 0000000000000010
0x000000a1571febf0:   0000000000000010 0000000000000010
0x000000a1571fec00:   0000000000000010 00007ffd27755ace
0x000000a1571fec10:   000000a1571fedb8 0000021767bdd820
0x000000a1571fec20:   0000021767bdd820 0000000000000010
0x000000a1571fec30:   3f547ae140000000 0000000000000000
0x000000a1571fec40:   0000021767bdd820 00007ffd2775735f
0x000000a1571fec50:   0000000000000010 0000021767bdd820
0x000000a1571fec60:   000002176902b070 0000021765d71270
0x000000a1571fec70:   3f947ae140000000 0000000000000000
0x000000a1571fec80:   0000021767bdd820 00007ffd2766f770
0x000000a1571fec90:   000000a1571fed70 0000021765d3f200
0x000000a1571feca0:   000000a1571fedb8 0000021740fa4a01
0x000000a1571fecb0:   0000021700000000 000002176902b070 

Instructions: (pc=0x00007ffd277571e2)
0x00007ffd277571c2:   89 7b 7c 48 8b 4e 28 48 8b 9e c8 01 00 00 48 8b
0x00007ffd277571d2:   3b 48 8b 01 ff 50 40 44 8b c0 8b 56 0c 48 8b cb
0x00007ffd277571e2:   ff 57 08 4c 8b 8e c0 01 00 00 4c 8b c6 48 8b 56
0x00007ffd277571f2:   28 48 8b 8e d0 01 00 00 e8 61 be 05 00 48 8b 8e 


Register to memory mapping:

RAX=0x0000000000000008 is an unknown value
RBX=0x0000021766f97b80 is an unknown value
RCX=0x0000021766f97b80 is an unknown value
RDX=0x0000000000000008 is an unknown value
RSP=0x000000a1571febc0 is pointing into the stack for thread: 0x0000021765d3f000
RBP=0x0000000000000000 is an unknown value
RSI=0x0000021767bdd820 is an unknown value
RDI=0x0000000000000019 is an unknown value
R8 =0x0000000000000008 is an unknown value
R9 =0x0000000000000000 is an unknown value
R10=0x0000021773617080 is an unknown value
R11=0x0000000000000008 is an unknown value
R12=0x0000000000000000 is an unknown value
R13=0x000002176902b068 is pointing into metadata
R14=0x0000021767bdd8d0 is an unknown value
R15=0x0000000000000000 is an unknown value


Stack: [0x000000a157100000,0x000000a157200000],  sp=0x000000a1571febc0,  free space=1018k
Native frames: (J=compiled Java code, j=interpreted, Vv=VM code, C=native code)

Java frames: (J=compiled Java code, j=interpreted, Vv=VM code)
j  org.bytedeco.bullet.BulletDynamics.btDiscreteDynamicsWorld.stepSimulation(DID)I+0
j  ru.BouH.engine.physics.world.timer.BulletWorldTimer.updateTimer(I)V+216
j  ru.BouH.engine.physics.world.timer.PhysicThreadManager.lambda$initService$1()V+8
j  ru.BouH.engine.physics.world.timer.PhysicThreadManager$$Lambda$56.run()V+4
j  java.util.concurrent.ThreadPoolExecutor.runWorker(Ljava/util/concurrent/ThreadPoolExecutor$Worker;)V+95
j  java.util.concurrent.ThreadPoolExecutor$Worker.run()V+5
j  java.lang.Thread.run()V+11
v  ~StubRoutines::call_stub

---------------  P R O C E S S  ---------------

Java Threads: ( => current thread )
  0x00000217684b4000 JavaThread "D3D Screen Updater" daemon [_thread_blocked, id=16880, stack(0x000000a1578d0000,0x000000a1579d0000)]
  0x00000217684b3000 JavaThread "AWT-EventQueue-0" [_thread_blocked, id=12280, stack(0x000000a1577d0000,0x000000a1578d0000)]
  0x0000021765d42000 JavaThread "AWT-Windows" daemon [_thread_in_native, id=15912, stack(0x000000a157400000,0x000000a157500000)]
  0x0000021765d40800 JavaThread "AWT-Shutdown" [_thread_blocked, id=8856, stack(0x000000a157300000,0x000000a157400000)]
  0x0000021765d40000 JavaThread "Java2D Disposer" daemon [_thread_blocked, id=9188, stack(0x000000a157200000,0x000000a157300000)]
=>0x0000021765d3f000 JavaThread "physics" [_thread_in_native, id=6864, stack(0x000000a157100000,0x000000a157200000)]
  0x0000021765d46000 JavaThread "physics" [_thread_blocked, id=26020, stack(0x000000a157000000,0x000000a157100000)]
  0x0000021765d45000 JavaThread "DestroyJavaVM" [_thread_blocked, id=29372, stack(0x000000a155500000,0x000000a155600000)]
  0x0000021765d44800 JavaThread "game" [_thread_in_vm, id=18740, stack(0x000000a156f00000,0x000000a157000000)]
  0x0000021766607000 JavaThread "JavaCPP Deallocator" daemon [_thread_blocked, id=11096, stack(0x000000a156e00000,0x000000a156f00000)]
  0x0000021765dc1800 JavaThread "Service Thread" daemon [_thread_blocked, id=9448, stack(0x000000a156c00000,0x000000a156d00000)]
  0x0000021765d41800 JavaThread "C1 CompilerThread3" daemon [_thread_blocked, id=15156, stack(0x000000a156b00000,0x000000a156c00000)]
  0x0000021765d3e800 JavaThread "C2 CompilerThread2" daemon [_thread_blocked, id=23168, stack(0x000000a156a00000,0x000000a156b00000)]
  0x0000021765d3d000 JavaThread "C2 CompilerThread1" daemon [_thread_blocked, id=26184, stack(0x000000a156900000,0x000000a156a00000)]
  0x0000021765d39800 JavaThread "C2 CompilerThread0" daemon [_thread_blocked, id=16740, stack(0x000000a156800000,0x000000a156900000)]
  0x0000021765ccf800 JavaThread "JDWP Command Reader" daemon [_thread_in_native, id=7096, stack(0x000000a156700000,0x000000a156800000)]
  0x0000021765cc5800 JavaThread "JDWP Event Helper Thread" daemon [_thread_blocked, id=9192, stack(0x000000a156600000,0x000000a156700000)]
  0x0000021763988800 JavaThread "JDWP Transport Listener: dt_socket" daemon [_thread_blocked, id=25632, stack(0x000000a156500000,0x000000a156600000)]
  0x000002176397e000 JavaThread "Attach Listener" daemon [_thread_blocked, id=29960, stack(0x000000a156400000,0x000000a156500000)]
  0x000002176397c800 JavaThread "Signal Dispatcher" daemon [_thread_blocked, id=22640, stack(0x000000a156300000,0x000000a156400000)]
  0x0000021763952800 JavaThread "Finalizer" daemon [_thread_blocked, id=22716, stack(0x000000a156200000,0x000000a156300000)]
  0x000002176394a800 JavaThread "Reference Handler" daemon [_thread_blocked, id=21040, stack(0x000000a156100000,0x000000a156200000)]

Other Threads:
  0x000002173f6fe800 VMThread [stack: 0x000000a156000000,0x000000a156100000] [id=28116]
  0x0000021765e2e800 WatcherThread [stack: 0x000000a156d00000,0x000000a156e00000] [id=11312]

VM state:not at safepoint (normal execution)

VM Mutex/Monitor currently owned by a thread: None

heap address: 0x00000005c3800000, size: 8136 MB, Compressed Oops mode: Zero based, Oop shift amount: 3
Narrow klass base: 0x0000000000000000, Narrow klass shift: 3
Compressed class space size: 1073741824 Address: 0x00000007c0000000

Heap:
 PSYoungGen      total 152576K, used 56485K [0x0000000716800000, 0x0000000721200000, 0x00000007c0000000)
  eden space 131072K, 43% used [0x0000000716800000,0x0000000719f294c8,0x000000071e800000)
  from space 21504K, 0% used [0x000000071fd00000,0x000000071fd00000,0x0000000721200000)
  to   space 21504K, 0% used [0x000000071e800000,0x000000071e800000,0x000000071fd00000)
 ParOldGen       total 218624K, used 5197K [0x00000005c3800000, 0x00000005d0d80000, 0x0000000716800000)
  object space 218624K, 2% used [0x00000005c3800000,0x00000005c3d13728,0x00000005d0d80000)
 Metaspace       used 28699K, capacity 29146K, committed 29568K, reserved 1075200K
  class space    used 3170K, capacity 3333K, committed 3456K, reserved 1048576K

Card table byte_map: [0x0000021750340000,0x0000021751330000] byte_map_base: 0x000002174d524000

Marking Bits: (ParMarkBitMap*) 0x0000000059ddd980
 Begin Bits: [0x0000021751dd0000, 0x0000021759cf0000)
 End Bits:   [0x0000021759cf0000, 0x0000021761c10000)

Polling page: 0x0000021740f50000

CodeCache: size=245760Kb used=8338Kb max_used=8338Kb free=237421Kb
 bounds [0x0000021740f80000, 0x00000217417b0000, 0x000002174ff80000]
 total_blobs=3258 nmethods=2039 adapters=1139
 compilation: enabled

Compilation events (10 events):
Event: 2.892 Thread 0x0000021765d41800 2025       3       java.lang.Character::hashCode (2 bytes)
Event: 2.892 Thread 0x0000021765d41800 nmethod 2025 0x00000217417a1790 code [0x00000217417a18e0, 0x00000217417a1a18]
Event: 2.893 Thread 0x0000021765d41800 2026       1       ru.BouH.engine.render.scene.objects.gui.AbstractGui::getzLevel (5 bytes)
Event: 2.893 Thread 0x0000021765d41800 nmethod 2026 0x00000217417a1a90 code [0x00000217417a1be0, 0x00000217417a1cf8]
Event: 2.893 Thread 0x0000021765d41800 2028       1       java.lang.Float::floatValue (5 bytes)
Event: 2.893 Thread 0x0000021765d41800 nmethod 2028 0x00000217417a1d50 code [0x00000217417a1ea0, 0x00000217417a1fb8]
Event: 2.893 Thread 0x0000021765d41800 2027       1       ru.BouH.engine.render.scene.objects.gui.font.FontTexture$CharInfo::getStartX (5 bytes)
Event: 2.893 Thread 0x0000021765d41800 nmethod 2027 0x00000217417a2010 code [0x00000217417a2160, 0x00000217417a2278]
Event: 2.894 Thread 0x0000021765d41800 2029       1       java.util.Formatter::access$000 (5 bytes)
Event: 2.894 Thread 0x0000021765d41800 nmethod 2029 0x00000217417a24d0 code [0x00000217417a2620, 0x00000217417a2718]

GC Heap History (6 events):
Event: 0.765 GC heap before
{Heap before GC invocations=1 (full 0):
 PSYoungGen      total 152576K, used 131072K [0x0000000716800000, 0x0000000721200000, 0x00000007c0000000)
  eden space 131072K, 100% used [0x0000000716800000,0x000000071e800000,0x000000071e800000)
  from space 21504K, 0% used [0x000000071fd00000,0x000000071fd00000,0x0000000721200000)
  to   space 21504K, 0% used [0x000000071e800000,0x000000071e800000,0x000000071fd00000)
 ParOldGen       total 348160K, used 0K [0x00000005c3800000, 0x00000005d8c00000, 0x0000000716800000)
  object space 348160K, 0% used [0x00000005c3800000,0x00000005c3800000,0x00000005d8c00000)
 Metaspace       used 15512K, capacity 15788K, committed 16128K, reserved 1062912K
  class space    used 1925K, capacity 2010K, committed 2048K, reserved 1048576K
Event: 0.769 GC heap after
Heap after GC invocations=1 (full 0):
 PSYoungGen      total 152576K, used 8102K [0x0000000716800000, 0x0000000721200000, 0x00000007c0000000)
  eden space 131072K, 0% used [0x0000000716800000,0x0000000716800000,0x000000071e800000)
  from space 21504K, 37% used [0x000000071e800000,0x000000071efe9b60,0x000000071fd00000)
  to   space 21504K, 0% used [0x000000071fd00000,0x000000071fd00000,0x0000000721200000)
 ParOldGen       total 348160K, used 16K [0x00000005c3800000, 0x00000005d8c00000, 0x0000000716800000)
  object space 348160K, 0% used [0x00000005c3800000,0x00000005c3804000,0x00000005d8c00000)
 Metaspace       used 15512K, capacity 15788K, committed 16128K, reserved 1062912K
  class space    used 1925K, capacity 2010K, committed 2048K, reserved 1048576K
}
Event: 1.108 GC heap before
{Heap before GC invocations=2 (full 0):
 PSYoungGen      total 152576K, used 48585K [0x0000000716800000, 0x0000000721200000, 0x00000007c0000000)
  eden space 131072K, 30% used [0x0000000716800000,0x0000000718f88b98,0x000000071e800000)
  from space 21504K, 37% used [0x000000071e800000,0x000000071efe9b60,0x000000071fd00000)
  to   space 21504K, 0% used [0x000000071fd00000,0x000000071fd00000,0x0000000721200000)
 ParOldGen       total 348160K, used 16K [0x00000005c3800000, 0x00000005d8c00000, 0x0000000716800000)
  object space 348160K, 0% used [0x00000005c3800000,0x00000005c3804000,0x00000005d8c00000)
 Metaspace       used 20781K, capacity 21100K, committed 21296K, reserved 1069056K
  class space    used 2515K, capacity 2635K, committed 2688K, reserved 1048576K
Event: 1.111 GC heap after
Heap after GC invocations=2 (full 0):
 PSYoungGen      total 152576K, used 5485K [0x0000000716800000, 0x0000000721200000, 0x00000007c0000000)
  eden space 131072K, 0% used [0x0000000716800000,0x0000000716800000,0x000000071e800000)
  from space 21504K, 25% used [0x000000071fd00000,0x000000072025b798,0x0000000721200000)
  to   space 21504K, 0% used [0x000000071e800000,0x000000071e800000,0x000000071fd00000)
 ParOldGen       total 348160K, used 24K [0x00000005c3800000, 0x00000005d8c00000, 0x0000000716800000)
  object space 348160K, 0% used [0x00000005c3800000,0x00000005c3806000,0x00000005d8c00000)
 Metaspace       used 20781K, capacity 21100K, committed 21296K, reserved 1069056K
  class space    used 2515K, capacity 2635K, committed 2688K, reserved 1048576K
}
Event: 1.111 GC heap before
{Heap before GC invocations=3 (full 1):
 PSYoungGen      total 152576K, used 5485K [0x0000000716800000, 0x0000000721200000, 0x00000007c0000000)
  eden space 131072K, 0% used [0x0000000716800000,0x0000000716800000,0x000000071e800000)
  from space 21504K, 25% used [0x000000071fd00000,0x000000072025b798,0x0000000721200000)
  to   space 21504K, 0% used [0x000000071e800000,0x000000071e800000,0x000000071fd00000)
 ParOldGen       total 348160K, used 24K [0x00000005c3800000, 0x00000005d8c00000, 0x0000000716800000)
  object space 348160K, 0% used [0x00000005c3800000,0x00000005c3806000,0x00000005d8c00000)
 Metaspace       used 20781K, capacity 21100K, committed 21296K, reserved 1069056K
  class space    used 2515K, capacity 2635K, committed 2688K, reserved 1048576K
Event: 1.125 GC heap after
Heap after GC invocations=3 (full 1):
 PSYoungGen      total 152576K, used 0K [0x0000000716800000, 0x0000000721200000, 0x00000007c0000000)
  eden space 131072K, 0% used [0x0000000716800000,0x0000000716800000,0x000000071e800000)
  from space 21504K, 0% used [0x000000071fd00000,0x000000071fd00000,0x0000000721200000)
  to   space 21504K, 0% used [0x000000071e800000,0x000000071e800000,0x000000071fd00000)
 ParOldGen       total 218624K, used 5197K [0x00000005c3800000, 0x00000005d0d80000, 0x0000000716800000)
  object space 218624K, 2% used [0x00000005c3800000,0x00000005c3d13728,0x00000005d0d80000)
 Metaspace       used 20766K, capacity 21052K, committed 21296K, reserved 1069056K
  class space    used 2510K, capacity 2627K, committed 2688K, reserved 1048576K
}

Deoptimization events (10 events):
Event: 1.128 Thread 0x0000021765d44800 Uncommon trap: reason=unstable_if action=reinterpret pc=0x0000021741338f18 method=java.util.HashMap.hash(Ljava/lang/Object;)I @ 1
Event: 1.128 Thread 0x0000021765d44800 Uncommon trap: reason=unstable_if action=reinterpret pc=0x0000021741357ef0 method=java.util.HashMap.hash(Ljava/lang/Object;)I @ 1
Event: 1.150 Thread 0x0000021765d42000 Uncommon trap: reason=unstable_if action=reinterpret pc=0x00000217415d7f14 method=com.intellij.rt.debugger.agent.CaptureAgent$CaptureTransformer.transform(Ljava/lang/ClassLoader;Ljava/lang/String;Ljava/lang/Class;Ljava/security/ProtectionDomain;[B)[B @ 36
Event: 1.458 Thread 0x0000021765d44800 Uncommon trap: reason=unstable_if action=reinterpret pc=0x00000217410eae18 method=sun.nio.cs.SingleByte$Encoder.encode(C)I @ 13
Event: 1.460 Thread 0x0000021765d44800 Uncommon trap: reason=unstable_if action=reinterpret pc=0x000002174162cd20 method=java.lang.Character.isSurrogate(C)Z @ 3
Event: 1.460 Thread 0x0000021765d44800 Uncommon trap: reason=unstable_if action=reinterpret pc=0x0000021741622af0 method=java.lang.Character.isSurrogate(C)Z @ 3
Event: 1.463 Thread 0x0000021765d44800 Uncommon trap: reason=unstable_if action=reinterpret pc=0x00000217414b89fc method=java.io.File.getParent()Ljava/lang/String; @ 16
Event: 1.465 Thread 0x0000021765d44800 Uncommon trap: reason=unstable_if action=reinterpret pc=0x00000217411fdfd8 method=java.lang.CharacterData.of(I)Ljava/lang/CharacterData; @ 4
Event: 1.531 Thread 0x0000021765d44800 Uncommon trap: reason=class_check action=maybe_recompile pc=0x00000217414ee22c method=java.util.AbstractList$Itr.hasNext()Z @ 8
Event: 2.846 Thread 0x0000021765d44800 Uncommon trap: reason=unstable_if action=reinterpret pc=0x000002174162ae0c method=jdk.internal.org.objectweb.asm.Type.getArgumentsAndReturnSizes(Ljava/lang/String;)I @ 88

Classes redefined (0 events):
No events

Internal exceptions (10 events):
Event: 0.981 Thread 0x0000021765d44800 Exception <a 'java/io/FileNotFoundException'> (0x0000000718c68c30) thrown at [C:\jenkins\workspace\8-2-build-windows-x64-cygwin\jdk8u371\3355\hotspot\src\share\vm\prims\jni.cpp, line 710]
Event: 1.108 Thread 0x0000021765d44800 Implicit null exception at 0x00000217412dc199 to 0x00000217412dc699
Event: 1.126 Thread 0x0000021765d44800 Implicit null exception at 0x00000217411f6716 to 0x00000217411f6bd9
Event: 1.128 Thread 0x0000021765d44800 Implicit null exception at 0x0000021741338c54 to 0x0000021741338f01
Event: 1.128 Thread 0x0000021765d44800 Implicit null exception at 0x00000217413576db to 0x0000021741357ed9
Event: 1.355 Thread 0x0000021765d44800 Exception <a 'sun/nio/fs/WindowsException'> (0x000000071755d440) thrown at [C:\jenkins\workspace\8-2-build-windows-x64-cygwin\jdk8u371\3355\hotspot\src\share\vm\prims\jni.cpp, line 710]
Event: 1.355 Thread 0x0000021765d44800 Exception <a 'sun/nio/fs/WindowsException'> (0x000000071755db78) thrown at [C:\jenkins\workspace\8-2-build-windows-x64-cygwin\jdk8u371\3355\hotspot\src\share\vm\prims\jni.cpp, line 710]
Event: 1.356 Thread 0x0000021765d44800 Exception <a 'sun/nio/fs/WindowsException'> (0x0000000717573800) thrown at [C:\jenkins\workspace\8-2-build-windows-x64-cygwin\jdk8u371\3355\hotspot\src\share\vm\prims\jni.cpp, line 710]
Event: 1.356 Thread 0x0000021765d44800 Exception <a 'sun/nio/fs/WindowsException'> (0x0000000717573df0) thrown at [C:\jenkins\workspace\8-2-build-windows-x64-cygwin\jdk8u371\3355\hotspot\src\share\vm\prims\jni.cpp, line 710]
Event: 2.846 Thread 0x0000021765d44800 Exception <a 'java/lang/NoSuchMethodError': java.lang.Object.lambda$comparing$77a9974f$1(Ljava/util/function/Function;Ljava/lang/Object;Ljava/lang/Object;)I> (0x00000007197bbb58) thrown at [C:\jenkins\workspace\8-2-build-windows-x64-cygwin\jdk8u371\3355\h

Events (10 events):
Event: 2.892 Thread 0x0000021765d44800 DEOPT PACKING pc=0x0000021741149ba4 sp=0x000000a156ffd4c0
Event: 2.892 Thread 0x0000021765d44800 DEOPT UNPACKING pc=0x0000021740fc7918 sp=0x000000a156ffd2e0 mode 1
Event: 2.894 loading class sun/misc/FormattedFloatingDecimal$Form
Event: 2.894 loading class sun/misc/FormattedFloatingDecimal$Form done
Event: 2.894 loading class sun/misc/FormattedFloatingDecimal
Event: 2.894 loading class sun/misc/FormattedFloatingDecimal done
Event: 2.894 loading class sun/misc/FormattedFloatingDecimal$1
Event: 2.894 loading class sun/misc/FormattedFloatingDecimal$1 done
Event: 2.894 loading class sun/misc/FormattedFloatingDecimal$2
Event: 2.894 loading class sun/misc/FormattedFloatingDecimal$2 done


Dynamic libraries:
0x00007ff756c70000 - 0x00007ff756cba000 	C:\Program Files\Java\jdk-1.8\bin\java.exe
0x00007ffdea870000 - 0x00007ffdeaa84000 	C:\Windows\SYSTEM32\ntdll.dll
0x00007ffde96c0000 - 0x00007ffde9784000 	C:\Windows\System32\KERNEL32.DLL
0x00007ffde7db0000 - 0x00007ffde8154000 	C:\Windows\System32\KERNELBASE.dll
0x00007ffde5000000 - 0x00007ffde5097000 	C:\Windows\SYSTEM32\apphelp.dll
0x00007ffdea6a0000 - 0x00007ffdea750000 	C:\Windows\System32\ADVAPI32.dll
0x00007ffdea320000 - 0x00007ffdea3c7000 	C:\Windows\System32\msvcrt.dll
0x00007ffde8d20000 - 0x00007ffde8dc6000 	C:\Windows\System32\sechost.dll
0x00007ffde8dd0000 - 0x00007ffde8ee7000 	C:\Windows\System32\RPCRT4.dll
0x00007ffde8600000 - 0x00007ffde87ae000 	C:\Windows\System32\USER32.dll
0x00007ffde8200000 - 0x00007ffde8226000 	C:\Windows\System32\win32u.dll
0x00007ffde8810000 - 0x00007ffde8839000 	C:\Windows\System32\GDI32.dll
0x00007ffde8420000 - 0x00007ffde8538000 	C:\Windows\System32\gdi32full.dll
0x00007ffde8160000 - 0x00007ffde81fa000 	C:\Windows\System32\msvcp_win.dll
0x00007ffde7c90000 - 0x00007ffde7da1000 	C:\Windows\System32\ucrtbase.dll
0x00007ffdd2ae0000 - 0x00007ffdd2d73000 	C:\Windows\WinSxS\amd64_microsoft.windows.common-controls_6595b64144ccf1df_6.0.22621.2215_none_270d72677387dfc3\COMCTL32.dll
0x00007ffde9ab0000 - 0x00007ffde9ae1000 	C:\Windows\System32\IMM32.DLL
0x00007ffdbd890000 - 0x00007ffdbd8ab000 	C:\Program Files\Java\jdk-1.8\jre\bin\vcruntime140.dll
0x00007ffdd6c20000 - 0x00007ffdd6c2c000 	C:\Program Files\Java\jdk-1.8\jre\bin\vcruntime140_1.dll
0x00007ffdbd800000 - 0x00007ffdbd88e000 	C:\Program Files\Java\jdk-1.8\jre\bin\msvcp140.dll
0x00000000595b0000 - 0x0000000059e57000 	C:\Program Files\Java\jdk-1.8\jre\bin\server\jvm.dll
0x00007ffde9060000 - 0x00007ffde9068000 	C:\Windows\System32\PSAPI.DLL
0x00007ffdd6be0000 - 0x00007ffdd6be9000 	C:\Windows\SYSTEM32\WSOCK32.dll
0x00007ffdd67e0000 - 0x00007ffdd6814000 	C:\Windows\SYSTEM32\WINMM.dll
0x00007ffde8fe0000 - 0x00007ffde9051000 	C:\Windows\System32\WS2_32.dll
0x00007ffde1260000 - 0x00007ffde126a000 	C:\Windows\SYSTEM32\VERSION.dll
0x00007ffde6d10000 - 0x00007ffde6d28000 	C:\Windows\SYSTEM32\kernel.appcore.dll
0x00007ffdd6b50000 - 0x00007ffdd6b60000 	C:\Program Files\Java\jdk-1.8\jre\bin\verify.dll
0x00007ffdbd7d0000 - 0x00007ffdbd7fb000 	C:\Program Files\Java\jdk-1.8\jre\bin\java.dll
0x00007ffdbb8f0000 - 0x00007ffdbb926000 	C:\Program Files\Java\jdk-1.8\jre\bin\jdwp.dll
0x00007ffdda310000 - 0x00007ffdda319000 	C:\Program Files\Java\jdk-1.8\jre\bin\npt.dll
0x00007ffd7f3c0000 - 0x00007ffd7f3f4000 	C:\Program Files\Java\jdk-1.8\jre\bin\instrument.dll
0x00007ffdbd7b0000 - 0x00007ffdbd7c8000 	C:\Program Files\Java\jdk-1.8\jre\bin\zip.dll
0x00007ffde9af0000 - 0x00007ffdea313000 	C:\Windows\System32\SHELL32.dll
0x00007ffde5bc0000 - 0x00007ffde64aa000 	C:\Windows\SYSTEM32\windows.storage.dll
0x00007ffde8840000 - 0x00007ffde8bca000 	C:\Windows\System32\combase.dll
0x00007ffde5a80000 - 0x00007ffde5bbe000 	C:\Windows\SYSTEM32\wintypes.dll
0x00007ffde99b0000 - 0x00007ffde9aa3000 	C:\Windows\System32\SHCORE.dll
0x00007ffdea7d0000 - 0x00007ffdea82e000 	C:\Windows\System32\shlwapi.dll
0x00007ffde7b50000 - 0x00007ffde7b76000 	C:\Windows\SYSTEM32\profapi.dll
0x00007ffdca830000 - 0x00007ffdca83a000 	C:\Program Files\Java\jdk-1.8\jre\bin\dt_socket.dll
0x00007ffde71e0000 - 0x00007ffde7249000 	C:\Windows\system32\mswsock.dll
0x00007ffdbb8d0000 - 0x00007ffdbb8dd000 	C:\Program Files\Java\jdk-1.8\jre\bin\management.dll
0x00007ffdbd320000 - 0x00007ffdbd33c000 	C:\Program Files\Java\jdk-1.8\jre\bin\net.dll
0x00007ffda9220000 - 0x00007ffda9237000 	C:\Windows\system32\napinsp.dll
0x00007ffda9200000 - 0x00007ffda921b000 	C:\Windows\system32\pnrpnsp.dll
0x00007ffde67f0000 - 0x00007ffde68e2000 	C:\Windows\SYSTEM32\DNSAPI.dll
0x00007ffde6780000 - 0x00007ffde67ad000 	C:\Windows\SYSTEM32\IPHLPAPI.DLL
0x00007ffde9230000 - 0x00007ffde9239000 	C:\Windows\System32\NSI.dll
0x00007ffda91e0000 - 0x00007ffda91f1000 	C:\Windows\System32\winrnr.dll
0x00007ffde0d10000 - 0x00007ffde0d25000 	C:\Windows\system32\wshbth.dll
0x00007ffda9170000 - 0x00007ffda9191000 	C:\Windows\system32\nlansp_c.dll
0x00007ffddf050000 - 0x00007ffddf05a000 	C:\Windows\System32\rasadhlp.dll
0x00007ffde07a0000 - 0x00007ffde0824000 	C:\Windows\System32\fwpuclnt.dll
0x00007ffdbd300000 - 0x00007ffdbd313000 	C:\Program Files\Java\jdk-1.8\jre\bin\nio.dll
0x00000217636c0000 - 0x00000217636c4000 	C:\Users\hardm\.javacpp\cache\javacpp-1.5.9-windows-x86_64.jar\org\bytedeco\javacpp\windows-x86_64\api-ms-win-crt-locale-l1-1-0.dll
0x00000217636d0000 - 0x00000217636d5000 	C:\Users\hardm\.javacpp\cache\javacpp-1.5.9-windows-x86_64.jar\org\bytedeco\javacpp\windows-x86_64\api-ms-win-crt-string-l1-1-0.dll
0x00000217636e0000 - 0x00000217636e5000 	C:\Users\hardm\.javacpp\cache\javacpp-1.5.9-windows-x86_64.jar\org\bytedeco\javacpp\windows-x86_64\api-ms-win-crt-stdio-l1-1-0.dll
0x00000217636f0000 - 0x00000217636f6000 	C:\Users\hardm\.javacpp\cache\javacpp-1.5.9-windows-x86_64.jar\org\bytedeco\javacpp\windows-x86_64\api-ms-win-crt-math-l1-1-0.dll
0x0000021763700000 - 0x0000021763704000 	C:\Users\hardm\.javacpp\cache\javacpp-1.5.9-windows-x86_64.jar\org\bytedeco\javacpp\windows-x86_64\api-ms-win-crt-heap-l1-1-0.dll
0x0000021763710000 - 0x0000021763715000 	C:\Users\hardm\.javacpp\cache\javacpp-1.5.9-windows-x86_64.jar\org\bytedeco\javacpp\windows-x86_64\api-ms-win-crt-runtime-l1-1-0.dll
0x0000021763720000 - 0x0000021763725000 	C:\Users\hardm\.javacpp\cache\javacpp-1.5.9-windows-x86_64.jar\org\bytedeco\javacpp\windows-x86_64\api-ms-win-crt-convert-l1-1-0.dll
0x0000021763730000 - 0x0000021763734000 	C:\Users\hardm\.javacpp\cache\javacpp-1.5.9-windows-x86_64.jar\org\bytedeco\javacpp\windows-x86_64\api-ms-win-crt-environment-l1-1-0.dll
0x0000021763740000 - 0x0000021763744000 	C:\Users\hardm\.javacpp\cache\javacpp-1.5.9-windows-x86_64.jar\org\bytedeco\javacpp\windows-x86_64\api-ms-win-crt-time-l1-1-0.dll
0x0000021763750000 - 0x0000021763754000 	C:\Users\hardm\.javacpp\cache\javacpp-1.5.9-windows-x86_64.jar\org\bytedeco\javacpp\windows-x86_64\api-ms-win-crt-filesystem-l1-1-0.dll
0x0000021763760000 - 0x0000021763764000 	C:\Users\hardm\.javacpp\cache\javacpp-1.5.9-windows-x86_64.jar\org\bytedeco\javacpp\windows-x86_64\api-ms-win-crt-utility-l1-1-0.dll
0x0000021763770000 - 0x0000021763776000 	C:\Users\hardm\.javacpp\cache\javacpp-1.5.9-windows-x86_64.jar\org\bytedeco\javacpp\windows-x86_64\api-ms-win-crt-multibyte-l1-1-0.dll
0x0000021763780000 - 0x0000021763784000 	C:\Users\hardm\.javacpp\cache\javacpp-1.5.9-windows-x86_64.jar\org\bytedeco\javacpp\windows-x86_64\api-ms-win-crt-conio-l1-1-0.dll
0x0000021767890000 - 0x00000217678a1000 	C:\Users\hardm\.javacpp\cache\javacpp-1.5.9-windows-x86_64.jar\org\bytedeco\javacpp\windows-x86_64\api-ms-win-crt-private-l1-1-0.dll
0x00000217678b0000 - 0x00000217678b4000 	C:\Users\hardm\.javacpp\cache\javacpp-1.5.9-windows-x86_64.jar\org\bytedeco\javacpp\windows-x86_64\api-ms-win-crt-process-l1-1-0.dll
0x00000217678c0000 - 0x00000217678c4000 	C:\Users\hardm\.javacpp\cache\javacpp-1.5.9-windows-x86_64.jar\org\bytedeco\javacpp\windows-x86_64\api-ms-win-core-console-l1-2-0.dll
0x00000217678d0000 - 0x00000217678d4000 	C:\Users\hardm\.javacpp\cache\javacpp-1.5.9-windows-x86_64.jar\org\bytedeco\javacpp\windows-x86_64\api-ms-win-core-string-l1-1-0.dll
0x00000217678e0000 - 0x00000217678e4000 	C:\Users\hardm\.javacpp\cache\javacpp-1.5.9-windows-x86_64.jar\org\bytedeco\javacpp\windows-x86_64\api-ms-win-core-errorhandling-l1-1-0.dll
0x00000217678f0000 - 0x00000217678f4000 	C:\Users\hardm\.javacpp\cache\javacpp-1.5.9-windows-x86_64.jar\org\bytedeco\javacpp\windows-x86_64\api-ms-win-core-timezone-l1-1-0.dll
0x0000021767900000 - 0x0000021767905000 	C:\Users\hardm\.javacpp\cache\javacpp-1.5.9-windows-x86_64.jar\org\bytedeco\javacpp\windows-x86_64\api-ms-win-core-file-l1-1-0.dll
0x0000021767910000 - 0x0000021767914000 	C:\Users\hardm\.javacpp\cache\javacpp-1.5.9-windows-x86_64.jar\org\bytedeco\javacpp\windows-x86_64\api-ms-win-core-namedpipe-l1-1-0.dll
0x0000021767920000 - 0x0000021767924000 	C:\Users\hardm\.javacpp\cache\javacpp-1.5.9-windows-x86_64.jar\org\bytedeco\javacpp\windows-x86_64\api-ms-win-core-handle-l1-1-0.dll
0x0000021767930000 - 0x0000021767934000 	C:\Users\hardm\.javacpp\cache\javacpp-1.5.9-windows-x86_64.jar\org\bytedeco\javacpp\windows-x86_64\api-ms-win-core-file-l2-1-0.dll
0x0000021767940000 - 0x0000021767944000 	C:\Users\hardm\.javacpp\cache\javacpp-1.5.9-windows-x86_64.jar\org\bytedeco\javacpp\windows-x86_64\api-ms-win-core-heap-l1-1-0.dll
0x0000021767950000 - 0x0000021767954000 	C:\Users\hardm\.javacpp\cache\javacpp-1.5.9-windows-x86_64.jar\org\bytedeco\javacpp\windows-x86_64\api-ms-win-core-libraryloader-l1-1-0.dll
0x0000021767960000 - 0x0000021767964000 	C:\Users\hardm\.javacpp\cache\javacpp-1.5.9-windows-x86_64.jar\org\bytedeco\javacpp\windows-x86_64\api-ms-win-core-synch-l1-1-0.dll
0x0000021767970000 - 0x0000021767974000 	C:\Users\hardm\.javacpp\cache\javacpp-1.5.9-windows-x86_64.jar\org\bytedeco\javacpp\windows-x86_64\api-ms-win-core-processthreads-l1-1-0.dll
0x0000021767980000 - 0x0000021767984000 	C:\Users\hardm\.javacpp\cache\javacpp-1.5.9-windows-x86_64.jar\org\bytedeco\javacpp\windows-x86_64\api-ms-win-core-processenvironment-l1-1-0.dll
0x0000021767990000 - 0x0000021767994000 	C:\Users\hardm\.javacpp\cache\javacpp-1.5.9-windows-x86_64.jar\org\bytedeco\javacpp\windows-x86_64\api-ms-win-core-datetime-l1-1-0.dll
0x00000217679a0000 - 0x00000217679a4000 	C:\Users\hardm\.javacpp\cache\javacpp-1.5.9-windows-x86_64.jar\org\bytedeco\javacpp\windows-x86_64\api-ms-win-core-localization-l1-2-0.dll
0x00000217690c0000 - 0x00000217690c4000 	C:\Users\hardm\.javacpp\cache\javacpp-1.5.9-windows-x86_64.jar\org\bytedeco\javacpp\windows-x86_64\api-ms-win-core-sysinfo-l1-1-0.dll
0x00000217690d0000 - 0x00000217690d4000 	C:\Users\hardm\.javacpp\cache\javacpp-1.5.9-windows-x86_64.jar\org\bytedeco\javacpp\windows-x86_64\api-ms-win-core-synch-l1-2-0.dll
0x00000217690e0000 - 0x00000217690e4000 	C:\Users\hardm\.javacpp\cache\javacpp-1.5.9-windows-x86_64.jar\org\bytedeco\javacpp\windows-x86_64\api-ms-win-core-console-l1-1-0.dll
0x00000217690f0000 - 0x00000217690f4000 	C:\Users\hardm\.javacpp\cache\javacpp-1.5.9-windows-x86_64.jar\org\bytedeco\javacpp\windows-x86_64\api-ms-win-core-debug-l1-1-0.dll
0x0000021769100000 - 0x0000021769104000 	C:\Users\hardm\.javacpp\cache\javacpp-1.5.9-windows-x86_64.jar\org\bytedeco\javacpp\windows-x86_64\api-ms-win-core-rtlsupport-l1-1-0.dll
0x0000021769110000 - 0x0000021769114000 	C:\Users\hardm\.javacpp\cache\javacpp-1.5.9-windows-x86_64.jar\org\bytedeco\javacpp\windows-x86_64\api-ms-win-core-processthreads-l1-1-1.dll
0x0000021769120000 - 0x0000021769124000 	C:\Users\hardm\.javacpp\cache\javacpp-1.5.9-windows-x86_64.jar\org\bytedeco\javacpp\windows-x86_64\api-ms-win-core-file-l1-2-0.dll
0x0000021769130000 - 0x0000021769134000 	C:\Users\hardm\.javacpp\cache\javacpp-1.5.9-windows-x86_64.jar\org\bytedeco\javacpp\windows-x86_64\api-ms-win-core-profile-l1-1-0.dll
0x0000021769140000 - 0x0000021769144000 	C:\Users\hardm\.javacpp\cache\javacpp-1.5.9-windows-x86_64.jar\org\bytedeco\javacpp\windows-x86_64\api-ms-win-core-memory-l1-1-0.dll
0x0000021769150000 - 0x0000021769154000 	C:\Users\hardm\.javacpp\cache\javacpp-1.5.9-windows-x86_64.jar\org\bytedeco\javacpp\windows-x86_64\api-ms-win-core-util-l1-1-0.dll
0x0000021769160000 - 0x0000021769164000 	C:\Users\hardm\.javacpp\cache\javacpp-1.5.9-windows-x86_64.jar\org\bytedeco\javacpp\windows-x86_64\api-ms-win-core-interlocked-l1-1-0.dll
0x00007ffd63b10000 - 0x00007ffd63c21000 	C:\Users\hardm\.javacpp\cache\javacpp-1.5.9-windows-x86_64.jar\org\bytedeco\javacpp\windows-x86_64\ucrtbase.dll
0x00007ffd66860000 - 0x00007ffd6687b000 	C:\Users\hardm\.javacpp\cache\javacpp-1.5.9-windows-x86_64.jar\org\bytedeco\javacpp\windows-x86_64\vcruntime140.dll
0x00007ffdbafb0000 - 0x00007ffdbafbc000 	C:\Users\hardm\.javacpp\cache\javacpp-1.5.9-windows-x86_64.jar\org\bytedeco\javacpp\windows-x86_64\vcruntime140_1.dll
0x00007ffd63a80000 - 0x00007ffd63b0d000 	C:\Users\hardm\.javacpp\cache\javacpp-1.5.9-windows-x86_64.jar\org\bytedeco\javacpp\windows-x86_64\msvcp140.dll
0x00007ffda2260000 - 0x00007ffda2269000 	C:\Users\hardm\.javacpp\cache\javacpp-1.5.9-windows-x86_64.jar\org\bytedeco\javacpp\windows-x86_64\msvcp140_1.dll
0x00007ffd63a30000 - 0x00007ffd63a7e000 	C:\Users\hardm\.javacpp\cache\javacpp-1.5.9-windows-x86_64.jar\org\bytedeco\javacpp\windows-x86_64\concrt140.dll
0x00007ffd639f0000 - 0x00007ffd63a21000 	C:\Users\hardm\.javacpp\cache\javacpp-1.5.9-windows-x86_64.jar\org\bytedeco\javacpp\windows-x86_64\vcomp140.dll
0x00007ffda0f40000 - 0x00007ffda0f4f000 	C:\Users\hardm\.javacpp\cache\javacpp-1.5.9-windows-x86_64.jar\org\bytedeco\javacpp\windows-x86_64\jnijavacpp.dll
0x00007ffd63910000 - 0x00007ffd639f0000 	C:\Users\hardm\.javacpp\cache\bullet-3.25-1.5.9-windows-x86_64.jar\org\bytedeco\bullet\windows-x86_64\jniLinearMath.dll
0x00007ffd27890000 - 0x00007ffd27af0000 	C:\Users\hardm\.javacpp\cache\bullet-3.25-1.5.9-windows-x86_64.jar\org\bytedeco\bullet\windows-x86_64\jniBulletCollision.dll
0x00007ffd27650000 - 0x00007ffd27890000 	C:\Users\hardm\.javacpp\cache\bullet-3.25-1.5.9-windows-x86_64.jar\org\bytedeco\bullet\windows-x86_64\jniBulletDynamics.dll
0x00007ffd63890000 - 0x00007ffd63905000 	C:\Users\hardm\AppData\Local\Temp\lwjglhardm\3.3.1-build-7\lwjgl.dll
0x00007ffd63820000 - 0x00007ffd63881000 	C:\Users\hardm\AppData\Local\Temp\lwjglhardm\3.3.1-build-7\glfw.dll
0x00007ffd634c0000 - 0x00007ffd6363e000 	C:\Program Files\Java\jdk-1.8\jre\bin\awt.dll
0x00007ffde8f00000 - 0x00007ffde8fd7000 	C:\Windows\System32\OLEAUT32.dll
0x00007ffde5380000 - 0x00007ffde53ab000 	C:\Windows\system32\DWMAPI.DLL
0x00007ffde5100000 - 0x00007ffde51ab000 	C:\Windows\system32\uxtheme.dll
0x00007ffdd6d20000 - 0x00007ffdd6e20000 	C:\Windows\system32\opengl32.dll
0x00007ffdd8b50000 - 0x00007ffdd8b7d000 	C:\Windows\SYSTEM32\GLU32.dll
0x00007ffde53f0000 - 0x00007ffde5428000 	C:\Windows\SYSTEM32\dxcore.dll
0x00007ffde9860000 - 0x00007ffde99a9000 	C:\Windows\System32\MSCTF.dll
0x00007ffde9090000 - 0x00007ffde922e000 	C:\Windows\System32\ole32.dll
0x00007ffde8230000 - 0x00007ffde82aa000 	C:\Windows\System32\bcryptPrimitives.dll
0x00007ffdae7a0000 - 0x00007ffdae949000 	C:\Windows\system32\d3d9.dll
0x00007ffddcd50000 - 0x00007ffddce0c000 	C:\Windows\System32\DriverStore\FileRepository\nv_dispi.inf_amd64_3c2bd4a1ec6d228e\nvldumdx.dll
0x00007ffde78c0000 - 0x00007ffde78d2000 	C:\Windows\SYSTEM32\msasn1.dll
0x00007ffde11e0000 - 0x00007ffde1212000 	C:\Windows\SYSTEM32\cryptnet.dll
0x00007ffde82b0000 - 0x00007ffde8416000 	C:\Windows\System32\CRYPT32.dll
0x00007ffde0f30000 - 0x00007ffde1088000 	C:\Windows\SYSTEM32\drvstore.dll
0x00007ffde78e0000 - 0x00007ffde790c000 	C:\Windows\SYSTEM32\devobj.dll
0x00007ffde7910000 - 0x00007ffde795e000 	C:\Windows\SYSTEM32\cfgmgr32.dll
0x00007ffde74e0000 - 0x00007ffde752b000 	C:\Windows\SYSTEM32\wldp.dll

VM Arguments:
jvm_args: -agentlib:jdwp=transport=dt_socket,address=127.0.0.1:58472,suspend=y,server=n -Dvisualvm.id=268559945622000 -javaagent:C:\Users\hardm\AppData\Local\JetBrains\IdeaIC2023.2\captureAgent\debugger-agent.jar=file:/C:/Users/hardm/AppData/Local/Temp/capture.props -Dfile.encoding=UTF-8 
java_command: ru.BouH.engine.game.Game
java_class_path (initial): C:\Program Files\Java\jdk-1.8\jre\lib\charsets.jar;C:\Program Files\Java\jdk-1.8\jre\lib\deploy.jar;C:\Program Files\Java\jdk-1.8\jre\lib\ext\access-bridge-64.jar;C:\Program Files\Java\jdk-1.8\jre\lib\ext\cldrdata.jar;C:\Program Files\Java\jdk-1.8\jre\lib\ext\dnsns.jar;C:\Program Files\Java\jdk-1.8\jre\lib\ext\jaccess.jar;C:\Program Files\Java\jdk-1.8\jre\lib\ext\jfxrt.jar;C:\Program Files\Java\jdk-1.8\jre\lib\ext\localedata.jar;C:\Program Files\Java\jdk-1.8\jre\lib\ext\nashorn.jar;C:\Program Files\Java\jdk-1.8\jre\lib\ext\sunec.jar;C:\Program Files\Java\jdk-1.8\jre\lib\ext\sunjce_provider.jar;C:\Program Files\Java\jdk-1.8\jre\lib\ext\sunmscapi.jar;C:\Program Files\Java\jdk-1.8\jre\lib\ext\sunpkcs11.jar;C:\Program Files\Java\jdk-1.8\jre\lib\ext\zipfs.jar;C:\Program Files\Java\jdk-1.8\jre\lib\javaws.jar;C:\Program Files\Java\jdk-1.8\jre\lib\jce.jar;C:\Program Files\Java\jdk-1.8\jre\lib\jfr.jar;C:\Program Files\Java\jdk-1.8\jre\lib\jfxswt.jar;C:\Program Files\Java\jdk-1.8\jre\lib\jsse.jar;C:\Program Files\Java\jdk-1.8\jre\lib\management-agent.jar;C:\Program Files\Java\jdk-1.8\jre\lib\plugin.jar;C:\Program Files\Java\jdk-1.8\jre\lib\resources.jar;C:\Program Files\Java\jdk-1.8\jre\lib\rt.jar;F:\game_test1\target\classes;C:\Users\hardm\.m2\repository\org\bytedeco\bullet-platform\3.25-1.5.9\bullet-platform-3.25-1.5.9.jar;C:\Users\hardm\.m2\repository\org\bytedeco\javacpp-platform\1.5.9\javacpp-platform-1.5.9.jar;C:\Users\hardm\.m2\repository\org\bytedeco\javacpp\1.5.9\javacpp-1.5.9-android-arm.jar;C:\Users\hardm\.m2\repository\org\bytedeco\javacpp\1.5.9\javacpp-1.5.9-android-arm64.jar;C:\Users\hardm\.m2\repository\org\bytedeco\javacpp\1.5.9\javacpp-1.5.9-android-x86.jar;C:\Users\hardm\.m2\repository\org\bytedeco\javacpp\1.5.9\javacpp-1.5.9-android-x86_64.jar;C:\Users\hardm\.m2\repository\org\bytedeco\javacpp\1.5.9\javacpp-1.5.9-ios-arm64.jar;C:\Users\hardm\.m2\repository\org\bytedeco\javacpp\1.5.9\javacpp-1.5.9-ios-x86_64.jar;C:\Users\hardm\.m
Launcher Type: SUN_STANDARD

Environment Variables:
JAVA_HOME=C:\Program Files\Java\jdk-1.8
PATH=C:\Program Files (x86)\Common Files\Oracle\Java\javapath;C:\Windows\system32;C:\Windows;C:\Windows\System32\Wbem;C:\Windows\System32\WindowsPowerShell\v1.0\;C:\Windows\System32\OpenSSH\;C:\Program Files\NVIDIA Corporation\NVIDIA NvDLISR;C:\Program Files\Git\cmd;C:\Program Files (x86)\NVIDIA Corporation\PhysX\Common;C:\Program Files\dotnet\;C:\Program Files\Java\jdk-1.8\bin;C:\Users\hardm\AppData\Local\Microsoft\WindowsApps;C:\Users\hardm\.dotnet\tools
USERNAME=hardm
OS=Windows_NT
PROCESSOR_IDENTIFIER=Intel64 Family 6 Model 151 Stepping 5, GenuineIntel



---------------  S Y S T E M  ---------------

OS: Windows 11 , 64 bit Build 22621 (10.0.22621.2215)

CPU:total 12 (initial active 12) (6 cores per cpu, 2 threads per core) family 6 model 151 stepping 5, cmov, cx8, fxsr, mmx, sse, sse2, sse3, ssse3, sse4.1, sse4.2, popcnt, avx, avx2, aes, clmul, erms, 3dnowpref, lzcnt, ht, tsc, tscinvbit, bmi1, bmi2, adx

Memory: 4k page, physical 33317992k(17030940k free), swap 42755176k(12474988k free)

vm_info: Java HotSpot(TM) 64-Bit Server VM (25.371-b11) for windows-amd64 JRE (1.8.0_371-b11), built on Mar 17 2023 04:03:45 by "java_re" with MS VC++ 17.1 (VS2022)

time: Sun Sep 24 17:25:15 2023
timezone: RTZ 2 ( Family 6 Model 151 Stepping 5, GenuineIntel
elapsed time: 2.915016 seconds (0d 0h 0m 2s)

