#
# A fatal error has been detected by the Java Runtime Environment:
#
#  EXCEPTION_ACCESS_VIOLATION (0xc0000005) at pc=0x00007fff0153b37a, pid=22052, tid=0x0000000000003f6c
#
# JRE version: Java(TM) SE Runtime Environment (8.0_371) (build 1.8.0_371-b11)
# Java VM: Java HotSpot(TM) 64-Bit Server VM (25.371-b11 mixed mode windows-amd64 compressed oops)
# Problematic frame:
# C  [jniBulletCollision.dll+0x10b37a]
#
# Failed to write core dump. Minidumps are not enabled by default on client versions of Windows
#
# If you would like to submit a bug report, please visit:
#   http://bugreport.java.com/bugreport/crash.jsp
# The crash happened outside the Java Virtual Machine in native code.
# See problematic frame for where to report the bug.
#

---------------  T H R E A D  ---------------

Current thread (0x000001f0177b5800):  JavaThread "physics" [_thread_in_native, id=16236, stack(0x00000005fec00000,0x00000005fed00000)]

siginfo: ExceptionCode=0xc0000005, reading address 0x0000000000000000

Registers:
RAX=0x00007fff015da998, RBX=0x00000005fecfe1f0, RCX=0x000001f02271f440, RDX=0x0000000000000000
RSP=0x00000005fecfddb0, RBP=0x00000005fecfdf60, RSI=0x000000000000007e, RDI=0x00000005fecfdf70
R8 =0x000001f0227332a0, R9 =0x0000000000000001, R10=0x00000005fecfe220, R11=0x00000005fecfe200
R12=0x0000000000000000, R13=0x000001f0227bfec0, R14=0x000001f0227bef40, R15=0x0000000000000000
RIP=0x00007fff0153b37a, EFLAGS=0x0000000000010203

Top of Stack: (sp=0x00000005fecfddb0)
0x00000005fecfddb0:   0000000000000400 00007fff0159b8c3
0x00000005fecfddc0:   0000000000000417 0000000000000000
0x00000005fecfddd0:   000001f02271f440 0000000000000000
0x00000005fecfdde0:   0000000000000000 000001f0176ecf60
0x00000005fecfddf0:   000001f0165e50e0 000001f0165e50f0
0x00000005fecfde00:   0000000000000000 ffffffffffffffff
0x00000005fecfde10:   00000005fecfe0d0 00007fff0154f430
0x00000005fecfde20:   00000005fecfdf70 0000000000000000
0x00000005fecfde30:   00005caef27a9b7b 000001f052e70970
0x00000005fecfde40:   00000005fecfe0d0 00000005fecfdfb0
0x00000005fecfde50:   c067dc40f7f44358 bfaeb851e5ca0858
0x00000005fecfde60:   c07f4a6666666667 0000000000000000
0x00000005fecfde70:   c0672fb672588968 3ffa3d70a3a8fdf5
0x00000005fecfde80:   407f4a6666666667 0000000000000000
0x00000005fecfde90:   00005caef27a980b 0000000000000000
0x00000005fecfdea0:   0000000000000000 3fa47ae147a766f0 

Instructions: (pc=0x00007fff0153b37a)
0x00007fff0153b35a:   57 c0 48 8b 89 78 01 00 00 66 0f 2e 41 08 75 08
0x00007fff0153b36a:   32 c0 48 83 c4 60 5b c3 48 8b 01 48 89 7c 24 70
0x00007fff0153b37a:   48 8b 3a 48 8b 97 80 01 00 00 ff 50 08 84 c0 74
0x00007fff0153b38a:   65 48 8b 87 88 01 00 00 4c 8d 83 d0 00 00 00 f2 


Register to memory mapping:

RAX=0x00007fff015da998 is an unknown value
RBX=0x00000005fecfe1f0 is pointing into the stack for thread: 0x000001f0177b5800
RCX=0x000001f02271f440 is an unknown value
RDX=0x0000000000000000 is an unknown value
RSP=0x00000005fecfddb0 is pointing into the stack for thread: 0x000001f0177b5800
RBP=0x00000005fecfdf60 is pointing into the stack for thread: 0x000001f0177b5800
RSI=0x000000000000007e is an unknown value
RDI=0x00000005fecfdf70 is pointing into the stack for thread: 0x000001f0177b5800
R8 =0x000001f0227332a0 is an unknown value
R9 =0x0000000000000001 is an unknown value
R10=0x00000005fecfe220 is pointing into the stack for thread: 0x000001f0177b5800
R11=0x00000005fecfe200 is pointing into the stack for thread: 0x000001f0177b5800
R12=0x0000000000000000 is an unknown value
R13=0x000001f0227bfec0 is an unknown value
R14=0x000001f0227bef40 is an unknown value
R15=0x0000000000000000 is an unknown value


Stack: [0x00000005fec00000,0x00000005fed00000],  sp=0x00000005fecfddb0,  free space=1015k
Native frames: (J=compiled Java code, j=interpreted, Vv=VM code, C=native code)
C  [jniBulletCollision.dll+0x10b37a]
C  [jniBulletCollision.dll+0x11f430]
C  [jniBulletCollision.dll+0x120426]
C  [jniBulletCollision.dll+0x108541]
C  [jniBulletCollision.dll+0x3bf60]
C  0x000001f0538ce3ca

Java frames: (J=compiled Java code, j=interpreted, Vv=VM code)
J 2756  org.bytedeco.bullet.BulletCollision.btCollisionWorld.convexSweepTest(Lorg/bytedeco/bullet/BulletCollision/btConvexShape;Lorg/bytedeco/bullet/LinearMath/btTransform;Lorg/bytedeco/bullet/LinearMath/btTransform;Lorg/bytedeco/bullet/BulletCollision/btCollisionWorld$ConvexResultCallback;)V (0 bytes) @ 0x000001f0538ce32d [0x000001f0538ce280+0xad]
J 2749 C1 ru.BouH.engine.physics.entities.PhysEntity.groundCheck()V (282 bytes) @ 0x000001f0538d4f54 [0x000001f0538d21a0+0x2db4]
J 2748 C1 ru.BouH.engine.physics.entities.PhysEntity.onUpdate(Lru/BouH/engine/proxy/IWorld;)V (152 bytes) @ 0x000001f0538cede4 [0x000001f0538ceca0+0x144]
J 2845 C1 ru.BouH.engine.physics.entities.prop.PhysEntityCube.onUpdate(Lru/BouH/engine/proxy/IWorld;)V (6 bytes) @ 0x000001f0538fa234 [0x000001f0538fa180+0xb4]
J 2931 C1 ru.BouH.engine.physics.world.World.onWorldUpdate()V (328 bytes) @ 0x000001f053967ec4 [0x000001f053963e60+0x4064]
j  ru.BouH.engine.physics.world.timer.GameWorldTimer.updateTimer(I)V+148
j  ru.BouH.engine.physics.world.timer.PhysicThreadManager.lambda$initService$1()V+8
j  ru.BouH.engine.physics.world.timer.PhysicThreadManager$$Lambda$56.run()V+4
j  java.util.concurrent.ThreadPoolExecutor.runWorker(Ljava/util/concurrent/ThreadPoolExecutor$Worker;)V+95
j  java.util.concurrent.ThreadPoolExecutor$Worker.run()V+5
j  java.lang.Thread.run()V+11
v  ~StubRoutines::call_stub

---------------  P R O C E S S  ---------------

Java Threads: ( => current thread )
  0x000001f01a128800 JavaThread "D3D Screen Updater" daemon [_thread_blocked, id=21936, stack(0x00000005ff3d0000,0x00000005ff4d0000)]
  0x000001f017a07800 JavaThread "AWT-Windows" daemon [_thread_in_native, id=22060, stack(0x00000005fef00000,0x00000005ff000000)]
  0x000001f017c18800 JavaThread "Java2D Disposer" daemon [_thread_blocked, id=17896, stack(0x00000005fed00000,0x00000005fee00000)]
=>0x000001f0177b5800 JavaThread "physics" [_thread_in_native, id=16236, stack(0x00000005fec00000,0x00000005fed00000)]
  0x000001f0181c5000 JavaThread "physics" [_thread_blocked, id=15172, stack(0x00000005feb00000,0x00000005fec00000)]
  0x000001f0514e2000 JavaThread "DestroyJavaVM" [_thread_blocked, id=12072, stack(0x00000005fd000000,0x00000005fd100000)]
  0x000001f017a64000 JavaThread "game" [_thread_in_native, id=8796, stack(0x00000005fea00000,0x00000005feb00000)]
  0x000001f0162e4800 JavaThread "JavaCPP Deallocator" daemon [_thread_blocked, id=13400, stack(0x00000005fe900000,0x00000005fea00000)]
  0x000001f0158c6800 JavaThread "Service Thread" daemon [_thread_blocked, id=2556, stack(0x00000005fe700000,0x00000005fe800000)]
  0x000001f015846000 JavaThread "C1 CompilerThread3" daemon [_thread_blocked, id=13164, stack(0x00000005fe600000,0x00000005fe700000)]
  0x000001f015844800 JavaThread "C2 CompilerThread2" daemon [_thread_blocked, id=3088, stack(0x00000005fe500000,0x00000005fe600000)]
  0x000001f015843800 JavaThread "C2 CompilerThread1" daemon [_thread_blocked, id=12012, stack(0x00000005fe400000,0x00000005fe500000)]
  0x000001f015840000 JavaThread "C2 CompilerThread0" daemon [_thread_blocked, id=17724, stack(0x00000005fe300000,0x00000005fe400000)]
  0x000001f0157d8000 JavaThread "JDWP Command Reader" daemon [_thread_in_native, id=18584, stack(0x00000005fe200000,0x00000005fe300000)]
  0x000001f0157d3000 JavaThread "JDWP Event Helper Thread" daemon [_thread_blocked, id=16512, stack(0x00000005fe100000,0x00000005fe200000)]
  0x000001f0157d0800 JavaThread "JDWP Transport Listener: dt_socket" daemon [_thread_blocked, id=17988, stack(0x00000005fe000000,0x00000005fe100000)]
  0x000001f01349c800 JavaThread "Attach Listener" daemon [_thread_blocked, id=10296, stack(0x00000005fdf00000,0x00000005fe000000)]
  0x000001f013499000 JavaThread "Signal Dispatcher" daemon [_thread_blocked, id=18436, stack(0x00000005fde00000,0x00000005fdf00000)]
  0x000001f05158e000 JavaThread "Finalizer" daemon [_thread_blocked, id=8360, stack(0x00000005fdd00000,0x00000005fde00000)]
  0x000001f051587000 JavaThread "Reference Handler" daemon [_thread_blocked, id=11140, stack(0x00000005fdc00000,0x00000005fdd00000)]

Other Threads:
  0x000001f013444000 VMThread [stack: 0x00000005fdb00000,0x00000005fdc00000] [id=17608]
  0x000001f015940800 WatcherThread [stack: 0x00000005fe800000,0x00000005fe900000] [id=1320]

VM state:not at safepoint (normal execution)

VM Mutex/Monitor currently owned by a thread: None

heap address: 0x000001f062600000, size: 8136 MB, Compressed Oops mode: Non-zero based:0x000001f0625ff000, Oop shift amount: 3
Narrow klass base: 0x000001f25ee00000, Narrow klass shift: 0
Compressed class space size: 1073741824 Address: 0x000001f25ee00000

Heap:
 PSYoungGen      total 172544K, used 141552K [0x000001f1b5600000, 0x000001f1c0d80000, 0x000001f25ee00000)
  eden space 151040K, 91% used [0x000001f1b5600000,0x000001f1bdce8950,0x000001f1be980000)
  from space 21504K, 15% used [0x000001f1be980000,0x000001f1becd3770,0x000001f1bfe80000)
  to   space 9216K, 0% used [0x000001f1c0480000,0x000001f1c0480000,0x000001f1c0d80000)
 ParOldGen       total 236032K, used 5217K [0x000001f062600000, 0x000001f070c80000, 0x000001f1b5600000)
  object space 236032K, 2% used [0x000001f062600000,0x000001f062b18430,0x000001f070c80000)
 Metaspace       used 29187K, capacity 29676K, committed 29952K, reserved 1075200K
  class space    used 3164K, capacity 3306K, committed 3328K, reserved 1048576K

Card table byte_map: [0x000001f000000000,0x000001f000ff0000] byte_map_base: 0x000001ef07ced000

Marking Bits: (ParMarkBitMap*) 0x00000000709cd980
 Begin Bits: [0x000001f001a90000, 0x000001f0099b0000)
 End Bits:   [0x000001f0099b0000, 0x000001f0118d0000)

Polling page: 0x000001f051600000

CodeCache: size=245760Kb used=12132Kb max_used=12150Kb free=233627Kb
 bounds [0x000001f052e70000, 0x000001f053a60000, 0x000001f061e70000]
 total_blobs=4304 nmethods=3093 adapters=1131
 compilation: enabled

Compilation events (10 events):
Event: 15.237 Thread 0x000001f015840000 3090       4       org.joml.FrustumIntersection::testAab (432 bytes)
Event: 15.238 Thread 0x000001f015840000 nmethod 3090 0x000001f053a3a1d0 code [0x000001f053a3a320, 0x000001f053a3a858]
Event: 16.882 Thread 0x000001f015844800 3091       4       java.util.Formatter$Flags::parse (67 bytes)
Event: 16.883 Thread 0x000001f015844800 nmethod 3091 0x000001f053a13a50 code [0x000001f053a13ba0, 0x000001f053a13db8]
Event: 18.120 Thread 0x000001f015843800 3092       4       ru.BouH.engine.render.scene.scene_render.WorldRender::onRender (186 bytes)
Event: 18.137 Thread 0x000001f015843800 nmethod 3092 0x000001f053a53550 code [0x000001f053a53940, 0x000001f053a55958]
Event: 18.295 Thread 0x000001f015840000 3093       4       ru.BouH.engine.physics.entities.IRemoteController::isValidController (15 bytes)
Event: 18.295 Thread 0x000001f015840000 nmethod 3093 0x000001f053990610 code [0x000001f053990760, 0x000001f053990818]
Event: 18.830 Thread 0x000001f015844800 3094       4       java.util.Arrays::rangeCheck (74 bytes)
Event: 18.831 Thread 0x000001f015844800 nmethod 3094 0x000001f0538e9fd0 code [0x000001f0538ea100, 0x000001f0538ea198]

GC Heap History (10 events):
Event: 1.117 GC heap before
{Heap before GC invocations=2 (full 0):
 PSYoungGen      total 152576K, used 50918K [0x000001f1b5600000, 0x000001f1c0000000, 0x000001f25ee00000)
  eden space 131072K, 32% used [0x000001f1b5600000,0x000001f1b7fd8fb0,0x000001f1bd600000)
  from space 21504K, 37% used [0x000001f1bd600000,0x000001f1bdde0958,0x000001f1beb00000)
  to   space 21504K, 0% used [0x000001f1beb00000,0x000001f1beb00000,0x000001f1c0000000)
 ParOldGen       total 348160K, used 16K [0x000001f062600000, 0x000001f077a00000, 0x000001f1b5600000)
  object space 348160K, 0% used [0x000001f062600000,0x000001f062604000,0x000001f077a00000)
 Metaspace       used 20724K, capacity 21102K, committed 21296K, reserved 1069056K
  class space    used 2503K, capacity 2633K, committed 2688K, reserved 1048576K
Event: 1.120 GC heap after
Heap after GC invocations=2 (full 0):
 PSYoungGen      total 152576K, used 5377K [0x000001f1b5600000, 0x000001f1c0000000, 0x000001f25ee00000)
  eden space 131072K, 0% used [0x000001f1b5600000,0x000001f1b5600000,0x000001f1bd600000)
  from space 21504K, 25% used [0x000001f1beb00000,0x000001f1bf040770,0x000001f1c0000000)
  to   space 21504K, 0% used [0x000001f1bd600000,0x000001f1bd600000,0x000001f1beb00000)
 ParOldGen       total 348160K, used 24K [0x000001f062600000, 0x000001f077a00000, 0x000001f1b5600000)
  object space 348160K, 0% used [0x000001f062600000,0x000001f062606000,0x000001f077a00000)
 Metaspace       used 20724K, capacity 21102K, committed 21296K, reserved 1069056K
  class space    used 2503K, capacity 2633K, committed 2688K, reserved 1048576K
}
Event: 1.120 GC heap before
{Heap before GC invocations=3 (full 1):
 PSYoungGen      total 152576K, used 5377K [0x000001f1b5600000, 0x000001f1c0000000, 0x000001f25ee00000)
  eden space 131072K, 0% used [0x000001f1b5600000,0x000001f1b5600000,0x000001f1bd600000)
  from space 21504K, 25% used [0x000001f1beb00000,0x000001f1bf040770,0x000001f1c0000000)
  to   space 21504K, 0% used [0x000001f1bd600000,0x000001f1bd600000,0x000001f1beb00000)
 ParOldGen       total 348160K, used 24K [0x000001f062600000, 0x000001f077a00000, 0x000001f1b5600000)
  object space 348160K, 0% used [0x000001f062600000,0x000001f062606000,0x000001f077a00000)
 Metaspace       used 20724K, capacity 21102K, committed 21296K, reserved 1069056K
  class space    used 2503K, capacity 2633K, committed 2688K, reserved 1048576K
Event: 1.146 GC heap after
Heap after GC invocations=3 (full 1):
 PSYoungGen      total 152576K, used 0K [0x000001f1b5600000, 0x000001f1c0000000, 0x000001f25ee00000)
  eden space 131072K, 0% used [0x000001f1b5600000,0x000001f1b5600000,0x000001f1bd600000)
  from space 21504K, 0% used [0x000001f1beb00000,0x000001f1beb00000,0x000001f1c0000000)
  to   space 21504K, 0% used [0x000001f1bd600000,0x000001f1bd600000,0x000001f1beb00000)
 ParOldGen       total 236032K, used 5174K [0x000001f062600000, 0x000001f070c80000, 0x000001f1b5600000)
  object space 236032K, 2% used [0x000001f062600000,0x000001f062b0d800,0x000001f070c80000)
 Metaspace       used 20709K, capacity 21054K, committed 21296K, reserved 1069056K
  class space    used 2499K, capacity 2625K, committed 2688K, reserved 1048576K
}
Event: 5.546 GC heap before
{Heap before GC invocations=4 (full 1):
 PSYoungGen      total 152576K, used 131072K [0x000001f1b5600000, 0x000001f1c0000000, 0x000001f25ee00000)
  eden space 131072K, 100% used [0x000001f1b5600000,0x000001f1bd600000,0x000001f1bd600000)
  from space 21504K, 0% used [0x000001f1beb00000,0x000001f1beb00000,0x000001f1c0000000)
  to   space 21504K, 0% used [0x000001f1bd600000,0x000001f1bd600000,0x000001f1beb00000)
 ParOldGen       total 236032K, used 5174K [0x000001f062600000, 0x000001f070c80000, 0x000001f1b5600000)
  object space 236032K, 2% used [0x000001f062600000,0x000001f062b0d800,0x000001f070c80000)
 Metaspace       used 29101K, capacity 29528K, committed 29952K, reserved 1075200K
  class space    used 3164K, capacity 3306K, committed 3328K, reserved 1048576K
Event: 5.548 GC heap after
Heap after GC invocations=4 (full 1):
 PSYoungGen      total 152576K, used 4346K [0x000001f1b5600000, 0x000001f1c1780000, 0x000001f25ee00000)
  eden space 131072K, 0% used [0x000001f1b5600000,0x000001f1b5600000,0x000001f1bd600000)
  from space 21504K, 20% used [0x000001f1bd600000,0x000001f1bda3e9e0,0x000001f1beb00000)
  to   space 21504K, 0% used [0x000001f1c0280000,0x000001f1c0280000,0x000001f1c1780000)
 ParOldGen       total 236032K, used 5201K [0x000001f062600000, 0x000001f070c80000, 0x000001f1b5600000)
  object space 236032K, 2% used [0x000001f062600000,0x000001f062b14430,0x000001f070c80000)
 Metaspace       used 29101K, capacity 29528K, committed 29952K, reserved 1075200K
  class space    used 3164K, capacity 3306K, committed 3328K, reserved 1048576K
}
Event: 9.656 GC heap before
{Heap before GC invocations=5 (full 1):
 PSYoungGen      total 152576K, used 135418K [0x000001f1b5600000, 0x000001f1c1780000, 0x000001f25ee00000)
  eden space 131072K, 100% used [0x000001f1b5600000,0x000001f1bd600000,0x000001f1bd600000)
  from space 21504K, 20% used [0x000001f1bd600000,0x000001f1bda3e9e0,0x000001f1beb00000)
  to   space 21504K, 0% used [0x000001f1c0280000,0x000001f1c0280000,0x000001f1c1780000)
 ParOldGen       total 236032K, used 5201K [0x000001f062600000, 0x000001f070c80000, 0x000001f1b5600000)
  object space 236032K, 2% used [0x000001f062600000,0x000001f062b14430,0x000001f070c80000)
 Metaspace       used 29187K, capacity 29676K, committed 29952K, reserved 1075200K
  class space    used 3164K, capacity 3306K, committed 3328K, reserved 1048576K
Event: 9.659 GC heap after
Heap after GC invocations=5 (full 1):
 PSYoungGen      total 168448K, used 3053K [0x000001f1b5600000, 0x000001f1c1380000, 0x000001f25ee00000)
  eden space 151040K, 0% used [0x000001f1b5600000,0x000001f1b5600000,0x000001f1be980000)
  from space 17408K, 17% used [0x000001f1c0280000,0x000001f1c057b770,0x000001f1c1380000)
  to   space 21504K, 0% used [0x000001f1be980000,0x000001f1be980000,0x000001f1bfe80000)
 ParOldGen       total 236032K, used 5209K [0x000001f062600000, 0x000001f070c80000, 0x000001f1b5600000)
  object space 236032K, 2% used [0x000001f062600000,0x000001f062b16430,0x000001f070c80000)
 Metaspace       used 29187K, capacity 29676K, committed 29952K, reserved 1075200K
  class space    used 3164K, capacity 3306K, committed 3328K, reserved 1048576K
}
Event: 14.636 GC heap before
{Heap before GC invocations=6 (full 1):
 PSYoungGen      total 168448K, used 154093K [0x000001f1b5600000, 0x000001f1c1380000, 0x000001f25ee00000)
  eden space 151040K, 100% used [0x000001f1b5600000,0x000001f1be980000,0x000001f1be980000)
  from space 17408K, 17% used [0x000001f1c0280000,0x000001f1c057b770,0x000001f1c1380000)
  to   space 21504K, 0% used [0x000001f1be980000,0x000001f1be980000,0x000001f1bfe80000)
 ParOldGen       total 236032K, used 5209K [0x000001f062600000, 0x000001f070c80000, 0x000001f1b5600000)
  object space 236032K, 2% used [0x000001f062600000,0x000001f062b16430,0x000001f070c80000)
 Metaspace       used 29187K, capacity 29676K, committed 29952K, reserved 1075200K
  class space    used 3164K, capacity 3306K, committed 3328K, reserved 1048576K
Event: 14.639 GC heap after
Heap after GC invocations=6 (full 1):
 PSYoungGen      total 172544K, used 3405K [0x000001f1b5600000, 0x000001f1c0d80000, 0x000001f25ee00000)
  eden space 151040K, 0% used [0x000001f1b5600000,0x000001f1b5600000,0x000001f1be980000)
  from space 21504K, 15% used [0x000001f1be980000,0x000001f1becd3770,0x000001f1bfe80000)
  to   space 9216K, 0% used [0x000001f1c0480000,0x000001f1c0480000,0x000001f1c0d80000)
 ParOldGen       total 236032K, used 5217K [0x000001f062600000, 0x000001f070c80000, 0x000001f1b5600000)
  object space 236032K, 2% used [0x000001f062600000,0x000001f062b18430,0x000001f070c80000)
 Metaspace       used 29187K, capacity 29676K, committed 29952K, reserved 1075200K
  class space    used 3164K, capacity 3306K, committed 3328K, reserved 1048576K
}

Deoptimization events (10 events):
Event: 1.480 Thread 0x000001f017a64000 Uncommon trap: reason=unstable_if action=reinterpret pc=0x000001f052fdd2b0 method=sun.nio.cs.SingleByte$Encoder.encode(C)I @ 13
Event: 1.482 Thread 0x000001f017a64000 Uncommon trap: reason=unstable_if action=reinterpret pc=0x000001f05356d230 method=java.lang.Character.isSurrogate(C)Z @ 3
Event: 1.482 Thread 0x000001f017a64000 Uncommon trap: reason=unstable_if action=reinterpret pc=0x000001f05356d7b0 method=java.lang.Character.isSurrogate(C)Z @ 3
Event: 1.485 Thread 0x000001f017a64000 Uncommon trap: reason=unstable_if action=reinterpret pc=0x000001f0533b1518 method=java.io.File.getParent()Ljava/lang/String; @ 16
Event: 1.486 Thread 0x000001f017a64000 Uncommon trap: reason=unstable_if action=reinterpret pc=0x000001f0532d3864 method=java.lang.CharacterData.of(I)Ljava/lang/CharacterData; @ 4
Event: 1.550 Thread 0x000001f017a64000 Uncommon trap: reason=class_check action=maybe_recompile pc=0x000001f05344bdbc method=java.util.AbstractList$Itr.hasNext()Z @ 8
Event: 2.739 Thread 0x000001f017a64000 Uncommon trap: reason=unstable_if action=reinterpret pc=0x000001f053540ccc method=jdk.internal.org.objectweb.asm.Type.getArgumentsAndReturnSizes(Ljava/lang/String;)I @ 88
Event: 5.186 Thread 0x000001f017a64000 Uncommon trap: reason=unstable_if action=reinterpret pc=0x000001f0538f4920 method=ru.BouH.engine.game.controller.components.Key.refreshState(Z)V @ 28
Event: 5.554 Thread 0x000001f051587000 Uncommon trap: reason=unstable_if action=reinterpret pc=0x000001f05393d6d8 method=java.lang.ref.Reference.tryHandlePending(Z)Z @ 104
Event: 11.088 Thread 0x000001f017a64000 Uncommon trap: reason=unstable_if action=reinterpret pc=0x000001f05394ec04 method=java.lang.Integer.getChars(II[C)V @ 7

Classes redefined (0 events):
No events

Internal exceptions (10 events):
Event: 1.002 Thread 0x000001f017a64000 Exception <a 'java/io/FileNotFoundException'> (0x000001f1b7b71490) thrown at [C:\jenkins\workspace\8-2-build-windows-x64-cygwin\jdk8u371\3355\hotspot\src\share\vm\prims\jni.cpp, line 710]
Event: 1.150 Thread 0x000001f017a64000 Implicit null exception at 0x000001f05315ad29 to 0x000001f05315b231
Event: 1.150 Thread 0x000001f017a64000 Implicit null exception at 0x000001f0530fd326 to 0x000001f0530fd7f1
Event: 1.152 Thread 0x000001f017a64000 Implicit null exception at 0x000001f053239464 to 0x000001f053239735
Event: 1.152 Thread 0x000001f017a64000 Implicit null exception at 0x000001f05325462b to 0x000001f053254e71
Event: 1.325 Thread 0x000001f017a64000 Exception <a 'sun/nio/fs/WindowsException'> (0x000001f1b638d178) thrown at [C:\jenkins\workspace\8-2-build-windows-x64-cygwin\jdk8u371\3355\hotspot\src\share\vm\prims\jni.cpp, line 710]
Event: 1.325 Thread 0x000001f017a64000 Exception <a 'sun/nio/fs/WindowsException'> (0x000001f1b638d8b0) thrown at [C:\jenkins\workspace\8-2-build-windows-x64-cygwin\jdk8u371\3355\hotspot\src\share\vm\prims\jni.cpp, line 710]
Event: 1.326 Thread 0x000001f017a64000 Exception <a 'sun/nio/fs/WindowsException'> (0x000001f1b63a3538) thrown at [C:\jenkins\workspace\8-2-build-windows-x64-cygwin\jdk8u371\3355\hotspot\src\share\vm\prims\jni.cpp, line 710]
Event: 1.326 Thread 0x000001f017a64000 Exception <a 'sun/nio/fs/WindowsException'> (0x000001f1b63a3b28) thrown at [C:\jenkins\workspace\8-2-build-windows-x64-cygwin\jdk8u371\3355\hotspot\src\share\vm\prims\jni.cpp, line 710]
Event: 2.739 Thread 0x000001f017a64000 Exception <a 'java/lang/NoSuchMethodError': java.lang.Object.lambda$comparing$77a9974f$1(Ljava/util/function/Function;Ljava/lang/Object;Ljava/lang/Object;)I> (0x000001f1b82fabe8) thrown at [C:\jenkins\workspace\8-2-build-windows-x64-cygwin\jdk8u371\3355\h

Events (10 events):
Event: 6.554 Executing VM operation: RevokeBias
Event: 6.554 Executing VM operation: RevokeBias done
Event: 6.554 Thread 0x000001f016779800 Thread exited: 0x000001f016779800
Event: 9.656 Executing VM operation: ParallelGCFailedAllocation
Event: 9.659 Executing VM operation: ParallelGCFailedAllocation done
Event: 11.088 Thread 0x000001f017a64000 Uncommon trap: trap_request=0xffffff65 fr.pc=0x000001f05394ec04
Event: 11.088 Thread 0x000001f017a64000 DEOPT PACKING pc=0x000001f05394ec04 sp=0x00000005feafe820
Event: 11.088 Thread 0x000001f017a64000 DEOPT UNPACKING pc=0x000001f052eb58c3 sp=0x00000005feafe7b0 mode 2
Event: 14.636 Executing VM operation: ParallelGCFailedAllocation
Event: 14.639 Executing VM operation: ParallelGCFailedAllocation done


Dynamic libraries:
0x00007ff7efbe0000 - 0x00007ff7efc2a000 	C:\Program Files\Java\jdk-1.8\bin\java.exe
0x00007fff4e510000 - 0x00007fff4e724000 	C:\Windows\SYSTEM32\ntdll.dll
0x00007fff4d680000 - 0x00007fff4d744000 	C:\Windows\System32\KERNEL32.DLL
0x00007fff4bdd0000 - 0x00007fff4c174000 	C:\Windows\System32\KERNELBASE.dll
0x00007fff4dbc0000 - 0x00007fff4dc70000 	C:\Windows\System32\ADVAPI32.dll
0x00007fff4da20000 - 0x00007fff4dac7000 	C:\Windows\System32\msvcrt.dll
0x00007fff4cfd0000 - 0x00007fff4d076000 	C:\Windows\System32\sechost.dll
0x00007fff4d390000 - 0x00007fff4d4a7000 	C:\Windows\System32\RPCRT4.dll
0x00007fff4d4b0000 - 0x00007fff4d65e000 	C:\Windows\System32\USER32.dll
0x00007fff4c180000 - 0x00007fff4c1a6000 	C:\Windows\System32\win32u.dll
0x00007fff4d9f0000 - 0x00007fff4da19000 	C:\Windows\System32\GDI32.dll
0x00007fff4bad0000 - 0x00007fff4bbe8000 	C:\Windows\System32\gdi32full.dll
0x00007fff4ba30000 - 0x00007fff4baca000 	C:\Windows\System32\msvcp_win.dll
0x00007fff4bbf0000 - 0x00007fff4bd01000 	C:\Windows\System32\ucrtbase.dll
0x00007fff2a720000 - 0x00007fff2a9b3000 	C:\Windows\WinSxS\amd64_microsoft.windows.common-controls_6595b64144ccf1df_6.0.22621.2215_none_270d72677387dfc3\COMCTL32.dll
0x00007fff4db80000 - 0x00007fff4dbb1000 	C:\Windows\System32\IMM32.DLL
0x00007fff44380000 - 0x00007fff4439b000 	C:\Program Files\Java\jdk-1.8\jre\bin\vcruntime140.dll
0x00007fff43930000 - 0x00007fff4393c000 	C:\Program Files\Java\jdk-1.8\jre\bin\vcruntime140_1.dll
0x00007fff3ac00000 - 0x00007fff3ac8e000 	C:\Program Files\Java\jdk-1.8\jre\bin\msvcp140.dll
0x00000000701a0000 - 0x0000000070a47000 	C:\Program Files\Java\jdk-1.8\jre\bin\server\jvm.dll
0x00007fff4e4c0000 - 0x00007fff4e4c8000 	C:\Windows\System32\PSAPI.DLL
0x00007fff46cc0000 - 0x00007fff46cca000 	C:\Windows\SYSTEM32\VERSION.dll
0x00007fff3c390000 - 0x00007fff3c3c4000 	C:\Windows\SYSTEM32\WINMM.dll
0x00007fff44760000 - 0x00007fff44769000 	C:\Windows\SYSTEM32\WSOCK32.dll
0x00007fff4d7e0000 - 0x00007fff4d851000 	C:\Windows\System32\WS2_32.dll
0x00007fff4aa00000 - 0x00007fff4aa18000 	C:\Windows\SYSTEM32\kernel.appcore.dll
0x00007fff43920000 - 0x00007fff43930000 	C:\Program Files\Java\jdk-1.8\jre\bin\verify.dll
0x00007fff3aaa0000 - 0x00007fff3aacb000 	C:\Program Files\Java\jdk-1.8\jre\bin\java.dll
0x00007fff36c10000 - 0x00007fff36c46000 	C:\Program Files\Java\jdk-1.8\jre\bin\jdwp.dll
0x00007fff43910000 - 0x00007fff43919000 	C:\Program Files\Java\jdk-1.8\jre\bin\npt.dll
0x00007fff2e040000 - 0x00007fff2e074000 	C:\Program Files\Java\jdk-1.8\jre\bin\instrument.dll
0x00007fff3b1d0000 - 0x00007fff3b1e8000 	C:\Program Files\Java\jdk-1.8\jre\bin\zip.dll
0x00007fff4c2a0000 - 0x00007fff4cac3000 	C:\Windows\System32\SHELL32.dll
0x00007fff49860000 - 0x00007fff4a14a000 	C:\Windows\SYSTEM32\windows.storage.dll
0x00007fff4de90000 - 0x00007fff4e21a000 	C:\Windows\System32\combase.dll
0x00007fff49720000 - 0x00007fff4985e000 	C:\Windows\SYSTEM32\wintypes.dll
0x00007fff4d8d0000 - 0x00007fff4d9c3000 	C:\Windows\System32\SHCORE.dll
0x00007fff4dc90000 - 0x00007fff4dcee000 	C:\Windows\System32\shlwapi.dll
0x00007fff4b7f0000 - 0x00007fff4b816000 	C:\Windows\SYSTEM32\profapi.dll
0x00007fff437c0000 - 0x00007fff437ca000 	C:\Program Files\Java\jdk-1.8\jre\bin\dt_socket.dll
0x00007fff4ae80000 - 0x00007fff4aee9000 	C:\Windows\system32\mswsock.dll
0x00007fff3fe50000 - 0x00007fff3fe5d000 	C:\Program Files\Java\jdk-1.8\jre\bin\management.dll
0x00007fff3aa80000 - 0x00007fff3aa9c000 	C:\Program Files\Java\jdk-1.8\jre\bin\net.dll
0x00007fff2de10000 - 0x00007fff2de27000 	C:\Windows\system32\napinsp.dll
0x00007fff2dc10000 - 0x00007fff2dc2b000 	C:\Windows\system32\pnrpnsp.dll
0x00007fff4a490000 - 0x00007fff4a582000 	C:\Windows\SYSTEM32\DNSAPI.dll
0x00007fff4a420000 - 0x00007fff4a44d000 	C:\Windows\SYSTEM32\IPHLPAPI.DLL
0x00007fff4d9e0000 - 0x00007fff4d9e9000 	C:\Windows\System32\NSI.dll
0x00007fff2dbf0000 - 0x00007fff2dc01000 	C:\Windows\System32\winrnr.dll
0x00007fff45660000 - 0x00007fff45675000 	C:\Windows\system32\wshbth.dll
0x00007fff2b650000 - 0x00007fff2b671000 	C:\Windows\system32\nlansp_c.dll
0x00007fff43780000 - 0x00007fff4378a000 	C:\Windows\System32\rasadhlp.dll
0x00007fff44b60000 - 0x00007fff44be4000 	C:\Windows\System32\fwpuclnt.dll
0x00007fff3aa10000 - 0x00007fff3aa23000 	C:\Program Files\Java\jdk-1.8\jre\bin\nio.dll
0x000001f0131e0000 - 0x000001f0131e4000 	C:\Users\hardm\.javacpp\cache\javacpp-1.5.9-windows-x86_64.jar\org\bytedeco\javacpp\windows-x86_64\api-ms-win-crt-locale-l1-1-0.dll
0x000001f0131f0000 - 0x000001f0131f5000 	C:\Users\hardm\.javacpp\cache\javacpp-1.5.9-windows-x86_64.jar\org\bytedeco\javacpp\windows-x86_64\api-ms-win-crt-string-l1-1-0.dll
0x000001f013200000 - 0x000001f013205000 	C:\Users\hardm\.javacpp\cache\javacpp-1.5.9-windows-x86_64.jar\org\bytedeco\javacpp\windows-x86_64\api-ms-win-crt-stdio-l1-1-0.dll
0x000001f013210000 - 0x000001f013216000 	C:\Users\hardm\.javacpp\cache\javacpp-1.5.9-windows-x86_64.jar\org\bytedeco\javacpp\windows-x86_64\api-ms-win-crt-math-l1-1-0.dll
0x000001f013220000 - 0x000001f013224000 	C:\Users\hardm\.javacpp\cache\javacpp-1.5.9-windows-x86_64.jar\org\bytedeco\javacpp\windows-x86_64\api-ms-win-crt-heap-l1-1-0.dll
0x000001f013230000 - 0x000001f013235000 	C:\Users\hardm\.javacpp\cache\javacpp-1.5.9-windows-x86_64.jar\org\bytedeco\javacpp\windows-x86_64\api-ms-win-crt-runtime-l1-1-0.dll
0x000001f013240000 - 0x000001f013245000 	C:\Users\hardm\.javacpp\cache\javacpp-1.5.9-windows-x86_64.jar\org\bytedeco\javacpp\windows-x86_64\api-ms-win-crt-convert-l1-1-0.dll
0x000001f013250000 - 0x000001f013254000 	C:\Users\hardm\.javacpp\cache\javacpp-1.5.9-windows-x86_64.jar\org\bytedeco\javacpp\windows-x86_64\api-ms-win-crt-environment-l1-1-0.dll
0x000001f013260000 - 0x000001f013264000 	C:\Users\hardm\.javacpp\cache\javacpp-1.5.9-windows-x86_64.jar\org\bytedeco\javacpp\windows-x86_64\api-ms-win-crt-time-l1-1-0.dll
0x000001f013270000 - 0x000001f013274000 	C:\Users\hardm\.javacpp\cache\javacpp-1.5.9-windows-x86_64.jar\org\bytedeco\javacpp\windows-x86_64\api-ms-win-crt-filesystem-l1-1-0.dll
0x000001f013280000 - 0x000001f013284000 	C:\Users\hardm\.javacpp\cache\javacpp-1.5.9-windows-x86_64.jar\org\bytedeco\javacpp\windows-x86_64\api-ms-win-crt-utility-l1-1-0.dll
0x000001f013290000 - 0x000001f013296000 	C:\Users\hardm\.javacpp\cache\javacpp-1.5.9-windows-x86_64.jar\org\bytedeco\javacpp\windows-x86_64\api-ms-win-crt-multibyte-l1-1-0.dll
0x000001f0132a0000 - 0x000001f0132a4000 	C:\Users\hardm\.javacpp\cache\javacpp-1.5.9-windows-x86_64.jar\org\bytedeco\javacpp\windows-x86_64\api-ms-win-crt-conio-l1-1-0.dll
0x000001f018ab0000 - 0x000001f018ac1000 	C:\Users\hardm\.javacpp\cache\javacpp-1.5.9-windows-x86_64.jar\org\bytedeco\javacpp\windows-x86_64\api-ms-win-crt-private-l1-1-0.dll
0x000001f018ad0000 - 0x000001f018ad4000 	C:\Users\hardm\.javacpp\cache\javacpp-1.5.9-windows-x86_64.jar\org\bytedeco\javacpp\windows-x86_64\api-ms-win-crt-process-l1-1-0.dll
0x000001f018ae0000 - 0x000001f018ae4000 	C:\Users\hardm\.javacpp\cache\javacpp-1.5.9-windows-x86_64.jar\org\bytedeco\javacpp\windows-x86_64\api-ms-win-core-console-l1-2-0.dll
0x000001f018af0000 - 0x000001f018af4000 	C:\Users\hardm\.javacpp\cache\javacpp-1.5.9-windows-x86_64.jar\org\bytedeco\javacpp\windows-x86_64\api-ms-win-core-string-l1-1-0.dll
0x000001f018b00000 - 0x000001f018b04000 	C:\Users\hardm\.javacpp\cache\javacpp-1.5.9-windows-x86_64.jar\org\bytedeco\javacpp\windows-x86_64\api-ms-win-core-errorhandling-l1-1-0.dll
0x000001f018b10000 - 0x000001f018b14000 	C:\Users\hardm\.javacpp\cache\javacpp-1.5.9-windows-x86_64.jar\org\bytedeco\javacpp\windows-x86_64\api-ms-win-core-timezone-l1-1-0.dll
0x000001f018b20000 - 0x000001f018b25000 	C:\Users\hardm\.javacpp\cache\javacpp-1.5.9-windows-x86_64.jar\org\bytedeco\javacpp\windows-x86_64\api-ms-win-core-file-l1-1-0.dll
0x000001f018b30000 - 0x000001f018b34000 	C:\Users\hardm\.javacpp\cache\javacpp-1.5.9-windows-x86_64.jar\org\bytedeco\javacpp\windows-x86_64\api-ms-win-core-namedpipe-l1-1-0.dll
0x000001f018b40000 - 0x000001f018b44000 	C:\Users\hardm\.javacpp\cache\javacpp-1.5.9-windows-x86_64.jar\org\bytedeco\javacpp\windows-x86_64\api-ms-win-core-handle-l1-1-0.dll
0x000001f018b50000 - 0x000001f018b54000 	C:\Users\hardm\.javacpp\cache\javacpp-1.5.9-windows-x86_64.jar\org\bytedeco\javacpp\windows-x86_64\api-ms-win-core-file-l2-1-0.dll
0x000001f018b60000 - 0x000001f018b64000 	C:\Users\hardm\.javacpp\cache\javacpp-1.5.9-windows-x86_64.jar\org\bytedeco\javacpp\windows-x86_64\api-ms-win-core-heap-l1-1-0.dll
0x000001f018b70000 - 0x000001f018b74000 	C:\Users\hardm\.javacpp\cache\javacpp-1.5.9-windows-x86_64.jar\org\bytedeco\javacpp\windows-x86_64\api-ms-win-core-libraryloader-l1-1-0.dll
0x000001f018b80000 - 0x000001f018b84000 	C:\Users\hardm\.javacpp\cache\javacpp-1.5.9-windows-x86_64.jar\org\bytedeco\javacpp\windows-x86_64\api-ms-win-core-synch-l1-1-0.dll
0x000001f018b90000 - 0x000001f018b94000 	C:\Users\hardm\.javacpp\cache\javacpp-1.5.9-windows-x86_64.jar\org\bytedeco\javacpp\windows-x86_64\api-ms-win-core-processthreads-l1-1-0.dll
0x000001f018ba0000 - 0x000001f018ba4000 	C:\Users\hardm\.javacpp\cache\javacpp-1.5.9-windows-x86_64.jar\org\bytedeco\javacpp\windows-x86_64\api-ms-win-core-processenvironment-l1-1-0.dll
0x000001f018bb0000 - 0x000001f018bb4000 	C:\Users\hardm\.javacpp\cache\javacpp-1.5.9-windows-x86_64.jar\org\bytedeco\javacpp\windows-x86_64\api-ms-win-core-datetime-l1-1-0.dll
0x000001f018bc0000 - 0x000001f018bc4000 	C:\Users\hardm\.javacpp\cache\javacpp-1.5.9-windows-x86_64.jar\org\bytedeco\javacpp\windows-x86_64\api-ms-win-core-localization-l1-2-0.dll
0x000001f018bd0000 - 0x000001f018bd4000 	C:\Users\hardm\.javacpp\cache\javacpp-1.5.9-windows-x86_64.jar\org\bytedeco\javacpp\windows-x86_64\api-ms-win-core-sysinfo-l1-1-0.dll
0x000001f018be0000 - 0x000001f018be4000 	C:\Users\hardm\.javacpp\cache\javacpp-1.5.9-windows-x86_64.jar\org\bytedeco\javacpp\windows-x86_64\api-ms-win-core-synch-l1-2-0.dll
0x000001f018bf0000 - 0x000001f018bf4000 	C:\Users\hardm\.javacpp\cache\javacpp-1.5.9-windows-x86_64.jar\org\bytedeco\javacpp\windows-x86_64\api-ms-win-core-console-l1-1-0.dll
0x000001f018c00000 - 0x000001f018c04000 	C:\Users\hardm\.javacpp\cache\javacpp-1.5.9-windows-x86_64.jar\org\bytedeco\javacpp\windows-x86_64\api-ms-win-core-debug-l1-1-0.dll
0x000001f018c10000 - 0x000001f018c14000 	C:\Users\hardm\.javacpp\cache\javacpp-1.5.9-windows-x86_64.jar\org\bytedeco\javacpp\windows-x86_64\api-ms-win-core-rtlsupport-l1-1-0.dll
0x000001f018c20000 - 0x000001f018c24000 	C:\Users\hardm\.javacpp\cache\javacpp-1.5.9-windows-x86_64.jar\org\bytedeco\javacpp\windows-x86_64\api-ms-win-core-processthreads-l1-1-1.dll
0x000001f018c30000 - 0x000001f018c34000 	C:\Users\hardm\.javacpp\cache\javacpp-1.5.9-windows-x86_64.jar\org\bytedeco\javacpp\windows-x86_64\api-ms-win-core-file-l1-2-0.dll
0x000001f018c40000 - 0x000001f018c44000 	C:\Users\hardm\.javacpp\cache\javacpp-1.5.9-windows-x86_64.jar\org\bytedeco\javacpp\windows-x86_64\api-ms-win-core-profile-l1-1-0.dll
0x000001f018c50000 - 0x000001f018c54000 	C:\Users\hardm\.javacpp\cache\javacpp-1.5.9-windows-x86_64.jar\org\bytedeco\javacpp\windows-x86_64\api-ms-win-core-memory-l1-1-0.dll
0x000001f018c60000 - 0x000001f018c64000 	C:\Users\hardm\.javacpp\cache\javacpp-1.5.9-windows-x86_64.jar\org\bytedeco\javacpp\windows-x86_64\api-ms-win-core-util-l1-1-0.dll
0x000001f018c70000 - 0x000001f018c74000 	C:\Users\hardm\.javacpp\cache\javacpp-1.5.9-windows-x86_64.jar\org\bytedeco\javacpp\windows-x86_64\api-ms-win-core-interlocked-l1-1-0.dll
0x00007fff2a600000 - 0x00007fff2a711000 	C:\Users\hardm\.javacpp\cache\javacpp-1.5.9-windows-x86_64.jar\org\bytedeco\javacpp\windows-x86_64\ucrtbase.dll
0x00007fff37730000 - 0x00007fff3774b000 	C:\Users\hardm\.javacpp\cache\javacpp-1.5.9-windows-x86_64.jar\org\bytedeco\javacpp\windows-x86_64\vcruntime140.dll
0x00007fff3e700000 - 0x00007fff3e70c000 	C:\Users\hardm\.javacpp\cache\javacpp-1.5.9-windows-x86_64.jar\org\bytedeco\javacpp\windows-x86_64\vcruntime140_1.dll
0x00007fff2c550000 - 0x00007fff2c5dd000 	C:\Users\hardm\.javacpp\cache\javacpp-1.5.9-windows-x86_64.jar\org\bytedeco\javacpp\windows-x86_64\msvcp140.dll
0x00007fff3e6c0000 - 0x00007fff3e6c9000 	C:\Users\hardm\.javacpp\cache\javacpp-1.5.9-windows-x86_64.jar\org\bytedeco\javacpp\windows-x86_64\msvcp140_1.dll
0x00007fff2dff0000 - 0x00007fff2e03e000 	C:\Users\hardm\.javacpp\cache\javacpp-1.5.9-windows-x86_64.jar\org\bytedeco\javacpp\windows-x86_64\concrt140.dll
0x00007fff2ba60000 - 0x00007fff2ba91000 	C:\Users\hardm\.javacpp\cache\javacpp-1.5.9-windows-x86_64.jar\org\bytedeco\javacpp\windows-x86_64\vcomp140.dll
0x00007fff3aa70000 - 0x00007fff3aa7f000 	C:\Users\hardm\.javacpp\cache\javacpp-1.5.9-windows-x86_64.jar\org\bytedeco\javacpp\windows-x86_64\jnijavacpp.dll
0x00007fff2a520000 - 0x00007fff2a600000 	C:\Users\hardm\.javacpp\cache\bullet-3.25-1.5.9-windows-x86_64.jar\org\bytedeco\bullet\windows-x86_64\jniLinearMath.dll
0x00007fff01430000 - 0x00007fff01690000 	C:\Users\hardm\.javacpp\cache\bullet-3.25-1.5.9-windows-x86_64.jar\org\bytedeco\bullet\windows-x86_64\jniBulletCollision.dll
0x00007ffee89c0000 - 0x00007ffee8c00000 	C:\Users\hardm\.javacpp\cache\bullet-3.25-1.5.9-windows-x86_64.jar\org\bytedeco\bullet\windows-x86_64\jniBulletDynamics.dll
0x00007fff291c0000 - 0x00007fff29235000 	C:\Users\hardm\AppData\Local\Temp\lwjglhardm\3.3.1-build-7\lwjgl.dll
0x00007fff285d0000 - 0x00007fff28631000 	C:\Users\hardm\AppData\Local\Temp\lwjglhardm\3.3.1-build-7\glfw.dll
0x00007fff272f0000 - 0x00007fff2746e000 	C:\Program Files\Java\jdk-1.8\jre\bin\awt.dll
0x00007fff4e3e0000 - 0x00007fff4e4b7000 	C:\Windows\System32\OLEAUT32.dll
0x00007fff471b0000 - 0x00007fff47247000 	C:\Windows\SYSTEM32\apphelp.dll
0x00007fff49020000 - 0x00007fff4904b000 	C:\Windows\system32\DWMAPI.DLL
0x00007fff48da0000 - 0x00007fff48e4b000 	C:\Windows\system32\uxtheme.dll
0x00007fff2d0b0000 - 0x00007fff2d1b0000 	C:\Windows\system32\opengl32.dll
0x00007fff3ff00000 - 0x00007fff3ff2d000 	C:\Windows\SYSTEM32\GLU32.dll
0x00007fff49090000 - 0x00007fff490c8000 	C:\Windows\SYSTEM32\dxcore.dll
0x00007fff4e290000 - 0x00007fff4e3d9000 	C:\Windows\System32\MSCTF.dll
0x00007fff4dcf0000 - 0x00007fff4de8e000 	C:\Windows\System32\ole32.dll
0x00007fff4c220000 - 0x00007fff4c29a000 	C:\Windows\System32\bcryptPrimitives.dll
0x00007fff21cd0000 - 0x00007fff21e79000 	C:\Windows\system32\d3d9.dll
0x00007fff34490000 - 0x00007fff3454c000 	C:\Windows\System32\DriverStore\FileRepository\nv_dispi.inf_amd64_3c2bd4a1ec6d228e\nvldumdx.dll
0x00007fff4b560000 - 0x00007fff4b572000 	C:\Windows\SYSTEM32\msasn1.dll
0x00007fff465b0000 - 0x00007fff465e2000 	C:\Windows\SYSTEM32\cryptnet.dll
0x00007fff4b8c0000 - 0x00007fff4ba26000 	C:\Windows\System32\CRYPT32.dll
0x00007fff45680000 - 0x00007fff457d8000 	C:\Windows\SYSTEM32\drvstore.dll
0x00007fff4b580000 - 0x00007fff4b5ac000 	C:\Windows\SYSTEM32\devobj.dll
0x00007fff4b5b0000 - 0x00007fff4b5fe000 	C:\Windows\SYSTEM32\cfgmgr32.dll
0x00007fff4b180000 - 0x00007fff4b1cb000 	C:\Windows\SYSTEM32\wldp.dll

VM Arguments:
jvm_args: -agentlib:jdwp=transport=dt_socket,address=127.0.0.1:59350,suspend=y,server=n -javaagent:C:\Users\hardm\AppData\Local\JetBrains\IdeaIC2023.2\captureAgent\debugger-agent.jar=file:/C:/Users/hardm/AppData/Local/Temp/capture.props -Dfile.encoding=UTF-8 
java_command: ru.BouH.engine.game.Game
java_class_path (initial): C:\Program Files\Java\jdk-1.8\jre\lib\charsets.jar;C:\Program Files\Java\jdk-1.8\jre\lib\deploy.jar;C:\Program Files\Java\jdk-1.8\jre\lib\ext\access-bridge-64.jar;C:\Program Files\Java\jdk-1.8\jre\lib\ext\cldrdata.jar;C:\Program Files\Java\jdk-1.8\jre\lib\ext\dnsns.jar;C:\Program Files\Java\jdk-1.8\jre\lib\ext\jaccess.jar;C:\Program Files\Java\jdk-1.8\jre\lib\ext\jfxrt.jar;C:\Program Files\Java\jdk-1.8\jre\lib\ext\localedata.jar;C:\Program Files\Java\jdk-1.8\jre\lib\ext\nashorn.jar;C:\Program Files\Java\jdk-1.8\jre\lib\ext\sunec.jar;C:\Program Files\Java\jdk-1.8\jre\lib\ext\sunjce_provider.jar;C:\Program Files\Java\jdk-1.8\jre\lib\ext\sunmscapi.jar;C:\Program Files\Java\jdk-1.8\jre\lib\ext\sunpkcs11.jar;C:\Program Files\Java\jdk-1.8\jre\lib\ext\zipfs.jar;C:\Program Files\Java\jdk-1.8\jre\lib\javaws.jar;C:\Program Files\Java\jdk-1.8\jre\lib\jce.jar;C:\Program Files\Java\jdk-1.8\jre\lib\jfr.jar;C:\Program Files\Java\jdk-1.8\jre\lib\jfxswt.jar;C:\Program Files\Java\jdk-1.8\jre\lib\jsse.jar;C:\Program Files\Java\jdk-1.8\jre\lib\management-agent.jar;C:\Program Files\Java\jdk-1.8\jre\lib\plugin.jar;C:\Program Files\Java\jdk-1.8\jre\lib\resources.jar;C:\Program Files\Java\jdk-1.8\jre\lib\rt.jar;F:\game_test1\target\classes;C:\Users\hardm\.m2\repository\org\bytedeco\bullet-platform\3.25-1.5.9\bullet-platform-3.25-1.5.9.jar;C:\Users\hardm\.m2\repository\org\bytedeco\javacpp-platform\1.5.9\javacpp-platform-1.5.9.jar;C:\Users\hardm\.m2\repository\org\bytedeco\javacpp\1.5.9\javacpp-1.5.9-android-arm.jar;C:\Users\hardm\.m2\repository\org\bytedeco\javacpp\1.5.9\javacpp-1.5.9-android-arm64.jar;C:\Users\hardm\.m2\repository\org\bytedeco\javacpp\1.5.9\javacpp-1.5.9-android-x86.jar;C:\Users\hardm\.m2\repository\org\bytedeco\javacpp\1.5.9\javacpp-1.5.9-android-x86_64.jar;C:\Users\hardm\.m2\repository\org\bytedeco\javacpp\1.5.9\javacpp-1.5.9-ios-arm64.jar;C:\Users\hardm\.m2\repository\org\bytedeco\javacpp\1.5.9\javacpp-1.5.9-ios-x86_64.jar;C:\Users\hardm\.m
Launcher Type: SUN_STANDARD

Environment Variables:
JAVA_HOME=C:\Program Files\Java\jdk-1.8
PATH=C:\Program Files (x86)\Common Files\Oracle\Java\javapath;C:\Windows\system32;C:\Windows;C:\Windows\System32\Wbem;C:\Windows\System32\WindowsPowerShell\v1.0\;C:\Windows\System32\OpenSSH\;C:\Program Files\NVIDIA Corporation\NVIDIA NvDLISR;C:\Program Files\Git\cmd;C:\Program Files (x86)\NVIDIA Corporation\PhysX\Common;C:\Program Files\dotnet\;C:\Program Files\Java\jdk-1.8\bin;C:\Users\hardm\AppData\Local\Microsoft\WindowsApps;C:\Users\hardm\.dotnet\tools
USERNAME=hardm
OS=Windows_NT
PROCESSOR_IDENTIFIER=Intel64 Family 6 Model 151 Stepping 5, GenuineIntel



---------------  S Y S T E M  ---------------

OS: Windows 11 , 64 bit Build 22621 (10.0.22621.2215)

CPU:total 12 (initial active 12) (6 cores per cpu, 2 threads per core) family 6 model 151 stepping 5, cmov, cx8, fxsr, mmx, sse, sse2, sse3, ssse3, sse4.1, sse4.2, popcnt, avx, avx2, aes, clmul, erms, 3dnowpref, lzcnt, ht, tsc, tscinvbit, bmi1, bmi2, adx

Memory: 4k page, physical 33317992k(11905940k free), swap 39883748k(8087892k free)

vm_info: Java HotSpot(TM) 64-Bit Server VM (25.371-b11) for windows-amd64 JRE (1.8.0_371-b11), built on Mar 17 2023 04:03:45 by "java_re" with MS VC++ 17.1 (VS2022)

time: Fri Sep 15 00:25:14 2023
timezone: RTZ 2 ( Family 6 Model 151 Stepping 5, GenuineIntel
elapsed time: 19.148020 seconds (0d 0h 0m 19s)

