#
# A fatal error has been detected by the Java Runtime Environment:
#
#  EXCEPTION_ACCESS_VIOLATION (0xc0000005) at pc=0x00007ffc60a8c4a9, pid=17084, tid=0x000000000000314c
#
# JRE version: Java(TM) SE Runtime Environment (8.0_371) (build 1.8.0_371-b11)
# Java VM: Java HotSpot(TM) 64-Bit Server VM (25.371-b11 mixed mode windows-amd64 compressed oops)
# Problematic frame:
# C  [lwjgl_opengl.dll+0xc4a9]
#
# Failed to write core dump. Minidumps are not enabled by default on client versions of Windows
#
# If you would like to submit a bug report, please visit:
#   http://bugreport.java.com/bugreport/crash.jsp
# The crash happened outside the Java Virtual Machine in native code.
# See problematic frame for where to report the bug.
#

---------------  T H R E A D  ---------------

Current thread (0x000002eefdd0c000):  JavaThread "main" [_thread_in_native, id=12620, stack(0x000000fab0300000,0x000000fab0400000)]

siginfo: ExceptionCode=0xc0000005, reading address 0x0000000000000070

Registers:
RAX=0x000002eea520bbe0, RBX=0x000002eea69a3f30, RCX=0x0000000000000000, RDX=0x000000fab03ff238
RSP=0x000000fab03ff198, RBP=0x000000fab03ff228, RSI=0x0000000716817848, RDI=0x0000000716805cd0
R8 =0x0000000000000004, R9 =0x0000000000000004, R10=0x000002ee80024cfb, R11=0x00000000586da5b0
R12=0x0000000000000000, R13=0x000002eea69a3f28, R14=0x000000fab03ff260, R15=0x000002eefdd0c000
RIP=0x00007ffc60a8c4a9, EFLAGS=0x0000000000010202

Top of Stack: (sp=0x000000fab03ff198)
0x000000fab03ff198:   000002ee80024d27 000000fab03ff228
0x000000fab03ff1a8:   0000000716817848 0000000716805cd0
0x000000fab03ff1b8:   000002ee8002467b 000002ee00000000
0x000000fab03ff1c8:   000000fa3f800000 0000000716817848
0x000000fab03ff1d8:   000002eefdd0c000 000002ee80024622
0x000000fab03ff1e8:   000000fab03ff1e8 000002eea69a3f28
0x000000fab03ff1f8:   000000fab03ff260 000002eea69af828
0x000000fab03ff208:   0000000000000000 000002eea69a3f30
0x000000fab03ff218:   0000000000000000 000000fab03ff248
0x000000fab03ff228:   000000fab03ff2a8 000002ee800084bd
0x000000fab03ff238:   000000071b3713a8 000002ee80019778
0x000000fab03ff248:   000000fa3f800000 0000000700000000
0x000000fab03ff258:   000002ee00000000 000002ee00000000
0x000000fab03ff268:   000000fab03ff268 000002eea6965204
0x000000fab03ff278:   000000fab03ff2d0 000002eea698ec28
0x000000fab03ff288:   0000000000000000 000002eea6965248 

Instructions: (pc=0x00007ffc60a8c4a9)
0x00007ffc60a8c489:   18 48 ff 62 60 cc cc 48 8b 01 0f 28 cb f3 0f 10
0x00007ffc60a8c499:   5c 24 30 0f 28 c2 f3 0f 10 54 24 28 48 8b 48 18
0x00007ffc60a8c4a9:   48 ff 61 70 cc cc cc 48 8b 01 0f 28 c2 48 8b 48
0x00007ffc60a8c4b9:   18 48 ff 61 78 cc cc 48 8b 01 41 8b c8 48 8b 50 


Register to memory mapping:

RAX=0x000002eea520bbe0 is an unknown value
RBX={method} {0x000002eea69a3f38} 'glClearColor' '(FFFF)V' in 'org/lwjgl/opengl/GL11C'
RCX=0x0000000000000000 is an unknown value
RDX=0x000000fab03ff238 is pointing into the stack for thread: 0x000002eefdd0c000
RSP=0x000000fab03ff198 is pointing into the stack for thread: 0x000002eefdd0c000
RBP=0x000000fab03ff228 is pointing into the stack for thread: 0x000002eefdd0c000
RSI=0x0000000716817848 is an oop
java.lang.ThreadLocal$ThreadLocalMap 
 - klass: 'java/lang/ThreadLocal$ThreadLocalMap'
 - ---- fields (total size 3 words):
 - private 'size' 'I' @12  22 (16)
 - private 'threshold' 'I' @16  42 (2a)
 - private 'table' '[Ljava/lang/ThreadLocal$ThreadLocalMap$Entry;' @20  a 'java/lang/ThreadLocal$ThreadLocalMap$Entry'[64]  (e3637e93 99a58901)
RDI=0x0000000716805cd0 is an oop
java.lang.Thread 
 - klass: 'java/lang/Thread'
 - ---- fields (total size 47 words):
 - private 'priority' 'I' @12  5
 - private 'eetop' 'J' @16  3225483788288 (fdd0c000 2ee)
 - private 'stackSize' 'J' @24  0 (0 0)
 - private 'nativeParkEventPointer' 'J' @32  0 (0 0)
 - private 'tid' 'J' @40  1 (1 0)
 - private volatile 'threadStatus' 'I' @48  5
 - private 'single_step' 'Z' @52  false
 - private 'daemon' 'Z' @53  false
 - private 'stillborn' 'Z' @54  false
 - private volatile 'name' 'Ljava/lang/String;' @56  "main" (e2d00bc9 0)
 - private 'threadQ' 'Ljava/lang/Thread;' @60  NULL (0 0)
 - private 'target' 'Ljava/lang/Runnable;' @64  NULL (0 e2d00afa)
 - private 'group' 'Ljava/lang/ThreadGroup;' @68  a 'java/lang/ThreadGroup' (e2d00afa e2d12085)
 - private 'contextClassLoader' 'Ljava/lang/ClassLoader;' @72  a 'sun/misc/Launcher$AppClassLoader' (e2d12085 e2d00bef)
 - private 'inheritedAccessControlContext' 'Ljava/security/AccessControlContext;' @76  a 'java/security/AccessControlContext' (e2d00bef e2d02f09)
 - 'threadLocals' 'Ljava/lang/ThreadLocal$ThreadLocalMap;' @80  a 'java/lang/ThreadLocal$ThreadLocalMap' (e2d02f09 0)
 - 'inheritableThreadLocals' 'Ljava/lang/ThreadLocal$ThreadLocalMap;' @84  NULL (0 0)
 - volatile 'parkBlocker' 'Ljava/lang/Object;' @88  NULL (0 0)
 - private volatile 'blocker' 'Lsun/nio/ch/Interruptible;' @92  NULL (0 e2d00bcf)
 - private final 'blockerLock' 'Ljava/lang/Object;' @96  a 'java/lang/Object' (e2d00bcf 0)
 - private volatile 'uncaughtExceptionHandler' 'Ljava/lang/Thread$UncaughtExceptionHandler;' @100  NULL (0 0)
 - 'threadLocalRandomSeed' 'J' @232  -8557711773823136473 (7f180d27 893ce67b)
 - 'threadLocalRandomProbe' 'I' @240  -1640531527 (9e3779b9)
 - 'threadLocalRandomSecondarySeed' 'I' @244  475160115 (1c525e33)
R8 =0x0000000000000004 is an unknown value
R9 =0x0000000000000004 is an unknown value
R10=0x000002ee80024cfb is at code_begin+1915 in an Interpreter codelet
method entry point (kind = native)  [0x000002ee80024580, 0x000002ee80025860]  4832 bytes
R11=0x00000000586da5b0 is an unknown value
R12=0x0000000000000000 is an unknown value
R13=0x000002eea69a3f28 is pointing into metadata
R14=0x000000fab03ff260 is pointing into the stack for thread: 0x000002eefdd0c000
R15=0x000002eefdd0c000 is a thread


Stack: [0x000000fab0300000,0x000000fab0400000],  sp=0x000000fab03ff198,  free space=1020k
Native frames: (J=compiled Java code, j=interpreted, Vv=VM code, C=native code)
C  [lwjgl_opengl.dll+0xc4a9]

Java frames: (J=compiled Java code, j=interpreted, Vv=VM code)
j  org.lwjgl.opengl.GL11C.glClearColor(FFFF)V+0
j  org.lwjgl.opengl.GL11.glClearColor(FFFF)V+4
j  ru.BouH.engine.render.screen.Screen.updateScreen()V+4
j  ru.BouH.engine.render.screen.Screen.startScreen()V+1
j  ru.BouH.engine.game.Game.main([Ljava/lang/String;)V+35
v  ~StubRoutines::call_stub

---------------  P R O C E S S  ---------------

Java Threads: ( => current thread )
  0x000002eea4646800 JavaThread "Service Thread" daemon [_thread_blocked, id=30832, stack(0x000000fab1a00000,0x000000fab1b00000)]
  0x000002eea4589000 JavaThread "C1 CompilerThread3" daemon [_thread_blocked, id=8788, stack(0x000000fab1900000,0x000000fab1a00000)]
  0x000002eea4586000 JavaThread "C2 CompilerThread2" daemon [_thread_blocked, id=25152, stack(0x000000fab1800000,0x000000fab1900000)]
  0x000002eea4584800 JavaThread "C2 CompilerThread1" daemon [_thread_blocked, id=27132, stack(0x000000fab1700000,0x000000fab1800000)]
  0x000002eea452b800 JavaThread "C2 CompilerThread0" daemon [_thread_blocked, id=26928, stack(0x000000fab1600000,0x000000fab1700000)]
  0x000002eea4518000 JavaThread "JDWP Command Reader" daemon [_thread_in_native, id=31812, stack(0x000000fab1500000,0x000000fab1600000)]
  0x000002eea4513000 JavaThread "JDWP Event Helper Thread" daemon [_thread_blocked, id=33456, stack(0x000000fab1400000,0x000000fab1500000)]
  0x000002eea4510800 JavaThread "JDWP Transport Listener: dt_socket" daemon [_thread_blocked, id=20444, stack(0x000000fab1300000,0x000000fab1400000)]
  0x000002eeffeee800 JavaThread "Attach Listener" daemon [_thread_blocked, id=33552, stack(0x000000fab1200000,0x000000fab1300000)]
  0x000002eeffeed000 JavaThread "Signal Dispatcher" daemon [_thread_blocked, id=28880, stack(0x000000fab1100000,0x000000fab1200000)]
  0x000002eeffec0000 JavaThread "Finalizer" daemon [_thread_blocked, id=30104, stack(0x000000fab1000000,0x000000fab1100000)]
  0x000002eeffeb7000 JavaThread "Reference Handler" daemon [_thread_blocked, id=27888, stack(0x000000fab0f00000,0x000000fab1000000)]
=>0x000002eefdd0c000 JavaThread "main" [_thread_in_native, id=12620, stack(0x000000fab0300000,0x000000fab0400000)]

Other Threads:
  0x000002eeffe91800 VMThread [stack: 0x000000fab0e00000,0x000000fab0f00000] [id=32992]
  0x000002eea4689800 WatcherThread [stack: 0x000000fab1b00000,0x000000fab1c00000] [id=31892]

VM state:not at safepoint (normal execution)

VM Mutex/Monitor currently owned by a thread: None

heap address: 0x00000005c3800000, size: 8136 MB, Compressed Oops mode: Zero based, Oop shift amount: 3
Narrow klass base: 0x0000000000000000, Narrow klass shift: 3
Compressed class space size: 1073741824 Address: 0x00000007c0000000

Heap:
 PSYoungGen      total 152576K, used 78833K [0x0000000716800000, 0x0000000721200000, 0x00000007c0000000)
  eden space 131072K, 60% used [0x0000000716800000,0x000000071b4fc7f8,0x000000071e800000)
  from space 21504K, 0% used [0x000000071fd00000,0x000000071fd00000,0x0000000721200000)
  to   space 21504K, 0% used [0x000000071e800000,0x000000071e800000,0x000000071fd00000)
 ParOldGen       total 348160K, used 0K [0x00000005c3800000, 0x00000005d8c00000, 0x0000000716800000)
  object space 348160K, 0% used [0x00000005c3800000,0x00000005c3800000,0x00000005d8c00000)
 Metaspace       used 15468K, capacity 15864K, committed 16000K, reserved 1062912K
  class space    used 1798K, capacity 1914K, committed 1920K, reserved 1048576K

Card table byte_map: [0x000002ee8f000000,0x000002ee8fff0000] byte_map_base: 0x000002ee8c1e4000

Marking Bits: (ParMarkBitMap*) 0x0000000058ccd980
 Begin Bits: [0x000002ee90a90000, 0x000002ee989b0000)
 End Bits:   [0x000002ee989b0000, 0x000002eea08d0000)

Polling page: 0x000002eefdf40000

CodeCache: size=245760Kb used=4657Kb max_used=4657Kb free=241102Kb
 bounds [0x000002ee80000000, 0x000002ee80490000, 0x000002ee8f000000]
 total_blobs=2151 nmethods=1224 adapters=848
 compilation: enabled

Compilation events (10 events):
Event: 0.613 Thread 0x000002eea4589000 1218       3       java.util.regex.Pattern$Curly::match (86 bytes)
Event: 0.613 Thread 0x000002eea4589000 nmethod 1218 0x000002ee8048a2d0 code [0x000002ee8048a480, 0x000002ee8048ab00]
Event: 0.613 Thread 0x000002eea4589000 1219       3       java.util.Formatter$Flags::contains (22 bytes)
Event: 0.613 Thread 0x000002eea4589000 nmethod 1219 0x000002ee8048acd0 code [0x000002ee8048ae40, 0x000002ee8048b058]
Event: 0.616 Thread 0x000002eea4589000 1221       3       java.util.regex.Matcher::group (112 bytes)
Event: 0.616 Thread 0x000002eea4589000 nmethod 1221 0x000002ee8048b550 code [0x000002ee8048b7a0, 0x000002ee8048c5b0]
Event: 0.617 Thread 0x000002eea4589000 1223       3       org.lwjgl.system.MemoryUtil::memPutAddress (29 bytes)
Event: 0.617 Thread 0x000002eea4589000 nmethod 1223 0x000002ee8048d010 code [0x000002ee8048d160, 0x000002ee8048d2d8]
Event: 0.617 Thread 0x000002eea4589000 1224       1       java.lang.Integer::toUnsignedLong (7 bytes)
Event: 0.617 Thread 0x000002eea4589000 nmethod 1224 0x000002ee8048d350 code [0x000002ee8048d4a0, 0x000002ee8048d598]

GC Heap History (0 events):
No events

Deoptimization events (9 events):
Event: 0.091 Thread 0x000002eefdd0c000 Uncommon trap: reason=unstable_if action=reinterpret pc=0x000002ee80111e04 method=java.lang.String.hashCode()I @ 14
Event: 0.138 Thread 0x000002eefdd0c000 Uncommon trap: reason=unstable_if action=reinterpret pc=0x000002ee801820c0 method=java.lang.String.lastIndexOf([CII[CIII)I @ 66
Event: 0.193 Thread 0x000002eefdd0c000 Uncommon trap: reason=unstable_if action=reinterpret pc=0x000002ee801bc8a8 method=java.util.HashMap.getNode(ILjava/lang/Object;)Ljava/util/HashMap$Node; @ 116
Event: 0.349 Thread 0x000002eefdd0c000 Uncommon trap: reason=unstable_if action=reinterpret pc=0x000002ee80221f10 method=java.util.HashMap.getNode(ILjava/lang/Object;)Ljava/util/HashMap$Node; @ 62
Event: 0.367 Thread 0x000002eefdd0c000 Uncommon trap: reason=unstable_if action=reinterpret pc=0x000002ee8024bc7c method=sun.misc.MetaIndex.mayContain(Ljava/lang/String;)Z @ 38
Event: 0.367 Thread 0x000002eefdd0c000 Uncommon trap: reason=unstable_if action=reinterpret pc=0x000002ee80303b70 method=sun.net.www.ParseUtil.encodePath(Ljava/lang/String;Z)Ljava/lang/String; @ 109
Event: 0.440 Thread 0x000002eefdd0c000 Uncommon trap: reason=unstable_if action=reinterpret pc=0x000002ee8039541c method=java.util.HashMap.getNode(ILjava/lang/Object;)Ljava/util/HashMap$Node; @ 129
Event: 0.444 Thread 0x000002eefdd0c000 Uncommon trap: reason=unstable_if action=reinterpret pc=0x000002ee80338a24 method=sun.reflect.generics.parser.SignatureParser.current()C @ 39
Event: 0.481 Thread 0x000002eefdd0c000 Uncommon trap: reason=unstable_if action=reinterpret pc=0x000002ee801e410c method=java.lang.String.indexOf([CII[CIII)I @ 3

Classes redefined (0 events):
No events

Internal exceptions (10 events):
Event: 0.219 Thread 0x000002eefdd0c000 Exception <a 'java/security/PrivilegedActionException'> (0x0000000717a4a668) thrown at [C:\jenkins\workspace\8-2-build-windows-x64-cygwin\jdk8u371\3355\hotspot\src\share\vm\prims\jvm.cpp, line 1513]
Event: 0.549 Thread 0x000002eefdd0c000 Exception <a 'java/lang/NoSuchMethodError': java.lang.Object.lambda$static$0(Ljava/lang/String;)Ljava/lang/Boolean;> (0x000000071ad49a58) thrown at [C:\jenkins\workspace\8-2-build-windows-x64-cygwin\jdk8u371\3355\hotspot\src\share\vm\interpreter\linkResol
Event: 0.572 Thread 0x000002eefdd0c000 Exception <a 'sun/nio/fs/WindowsException'> (0x000000071af25c98) thrown at [C:\jenkins\workspace\8-2-build-windows-x64-cygwin\jdk8u371\3355\hotspot\src\share\vm\prims\jni.cpp, line 710]
Event: 0.572 Thread 0x000002eefdd0c000 Exception <a 'sun/nio/fs/WindowsException'> (0x000000071af28960) thrown at [C:\jenkins\workspace\8-2-build-windows-x64-cygwin\jdk8u371\3355\hotspot\src\share\vm\prims\jni.cpp, line 710]
Event: 0.576 Thread 0x000002eefdd0c000 Exception <a 'sun/nio/fs/WindowsException'> (0x000000071af40078) thrown at [C:\jenkins\workspace\8-2-build-windows-x64-cygwin\jdk8u371\3355\hotspot\src\share\vm\prims\jni.cpp, line 710]
Event: 0.576 Thread 0x000002eefdd0c000 Exception <a 'sun/nio/fs/WindowsException'> (0x000000071af40748) thrown at [C:\jenkins\workspace\8-2-build-windows-x64-cygwin\jdk8u371\3355\hotspot\src\share\vm\prims\jni.cpp, line 710]
Event: 0.612 Thread 0x000002eefdd0c000 Exception <a 'sun/nio/fs/WindowsException'> (0x000000071b2b79e0) thrown at [C:\jenkins\workspace\8-2-build-windows-x64-cygwin\jdk8u371\3355\hotspot\src\share\vm\prims\jni.cpp, line 710]
Event: 0.612 Thread 0x000002eefdd0c000 Exception <a 'sun/nio/fs/WindowsException'> (0x000000071b2b8118) thrown at [C:\jenkins\workspace\8-2-build-windows-x64-cygwin\jdk8u371\3355\hotspot\src\share\vm\prims\jni.cpp, line 710]
Event: 0.614 Thread 0x000002eefdd0c000 Exception <a 'sun/nio/fs/WindowsException'> (0x000000071b2cabc8) thrown at [C:\jenkins\workspace\8-2-build-windows-x64-cygwin\jdk8u371\3355\hotspot\src\share\vm\prims\jni.cpp, line 710]
Event: 0.614 Thread 0x000002eefdd0c000 Exception <a 'sun/nio/fs/WindowsException'> (0x000000071b2cb1b8) thrown at [C:\jenkins\workspace\8-2-build-windows-x64-cygwin\jdk8u371\3355\hotspot\src\share\vm\prims\jni.cpp, line 710]

Events (10 events):
Event: 0.617 Thread 0x000002eefdd0c000 DEOPT PACKING pc=0x000002ee801f7fe4 sp=0x000000fab03fa910
Event: 0.617 Thread 0x000002eefdd0c000 DEOPT UNPACKING pc=0x000002ee80047918 sp=0x000000fab03fa730 mode 1
Event: 0.617 loading class org/lwjgl/opengl/GL11C
Event: 0.617 loading class org/lwjgl/opengl/GL11C done
Event: 0.617 Thread 0x000002eefdd0c000 DEOPT PACKING pc=0x000002ee8029b439 sp=0x000000fab03fdd00
Event: 0.617 Thread 0x000002eefdd0c000 DEOPT UNPACKING pc=0x000002ee80047918 sp=0x000000fab03fda50 mode 1
Event: 0.617 Thread 0x000002eefdd0c000 DEOPT PACKING pc=0x000002ee801f8254 sp=0x000000fab03fdd80
Event: 0.617 Thread 0x000002eefdd0c000 DEOPT UNPACKING pc=0x000002ee80047918 sp=0x000000fab03fdba0 mode 1
Event: 0.617 Thread 0x000002eefdd0c000 DEOPT PACKING pc=0x000002ee801f7fe4 sp=0x000000fab03fdf10
Event: 0.617 Thread 0x000002eefdd0c000 DEOPT UNPACKING pc=0x000002ee80047918 sp=0x000000fab03fdd30 mode 1


Dynamic libraries:
0x00007ff7dcb40000 - 0x00007ff7dcb8a000 	C:\Program Files\Java\jdk-1.8\bin\java.exe
0x00007ffc926d0000 - 0x00007ffc928e4000 	C:\Windows\SYSTEM32\ntdll.dll
0x00007ffc908e0000 - 0x00007ffc909a4000 	C:\Windows\System32\KERNEL32.DLL
0x00007ffc8fd40000 - 0x00007ffc900e4000 	C:\Windows\System32\KERNELBASE.dll
0x00007ffc925e0000 - 0x00007ffc92690000 	C:\Windows\System32\ADVAPI32.dll
0x00007ffc90ee0000 - 0x00007ffc90f87000 	C:\Windows\System32\msvcrt.dll
0x00007ffc90ab0000 - 0x00007ffc90b56000 	C:\Windows\System32\sechost.dll
0x00007ffc90fa0000 - 0x00007ffc910b7000 	C:\Windows\System32\RPCRT4.dll
0x00007ffc906d0000 - 0x00007ffc9087a000 	C:\Windows\System32\USER32.dll
0x00007ffc90290000 - 0x00007ffc902b6000 	C:\Windows\System32\win32u.dll
0x00007ffc92560000 - 0x00007ffc92589000 	C:\Windows\System32\GDI32.dll
0x00007ffc90170000 - 0x00007ffc90289000 	C:\Windows\System32\gdi32full.dll
0x00007ffc90380000 - 0x00007ffc9041a000 	C:\Windows\System32\msvcp_win.dll
0x00007ffc8fc20000 - 0x00007ffc8fd31000 	C:\Windows\System32\ucrtbase.dll
0x00007ffc83e70000 - 0x00007ffc840ff000 	C:\Windows\WinSxS\amd64_microsoft.windows.common-controls_6595b64144ccf1df_6.0.22621.2070_none_2713e6537381f706\COMCTL32.dll
0x00007ffc90ea0000 - 0x00007ffc90ed1000 	C:\Windows\System32\IMM32.DLL
0x00007ffc73140000 - 0x00007ffc7315b000 	C:\Program Files\Java\jdk-1.8\jre\bin\vcruntime140.dll
0x00007ffc81b10000 - 0x00007ffc81b1c000 	C:\Program Files\Java\jdk-1.8\jre\bin\vcruntime140_1.dll
0x00007ffc5f090000 - 0x00007ffc5f11e000 	C:\Program Files\Java\jdk-1.8\jre\bin\msvcp140.dll
0x00000000584a0000 - 0x0000000058d47000 	C:\Program Files\Java\jdk-1.8\jre\bin\server\jvm.dll
0x00007ffc90cf0000 - 0x00007ffc90cf8000 	C:\Windows\System32\PSAPI.DLL
0x00007ffc8ce60000 - 0x00007ffc8ce69000 	C:\Windows\SYSTEM32\WSOCK32.dll
0x00007ffc89090000 - 0x00007ffc8909a000 	C:\Windows\SYSTEM32\VERSION.dll
0x00007ffc7eb20000 - 0x00007ffc7eb54000 	C:\Windows\SYSTEM32\WINMM.dll
0x00007ffc92470000 - 0x00007ffc924e1000 	C:\Windows\System32\WS2_32.dll
0x00007ffc8eb90000 - 0x00007ffc8eba8000 	C:\Windows\SYSTEM32\kernel.appcore.dll
0x00007ffc73510000 - 0x00007ffc73520000 	C:\Program Files\Java\jdk-1.8\jre\bin\verify.dll
0x00007ffc6ed20000 - 0x00007ffc6ed4b000 	C:\Program Files\Java\jdk-1.8\jre\bin\java.dll
0x00007ffc632f0000 - 0x00007ffc63326000 	C:\Program Files\Java\jdk-1.8\jre\bin\jdwp.dll
0x00007ffc730a0000 - 0x00007ffc730a9000 	C:\Program Files\Java\jdk-1.8\jre\bin\npt.dll
0x00007ffc60b20000 - 0x00007ffc60b54000 	C:\Program Files\Java\jdk-1.8\jre\bin\instrument.dll
0x00007ffc73000000 - 0x00007ffc73018000 	C:\Program Files\Java\jdk-1.8\jre\bin\zip.dll
0x00007ffc918c0000 - 0x00007ffc920d6000 	C:\Windows\System32\SHELL32.dll
0x00007ffc8da90000 - 0x00007ffc8e37a000 	C:\Windows\SYSTEM32\windows.storage.dll
0x00007ffc920e0000 - 0x00007ffc9246a000 	C:\Windows\System32\combase.dll
0x00007ffc8d950000 - 0x00007ffc8da8e000 	C:\Windows\SYSTEM32\wintypes.dll
0x00007ffc910e0000 - 0x00007ffc911d3000 	C:\Windows\System32\SHCORE.dll
0x00007ffc90b60000 - 0x00007ffc90bbe000 	C:\Windows\System32\shlwapi.dll
0x00007ffc8f9e0000 - 0x00007ffc8fa06000 	C:\Windows\SYSTEM32\profapi.dll
0x00007ffc73090000 - 0x00007ffc7309a000 	C:\Program Files\Java\jdk-1.8\jre\bin\dt_socket.dll
0x00007ffc8f060000 - 0x00007ffc8f0c9000 	C:\Windows\system32\mswsock.dll
0x00007ffc6ed70000 - 0x00007ffc6ed7d000 	C:\Program Files\Java\jdk-1.8\jre\bin\management.dll
0x00007ffc68180000 - 0x00007ffc6819c000 	C:\Program Files\Java\jdk-1.8\jre\bin\net.dll
0x00007ffc61820000 - 0x00007ffc61837000 	C:\Windows\system32\napinsp.dll
0x00007ffc51020000 - 0x00007ffc5103b000 	C:\Windows\system32\pnrpnsp.dll
0x00007ffc8e6c0000 - 0x00007ffc8e7b3000 	C:\Windows\SYSTEM32\DNSAPI.dll
0x00007ffc8e650000 - 0x00007ffc8e67d000 	C:\Windows\SYSTEM32\IPHLPAPI.DLL
0x00007ffc90f90000 - 0x00007ffc90f99000 	C:\Windows\System32\NSI.dll
0x00007ffc51000000 - 0x00007ffc51011000 	C:\Windows\System32\winrnr.dll
0x00007ffc88ad0000 - 0x00007ffc88ae5000 	C:\Windows\system32\wshbth.dll
0x00007ffc50fd0000 - 0x00007ffc50ff1000 	C:\Windows\system32\nlansp_c.dll
0x00007ffc889d0000 - 0x00007ffc889da000 	C:\Windows\System32\rasadhlp.dll
0x00007ffc883c0000 - 0x00007ffc88444000 	C:\Windows\System32\fwpuclnt.dll
0x00007ffc632d0000 - 0x00007ffc632e3000 	C:\Program Files\Java\jdk-1.8\jre\bin\nio.dll
0x00007ffc5cf40000 - 0x00007ffc5cfb5000 	C:\Users\hardm\AppData\Local\Temp\lwjglhardm\3.3.1-build-7\lwjgl.dll
0x00007ffc5fe60000 - 0x00007ffc5fec1000 	C:\Users\hardm\AppData\Local\Temp\lwjglhardm\3.3.1-build-7\glfw.dll
0x00007ffc60a80000 - 0x00007ffc60add000 	C:\Users\hardm\AppData\Local\Temp\lwjglhardm\3.3.1-build-7\lwjgl_opengl.dll
0x00007ffc731f0000 - 0x00007ffc732f0000 	C:\Windows\SYSTEM32\opengl32.dll
0x00007ffc89f30000 - 0x00007ffc89f5d000 	C:\Windows\SYSTEM32\GLU32.dll
0x00007ffc8d2c0000 - 0x00007ffc8d2f8000 	C:\Windows\SYSTEM32\dxcore.dll
0x00007ffc7c8f0000 - 0x00007ffc7cb1e000 	C:\Windows\SYSTEM32\dbghelp.dll
0x00007ffc909b0000 - 0x00007ffc90a87000 	C:\Windows\System32\OLEAUT32.dll
0x00007ffc900f0000 - 0x00007ffc9016a000 	C:\Windows\System32\bcryptPrimitives.dll

VM Arguments:
jvm_args: -agentlib:jdwp=transport=dt_socket,address=127.0.0.1:60322,suspend=y,server=n -javaagent:C:\Users\hardm\AppData\Local\JetBrains\IdeaIC2023.2\captureAgent\debugger-agent.jar=file:/C:/Users/hardm/AppData/Local/Temp/capture.props -Dfile.encoding=UTF-8 
java_command: ru.BouH.engine.game.Game
java_class_path (initial): C:\Program Files\Java\jdk-1.8\jre\lib\charsets.jar;C:\Program Files\Java\jdk-1.8\jre\lib\deploy.jar;C:\Program Files\Java\jdk-1.8\jre\lib\ext\access-bridge-64.jar;C:\Program Files\Java\jdk-1.8\jre\lib\ext\cldrdata.jar;C:\Program Files\Java\jdk-1.8\jre\lib\ext\dnsns.jar;C:\Program Files\Java\jdk-1.8\jre\lib\ext\jaccess.jar;C:\Program Files\Java\jdk-1.8\jre\lib\ext\jfxrt.jar;C:\Program Files\Java\jdk-1.8\jre\lib\ext\localedata.jar;C:\Program Files\Java\jdk-1.8\jre\lib\ext\nashorn.jar;C:\Program Files\Java\jdk-1.8\jre\lib\ext\sunec.jar;C:\Program Files\Java\jdk-1.8\jre\lib\ext\sunjce_provider.jar;C:\Program Files\Java\jdk-1.8\jre\lib\ext\sunmscapi.jar;C:\Program Files\Java\jdk-1.8\jre\lib\ext\sunpkcs11.jar;C:\Program Files\Java\jdk-1.8\jre\lib\ext\zipfs.jar;C:\Program Files\Java\jdk-1.8\jre\lib\javaws.jar;C:\Program Files\Java\jdk-1.8\jre\lib\jce.jar;C:\Program Files\Java\jdk-1.8\jre\lib\jfr.jar;C:\Program Files\Java\jdk-1.8\jre\lib\jfxswt.jar;C:\Program Files\Java\jdk-1.8\jre\lib\jsse.jar;C:\Program Files\Java\jdk-1.8\jre\lib\management-agent.jar;C:\Program Files\Java\jdk-1.8\jre\lib\plugin.jar;C:\Program Files\Java\jdk-1.8\jre\lib\resources.jar;C:\Program Files\Java\jdk-1.8\jre\lib\rt.jar;F:\game_test1\target\classes;C:\Users\hardm\.m2\repository\io\imgui\java\binding\1.76-0.9\binding-1.76-0.9.jar;C:\Users\hardm\.m2\repository\io\imgui\java\lwjgl3\1.76-0.9\lwjgl3-1.76-0.9.jar;C:\Users\hardm\.m2\repository\io\imgui\java\natives-windows\1.76-0.9\natives-windows-1.76-0.9.jar;C:\Users\hardm\.m2\repository\javax\vecmath\vecmath\1.5.2\vecmath-1.5.2.jar;C:\Users\hardm\.m2\repository\com\github\stephengold\jbullet\1.0.2\jbullet-1.0.2.jar;C:\Users\hardm\.m2\repository\com\github\stephengold\stack-alloc\1.0.2\stack-alloc-1.0.2.jar;C:\Users\hardm\.m2\repository\io\netty\netty-all\4.1.89.Final\netty-all-4.1.89.Final.jar;C:\Users\hardm\.m2\repository\io\netty\netty-buffer\4.1.89.Final\netty-buffer-4.1.89.Final.jar;C:\Users\hardm\.m2\repository\io\nett
Launcher Type: SUN_STANDARD

Environment Variables:
JAVA_HOME=C:\Program Files\Java\jdk-1.8
PATH=C:\Program Files (x86)\Common Files\Oracle\Java\javapath;C:\Windows\system32;C:\Windows;C:\Windows\System32\Wbem;C:\Windows\System32\WindowsPowerShell\v1.0\;C:\Windows\System32\OpenSSH\;C:\Program Files\NVIDIA Corporation\NVIDIA NvDLISR;C:\Program Files\Git\cmd;C:\Program Files (x86)\NVIDIA Corporation\PhysX\Common;C:\Program Files\dotnet\;C:\Program Files\Java\jdk-1.8\bin;C:\Users\hardm\AppData\Local\Microsoft\WindowsApps;C:\Users\hardm\.dotnet\tools
USERNAME=hardm
OS=Windows_NT
PROCESSOR_IDENTIFIER=Intel64 Family 6 Model 151 Stepping 5, GenuineIntel



---------------  S Y S T E M  ---------------

OS: Windows 11 , 64 bit Build 22621 (10.0.22621.2070)

CPU:total 12 (initial active 12) (6 cores per cpu, 2 threads per core) family 6 model 151 stepping 5, cmov, cx8, fxsr, mmx, sse, sse2, sse3, ssse3, sse4.1, sse4.2, popcnt, avx, avx2, aes, clmul, erms, 3dnowpref, lzcnt, ht, tsc, tscinvbit, bmi1, bmi2, adx

Memory: 4k page, physical 33317992k(16346860k free), swap 42653652k(7184912k free)

vm_info: Java HotSpot(TM) 64-Bit Server VM (25.371-b11) for windows-amd64 JRE (1.8.0_371-b11), built on Mar 17 2023 04:03:45 by "java_re" with MS VC++ 17.1 (VS2022)

time: Wed Sep  6 14:48:37 2023
timezone: RTZ 2 ( Family 6 Model 151 Stepping 5, GenuineIntel
elapsed time: 0.631388 seconds (0d 0h 0m 0s)

